[ 2019-12-20T08:39:06+08:00 ] ::1 /thinkphp3/Home
INFO: [ app_init ] --START--
INFO: Run Behavior\BuildLiteBehavior [ RunTime:0.000012s ]
INFO: [ app_init ] --END-- [ RunTime:0.001844s ]
INFO: [ app_begin ] --START--
INFO: Run Behavior\ReadHtmlCacheBehavior [ RunTime:0.018480s ]
INFO: [ app_begin ] --END-- [ RunTime:0.018537s ]
SQL: SHOW COLUMNS FROM `inves` [ RunTime:0.0666s ]
SQL: SELECT `id`,`name` FROM `inves`  [ RunTime:0.0038s ]
SQL: SHOW COLUMNS FROM `class` [ RunTime:0.0442s ]
SQL: SELECT `id`,`name` FROM `class` GROUP BY name  [ RunTime:0.0050s ]
INFO: [ view_parse ] --START--
INFO: [ template_filter ] --START--
INFO: Run Behavior\ContentReplaceBehavior [ RunTime:0.001026s ]
INFO: [ template_filter ] --END-- [ RunTime:0.001076s ]
INFO: Run Behavior\ParseTemplateBehavior [ RunTime:0.065964s ]
INFO: [ view_parse ] --END-- [ RunTime:0.066015s ]
INFO: [ view_filter ] --START--
INFO: Run Behavior\WriteHtmlCacheBehavior [ RunTime:0.010752s ]
INFO: [ view_filter ] --END-- [ RunTime:0.010792s ]
INFO: [ app_end ] --START--
INFO: Run Behavior\ShowPageTraceBehavior [ RunTime:0.001287s ]
INFO: [ app_end ] --END-- [ RunTime:0.001330s ]

[ 2019-12-20T08:39:10+08:00 ] ::1 /thinkphp3/index.php/Home/Index/teacher.html
INFO: [ app_init ] --START--
INFO: Run Behavior\BuildLiteBehavior [ RunTime:0.000011s ]
INFO: [ app_init ] --END-- [ RunTime:0.000334s ]
INFO: [ app_begin ] --START--
INFO: Run Behavior\ReadHtmlCacheBehavior [ RunTime:0.000368s ]
INFO: [ app_begin ] --END-- [ RunTime:0.000401s ]
SQL: SHOW COLUMNS FROM `headmaster` [ RunTime:0.1111s ]
SQL: SELECT a.id,a.name FROM headmaster a INNER JOIN class as b on a.id=b.headmaster_id  WHERE ( b.id=2 )  [ RunTime:0.0063s ]

[ 2019-12-20T08:39:21+08:00 ] ::1 /thinkphp3/Home
INFO: [ app_init ] --START--
INFO: Run Behavior\BuildLiteBehavior [ RunTime:0.000009s ]
INFO: [ app_init ] --END-- [ RunTime:0.000312s ]
INFO: [ app_begin ] --START--
INFO: Run Behavior\ReadHtmlCacheBehavior [ RunTime:0.000468s ]
INFO: [ app_begin ] --END-- [ RunTime:0.000505s ]
SQL: SHOW COLUMNS FROM `inves` [ RunTime:0.0076s ]
SQL: SELECT `id`,`name` FROM `inves`  [ RunTime:0.0003s ]
SQL: SHOW COLUMNS FROM `class` [ RunTime:0.0056s ]
SQL: SELECT `id`,`name` FROM `class` GROUP BY name  [ RunTime:0.0006s ]
INFO: [ view_parse ] --START--
INFO: [ template_filter ] --START--
INFO: Run Behavior\ContentReplaceBehavior [ RunTime:0.000050s ]
INFO: [ template_filter ] --END-- [ RunTime:0.000089s ]
INFO: Run Behavior\ParseTemplateBehavior [ RunTime:0.006100s ]
INFO: [ view_parse ] --END-- [ RunTime:0.006141s ]
INFO: [ view_filter ] --START--
INFO: Run Behavior\WriteHtmlCacheBehavior [ RunTime:0.000299s ]
INFO: [ view_filter ] --END-- [ RunTime:0.000328s ]
INFO: [ app_end ] --START--
INFO: Run Behavior\ShowPageTraceBehavior [ RunTime:0.000466s ]
INFO: [ app_end ] --END-- [ RunTime:0.000499s ]

[ 2019-12-20T08:39:30+08:00 ] ::1 /thinkphp3/index.php/Home/Index/teacher.html
INFO: [ app_init ] --START--
INFO: Run Behavior\BuildLiteBehavior [ RunTime:0.000010s ]
INFO: [ app_init ] --END-- [ RunTime:0.000259s ]
INFO: [ app_begin ] --START--
INFO: Run Behavior\ReadHtmlCacheBehavior [ RunTime:0.000352s ]
INFO: [ app_begin ] --END-- [ RunTime:0.000387s ]
SQL: SHOW COLUMNS FROM `teacher` [ RunTime:0.0301s ]
SQL: SELECT a.id,a.name FROM teacher a INNER JOIN class as b on a.id=b.teacher_id  WHERE ( b.id=3 )  [ RunTime:0.0003s ]

[ 2019-12-20T08:39:44+08:00 ] ::1 /thinkphp3/index.php/Home/Index/teacher.html
INFO: [ app_init ] --START--
INFO: Run Behavior\BuildLiteBehavior [ RunTime:0.000008s ]
INFO: [ app_init ] --END-- [ RunTime:0.000254s ]
INFO: [ app_begin ] --START--
INFO: Run Behavior\ReadHtmlCacheBehavior [ RunTime:0.000322s ]
INFO: [ app_begin ] --END-- [ RunTime:0.000382s ]
SQL: SHOW COLUMNS FROM `teacher` [ RunTime:0.0081s ]
SQL: SELECT a.id,a.name FROM teacher a INNER JOIN class as b on a.id=b.teacher_id  WHERE ( b.id=3 )  [ RunTime:0.0002s ]

[ 2019-12-20T08:52:28+08:00 ] ::1 /thinkphp3/Home
INFO: [ app_init ] --START--
INFO: Run Behavior\BuildLiteBehavior [ RunTime:0.000010s ]
INFO: [ app_init ] --END-- [ RunTime:0.000387s ]
INFO: [ app_begin ] --START--
INFO: Run Behavior\ReadHtmlCacheBehavior [ RunTime:0.000482s ]
INFO: [ app_begin ] --END-- [ RunTime:0.000523s ]
SQL: SHOW COLUMNS FROM `inves` [ RunTime:0.0091s ]
SQL: SELECT `id`,`name` FROM `inves`  [ RunTime:0.0002s ]
SQL: SHOW COLUMNS FROM `class` [ RunTime:0.0061s ]
SQL: SELECT `id`,`name` FROM `class` GROUP BY name  [ RunTime:0.0007s ]
INFO: [ view_parse ] --START--
INFO: [ template_filter ] --START--
INFO: Run Behavior\ContentReplaceBehavior [ RunTime:0.000051s ]
INFO: [ template_filter ] --END-- [ RunTime:0.000086s ]
INFO: Run Behavior\ParseTemplateBehavior [ RunTime:0.005781s ]
INFO: [ view_parse ] --END-- [ RunTime:0.005819s ]
INFO: [ view_filter ] --START--
INFO: Run Behavior\WriteHtmlCacheBehavior [ RunTime:0.000441s ]
INFO: [ view_filter ] --END-- [ RunTime:0.000470s ]
INFO: [ app_end ] --START--
INFO: Run Behavior\ShowPageTraceBehavior [ RunTime:0.000461s ]
INFO: [ app_end ] --END-- [ RunTime:0.000492s ]

[ 2019-12-20T08:52:29+08:00 ] ::1 /thinkphp3/Home
INFO: [ app_init ] --START--
INFO: Run Behavior\BuildLiteBehavior [ RunTime:0.000010s ]
INFO: [ app_init ] --END-- [ RunTime:0.000262s ]
INFO: [ app_begin ] --START--
INFO: Run Behavior\ReadHtmlCacheBehavior [ RunTime:0.000320s ]
INFO: [ app_begin ] --END-- [ RunTime:0.000357s ]
SQL: SHOW COLUMNS FROM `inves` [ RunTime:0.0088s ]
SQL: SELECT `id`,`name` FROM `inves`  [ RunTime:0.0002s ]
SQL: SHOW COLUMNS FROM `class` [ RunTime:0.0057s ]
SQL: SELECT `id`,`name` FROM `class` GROUP BY name  [ RunTime:0.0005s ]
INFO: [ view_parse ] --START--
INFO: [ template_filter ] --START--
INFO: Run Behavior\ContentReplaceBehavior [ RunTime:0.000099s ]
INFO: [ template_filter ] --END-- [ RunTime:0.000153s ]
INFO: Run Behavior\ParseTemplateBehavior [ RunTime:0.005478s ]
INFO: [ view_parse ] --END-- [ RunTime:0.005562s ]
INFO: [ view_filter ] --START--
INFO: Run Behavior\WriteHtmlCacheBehavior [ RunTime:0.001300s ]
INFO: [ view_filter ] --END-- [ RunTime:0.001368s ]
INFO: [ app_end ] --START--
INFO: Run Behavior\ShowPageTraceBehavior [ RunTime:0.000384s ]
INFO: [ app_end ] --END-- [ RunTime:0.000414s ]

[ 2019-12-20T08:52:31+08:00 ] ::1 /thinkphp3/index.php/Home/Index/teacher.html
INFO: [ app_init ] --START--
INFO: Run Behavior\BuildLiteBehavior [ RunTime:0.000010s ]
INFO: [ app_init ] --END-- [ RunTime:0.000260s ]
INFO: [ app_begin ] --START--
INFO: Run Behavior\ReadHtmlCacheBehavior [ RunTime:0.000316s ]
INFO: [ app_begin ] --END-- [ RunTime:0.000351s ]
SQL: SHOW COLUMNS FROM `teacher` [ RunTime:0.0078s ]
SQL: SELECT a.id,a.name FROM teacher a INNER JOIN class as b on a.id=b.teacher_id  WHERE ( b.id=3 )  [ RunTime:0.0002s ]

[ 2019-12-20T08:52:32+08:00 ] ::1 /thinkphp3/index.php/Home/Index/teacher.html
INFO: [ app_init ] --START--
INFO: Run Behavior\BuildLiteBehavior [ RunTime:0.000010s ]
INFO: [ app_init ] --END-- [ RunTime:0.000262s ]
INFO: [ app_begin ] --START--
INFO: Run Behavior\ReadHtmlCacheBehavior [ RunTime:0.000317s ]
INFO: [ app_begin ] --END-- [ RunTime:0.000351s ]
SQL: SHOW COLUMNS FROM `teacher` [ RunTime:0.0078s ]
SQL: SELECT a.id,a.name FROM teacher a INNER JOIN class as b on a.id=b.teacher_id  WHERE ( b.id=1 )  [ RunTime:0.0003s ]

[ 2019-12-20T08:52:34+08:00 ] ::1 /thinkphp3/index.php/Home/Index/teacher.html
INFO: [ app_init ] --START--
INFO: Run Behavior\BuildLiteBehavior [ RunTime:0.000011s ]
INFO: [ app_init ] --END-- [ RunTime:0.000618s ]
INFO: [ app_begin ] --START--
INFO: Run Behavior\ReadHtmlCacheBehavior [ RunTime:0.000322s ]
INFO: [ app_begin ] --END-- [ RunTime:0.000357s ]
SQL: SHOW COLUMNS FROM `teacher` [ RunTime:0.0079s ]
SQL: SELECT a.id,a.name FROM teacher a INNER JOIN class as b on a.id=b.teacher_id  WHERE ( b.id=4 )  [ RunTime:0.0003s ]

[ 2019-12-20T08:52:35+08:00 ] ::1 /thinkphp3/index.php/Home/Index/teacher.html
INFO: [ app_init ] --START--
INFO: Run Behavior\BuildLiteBehavior [ RunTime:0.000010s ]
INFO: [ app_init ] --END-- [ RunTime:0.000325s ]
INFO: [ app_begin ] --START--
INFO: Run Behavior\ReadHtmlCacheBehavior [ RunTime:0.000317s ]
INFO: [ app_begin ] --END-- [ RunTime:0.000351s ]
SQL: SHOW COLUMNS FROM `teacher` [ RunTime:0.0053s ]
SQL: SELECT a.id,a.name FROM teacher a INNER JOIN class as b on a.id=b.teacher_id  WHERE ( b.id=3 )  [ RunTime:0.0003s ]

[ 2019-12-20T08:52:40+08:00 ] ::1 /thinkphp3/index.php/Home/Index/teacher.html
INFO: [ app_init ] --START--
INFO: Run Behavior\BuildLiteBehavior [ RunTime:0.000010s ]
INFO: [ app_init ] --END-- [ RunTime:0.000263s ]
INFO: [ app_begin ] --START--
INFO: Run Behavior\ReadHtmlCacheBehavior [ RunTime:0.000330s ]
INFO: [ app_begin ] --END-- [ RunTime:0.000365s ]
SQL: SHOW COLUMNS FROM `headmaster` [ RunTime:0.0080s ]
SQL: SELECT a.id,a.name FROM headmaster a INNER JOIN class as b on a.id=b.headmaster_id  WHERE ( b.id=2 )  [ RunTime:0.0002s ]

[ 2019-12-20T08:55:36+08:00 ] ::1 /thinkphp3/index.php/Home/Index/teacher.html
INFO: [ app_init ] --START--
INFO: Run Behavior\BuildLiteBehavior [ RunTime:0.000010s ]
INFO: [ app_init ] --END-- [ RunTime:0.000359s ]
INFO: [ app_begin ] --START--
INFO: Run Behavior\ReadHtmlCacheBehavior [ RunTime:0.000469s ]
INFO: [ app_begin ] --END-- [ RunTime:0.000505s ]
SQL: SHOW COLUMNS FROM `teacher` [ RunTime:0.0080s ]
SQL: SELECT a.id,a.name FROM teacher a INNER JOIN class as b on a.id=b.teacher_id  WHERE ( b.id=3 )  [ RunTime:0.0003s ]

[ 2019-12-20T08:55:37+08:00 ] ::1 /thinkphp3/index.php/Home/Topic/index.html?inves=1&class=3&teacher_id=1
INFO: [ app_init ] --START--
INFO: Run Behavior\BuildLiteBehavior [ RunTime:0.000011s ]
INFO: [ app_init ] --END-- [ RunTime:0.000284s ]
INFO: [ app_begin ] --START--
INFO: Run Behavior\ReadHtmlCacheBehavior [ RunTime:0.000350s ]
INFO: [ app_begin ] --END-- [ RunTime:0.000407s ]
SQL: SHOW COLUMNS FROM `class` [ RunTime:0.0082s ]
SQL: SELECT `id`,`name` FROM `class` WHERE ( id=3 ) LIMIT 1   [ RunTime:0.0005s ]
SQL: SHOW COLUMNS FROM `teacher` [ RunTime:0.0076s ]
SQL: SELECT `id`,`name` FROM `teacher` WHERE ( id=1 ) LIMIT 1   [ RunTime:0.0002s ]
SQL: SHOW COLUMNS FROM `teacher_topic` [ RunTime:0.0051s ]
ERR: 1054:Unknown column 'name' in 'field list'
 [ SQL语句 ] : SELECT `id`,`name` FROM `teacher_topic` 
ERR: 1054:Unknown column 'name' in 'field list'
 [ SQL语句 ] : SELECT `id`,`name` FROM `teacher_topic` 

[ 2019-12-20T08:56:02+08:00 ] ::1 /thinkphp3/index.php/Home/Topic/index.html?inves=1&class=3&teacher_id=1
INFO: [ app_init ] --START--
INFO: Run Behavior\BuildLiteBehavior [ RunTime:0.000011s ]
INFO: [ app_init ] --END-- [ RunTime:0.000265s ]
INFO: [ app_begin ] --START--
INFO: Run Behavior\ReadHtmlCacheBehavior [ RunTime:0.000324s ]
INFO: [ app_begin ] --END-- [ RunTime:0.000361s ]

[ 2019-12-20T08:56:11+08:00 ] ::1 /thinkphp3/index.php/Home/Topic/index.html?inves=1&class=3&teacher_id=1
INFO: [ app_init ] --START--
INFO: Run Behavior\BuildLiteBehavior [ RunTime:0.000011s ]
INFO: [ app_init ] --END-- [ RunTime:0.000311s ]
INFO: [ app_begin ] --START--
INFO: Run Behavior\ReadHtmlCacheBehavior [ RunTime:0.000474s ]
INFO: [ app_begin ] --END-- [ RunTime:0.000532s ]
SQL: SHOW COLUMNS FROM `class` [ RunTime:0.0095s ]
SQL: SELECT `id`,`name` FROM `class` WHERE ( id=3 ) LIMIT 1   [ RunTime:0.0002s ]
SQL: SHOW COLUMNS FROM `teacher` [ RunTime:0.0056s ]
SQL: SELECT `id`,`name` FROM `teacher` WHERE ( id=1 ) LIMIT 1   [ RunTime:0.0002s ]
SQL: SHOW COLUMNS FROM `teacher_topic` [ RunTime:0.0066s ]
ERR: 1054:Unknown column 'name' in 'field list'
 [ SQL语句 ] : SELECT `id`,`name` FROM `teacher_topic` 
ERR: 1054:Unknown column 'name' in 'field list'
 [ SQL语句 ] : SELECT `id`,`name` FROM `teacher_topic` 

[ 2019-12-20T08:56:33+08:00 ] ::1 /thinkphp3/index.php/Home/Topic/index.html?inves=1&class=3&teacher_id=1
INFO: [ app_init ] --START--
INFO: Run Behavior\BuildLiteBehavior [ RunTime:0.000026s ]
INFO: [ app_init ] --END-- [ RunTime:0.000303s ]
INFO: [ app_begin ] --START--
INFO: Run Behavior\ReadHtmlCacheBehavior [ RunTime:0.000467s ]
INFO: [ app_begin ] --END-- [ RunTime:0.000520s ]
SQL: SHOW COLUMNS FROM `class` [ RunTime:0.0097s ]
SQL: SELECT `id`,`name` FROM `class` WHERE ( id=3 ) LIMIT 1   [ RunTime:0.0003s ]
SQL: SHOW COLUMNS FROM `teacher` [ RunTime:0.0056s ]
SQL: SELECT `id`,`name` FROM `teacher` WHERE ( id=1 ) LIMIT 1   [ RunTime:0.0003s ]
SQL: SHOW COLUMNS FROM `teacher_topic` [ RunTime:0.0075s ]
SQL: SELECT `id`,`topic` FROM `teacher_topic`  [ RunTime:0.0002s ]
INFO: [ view_parse ] --START--
INFO: [ template_filter ] --START--
INFO: Run Behavior\ContentReplaceBehavior [ RunTime:0.000042s ]
INFO: [ template_filter ] --END-- [ RunTime:0.000078s ]
NOTIC: [8] Undefined index: name E:\phpstudy\PHPTutorial\WWW\thinkphp3\Application\Runtime\Cache\Home\1093f07c77d6e1e3d6a1d26a6fc8fc7f.php 第 33 行.
NOTIC: [8] Undefined index: name E:\phpstudy\PHPTutorial\WWW\thinkphp3\Application\Runtime\Cache\Home\1093f07c77d6e1e3d6a1d26a6fc8fc7f.php 第 33 行.
NOTIC: [8] Undefined index: name E:\phpstudy\PHPTutorial\WWW\thinkphp3\Application\Runtime\Cache\Home\1093f07c77d6e1e3d6a1d26a6fc8fc7f.php 第 33 行.
NOTIC: [8] Undefined index: name E:\phpstudy\PHPTutorial\WWW\thinkphp3\Application\Runtime\Cache\Home\1093f07c77d6e1e3d6a1d26a6fc8fc7f.php 第 33 行.
INFO: Run Behavior\ParseTemplateBehavior [ RunTime:0.101174s ]
INFO: [ view_parse ] --END-- [ RunTime:0.101210s ]
INFO: [ view_filter ] --START--
INFO: Run Behavior\WriteHtmlCacheBehavior [ RunTime:0.000524s ]
INFO: [ view_filter ] --END-- [ RunTime:0.000554s ]
INFO: [ app_end ] --START--
INFO: Run Behavior\ShowPageTraceBehavior [ RunTime:0.000412s ]
INFO: [ app_end ] --END-- [ RunTime:0.000439s ]

[ 2019-12-20T08:56:34+08:00 ] ::1 /thinkphp3/index.php/Home/Topic/index.html?inves=1&class=3&teacher_id=1
INFO: [ app_init ] --START--
INFO: Run Behavior\BuildLiteBehavior [ RunTime:0.000027s ]
INFO: [ app_init ] --END-- [ RunTime:0.000319s ]
INFO: [ app_begin ] --START--
INFO: Run Behavior\ReadHtmlCacheBehavior [ RunTime:0.000330s ]
INFO: [ app_begin ] --END-- [ RunTime:0.000369s ]
SQL: SHOW COLUMNS FROM `class` [ RunTime:0.0102s ]
SQL: SELECT `id`,`name` FROM `class` WHERE ( id=3 ) LIMIT 1   [ RunTime:0.0006s ]
SQL: SHOW COLUMNS FROM `teacher` [ RunTime:0.0067s ]
SQL: SELECT `id`,`name` FROM `teacher` WHERE ( id=1 ) LIMIT 1   [ RunTime:0.0002s ]
SQL: SHOW COLUMNS FROM `teacher_topic` [ RunTime:0.0055s ]
SQL: SELECT `id`,`topic` FROM `teacher_topic`  [ RunTime:0.0002s ]
INFO: [ view_parse ] --START--
INFO: [ template_filter ] --START--
INFO: Run Behavior\ContentReplaceBehavior [ RunTime:0.000043s ]
INFO: [ template_filter ] --END-- [ RunTime:0.000077s ]
NOTIC: [8] Undefined index: name E:\phpstudy\PHPTutorial\WWW\thinkphp3\Application\Runtime\Cache\Home\1093f07c77d6e1e3d6a1d26a6fc8fc7f.php 第 33 行.
NOTIC: [8] Undefined index: name E:\phpstudy\PHPTutorial\WWW\thinkphp3\Application\Runtime\Cache\Home\1093f07c77d6e1e3d6a1d26a6fc8fc7f.php 第 33 行.
NOTIC: [8] Undefined index: name E:\phpstudy\PHPTutorial\WWW\thinkphp3\Application\Runtime\Cache\Home\1093f07c77d6e1e3d6a1d26a6fc8fc7f.php 第 33 行.
NOTIC: [8] Undefined index: name E:\phpstudy\PHPTutorial\WWW\thinkphp3\Application\Runtime\Cache\Home\1093f07c77d6e1e3d6a1d26a6fc8fc7f.php 第 33 行.
INFO: Run Behavior\ParseTemplateBehavior [ RunTime:0.004775s ]
INFO: [ view_parse ] --END-- [ RunTime:0.004808s ]
INFO: [ view_filter ] --START--
INFO: Run Behavior\WriteHtmlCacheBehavior [ RunTime:0.000359s ]
INFO: [ view_filter ] --END-- [ RunTime:0.000390s ]
INFO: [ app_end ] --START--
INFO: Run Behavior\ShowPageTraceBehavior [ RunTime:0.000344s ]
INFO: [ app_end ] --END-- [ RunTime:0.000372s ]

[ 2019-12-20T08:56:34+08:00 ] ::1 /thinkphp3/index.php/Home/Topic/index.html?inves=1&class=3&teacher_id=1
INFO: [ app_init ] --START--
INFO: Run Behavior\BuildLiteBehavior [ RunTime:0.000010s ]
INFO: [ app_init ] --END-- [ RunTime:0.000281s ]
INFO: [ app_begin ] --START--
INFO: Run Behavior\ReadHtmlCacheBehavior [ RunTime:0.000321s ]
INFO: [ app_begin ] --END-- [ RunTime:0.000359s ]
SQL: SHOW COLUMNS FROM `class` [ RunTime:0.0077s ]
SQL: SELECT `id`,`name` FROM `class` WHERE ( id=3 ) LIMIT 1   [ RunTime:0.0002s ]
SQL: SHOW COLUMNS FROM `teacher` [ RunTime:0.0072s ]
SQL: SELECT `id`,`name` FROM `teacher` WHERE ( id=1 ) LIMIT 1   [ RunTime:0.0002s ]
SQL: SHOW COLUMNS FROM `teacher_topic` [ RunTime:0.0049s ]
SQL: SELECT `id`,`topic` FROM `teacher_topic`  [ RunTime:0.0002s ]
INFO: [ view_parse ] --START--
INFO: [ template_filter ] --START--
INFO: Run Behavior\ContentReplaceBehavior [ RunTime:0.000042s ]
INFO: [ template_filter ] --END-- [ RunTime:0.000075s ]
NOTIC: [8] Undefined index: name E:\phpstudy\PHPTutorial\WWW\thinkphp3\Application\Runtime\Cache\Home\1093f07c77d6e1e3d6a1d26a6fc8fc7f.php 第 33 行.
NOTIC: [8] Undefined index: name E:\phpstudy\PHPTutorial\WWW\thinkphp3\Application\Runtime\Cache\Home\1093f07c77d6e1e3d6a1d26a6fc8fc7f.php 第 33 行.
NOTIC: [8] Undefined index: name E:\phpstudy\PHPTutorial\WWW\thinkphp3\Application\Runtime\Cache\Home\1093f07c77d6e1e3d6a1d26a6fc8fc7f.php 第 33 行.
NOTIC: [8] Undefined index: name E:\phpstudy\PHPTutorial\WWW\thinkphp3\Application\Runtime\Cache\Home\1093f07c77d6e1e3d6a1d26a6fc8fc7f.php 第 33 行.
INFO: Run Behavior\ParseTemplateBehavior [ RunTime:0.004826s ]
INFO: [ view_parse ] --END-- [ RunTime:0.004859s ]
INFO: [ view_filter ] --START--
INFO: Run Behavior\WriteHtmlCacheBehavior [ RunTime:0.000368s ]
INFO: [ view_filter ] --END-- [ RunTime:0.000399s ]
INFO: [ app_end ] --START--
INFO: Run Behavior\ShowPageTraceBehavior [ RunTime:0.000403s ]
INFO: [ app_end ] --END-- [ RunTime:0.000434s ]

[ 2019-12-20T08:56:34+08:00 ] ::1 /thinkphp3/index.php/Home/Topic/index.html?inves=1&class=3&teacher_id=1
INFO: [ app_init ] --START--
INFO: Run Behavior\BuildLiteBehavior [ RunTime:0.000010s ]
INFO: [ app_init ] --END-- [ RunTime:0.000330s ]
INFO: [ app_begin ] --START--
INFO: Run Behavior\ReadHtmlCacheBehavior [ RunTime:0.000324s ]
INFO: [ app_begin ] --END-- [ RunTime:0.000360s ]
SQL: SHOW COLUMNS FROM `class` [ RunTime:0.0083s ]
SQL: SELECT `id`,`name` FROM `class` WHERE ( id=3 ) LIMIT 1   [ RunTime:0.0002s ]
SQL: SHOW COLUMNS FROM `teacher` [ RunTime:0.0071s ]
SQL: SELECT `id`,`name` FROM `teacher` WHERE ( id=1 ) LIMIT 1   [ RunTime:0.0003s ]
SQL: SHOW COLUMNS FROM `teacher_topic` [ RunTime:0.0056s ]
SQL: SELECT `id`,`topic` FROM `teacher_topic`  [ RunTime:0.0002s ]
INFO: [ view_parse ] --START--
INFO: [ template_filter ] --START--
INFO: Run Behavior\ContentReplaceBehavior [ RunTime:0.000044s ]
INFO: [ template_filter ] --END-- [ RunTime:0.000099s ]
NOTIC: [8] Undefined index: name E:\phpstudy\PHPTutorial\WWW\thinkphp3\Application\Runtime\Cache\Home\1093f07c77d6e1e3d6a1d26a6fc8fc7f.php 第 33 行.
NOTIC: [8] Undefined index: name E:\phpstudy\PHPTutorial\WWW\thinkphp3\Application\Runtime\Cache\Home\1093f07c77d6e1e3d6a1d26a6fc8fc7f.php 第 33 行.
NOTIC: [8] Undefined index: name E:\phpstudy\PHPTutorial\WWW\thinkphp3\Application\Runtime\Cache\Home\1093f07c77d6e1e3d6a1d26a6fc8fc7f.php 第 33 行.
NOTIC: [8] Undefined index: name E:\phpstudy\PHPTutorial\WWW\thinkphp3\Application\Runtime\Cache\Home\1093f07c77d6e1e3d6a1d26a6fc8fc7f.php 第 33 行.
INFO: Run Behavior\ParseTemplateBehavior [ RunTime:0.005303s ]
INFO: [ view_parse ] --END-- [ RunTime:0.005338s ]
INFO: [ view_filter ] --START--
INFO: Run Behavior\WriteHtmlCacheBehavior [ RunTime:0.000485s ]
INFO: [ view_filter ] --END-- [ RunTime:0.000515s ]
INFO: [ app_end ] --START--
INFO: Run Behavior\ShowPageTraceBehavior [ RunTime:0.000332s ]
INFO: [ app_end ] --END-- [ RunTime:0.000361s ]

[ 2019-12-20T08:56:35+08:00 ] ::1 /thinkphp3/index.php/Home/Topic/index.html?inves=1&class=3&teacher_id=1
INFO: [ app_init ] --START--
INFO: Run Behavior\BuildLiteBehavior [ RunTime:0.000011s ]
INFO: [ app_init ] --END-- [ RunTime:0.000328s ]
INFO: [ app_begin ] --START--
INFO: Run Behavior\ReadHtmlCacheBehavior [ RunTime:0.000461s ]
INFO: [ app_begin ] --END-- [ RunTime:0.000510s ]
SQL: SHOW COLUMNS FROM `class` [ RunTime:0.0078s ]
SQL: SELECT `id`,`name` FROM `class` WHERE ( id=3 ) LIMIT 1   [ RunTime:0.0002s ]
SQL: SHOW COLUMNS FROM `teacher` [ RunTime:0.0087s ]
SQL: SELECT `id`,`name` FROM `teacher` WHERE ( id=1 ) LIMIT 1   [ RunTime:0.0004s ]
SQL: SHOW COLUMNS FROM `teacher_topic` [ RunTime:0.0057s ]
SQL: SELECT `id`,`topic` FROM `teacher_topic`  [ RunTime:0.0002s ]
INFO: [ view_parse ] --START--
INFO: [ template_filter ] --START--
INFO: Run Behavior\ContentReplaceBehavior [ RunTime:0.000043s ]
INFO: [ template_filter ] --END-- [ RunTime:0.000077s ]
NOTIC: [8] Undefined index: name E:\phpstudy\PHPTutorial\WWW\thinkphp3\Application\Runtime\Cache\Home\1093f07c77d6e1e3d6a1d26a6fc8fc7f.php 第 33 行.
NOTIC: [8] Undefined index: name E:\phpstudy\PHPTutorial\WWW\thinkphp3\Application\Runtime\Cache\Home\1093f07c77d6e1e3d6a1d26a6fc8fc7f.php 第 33 行.
NOTIC: [8] Undefined index: name E:\phpstudy\PHPTutorial\WWW\thinkphp3\Application\Runtime\Cache\Home\1093f07c77d6e1e3d6a1d26a6fc8fc7f.php 第 33 行.
NOTIC: [8] Undefined index: name E:\phpstudy\PHPTutorial\WWW\thinkphp3\Application\Runtime\Cache\Home\1093f07c77d6e1e3d6a1d26a6fc8fc7f.php 第 33 行.
INFO: Run Behavior\ParseTemplateBehavior [ RunTime:0.005150s ]
INFO: [ view_parse ] --END-- [ RunTime:0.005237s ]
INFO: [ view_filter ] --START--
INFO: Run Behavior\WriteHtmlCacheBehavior [ RunTime:0.001737s ]
INFO: [ view_filter ] --END-- [ RunTime:0.001888s ]
INFO: [ app_end ] --START--
INFO: Run Behavior\ShowPageTraceBehavior [ RunTime:0.000505s ]
INFO: [ app_end ] --END-- [ RunTime:0.000545s ]

[ 2019-12-20T08:56:35+08:00 ] ::1 /thinkphp3/index.php/Home/Topic/index.html?inves=1&class=3&teacher_id=1
INFO: [ app_init ] --START--
INFO: Run Behavior\BuildLiteBehavior [ RunTime:0.000029s ]
INFO: [ app_init ] --END-- [ RunTime:0.000607s ]
INFO: [ app_begin ] --START--
INFO: Run Behavior\ReadHtmlCacheBehavior [ RunTime:0.000433s ]
INFO: [ app_begin ] --END-- [ RunTime:0.000472s ]
SQL: SHOW COLUMNS FROM `class` [ RunTime:0.0090s ]
SQL: SELECT `id`,`name` FROM `class` WHERE ( id=3 ) LIMIT 1   [ RunTime:0.0002s ]
SQL: SHOW COLUMNS FROM `teacher` [ RunTime:0.0074s ]
SQL: SELECT `id`,`name` FROM `teacher` WHERE ( id=1 ) LIMIT 1   [ RunTime:0.0002s ]
SQL: SHOW COLUMNS FROM `teacher_topic` [ RunTime:0.0052s ]
SQL: SELECT `id`,`topic` FROM `teacher_topic`  [ RunTime:0.0003s ]
INFO: [ view_parse ] --START--
INFO: [ template_filter ] --START--
INFO: Run Behavior\ContentReplaceBehavior [ RunTime:0.000082s ]
INFO: [ template_filter ] --END-- [ RunTime:0.000124s ]
NOTIC: [8] Undefined index: name E:\phpstudy\PHPTutorial\WWW\thinkphp3\Application\Runtime\Cache\Home\1093f07c77d6e1e3d6a1d26a6fc8fc7f.php 第 33 行.
NOTIC: [8] Undefined index: name E:\phpstudy\PHPTutorial\WWW\thinkphp3\Application\Runtime\Cache\Home\1093f07c77d6e1e3d6a1d26a6fc8fc7f.php 第 33 行.
NOTIC: [8] Undefined index: name E:\phpstudy\PHPTutorial\WWW\thinkphp3\Application\Runtime\Cache\Home\1093f07c77d6e1e3d6a1d26a6fc8fc7f.php 第 33 行.
NOTIC: [8] Undefined index: name E:\phpstudy\PHPTutorial\WWW\thinkphp3\Application\Runtime\Cache\Home\1093f07c77d6e1e3d6a1d26a6fc8fc7f.php 第 33 行.
INFO: Run Behavior\ParseTemplateBehavior [ RunTime:0.005692s ]
INFO: [ view_parse ] --END-- [ RunTime:0.005750s ]
INFO: [ view_filter ] --START--
INFO: Run Behavior\WriteHtmlCacheBehavior [ RunTime:0.000450s ]
INFO: [ view_filter ] --END-- [ RunTime:0.000485s ]
INFO: [ app_end ] --START--
INFO: Run Behavior\ShowPageTraceBehavior [ RunTime:0.000412s ]
INFO: [ app_end ] --END-- [ RunTime:0.000444s ]

[ 2019-12-20T08:56:35+08:00 ] ::1 /thinkphp3/index.php/Home/Topic/index.html?inves=1&class=3&teacher_id=1
INFO: [ app_init ] --START--
INFO: Run Behavior\BuildLiteBehavior [ RunTime:0.000009s ]
INFO: [ app_init ] --END-- [ RunTime:0.000262s ]
INFO: [ app_begin ] --START--
INFO: Run Behavior\ReadHtmlCacheBehavior [ RunTime:0.000322s ]
INFO: [ app_begin ] --END-- [ RunTime:0.000359s ]
SQL: SHOW COLUMNS FROM `class` [ RunTime:0.0085s ]
SQL: SELECT `id`,`name` FROM `class` WHERE ( id=3 ) LIMIT 1   [ RunTime:0.0002s ]
SQL: SHOW COLUMNS FROM `teacher` [ RunTime:0.0061s ]
SQL: SELECT `id`,`name` FROM `teacher` WHERE ( id=1 ) LIMIT 1   [ RunTime:0.0003s ]
SQL: SHOW COLUMNS FROM `teacher_topic` [ RunTime:0.0066s ]
SQL: SELECT `id`,`topic` FROM `teacher_topic`  [ RunTime:0.0003s ]
INFO: [ view_parse ] --START--
INFO: [ template_filter ] --START--
INFO: Run Behavior\ContentReplaceBehavior [ RunTime:0.000060s ]
INFO: [ template_filter ] --END-- [ RunTime:0.000099s ]
NOTIC: [8] Undefined index: name E:\phpstudy\PHPTutorial\WWW\thinkphp3\Application\Runtime\Cache\Home\1093f07c77d6e1e3d6a1d26a6fc8fc7f.php 第 33 行.
NOTIC: [8] Undefined index: name E:\phpstudy\PHPTutorial\WWW\thinkphp3\Application\Runtime\Cache\Home\1093f07c77d6e1e3d6a1d26a6fc8fc7f.php 第 33 行.
NOTIC: [8] Undefined index: name E:\phpstudy\PHPTutorial\WWW\thinkphp3\Application\Runtime\Cache\Home\1093f07c77d6e1e3d6a1d26a6fc8fc7f.php 第 33 行.
NOTIC: [8] Undefined index: name E:\phpstudy\PHPTutorial\WWW\thinkphp3\Application\Runtime\Cache\Home\1093f07c77d6e1e3d6a1d26a6fc8fc7f.php 第 33 行.
INFO: Run Behavior\ParseTemplateBehavior [ RunTime:0.004974s ]
INFO: [ view_parse ] --END-- [ RunTime:0.005009s ]
INFO: [ view_filter ] --START--
INFO: Run Behavior\WriteHtmlCacheBehavior [ RunTime:0.000392s ]
INFO: [ view_filter ] --END-- [ RunTime:0.000424s ]
INFO: [ app_end ] --START--
INFO: Run Behavior\ShowPageTraceBehavior [ RunTime:0.000456s ]
INFO: [ app_end ] --END-- [ RunTime:0.000514s ]

[ 2019-12-20T08:56:45+08:00 ] ::1 /thinkphp3/index.php/Home/Topic/index.html?inves=1&class=3&teacher_id=1
INFO: [ app_init ] --START--
INFO: Run Behavior\BuildLiteBehavior [ RunTime:0.000014s ]
INFO: [ app_init ] --END-- [ RunTime:0.000780s ]
INFO: [ app_begin ] --START--
INFO: Run Behavior\ReadHtmlCacheBehavior [ RunTime:0.000330s ]
INFO: [ app_begin ] --END-- [ RunTime:0.000367s ]
SQL: SHOW COLUMNS FROM `class` [ RunTime:0.0059s ]
SQL: SELECT `id`,`name` FROM `class` WHERE ( id=3 ) LIMIT 1   [ RunTime:0.0002s ]
SQL: SHOW COLUMNS FROM `teacher` [ RunTime:0.0068s ]
ERR: 1054:Unknown column 'topic' in 'field list'
 [ SQL语句 ] : SELECT `id`,`topic` FROM `teacher` WHERE ( id=1 ) LIMIT 1  
ERR: 1054:Unknown column 'topic' in 'field list'
 [ SQL语句 ] : SELECT `id`,`topic` FROM `teacher` WHERE ( id=1 ) LIMIT 1  

[ 2019-12-20T08:56:46+08:00 ] ::1 /thinkphp3/index.php/Home/Topic/index.html?inves=1&class=3&teacher_id=1
INFO: [ app_init ] --START--
INFO: Run Behavior\BuildLiteBehavior [ RunTime:0.000010s ]
INFO: [ app_init ] --END-- [ RunTime:0.000263s ]
INFO: [ app_begin ] --START--
INFO: Run Behavior\ReadHtmlCacheBehavior [ RunTime:0.000324s ]
INFO: [ app_begin ] --END-- [ RunTime:0.000360s ]
SQL: SHOW COLUMNS FROM `class` [ RunTime:0.0082s ]
SQL: SELECT `id`,`name` FROM `class` WHERE ( id=3 ) LIMIT 1   [ RunTime:0.0002s ]
SQL: SHOW COLUMNS FROM `teacher` [ RunTime:0.0056s ]
ERR: 1054:Unknown column 'topic' in 'field list'
 [ SQL语句 ] : SELECT `id`,`topic` FROM `teacher` WHERE ( id=1 ) LIMIT 1  
ERR: 1054:Unknown column 'topic' in 'field list'
 [ SQL语句 ] : SELECT `id`,`topic` FROM `teacher` WHERE ( id=1 ) LIMIT 1  

[ 2019-12-20T08:56:46+08:00 ] ::1 /thinkphp3/index.php/Home/Topic/index.html?inves=1&class=3&teacher_id=1
INFO: [ app_init ] --START--
INFO: Run Behavior\BuildLiteBehavior [ RunTime:0.000010s ]
INFO: [ app_init ] --END-- [ RunTime:0.000260s ]
INFO: [ app_begin ] --START--
INFO: Run Behavior\ReadHtmlCacheBehavior [ RunTime:0.000410s ]
INFO: [ app_begin ] --END-- [ RunTime:0.000457s ]
SQL: SHOW COLUMNS FROM `class` [ RunTime:0.0093s ]
SQL: SELECT `id`,`name` FROM `class` WHERE ( id=3 ) LIMIT 1   [ RunTime:0.0003s ]
SQL: SHOW COLUMNS FROM `teacher` [ RunTime:0.0065s ]
ERR: 1054:Unknown column 'topic' in 'field list'
 [ SQL语句 ] : SELECT `id`,`topic` FROM `teacher` WHERE ( id=1 ) LIMIT 1  
ERR: 1054:Unknown column 'topic' in 'field list'
 [ SQL语句 ] : SELECT `id`,`topic` FROM `teacher` WHERE ( id=1 ) LIMIT 1  

[ 2019-12-20T08:56:46+08:00 ] ::1 /thinkphp3/index.php/Home/Topic/index.html?inves=1&class=3&teacher_id=1
INFO: [ app_init ] --START--
INFO: Run Behavior\BuildLiteBehavior [ RunTime:0.000011s ]
INFO: [ app_init ] --END-- [ RunTime:0.000270s ]
INFO: [ app_begin ] --START--
INFO: Run Behavior\ReadHtmlCacheBehavior [ RunTime:0.000332s ]
INFO: [ app_begin ] --END-- [ RunTime:0.000370s ]
SQL: SHOW COLUMNS FROM `class` [ RunTime:0.0083s ]
SQL: SELECT `id`,`name` FROM `class` WHERE ( id=3 ) LIMIT 1   [ RunTime:0.0004s ]
SQL: SHOW COLUMNS FROM `teacher` [ RunTime:0.0093s ]
ERR: 1054:Unknown column 'topic' in 'field list'
 [ SQL语句 ] : SELECT `id`,`topic` FROM `teacher` WHERE ( id=1 ) LIMIT 1  
ERR: 1054:Unknown column 'topic' in 'field list'
 [ SQL语句 ] : SELECT `id`,`topic` FROM `teacher` WHERE ( id=1 ) LIMIT 1  

[ 2019-12-20T08:56:46+08:00 ] ::1 /thinkphp3/index.php/Home/Topic/index.html?inves=1&class=3&teacher_id=1
INFO: [ app_init ] --START--
INFO: Run Behavior\BuildLiteBehavior [ RunTime:0.000011s ]
INFO: [ app_init ] --END-- [ RunTime:0.000298s ]
INFO: [ app_begin ] --START--
INFO: Run Behavior\ReadHtmlCacheBehavior [ RunTime:0.000428s ]
INFO: [ app_begin ] --END-- [ RunTime:0.000470s ]
SQL: SHOW COLUMNS FROM `class` [ RunTime:0.0091s ]
SQL: SELECT `id`,`name` FROM `class` WHERE ( id=3 ) LIMIT 1   [ RunTime:0.0002s ]
SQL: SHOW COLUMNS FROM `teacher` [ RunTime:0.0067s ]
ERR: 1054:Unknown column 'topic' in 'field list'
 [ SQL语句 ] : SELECT `id`,`topic` FROM `teacher` WHERE ( id=1 ) LIMIT 1  
ERR: 1054:Unknown column 'topic' in 'field list'
 [ SQL语句 ] : SELECT `id`,`topic` FROM `teacher` WHERE ( id=1 ) LIMIT 1  

[ 2019-12-20T08:56:46+08:00 ] ::1 /thinkphp3/index.php/Home/Topic/index.html?inves=1&class=3&teacher_id=1
INFO: [ app_init ] --START--
INFO: Run Behavior\BuildLiteBehavior [ RunTime:0.000010s ]
INFO: [ app_init ] --END-- [ RunTime:0.000258s ]
INFO: [ app_begin ] --START--
INFO: Run Behavior\ReadHtmlCacheBehavior [ RunTime:0.000316s ]
INFO: [ app_begin ] --END-- [ RunTime:0.000354s ]
SQL: SHOW COLUMNS FROM `class` [ RunTime:0.0079s ]
SQL: SELECT `id`,`name` FROM `class` WHERE ( id=3 ) LIMIT 1   [ RunTime:0.0003s ]
SQL: SHOW COLUMNS FROM `teacher` [ RunTime:0.0068s ]
ERR: 1054:Unknown column 'topic' in 'field list'
 [ SQL语句 ] : SELECT `id`,`topic` FROM `teacher` WHERE ( id=1 ) LIMIT 1  
ERR: 1054:Unknown column 'topic' in 'field list'
 [ SQL语句 ] : SELECT `id`,`topic` FROM `teacher` WHERE ( id=1 ) LIMIT 1  

[ 2019-12-20T08:57:03+08:00 ] ::1 /thinkphp3/index.php/Home/Topic/index.html?inves=1&class=3&teacher_id=1
INFO: [ app_init ] --START--
INFO: Run Behavior\BuildLiteBehavior [ RunTime:0.000010s ]
INFO: [ app_init ] --END-- [ RunTime:0.000261s ]
INFO: [ app_begin ] --START--
INFO: Run Behavior\ReadHtmlCacheBehavior [ RunTime:0.000321s ]
INFO: [ app_begin ] --END-- [ RunTime:0.000359s ]
SQL: SHOW COLUMNS FROM `class` [ RunTime:0.0071s ]
SQL: SELECT `id`,`name` FROM `class` WHERE ( id=3 ) LIMIT 1   [ RunTime:0.0002s ]
SQL: SHOW COLUMNS FROM `teacher` [ RunTime:0.0054s ]
SQL: SELECT `id`,`name` FROM `teacher` WHERE ( id=1 ) LIMIT 1   [ RunTime:0.0002s ]
SQL: SHOW COLUMNS FROM `teacher_topic` [ RunTime:0.0072s ]
SQL: SELECT `id`,`topic` FROM `teacher_topic`  [ RunTime:0.0002s ]
INFO: [ view_parse ] --START--
INFO: [ template_filter ] --START--
INFO: Run Behavior\ContentReplaceBehavior [ RunTime:0.000059s ]
INFO: [ template_filter ] --END-- [ RunTime:0.000096s ]
NOTIC: [8] Undefined index: name E:\phpstudy\PHPTutorial\WWW\thinkphp3\Application\Runtime\Cache\Home\1093f07c77d6e1e3d6a1d26a6fc8fc7f.php 第 33 行.
NOTIC: [8] Undefined index: name E:\phpstudy\PHPTutorial\WWW\thinkphp3\Application\Runtime\Cache\Home\1093f07c77d6e1e3d6a1d26a6fc8fc7f.php 第 33 行.
NOTIC: [8] Undefined index: name E:\phpstudy\PHPTutorial\WWW\thinkphp3\Application\Runtime\Cache\Home\1093f07c77d6e1e3d6a1d26a6fc8fc7f.php 第 33 行.
NOTIC: [8] Undefined index: name E:\phpstudy\PHPTutorial\WWW\thinkphp3\Application\Runtime\Cache\Home\1093f07c77d6e1e3d6a1d26a6fc8fc7f.php 第 33 行.
INFO: Run Behavior\ParseTemplateBehavior [ RunTime:0.005040s ]
INFO: [ view_parse ] --END-- [ RunTime:0.005074s ]
INFO: [ view_filter ] --START--
INFO: Run Behavior\WriteHtmlCacheBehavior [ RunTime:0.000560s ]
INFO: [ view_filter ] --END-- [ RunTime:0.000592s ]
INFO: [ app_end ] --START--
INFO: Run Behavior\ShowPageTraceBehavior [ RunTime:0.000324s ]
INFO: [ app_end ] --END-- [ RunTime:0.000353s ]

[ 2019-12-20T08:57:03+08:00 ] ::1 /thinkphp3/index.php/Home/Topic/index.html?inves=1&class=3&teacher_id=1
INFO: [ app_init ] --START--
INFO: Run Behavior\BuildLiteBehavior [ RunTime:0.000011s ]
INFO: [ app_init ] --END-- [ RunTime:0.000270s ]
INFO: [ app_begin ] --START--
INFO: Run Behavior\ReadHtmlCacheBehavior [ RunTime:0.000383s ]
INFO: [ app_begin ] --END-- [ RunTime:0.000422s ]
SQL: SHOW COLUMNS FROM `class` [ RunTime:0.0060s ]
SQL: SELECT `id`,`name` FROM `class` WHERE ( id=3 ) LIMIT 1   [ RunTime:0.0002s ]
SQL: SHOW COLUMNS FROM `teacher` [ RunTime:0.0071s ]
SQL: SELECT `id`,`name` FROM `teacher` WHERE ( id=1 ) LIMIT 1   [ RunTime:0.0003s ]
SQL: SHOW COLUMNS FROM `teacher_topic` [ RunTime:0.0051s ]
SQL: SELECT `id`,`topic` FROM `teacher_topic`  [ RunTime:0.0002s ]
INFO: [ view_parse ] --START--
INFO: [ template_filter ] --START--
INFO: Run Behavior\ContentReplaceBehavior [ RunTime:0.000044s ]
INFO: [ template_filter ] --END-- [ RunTime:0.000080s ]
NOTIC: [8] Undefined index: name E:\phpstudy\PHPTutorial\WWW\thinkphp3\Application\Runtime\Cache\Home\1093f07c77d6e1e3d6a1d26a6fc8fc7f.php 第 33 行.
NOTIC: [8] Undefined index: name E:\phpstudy\PHPTutorial\WWW\thinkphp3\Application\Runtime\Cache\Home\1093f07c77d6e1e3d6a1d26a6fc8fc7f.php 第 33 行.
NOTIC: [8] Undefined index: name E:\phpstudy\PHPTutorial\WWW\thinkphp3\Application\Runtime\Cache\Home\1093f07c77d6e1e3d6a1d26a6fc8fc7f.php 第 33 行.
NOTIC: [8] Undefined index: name E:\phpstudy\PHPTutorial\WWW\thinkphp3\Application\Runtime\Cache\Home\1093f07c77d6e1e3d6a1d26a6fc8fc7f.php 第 33 行.
INFO: Run Behavior\ParseTemplateBehavior [ RunTime:0.004941s ]
INFO: [ view_parse ] --END-- [ RunTime:0.004977s ]
INFO: [ view_filter ] --START--
INFO: Run Behavior\WriteHtmlCacheBehavior [ RunTime:0.000350s ]
INFO: [ view_filter ] --END-- [ RunTime:0.000381s ]
INFO: [ app_end ] --START--
INFO: Run Behavior\ShowPageTraceBehavior [ RunTime:0.000394s ]
INFO: [ app_end ] --END-- [ RunTime:0.000424s ]

[ 2019-12-20T08:57:03+08:00 ] ::1 /thinkphp3/index.php/Home/Topic/index.html?inves=1&class=3&teacher_id=1
INFO: [ app_init ] --START--
INFO: Run Behavior\BuildLiteBehavior [ RunTime:0.000011s ]
INFO: [ app_init ] --END-- [ RunTime:0.000268s ]
INFO: [ app_begin ] --START--
INFO: Run Behavior\ReadHtmlCacheBehavior [ RunTime:0.000322s ]
INFO: [ app_begin ] --END-- [ RunTime:0.000359s ]
SQL: SHOW COLUMNS FROM `class` [ RunTime:0.0069s ]
SQL: SELECT `id`,`name` FROM `class` WHERE ( id=3 ) LIMIT 1   [ RunTime:0.0002s ]
SQL: SHOW COLUMNS FROM `teacher` [ RunTime:0.0065s ]
SQL: SELECT `id`,`name` FROM `teacher` WHERE ( id=1 ) LIMIT 1   [ RunTime:0.0006s ]
SQL: SHOW COLUMNS FROM `teacher_topic` [ RunTime:0.0059s ]
SQL: SELECT `id`,`topic` FROM `teacher_topic`  [ RunTime:0.0002s ]
INFO: [ view_parse ] --START--
INFO: [ template_filter ] --START--
INFO: Run Behavior\ContentReplaceBehavior [ RunTime:0.000044s ]
INFO: [ template_filter ] --END-- [ RunTime:0.000078s ]
NOTIC: [8] Undefined index: name E:\phpstudy\PHPTutorial\WWW\thinkphp3\Application\Runtime\Cache\Home\1093f07c77d6e1e3d6a1d26a6fc8fc7f.php 第 33 行.
NOTIC: [8] Undefined index: name E:\phpstudy\PHPTutorial\WWW\thinkphp3\Application\Runtime\Cache\Home\1093f07c77d6e1e3d6a1d26a6fc8fc7f.php 第 33 行.
NOTIC: [8] Undefined index: name E:\phpstudy\PHPTutorial\WWW\thinkphp3\Application\Runtime\Cache\Home\1093f07c77d6e1e3d6a1d26a6fc8fc7f.php 第 33 行.
NOTIC: [8] Undefined index: name E:\phpstudy\PHPTutorial\WWW\thinkphp3\Application\Runtime\Cache\Home\1093f07c77d6e1e3d6a1d26a6fc8fc7f.php 第 33 行.
INFO: Run Behavior\ParseTemplateBehavior [ RunTime:0.004891s ]
INFO: [ view_parse ] --END-- [ RunTime:0.004924s ]
INFO: [ view_filter ] --START--
INFO: Run Behavior\WriteHtmlCacheBehavior [ RunTime:0.000350s ]
INFO: [ view_filter ] --END-- [ RunTime:0.000381s ]
INFO: [ app_end ] --START--
INFO: Run Behavior\ShowPageTraceBehavior [ RunTime:0.000421s ]
INFO: [ app_end ] --END-- [ RunTime:0.000485s ]

[ 2019-12-20T08:57:03+08:00 ] ::1 /thinkphp3/index.php/Home/Topic/index.html?inves=1&class=3&teacher_id=1
INFO: [ app_init ] --START--
INFO: Run Behavior\BuildLiteBehavior [ RunTime:0.000031s ]
INFO: [ app_init ] --END-- [ RunTime:0.000823s ]
INFO: [ app_begin ] --START--
INFO: Run Behavior\ReadHtmlCacheBehavior [ RunTime:0.000331s ]
INFO: [ app_begin ] --END-- [ RunTime:0.000369s ]
SQL: SHOW COLUMNS FROM `class` [ RunTime:0.0064s ]
SQL: SELECT `id`,`name` FROM `class` WHERE ( id=3 ) LIMIT 1   [ RunTime:0.0002s ]
SQL: SHOW COLUMNS FROM `teacher` [ RunTime:0.0056s ]
SQL: SELECT `id`,`name` FROM `teacher` WHERE ( id=1 ) LIMIT 1   [ RunTime:0.0003s ]
SQL: SHOW COLUMNS FROM `teacher_topic` [ RunTime:0.0064s ]
SQL: SELECT `id`,`topic` FROM `teacher_topic`  [ RunTime:0.0002s ]
INFO: [ view_parse ] --START--
INFO: [ template_filter ] --START--
INFO: Run Behavior\ContentReplaceBehavior [ RunTime:0.000043s ]
INFO: [ template_filter ] --END-- [ RunTime:0.000092s ]
NOTIC: [8] Undefined index: name E:\phpstudy\PHPTutorial\WWW\thinkphp3\Application\Runtime\Cache\Home\1093f07c77d6e1e3d6a1d26a6fc8fc7f.php 第 33 行.
NOTIC: [8] Undefined index: name E:\phpstudy\PHPTutorial\WWW\thinkphp3\Application\Runtime\Cache\Home\1093f07c77d6e1e3d6a1d26a6fc8fc7f.php 第 33 行.
NOTIC: [8] Undefined index: name E:\phpstudy\PHPTutorial\WWW\thinkphp3\Application\Runtime\Cache\Home\1093f07c77d6e1e3d6a1d26a6fc8fc7f.php 第 33 行.
NOTIC: [8] Undefined index: name E:\phpstudy\PHPTutorial\WWW\thinkphp3\Application\Runtime\Cache\Home\1093f07c77d6e1e3d6a1d26a6fc8fc7f.php 第 33 行.
INFO: Run Behavior\ParseTemplateBehavior [ RunTime:0.004822s ]
INFO: [ view_parse ] --END-- [ RunTime:0.004856s ]
INFO: [ view_filter ] --START--
INFO: Run Behavior\WriteHtmlCacheBehavior [ RunTime:0.000350s ]
INFO: [ view_filter ] --END-- [ RunTime:0.000379s ]
INFO: [ app_end ] --START--
INFO: Run Behavior\ShowPageTraceBehavior [ RunTime:0.000320s ]
INFO: [ app_end ] --END-- [ RunTime:0.000349s ]

[ 2019-12-20T08:57:04+08:00 ] ::1 /thinkphp3/index.php/Home/Topic/index.html?inves=1&class=3&teacher_id=1
INFO: [ app_init ] --START--
INFO: Run Behavior\BuildLiteBehavior [ RunTime:0.000011s ]
INFO: [ app_init ] --END-- [ RunTime:0.000293s ]
INFO: [ app_begin ] --START--
INFO: Run Behavior\ReadHtmlCacheBehavior [ RunTime:0.000319s ]
INFO: [ app_begin ] --END-- [ RunTime:0.000355s ]
SQL: SHOW COLUMNS FROM `class` [ RunTime:0.0082s ]
SQL: SELECT `id`,`name` FROM `class` WHERE ( id=3 ) LIMIT 1   [ RunTime:0.0002s ]
SQL: SHOW COLUMNS FROM `teacher` [ RunTime:0.0085s ]
SQL: SELECT `id`,`name` FROM `teacher` WHERE ( id=1 ) LIMIT 1   [ RunTime:0.0003s ]
SQL: SHOW COLUMNS FROM `teacher_topic` [ RunTime:0.0062s ]
SQL: SELECT `id`,`topic` FROM `teacher_topic`  [ RunTime:0.0004s ]
INFO: [ view_parse ] --START--
INFO: [ template_filter ] --START--
INFO: Run Behavior\ContentReplaceBehavior [ RunTime:0.000097s ]
INFO: [ template_filter ] --END-- [ RunTime:0.000184s ]
NOTIC: [8] Undefined index: name E:\phpstudy\PHPTutorial\WWW\thinkphp3\Application\Runtime\Cache\Home\1093f07c77d6e1e3d6a1d26a6fc8fc7f.php 第 33 行.
NOTIC: [8] Undefined index: name E:\phpstudy\PHPTutorial\WWW\thinkphp3\Application\Runtime\Cache\Home\1093f07c77d6e1e3d6a1d26a6fc8fc7f.php 第 33 行.
NOTIC: [8] Undefined index: name E:\phpstudy\PHPTutorial\WWW\thinkphp3\Application\Runtime\Cache\Home\1093f07c77d6e1e3d6a1d26a6fc8fc7f.php 第 33 行.
NOTIC: [8] Undefined index: name E:\phpstudy\PHPTutorial\WWW\thinkphp3\Application\Runtime\Cache\Home\1093f07c77d6e1e3d6a1d26a6fc8fc7f.php 第 33 行.
INFO: Run Behavior\ParseTemplateBehavior [ RunTime:0.006622s ]
INFO: [ view_parse ] --END-- [ RunTime:0.006663s ]
INFO: [ view_filter ] --START--
INFO: Run Behavior\WriteHtmlCacheBehavior [ RunTime:0.000482s ]
INFO: [ view_filter ] --END-- [ RunTime:0.000516s ]
INFO: [ app_end ] --START--
INFO: Run Behavior\ShowPageTraceBehavior [ RunTime:0.000604s ]
INFO: [ app_end ] --END-- [ RunTime:0.000638s ]

[ 2019-12-20T08:57:05+08:00 ] ::1 /thinkphp3/index.php/Home/Topic/index.html?inves=1&class=3&teacher_id=1
INFO: [ app_init ] --START--
INFO: Run Behavior\BuildLiteBehavior [ RunTime:0.000010s ]
INFO: [ app_init ] --END-- [ RunTime:0.000278s ]
INFO: [ app_begin ] --START--
INFO: Run Behavior\ReadHtmlCacheBehavior [ RunTime:0.000323s ]
INFO: [ app_begin ] --END-- [ RunTime:0.000360s ]
SQL: SHOW COLUMNS FROM `class` [ RunTime:0.0100s ]
SQL: SELECT `id`,`name` FROM `class` WHERE ( id=3 ) LIMIT 1   [ RunTime:0.0003s ]
SQL: SHOW COLUMNS FROM `teacher` [ RunTime:0.0049s ]
SQL: SELECT `id`,`name` FROM `teacher` WHERE ( id=1 ) LIMIT 1   [ RunTime:0.0002s ]
SQL: SHOW COLUMNS FROM `teacher_topic` [ RunTime:0.0054s ]
SQL: SELECT `id`,`topic` FROM `teacher_topic`  [ RunTime:0.0002s ]
INFO: [ view_parse ] --START--
INFO: [ template_filter ] --START--
INFO: Run Behavior\ContentReplaceBehavior [ RunTime:0.000043s ]
INFO: [ template_filter ] --END-- [ RunTime:0.000081s ]
NOTIC: [8] Undefined index: name E:\phpstudy\PHPTutorial\WWW\thinkphp3\Application\Runtime\Cache\Home\1093f07c77d6e1e3d6a1d26a6fc8fc7f.php 第 33 行.
NOTIC: [8] Undefined index: name E:\phpstudy\PHPTutorial\WWW\thinkphp3\Application\Runtime\Cache\Home\1093f07c77d6e1e3d6a1d26a6fc8fc7f.php 第 33 行.
NOTIC: [8] Undefined index: name E:\phpstudy\PHPTutorial\WWW\thinkphp3\Application\Runtime\Cache\Home\1093f07c77d6e1e3d6a1d26a6fc8fc7f.php 第 33 行.
NOTIC: [8] Undefined index: name E:\phpstudy\PHPTutorial\WWW\thinkphp3\Application\Runtime\Cache\Home\1093f07c77d6e1e3d6a1d26a6fc8fc7f.php 第 33 行.
INFO: Run Behavior\ParseTemplateBehavior [ RunTime:0.005578s ]
INFO: [ view_parse ] --END-- [ RunTime:0.005611s ]
INFO: [ view_filter ] --START--
INFO: Run Behavior\WriteHtmlCacheBehavior [ RunTime:0.000381s ]
INFO: [ view_filter ] --END-- [ RunTime:0.000410s ]
INFO: [ app_end ] --START--
INFO: Run Behavior\ShowPageTraceBehavior [ RunTime:0.000330s ]
INFO: [ app_end ] --END-- [ RunTime:0.000375s ]

[ 2019-12-20T08:57:24+08:00 ] ::1 /thinkphp3/index.php/Home/Topic/index.html?inves=1&class=3&teacher_id=1
INFO: [ app_init ] --START--
INFO: Run Behavior\BuildLiteBehavior [ RunTime:0.000014s ]
INFO: [ app_init ] --END-- [ RunTime:0.000360s ]
INFO: [ app_begin ] --START--
INFO: Run Behavior\ReadHtmlCacheBehavior [ RunTime:0.001473s ]
INFO: [ app_begin ] --END-- [ RunTime:0.001720s ]
SQL: SHOW COLUMNS FROM `class` [ RunTime:0.0083s ]
SQL: SELECT `id`,`name` FROM `class` WHERE ( id=3 ) LIMIT 1   [ RunTime:0.0002s ]
SQL: SHOW COLUMNS FROM `teacher` [ RunTime:0.0064s ]
SQL: SELECT `id`,`name` FROM `teacher` WHERE ( id=1 ) LIMIT 1   [ RunTime:0.0003s ]
SQL: SHOW COLUMNS FROM `teacher_topic` [ RunTime:0.0051s ]
SQL: SELECT `id`,`topic` FROM `teacher_topic`  [ RunTime:0.0002s ]
INFO: [ view_parse ] --START--
INFO: [ template_filter ] --START--
INFO: Run Behavior\ContentReplaceBehavior [ RunTime:0.000044s ]
INFO: [ template_filter ] --END-- [ RunTime:0.000081s ]
INFO: Run Behavior\ParseTemplateBehavior [ RunTime:0.005417s ]
INFO: [ view_parse ] --END-- [ RunTime:0.005456s ]
INFO: [ view_filter ] --START--
INFO: Run Behavior\WriteHtmlCacheBehavior [ RunTime:0.000423s ]
INFO: [ view_filter ] --END-- [ RunTime:0.000453s ]
INFO: [ app_end ] --START--
INFO: Run Behavior\ShowPageTraceBehavior [ RunTime:0.000450s ]
INFO: [ app_end ] --END-- [ RunTime:0.000479s ]

[ 2019-12-20T08:57:25+08:00 ] ::1 /thinkphp3/index.php/Home/Topic/index.html?inves=1&class=3&teacher_id=1
INFO: [ app_init ] --START--
INFO: Run Behavior\BuildLiteBehavior [ RunTime:0.000009s ]
INFO: [ app_init ] --END-- [ RunTime:0.000299s ]
INFO: [ app_begin ] --START--
INFO: Run Behavior\ReadHtmlCacheBehavior [ RunTime:0.000323s ]
INFO: [ app_begin ] --END-- [ RunTime:0.000360s ]
SQL: SHOW COLUMNS FROM `class` [ RunTime:0.0062s ]
SQL: SELECT `id`,`name` FROM `class` WHERE ( id=3 ) LIMIT 1   [ RunTime:0.0002s ]
SQL: SHOW COLUMNS FROM `teacher` [ RunTime:0.0068s ]
SQL: SELECT `id`,`name` FROM `teacher` WHERE ( id=1 ) LIMIT 1   [ RunTime:0.0002s ]
SQL: SHOW COLUMNS FROM `teacher_topic` [ RunTime:0.0057s ]
SQL: SELECT `id`,`topic` FROM `teacher_topic`  [ RunTime:0.0002s ]
INFO: [ view_parse ] --START--
INFO: [ template_filter ] --START--
INFO: Run Behavior\ContentReplaceBehavior [ RunTime:0.000114s ]
INFO: [ template_filter ] --END-- [ RunTime:0.000193s ]
INFO: Run Behavior\ParseTemplateBehavior [ RunTime:0.005705s ]
INFO: [ view_parse ] --END-- [ RunTime:0.005746s ]
INFO: [ view_filter ] --START--
INFO: Run Behavior\WriteHtmlCacheBehavior [ RunTime:0.000364s ]
INFO: [ view_filter ] --END-- [ RunTime:0.000394s ]
INFO: [ app_end ] --START--
INFO: Run Behavior\ShowPageTraceBehavior [ RunTime:0.000325s ]
INFO: [ app_end ] --END-- [ RunTime:0.000355s ]

[ 2019-12-20T08:57:25+08:00 ] ::1 /thinkphp3/index.php/Home/Topic/index.html?inves=1&class=3&teacher_id=1
INFO: [ app_init ] --START--
INFO: Run Behavior\BuildLiteBehavior [ RunTime:0.000010s ]
INFO: [ app_init ] --END-- [ RunTime:0.000262s ]
INFO: [ app_begin ] --START--
INFO: Run Behavior\ReadHtmlCacheBehavior [ RunTime:0.000505s ]
INFO: [ app_begin ] --END-- [ RunTime:0.000562s ]
SQL: SHOW COLUMNS FROM `class` [ RunTime:0.0080s ]
SQL: SELECT `id`,`name` FROM `class` WHERE ( id=3 ) LIMIT 1   [ RunTime:0.0002s ]
SQL: SHOW COLUMNS FROM `teacher` [ RunTime:0.0063s ]
SQL: SELECT `id`,`name` FROM `teacher` WHERE ( id=1 ) LIMIT 1   [ RunTime:0.0010s ]
SQL: SHOW COLUMNS FROM `teacher_topic` [ RunTime:0.0053s ]
SQL: SELECT `id`,`topic` FROM `teacher_topic`  [ RunTime:0.0002s ]
INFO: [ view_parse ] --START--
INFO: [ template_filter ] --START--
INFO: Run Behavior\ContentReplaceBehavior [ RunTime:0.000042s ]
INFO: [ template_filter ] --END-- [ RunTime:0.000075s ]
INFO: Run Behavior\ParseTemplateBehavior [ RunTime:0.004970s ]
INFO: [ view_parse ] --END-- [ RunTime:0.005008s ]
INFO: [ view_filter ] --START--
INFO: Run Behavior\WriteHtmlCacheBehavior [ RunTime:0.000489s ]
INFO: [ view_filter ] --END-- [ RunTime:0.000580s ]
INFO: [ app_end ] --START--
INFO: Run Behavior\ShowPageTraceBehavior [ RunTime:0.000870s ]
INFO: [ app_end ] --END-- [ RunTime:0.000937s ]

[ 2019-12-20T08:57:25+08:00 ] ::1 /thinkphp3/index.php/Home/Topic/index.html?inves=1&class=3&teacher_id=1
INFO: [ app_init ] --START--
INFO: Run Behavior\BuildLiteBehavior [ RunTime:0.000028s ]
INFO: [ app_init ] --END-- [ RunTime:0.000420s ]
INFO: [ app_begin ] --START--
INFO: Run Behavior\ReadHtmlCacheBehavior [ RunTime:0.000450s ]
INFO: [ app_begin ] --END-- [ RunTime:0.000498s ]
SQL: SHOW COLUMNS FROM `class` [ RunTime:0.0082s ]
SQL: SELECT `id`,`name` FROM `class` WHERE ( id=3 ) LIMIT 1   [ RunTime:0.0002s ]
SQL: SHOW COLUMNS FROM `teacher` [ RunTime:0.0068s ]
SQL: SELECT `id`,`name` FROM `teacher` WHERE ( id=1 ) LIMIT 1   [ RunTime:0.0002s ]
SQL: SHOW COLUMNS FROM `teacher_topic` [ RunTime:0.0054s ]
SQL: SELECT `id`,`topic` FROM `teacher_topic`  [ RunTime:0.0002s ]
INFO: [ view_parse ] --START--
INFO: [ template_filter ] --START--
INFO: Run Behavior\ContentReplaceBehavior [ RunTime:0.000043s ]
INFO: [ template_filter ] --END-- [ RunTime:0.000076s ]
INFO: Run Behavior\ParseTemplateBehavior [ RunTime:0.004960s ]
INFO: [ view_parse ] --END-- [ RunTime:0.004999s ]
INFO: [ view_filter ] --START--
INFO: Run Behavior\WriteHtmlCacheBehavior [ RunTime:0.000633s ]
INFO: [ view_filter ] --END-- [ RunTime:0.000691s ]
INFO: [ app_end ] --START--
INFO: Run Behavior\ShowPageTraceBehavior [ RunTime:0.000471s ]
INFO: [ app_end ] --END-- [ RunTime:0.000518s ]

[ 2019-12-20T08:57:25+08:00 ] ::1 /thinkphp3/index.php/Home/Topic/index.html?inves=1&class=3&teacher_id=1
INFO: [ app_init ] --START--
INFO: Run Behavior\BuildLiteBehavior [ RunTime:0.000012s ]
INFO: [ app_init ] --END-- [ RunTime:0.000348s ]
INFO: [ app_begin ] --START--
INFO: Run Behavior\ReadHtmlCacheBehavior [ RunTime:0.000645s ]
INFO: [ app_begin ] --END-- [ RunTime:0.000715s ]
SQL: SHOW COLUMNS FROM `class` [ RunTime:0.0078s ]
SQL: SELECT `id`,`name` FROM `class` WHERE ( id=3 ) LIMIT 1   [ RunTime:0.0002s ]
SQL: SHOW COLUMNS FROM `teacher` [ RunTime:0.0067s ]
SQL: SELECT `id`,`name` FROM `teacher` WHERE ( id=1 ) LIMIT 1   [ RunTime:0.0002s ]
SQL: SHOW COLUMNS FROM `teacher_topic` [ RunTime:0.0055s ]
SQL: SELECT `id`,`topic` FROM `teacher_topic`  [ RunTime:0.0002s ]
INFO: [ view_parse ] --START--
INFO: [ template_filter ] --START--
INFO: Run Behavior\ContentReplaceBehavior [ RunTime:0.000043s ]
INFO: [ template_filter ] --END-- [ RunTime:0.000077s ]
INFO: Run Behavior\ParseTemplateBehavior [ RunTime:0.005455s ]
INFO: [ view_parse ] --END-- [ RunTime:0.005524s ]
INFO: [ view_filter ] --START--
INFO: Run Behavior\WriteHtmlCacheBehavior [ RunTime:0.000582s ]
INFO: [ view_filter ] --END-- [ RunTime:0.000641s ]
INFO: [ app_end ] --START--
INFO: Run Behavior\ShowPageTraceBehavior [ RunTime:0.000460s ]
INFO: [ app_end ] --END-- [ RunTime:0.000528s ]

[ 2019-12-20T08:57:25+08:00 ] ::1 /thinkphp3/index.php/Home/Topic/index.html?inves=1&class=3&teacher_id=1
INFO: [ app_init ] --START--
INFO: Run Behavior\BuildLiteBehavior [ RunTime:0.000011s ]
INFO: [ app_init ] --END-- [ RunTime:0.000289s ]
INFO: [ app_begin ] --START--
INFO: Run Behavior\ReadHtmlCacheBehavior [ RunTime:0.000322s ]
INFO: [ app_begin ] --END-- [ RunTime:0.000359s ]
SQL: SHOW COLUMNS FROM `class` [ RunTime:0.0192s ]
SQL: SELECT `id`,`name` FROM `class` WHERE ( id=3 ) LIMIT 1   [ RunTime:0.0004s ]
SQL: SHOW COLUMNS FROM `teacher` [ RunTime:0.0061s ]
SQL: SELECT `id`,`name` FROM `teacher` WHERE ( id=1 ) LIMIT 1   [ RunTime:0.0002s ]
SQL: SHOW COLUMNS FROM `teacher_topic` [ RunTime:0.0054s ]
SQL: SELECT `id`,`topic` FROM `teacher_topic`  [ RunTime:0.0003s ]
INFO: [ view_parse ] --START--
INFO: [ template_filter ] --START--
INFO: Run Behavior\ContentReplaceBehavior [ RunTime:0.000045s ]
INFO: [ template_filter ] --END-- [ RunTime:0.000081s ]
INFO: Run Behavior\ParseTemplateBehavior [ RunTime:0.006152s ]
INFO: [ view_parse ] --END-- [ RunTime:0.006251s ]
INFO: [ view_filter ] --START--
INFO: Run Behavior\WriteHtmlCacheBehavior [ RunTime:0.000458s ]
INFO: [ view_filter ] --END-- [ RunTime:0.000520s ]
INFO: [ app_end ] --START--
INFO: Run Behavior\ShowPageTraceBehavior [ RunTime:0.000327s ]
INFO: [ app_end ] --END-- [ RunTime:0.000368s ]

[ 2019-12-20T08:57:26+08:00 ] ::1 /thinkphp3/index.php/Home/Topic/index.html?inves=1&class=3&teacher_id=1
INFO: [ app_init ] --START--
INFO: Run Behavior\BuildLiteBehavior [ RunTime:0.000010s ]
INFO: [ app_init ] --END-- [ RunTime:0.000271s ]
INFO: [ app_begin ] --START--
INFO: Run Behavior\ReadHtmlCacheBehavior [ RunTime:0.000353s ]
INFO: [ app_begin ] --END-- [ RunTime:0.000393s ]
SQL: SHOW COLUMNS FROM `class` [ RunTime:0.0089s ]
SQL: SELECT `id`,`name` FROM `class` WHERE ( id=3 ) LIMIT 1   [ RunTime:0.0002s ]
SQL: SHOW COLUMNS FROM `teacher` [ RunTime:0.0060s ]
SQL: SELECT `id`,`name` FROM `teacher` WHERE ( id=1 ) LIMIT 1   [ RunTime:0.0003s ]
SQL: SHOW COLUMNS FROM `teacher_topic` [ RunTime:0.0063s ]
SQL: SELECT `id`,`topic` FROM `teacher_topic`  [ RunTime:0.0002s ]
INFO: [ view_parse ] --START--
INFO: [ template_filter ] --START--
INFO: Run Behavior\ContentReplaceBehavior [ RunTime:0.000042s ]
INFO: [ template_filter ] --END-- [ RunTime:0.000077s ]
INFO: Run Behavior\ParseTemplateBehavior [ RunTime:0.004969s ]
INFO: [ view_parse ] --END-- [ RunTime:0.005041s ]
INFO: [ view_filter ] --START--
INFO: Run Behavior\WriteHtmlCacheBehavior [ RunTime:0.000351s ]
INFO: [ view_filter ] --END-- [ RunTime:0.000380s ]
INFO: [ app_end ] --START--
INFO: Run Behavior\ShowPageTraceBehavior [ RunTime:0.000405s ]
INFO: [ app_end ] --END-- [ RunTime:0.000434s ]

[ 2019-12-20T08:57:26+08:00 ] ::1 /thinkphp3/index.php/Home/Topic/index.html?inves=1&class=3&teacher_id=1
INFO: [ app_init ] --START--
INFO: Run Behavior\BuildLiteBehavior [ RunTime:0.000010s ]
INFO: [ app_init ] --END-- [ RunTime:0.000258s ]
INFO: [ app_begin ] --START--
INFO: Run Behavior\ReadHtmlCacheBehavior [ RunTime:0.000317s ]
INFO: [ app_begin ] --END-- [ RunTime:0.000354s ]
SQL: SHOW COLUMNS FROM `class` [ RunTime:0.0104s ]
SQL: SELECT `id`,`name` FROM `class` WHERE ( id=3 ) LIMIT 1   [ RunTime:0.0002s ]
SQL: SHOW COLUMNS FROM `teacher` [ RunTime:0.0059s ]
SQL: SELECT `id`,`name` FROM `teacher` WHERE ( id=1 ) LIMIT 1   [ RunTime:0.0003s ]
SQL: SHOW COLUMNS FROM `teacher_topic` [ RunTime:0.0063s ]
SQL: SELECT `id`,`topic` FROM `teacher_topic`  [ RunTime:0.0003s ]
INFO: [ view_parse ] --START--
INFO: [ template_filter ] --START--
INFO: Run Behavior\ContentReplaceBehavior [ RunTime:0.000057s ]
INFO: [ template_filter ] --END-- [ RunTime:0.000097s ]
INFO: Run Behavior\ParseTemplateBehavior [ RunTime:0.004878s ]
INFO: [ view_parse ] --END-- [ RunTime:0.004917s ]
INFO: [ view_filter ] --START--
INFO: Run Behavior\WriteHtmlCacheBehavior [ RunTime:0.000349s ]
INFO: [ view_filter ] --END-- [ RunTime:0.000377s ]
INFO: [ app_end ] --START--
INFO: Run Behavior\ShowPageTraceBehavior [ RunTime:0.000322s ]
INFO: [ app_end ] --END-- [ RunTime:0.000354s ]

[ 2019-12-20T08:58:53+08:00 ] ::1 /thinkphp3/index.php/Home/Index/teacher.html
INFO: [ app_init ] --START--
INFO: Run Behavior\BuildLiteBehavior [ RunTime:0.000009s ]
INFO: [ app_init ] --END-- [ RunTime:0.000311s ]
INFO: [ app_begin ] --START--
INFO: Run Behavior\ReadHtmlCacheBehavior [ RunTime:0.000470s ]
INFO: [ app_begin ] --END-- [ RunTime:0.000505s ]
SQL: SHOW COLUMNS FROM `teacher` [ RunTime:0.0077s ]
SQL: SELECT a.id,a.name FROM teacher a INNER JOIN class as b on a.id=b.teacher_id  WHERE ( b.id=3 )  [ RunTime:0.0003s ]

[ 2019-12-20T08:58:57+08:00 ] ::1 /thinkphp3/index.php/Home/Index/teacher.html
INFO: [ app_init ] --START--
INFO: Run Behavior\BuildLiteBehavior [ RunTime:0.000010s ]
INFO: [ app_init ] --END-- [ RunTime:0.000262s ]
INFO: [ app_begin ] --START--
INFO: Run Behavior\ReadHtmlCacheBehavior [ RunTime:0.000313s ]
INFO: [ app_begin ] --END-- [ RunTime:0.000347s ]
SQL: SHOW COLUMNS FROM `headmaster` [ RunTime:0.0086s ]
SQL: SELECT a.id,a.name FROM headmaster a INNER JOIN class as b on a.id=b.headmaster_id  WHERE ( b.id=3 )  [ RunTime:0.0003s ]

[ 2019-12-20T08:59:00+08:00 ] ::1 /thinkphp3/Home
INFO: [ app_init ] --START--
INFO: Run Behavior\BuildLiteBehavior [ RunTime:0.000009s ]
INFO: [ app_init ] --END-- [ RunTime:0.000273s ]
INFO: [ app_begin ] --START--
INFO: Run Behavior\ReadHtmlCacheBehavior [ RunTime:0.000318s ]
INFO: [ app_begin ] --END-- [ RunTime:0.000356s ]
SQL: SHOW COLUMNS FROM `inves` [ RunTime:0.0128s ]
SQL: SELECT `id`,`name` FROM `inves`  [ RunTime:0.0002s ]
SQL: SHOW COLUMNS FROM `class` [ RunTime:0.0068s ]
SQL: SELECT `id`,`name` FROM `class` GROUP BY name  [ RunTime:0.0004s ]
INFO: [ view_parse ] --START--
INFO: [ template_filter ] --START--
INFO: Run Behavior\ContentReplaceBehavior [ RunTime:0.000048s ]
INFO: [ template_filter ] --END-- [ RunTime:0.000081s ]
INFO: Run Behavior\ParseTemplateBehavior [ RunTime:0.005680s ]
INFO: [ view_parse ] --END-- [ RunTime:0.005722s ]
INFO: [ view_filter ] --START--
INFO: Run Behavior\WriteHtmlCacheBehavior [ RunTime:0.000620s ]
INFO: [ view_filter ] --END-- [ RunTime:0.000663s ]
INFO: [ app_end ] --START--
INFO: Run Behavior\ShowPageTraceBehavior [ RunTime:0.000435s ]
INFO: [ app_end ] --END-- [ RunTime:0.000466s ]

[ 2019-12-20T08:59:01+08:00 ] ::1 /thinkphp3/Home
INFO: [ app_init ] --START--
INFO: Run Behavior\BuildLiteBehavior [ RunTime:0.000010s ]
INFO: [ app_init ] --END-- [ RunTime:0.000259s ]
INFO: [ app_begin ] --START--
INFO: Run Behavior\ReadHtmlCacheBehavior [ RunTime:0.000316s ]
INFO: [ app_begin ] --END-- [ RunTime:0.000353s ]
SQL: SHOW COLUMNS FROM `inves` [ RunTime:0.0077s ]
SQL: SELECT `id`,`name` FROM `inves`  [ RunTime:0.0002s ]
SQL: SHOW COLUMNS FROM `class` [ RunTime:0.0071s ]
SQL: SELECT `id`,`name` FROM `class` GROUP BY name  [ RunTime:0.0005s ]
INFO: [ view_parse ] --START--
INFO: [ template_filter ] --START--
INFO: Run Behavior\ContentReplaceBehavior [ RunTime:0.000048s ]
INFO: [ template_filter ] --END-- [ RunTime:0.000081s ]
INFO: Run Behavior\ParseTemplateBehavior [ RunTime:0.004981s ]
INFO: [ view_parse ] --END-- [ RunTime:0.005018s ]
INFO: [ view_filter ] --START--
INFO: Run Behavior\WriteHtmlCacheBehavior [ RunTime:0.000354s ]
INFO: [ view_filter ] --END-- [ RunTime:0.000383s ]
INFO: [ app_end ] --START--
INFO: Run Behavior\ShowPageTraceBehavior [ RunTime:0.000322s ]
INFO: [ app_end ] --END-- [ RunTime:0.000352s ]

[ 2019-12-20T08:59:01+08:00 ] ::1 /thinkphp3/Home
INFO: [ app_init ] --START--
INFO: Run Behavior\BuildLiteBehavior [ RunTime:0.000032s ]
INFO: [ app_init ] --END-- [ RunTime:0.000593s ]
INFO: [ app_begin ] --START--
INFO: Run Behavior\ReadHtmlCacheBehavior [ RunTime:0.000431s ]
INFO: [ app_begin ] --END-- [ RunTime:0.000472s ]
SQL: SHOW COLUMNS FROM `inves` [ RunTime:0.0092s ]
SQL: SELECT `id`,`name` FROM `inves`  [ RunTime:0.0003s ]
SQL: SHOW COLUMNS FROM `class` [ RunTime:0.0077s ]
SQL: SELECT `id`,`name` FROM `class` GROUP BY name  [ RunTime:0.0005s ]
INFO: [ view_parse ] --START--
INFO: [ template_filter ] --START--
INFO: Run Behavior\ContentReplaceBehavior [ RunTime:0.000048s ]
INFO: [ template_filter ] --END-- [ RunTime:0.000081s ]
INFO: Run Behavior\ParseTemplateBehavior [ RunTime:0.004914s ]
INFO: [ view_parse ] --END-- [ RunTime:0.004950s ]
INFO: [ view_filter ] --START--
INFO: Run Behavior\WriteHtmlCacheBehavior [ RunTime:0.000388s ]
INFO: [ view_filter ] --END-- [ RunTime:0.000416s ]
INFO: [ app_end ] --START--
INFO: Run Behavior\ShowPageTraceBehavior [ RunTime:0.000319s ]
INFO: [ app_end ] --END-- [ RunTime:0.000349s ]

[ 2019-12-20T08:59:01+08:00 ] ::1 /thinkphp3/Home
INFO: [ app_init ] --START--
INFO: Run Behavior\BuildLiteBehavior [ RunTime:0.000009s ]
INFO: [ app_init ] --END-- [ RunTime:0.000263s ]
INFO: [ app_begin ] --START--
INFO: Run Behavior\ReadHtmlCacheBehavior [ RunTime:0.000314s ]
INFO: [ app_begin ] --END-- [ RunTime:0.000351s ]
SQL: SHOW COLUMNS FROM `inves` [ RunTime:0.0080s ]
SQL: SELECT `id`,`name` FROM `inves`  [ RunTime:0.0002s ]
SQL: SHOW COLUMNS FROM `class` [ RunTime:0.0078s ]
SQL: SELECT `id`,`name` FROM `class` GROUP BY name  [ RunTime:0.0005s ]
INFO: [ view_parse ] --START--
INFO: [ template_filter ] --START--
INFO: Run Behavior\ContentReplaceBehavior [ RunTime:0.000068s ]
INFO: [ template_filter ] --END-- [ RunTime:0.000109s ]
INFO: Run Behavior\ParseTemplateBehavior [ RunTime:0.005376s ]
INFO: [ view_parse ] --END-- [ RunTime:0.005414s ]
INFO: [ view_filter ] --START--
INFO: Run Behavior\WriteHtmlCacheBehavior [ RunTime:0.000379s ]
INFO: [ view_filter ] --END-- [ RunTime:0.000407s ]
INFO: [ app_end ] --START--
INFO: Run Behavior\ShowPageTraceBehavior [ RunTime:0.000337s ]
INFO: [ app_end ] --END-- [ RunTime:0.000367s ]

[ 2019-12-20T08:59:01+08:00 ] ::1 /thinkphp3/Home
INFO: [ app_init ] --START--
INFO: Run Behavior\BuildLiteBehavior [ RunTime:0.000009s ]
INFO: [ app_init ] --END-- [ RunTime:0.000249s ]
INFO: [ app_begin ] --START--
INFO: Run Behavior\ReadHtmlCacheBehavior [ RunTime:0.000319s ]
INFO: [ app_begin ] --END-- [ RunTime:0.000369s ]
SQL: SHOW COLUMNS FROM `inves` [ RunTime:0.0078s ]
SQL: SELECT `id`,`name` FROM `inves`  [ RunTime:0.0002s ]
SQL: SHOW COLUMNS FROM `class` [ RunTime:0.0070s ]
SQL: SELECT `id`,`name` FROM `class` GROUP BY name  [ RunTime:0.0004s ]
INFO: [ view_parse ] --START--
INFO: [ template_filter ] --START--
INFO: Run Behavior\ContentReplaceBehavior [ RunTime:0.000076s ]
INFO: [ template_filter ] --END-- [ RunTime:0.000111s ]
INFO: Run Behavior\ParseTemplateBehavior [ RunTime:0.007266s ]
INFO: [ view_parse ] --END-- [ RunTime:0.007306s ]
INFO: [ view_filter ] --START--
INFO: Run Behavior\WriteHtmlCacheBehavior [ RunTime:0.000501s ]
INFO: [ view_filter ] --END-- [ RunTime:0.000530s ]
INFO: [ app_end ] --START--
INFO: Run Behavior\ShowPageTraceBehavior [ RunTime:0.000325s ]
INFO: [ app_end ] --END-- [ RunTime:0.000355s ]

[ 2019-12-20T08:59:05+08:00 ] ::1 /thinkphp3/index.php/Home/Index/teacher.html
INFO: [ app_init ] --START--
INFO: Run Behavior\BuildLiteBehavior [ RunTime:0.000010s ]
INFO: [ app_init ] --END-- [ RunTime:0.000264s ]
INFO: [ app_begin ] --START--
INFO: Run Behavior\ReadHtmlCacheBehavior [ RunTime:0.000318s ]
INFO: [ app_begin ] --END-- [ RunTime:0.000352s ]
SQL: SHOW COLUMNS FROM `teacher` [ RunTime:0.0076s ]
SQL: SELECT a.id,a.name FROM teacher a INNER JOIN class as b on a.id=b.teacher_id  WHERE ( b.id=3 )  [ RunTime:0.0004s ]

[ 2019-12-20T08:59:09+08:00 ] ::1 /thinkphp3/Home
INFO: [ app_init ] --START--
INFO: Run Behavior\BuildLiteBehavior [ RunTime:0.000009s ]
INFO: [ app_init ] --END-- [ RunTime:0.000260s ]
INFO: [ app_begin ] --START--
INFO: Run Behavior\ReadHtmlCacheBehavior [ RunTime:0.000316s ]
INFO: [ app_begin ] --END-- [ RunTime:0.000352s ]
SQL: SHOW COLUMNS FROM `inves` [ RunTime:0.0078s ]
SQL: SELECT `id`,`name` FROM `inves`  [ RunTime:0.0002s ]
SQL: SHOW COLUMNS FROM `class` [ RunTime:0.0067s ]
SQL: SELECT `id`,`name` FROM `class` GROUP BY name  [ RunTime:0.0005s ]
INFO: [ view_parse ] --START--
INFO: [ template_filter ] --START--
INFO: Run Behavior\ContentReplaceBehavior [ RunTime:0.000051s ]
INFO: [ template_filter ] --END-- [ RunTime:0.000087s ]
INFO: Run Behavior\ParseTemplateBehavior [ RunTime:0.006103s ]
INFO: [ view_parse ] --END-- [ RunTime:0.006140s ]
INFO: [ view_filter ] --START--
INFO: Run Behavior\WriteHtmlCacheBehavior [ RunTime:0.000367s ]
INFO: [ view_filter ] --END-- [ RunTime:0.000397s ]
INFO: [ app_end ] --START--
INFO: Run Behavior\ShowPageTraceBehavior [ RunTime:0.000323s ]
INFO: [ app_end ] --END-- [ RunTime:0.000353s ]

[ 2019-12-20T08:59:13+08:00 ] ::1 /thinkphp3/index.php/Home/Index/teacher.html
INFO: [ app_init ] --START--
INFO: Run Behavior\BuildLiteBehavior [ RunTime:0.000010s ]
INFO: [ app_init ] --END-- [ RunTime:0.000301s ]
INFO: [ app_begin ] --START--
INFO: Run Behavior\ReadHtmlCacheBehavior [ RunTime:0.000323s ]
INFO: [ app_begin ] --END-- [ RunTime:0.000358s ]
SQL: SHOW COLUMNS FROM `teacher` [ RunTime:0.0067s ]
SQL: SELECT a.id,a.name FROM teacher a INNER JOIN class as b on a.id=b.teacher_id  WHERE ( b.id=3 )  [ RunTime:0.0003s ]

[ 2019-12-20T08:59:15+08:00 ] ::1 /thinkphp3/index.php/Home/Index/teacher.html
INFO: [ app_init ] --START--
INFO: Run Behavior\BuildLiteBehavior [ RunTime:0.000010s ]
INFO: [ app_init ] --END-- [ RunTime:0.000261s ]
INFO: [ app_begin ] --START--
INFO: Run Behavior\ReadHtmlCacheBehavior [ RunTime:0.000322s ]
INFO: [ app_begin ] --END-- [ RunTime:0.000356s ]
SQL: SHOW COLUMNS FROM `teacher` [ RunTime:0.0081s ]
SQL: SELECT a.id,a.name FROM teacher a INNER JOIN class as b on a.id=b.teacher_id  WHERE ( b.id=2 )  [ RunTime:0.0003s ]

[ 2019-12-20T08:59:16+08:00 ] ::1 /thinkphp3/index.php/Home/Index/teacher.html
INFO: [ app_init ] --START--
INFO: Run Behavior\BuildLiteBehavior [ RunTime:0.000010s ]
INFO: [ app_init ] --END-- [ RunTime:0.000271s ]
INFO: [ app_begin ] --START--
INFO: Run Behavior\ReadHtmlCacheBehavior [ RunTime:0.000326s ]
INFO: [ app_begin ] --END-- [ RunTime:0.000360s ]
SQL: SHOW COLUMNS FROM `teacher` [ RunTime:0.0081s ]
SQL: SELECT a.id,a.name FROM teacher a INNER JOIN class as b on a.id=b.teacher_id  WHERE ( b.id=1 )  [ RunTime:0.0002s ]

[ 2019-12-20T08:59:19+08:00 ] ::1 /thinkphp3/index.php/Home/Index/teacher.html
INFO: [ app_init ] --START--
INFO: Run Behavior\BuildLiteBehavior [ RunTime:0.000012s ]
INFO: [ app_init ] --END-- [ RunTime:0.000392s ]
INFO: [ app_begin ] --START--
INFO: Run Behavior\ReadHtmlCacheBehavior [ RunTime:0.000390s ]
INFO: [ app_begin ] --END-- [ RunTime:0.000431s ]
SQL: SHOW COLUMNS FROM `teacher` [ RunTime:0.0076s ]
SQL: SELECT a.id,a.name FROM teacher a INNER JOIN class as b on a.id=b.teacher_id  WHERE ( b.id=2 )  [ RunTime:0.0003s ]

[ 2019-12-20T08:59:20+08:00 ] ::1 /thinkphp3/index.php/Home/Index/teacher.html
INFO: [ app_init ] --START--
INFO: Run Behavior\BuildLiteBehavior [ RunTime:0.000029s ]
INFO: [ app_init ] --END-- [ RunTime:0.000511s ]
INFO: [ app_begin ] --START--
INFO: Run Behavior\ReadHtmlCacheBehavior [ RunTime:0.000643s ]
INFO: [ app_begin ] --END-- [ RunTime:0.000736s ]
SQL: SHOW COLUMNS FROM `teacher` [ RunTime:0.0076s ]
SQL: SELECT a.id,a.name FROM teacher a INNER JOIN class as b on a.id=b.teacher_id  WHERE ( b.id=3 )  [ RunTime:0.0002s ]

[ 2019-12-20T08:59:27+08:00 ] ::1 /thinkphp3/index.php/Home/Index/teacher.html
INFO: [ app_init ] --START--
INFO: Run Behavior\BuildLiteBehavior [ RunTime:0.000010s ]
INFO: [ app_init ] --END-- [ RunTime:0.000264s ]
INFO: [ app_begin ] --START--
INFO: Run Behavior\ReadHtmlCacheBehavior [ RunTime:0.000319s ]
INFO: [ app_begin ] --END-- [ RunTime:0.000353s ]
SQL: SHOW COLUMNS FROM `headmaster` [ RunTime:0.0076s ]
SQL: SELECT a.id,a.name FROM headmaster a INNER JOIN class as b on a.id=b.headmaster_id  WHERE ( b.id=3 )  [ RunTime:0.0002s ]

[ 2019-12-20T09:27:18+08:00 ] ::1 /thinkphp3/index.php/Home/Index/teacher.html
INFO: [ app_init ] --START--
INFO: Run Behavior\BuildLiteBehavior [ RunTime:0.000031s ]
INFO: [ app_init ] --END-- [ RunTime:0.000401s ]
INFO: [ app_begin ] --START--
INFO: Run Behavior\ReadHtmlCacheBehavior [ RunTime:0.000388s ]
INFO: [ app_begin ] --END-- [ RunTime:0.000441s ]
SQL: SHOW COLUMNS FROM `teacher` [ RunTime:0.0065s ]
SQL: SELECT a.id,a.name FROM teacher a INNER JOIN class as b on a.id=b.teacher_id  WHERE ( b.id=3 )  [ RunTime:0.0007s ]

[ 2019-12-20T09:27:19+08:00 ] ::1 /thinkphp3/index.php/Home/Topic/index.html?inves=1&class=3&teacher_id=1
INFO: [ app_init ] --START--
INFO: Run Behavior\BuildLiteBehavior [ RunTime:0.000011s ]
INFO: [ app_init ] --END-- [ RunTime:0.000322s ]
INFO: [ app_begin ] --START--
INFO: Run Behavior\ReadHtmlCacheBehavior [ RunTime:0.000339s ]
INFO: [ app_begin ] --END-- [ RunTime:0.000380s ]
SQL: SHOW COLUMNS FROM `class` [ RunTime:0.0071s ]
SQL: SELECT `id`,`name` FROM `class` WHERE ( id=3 ) LIMIT 1   [ RunTime:0.0002s ]
SQL: SHOW COLUMNS FROM `teacher` [ RunTime:0.0059s ]
SQL: SELECT `id`,`name` FROM `teacher` WHERE ( id=1 ) LIMIT 1   [ RunTime:0.0003s ]
SQL: SHOW COLUMNS FROM `teacher_topic` [ RunTime:0.0072s ]
SQL: SELECT `id`,`topic` FROM `teacher_topic`  [ RunTime:0.0003s ]
INFO: [ view_parse ] --START--
INFO: [ template_filter ] --START--
INFO: Run Behavior\ContentReplaceBehavior [ RunTime:0.000046s ]
INFO: [ template_filter ] --END-- [ RunTime:0.000088s ]
INFO: Run Behavior\ParseTemplateBehavior [ RunTime:0.005421s ]
INFO: [ view_parse ] --END-- [ RunTime:0.005465s ]
INFO: [ view_filter ] --START--
INFO: Run Behavior\WriteHtmlCacheBehavior [ RunTime:0.000375s ]
INFO: [ view_filter ] --END-- [ RunTime:0.000406s ]
INFO: [ app_end ] --START--
INFO: Run Behavior\ShowPageTraceBehavior [ RunTime:0.000366s ]
INFO: [ app_end ] --END-- [ RunTime:0.000395s ]

[ 2019-12-20T09:27:26+08:00 ] ::1 /thinkphp3/index.php/Home/Topic/summary/class_id/3/teacher_id/1.html
INFO: [ app_init ] --START--
INFO: Run Behavior\BuildLiteBehavior [ RunTime:0.000010s ]
INFO: [ app_init ] --END-- [ RunTime:0.000264s ]
INFO: [ app_begin ] --START--
INFO: Run Behavior\ReadHtmlCacheBehavior [ RunTime:0.000416s ]
INFO: [ app_begin ] --END-- [ RunTime:0.000471s ]
SQL: SHOW COLUMNS FROM `summary_idea` [ RunTime:0.0086s ]
SQL: INSERT INTO `summary_idea` (`class_id`,`teacher_id`,`idea`) VALUES ('3','1','发的是') [ RunTime:0.0003s ]
SQL: SHOW COLUMNS FROM `summary` [ RunTime:0.0069s ]
SQL: SELECT * FROM `summary` WHERE ( class_id=3 ) LIMIT 1   [ RunTime:0.0004s ]
SQL: INSERT INTO `summary` (`class_id`,`teacher_id`,`fraction`) VALUES ('3','1','110') [ RunTime:0.0005s ]
INFO: [ view_parse ] --START--
INFO: [ template_filter ] --START--
INFO: Run Behavior\ContentReplaceBehavior [ RunTime:0.000032s ]
INFO: [ template_filter ] --END-- [ RunTime:0.000068s ]
INFO: Run Behavior\ParseTemplateBehavior [ RunTime:0.055542s ]
INFO: [ view_parse ] --END-- [ RunTime:0.055586s ]
INFO: [ view_filter ] --START--
INFO: Run Behavior\WriteHtmlCacheBehavior [ RunTime:0.000347s ]
INFO: [ view_filter ] --END-- [ RunTime:0.000374s ]
INFO: [ app_end ] --START--
INFO: Run Behavior\ShowPageTraceBehavior [ RunTime:0.000309s ]
INFO: [ app_end ] --END-- [ RunTime:0.000338s ]

[ 2019-12-20T09:27:26+08:00 ] ::1 /thinkphp3/index.php/Home/Topic/summary/class_id/3/teacher_id/img/bg.jpg
INFO: [ app_init ] --START--
INFO: Run Behavior\BuildLiteBehavior [ RunTime:0.000062s ]
INFO: [ app_init ] --END-- [ RunTime:0.001152s ]

[ 2019-12-20T09:29:34+08:00 ] ::1 /thinkphp3/index.php/Home/Topic/summary/class_id/3/teacher_id/1.html
INFO: [ app_init ] --START--
INFO: Run Behavior\BuildLiteBehavior [ RunTime:0.000009s ]
INFO: [ app_init ] --END-- [ RunTime:0.000259s ]
INFO: [ app_begin ] --START--
INFO: Run Behavior\ReadHtmlCacheBehavior [ RunTime:0.000319s ]
INFO: [ app_begin ] --END-- [ RunTime:0.000359s ]
SQL: SHOW COLUMNS FROM `summary_idea` [ RunTime:0.0087s ]
SQL: INSERT INTO `summary_idea` (`class_id`,`teacher_id`,`idea`) VALUES ('3','1','发的是') [ RunTime:0.0003s ]
SQL: SHOW COLUMNS FROM `summary` [ RunTime:0.0058s ]
SQL: SELECT * FROM `summary` WHERE ( class_id=3 ) LIMIT 1   [ RunTime:0.0005s ]
SQL: update summary set number = number+1,fraction = fraction+110,avg = fraction/number 
                where class_id = 3 and teacher_id=1 [ RunTime:0.0950s ]
INFO: [ view_parse ] --START--
INFO: [ template_filter ] --START--
INFO: Run Behavior\ContentReplaceBehavior [ RunTime:0.000034s ]
INFO: [ template_filter ] --END-- [ RunTime:0.000070s ]
INFO: Run Behavior\ParseTemplateBehavior [ RunTime:0.004226s ]
INFO: [ view_parse ] --END-- [ RunTime:0.004265s ]
INFO: [ view_filter ] --START--
INFO: Run Behavior\WriteHtmlCacheBehavior [ RunTime:0.000349s ]
INFO: [ view_filter ] --END-- [ RunTime:0.000377s ]
INFO: [ app_end ] --START--
INFO: Run Behavior\ShowPageTraceBehavior [ RunTime:0.000328s ]
INFO: [ app_end ] --END-- [ RunTime:0.000359s ]

[ 2019-12-20T09:29:34+08:00 ] ::1 /thinkphp3/index.php/Home/Topic/summary/class_id/3/teacher_id/img/bg.jpg
INFO: [ app_init ] --START--
INFO: Run Behavior\BuildLiteBehavior [ RunTime:0.000010s ]
INFO: [ app_init ] --END-- [ RunTime:0.000268s ]

[ 2019-12-20T11:43:35+08:00 ] ::1 /thinkphp3/index.php/home/Index/index.html
INFO: [ app_init ] --START--
INFO: Run Behavior\BuildLiteBehavior [ RunTime:0.000012s ]
INFO: [ app_init ] --END-- [ RunTime:0.000356s ]
INFO: [ app_begin ] --START--
INFO: Run Behavior\ReadHtmlCacheBehavior [ RunTime:0.000333s ]
INFO: [ app_begin ] --END-- [ RunTime:0.000372s ]
SQL: SHOW COLUMNS FROM `inves` [ RunTime:0.0083s ]
SQL: SELECT `id`,`name` FROM `inves`  [ RunTime:0.0086s ]
SQL: SHOW COLUMNS FROM `class` [ RunTime:0.0239s ]
SQL: SELECT `id`,`name` FROM `class` GROUP BY name  [ RunTime:0.0006s ]
INFO: [ view_parse ] --START--
INFO: [ template_filter ] --START--
INFO: Run Behavior\ContentReplaceBehavior [ RunTime:0.000050s ]
INFO: [ template_filter ] --END-- [ RunTime:0.000089s ]
INFO: Run Behavior\ParseTemplateBehavior [ RunTime:0.017163s ]
INFO: [ view_parse ] --END-- [ RunTime:0.017204s ]
INFO: [ view_filter ] --START--
INFO: Run Behavior\WriteHtmlCacheBehavior [ RunTime:0.000407s ]
INFO: [ view_filter ] --END-- [ RunTime:0.000436s ]
INFO: [ app_end ] --START--
INFO: Run Behavior\ShowPageTraceBehavior [ RunTime:0.000697s ]
INFO: [ app_end ] --END-- [ RunTime:0.000731s ]

[ 2019-12-20T11:43:41+08:00 ] ::1 /thinkphp3/index.php/Home/Index/teacher.html
INFO: [ app_init ] --START--
INFO: Run Behavior\BuildLiteBehavior [ RunTime:0.000009s ]
INFO: [ app_init ] --END-- [ RunTime:0.000261s ]
INFO: [ app_begin ] --START--
INFO: Run Behavior\ReadHtmlCacheBehavior [ RunTime:0.000315s ]
INFO: [ app_begin ] --END-- [ RunTime:0.000351s ]
SQL: SHOW COLUMNS FROM `teacher` [ RunTime:0.0215s ]
SQL: SELECT a.id,a.name FROM teacher a INNER JOIN class as b on a.id=b.teacher_id  WHERE ( b.id=3 )  [ RunTime:0.0003s ]

[ 2019-12-20T11:43:42+08:00 ] ::1 /thinkphp3/index.php/Home/Topic/index.html?inves=1&class=3&teacher_id=1
INFO: [ app_init ] --START--
INFO: Run Behavior\BuildLiteBehavior [ RunTime:0.000023s ]
INFO: [ app_init ] --END-- [ RunTime:0.000303s ]
INFO: [ app_begin ] --START--
INFO: Run Behavior\ReadHtmlCacheBehavior [ RunTime:0.000357s ]
INFO: [ app_begin ] --END-- [ RunTime:0.000394s ]
SQL: SHOW COLUMNS FROM `class` [ RunTime:0.0067s ]
SQL: SELECT `id`,`name` FROM `class` WHERE ( id=3 ) LIMIT 1   [ RunTime:0.0002s ]
SQL: SHOW COLUMNS FROM `teacher` [ RunTime:0.0060s ]
SQL: SELECT `id`,`name` FROM `teacher` WHERE ( id=1 ) LIMIT 1   [ RunTime:0.0003s ]
SQL: SHOW COLUMNS FROM `teacher_topic` [ RunTime:0.0110s ]
SQL: SELECT `id`,`topic` FROM `teacher_topic`  [ RunTime:0.0003s ]
INFO: [ view_parse ] --START--
INFO: [ template_filter ] --START--
INFO: Run Behavior\ContentReplaceBehavior [ RunTime:0.000043s ]
INFO: [ template_filter ] --END-- [ RunTime:0.000081s ]
INFO: Run Behavior\ParseTemplateBehavior [ RunTime:0.010291s ]
INFO: [ view_parse ] --END-- [ RunTime:0.010348s ]
INFO: [ view_filter ] --START--
INFO: Run Behavior\WriteHtmlCacheBehavior [ RunTime:0.000414s ]
INFO: [ view_filter ] --END-- [ RunTime:0.000458s ]
INFO: [ app_end ] --START--
INFO: Run Behavior\ShowPageTraceBehavior [ RunTime:0.000345s ]
INFO: [ app_end ] --END-- [ RunTime:0.000374s ]

[ 2019-12-20T11:43:48+08:00 ] ::1 /thinkphp3/index.php/Home/Topic/summary/class_id/3/teacher_id/1.html
INFO: [ app_init ] --START--
INFO: Run Behavior\BuildLiteBehavior [ RunTime:0.000009s ]
INFO: [ app_init ] --END-- [ RunTime:0.000301s ]
INFO: [ app_begin ] --START--
INFO: Run Behavior\ReadHtmlCacheBehavior [ RunTime:0.000387s ]
INFO: [ app_begin ] --END-- [ RunTime:0.000426s ]
SQL: SHOW COLUMNS FROM `summary_idea` [ RunTime:0.0112s ]
SQL: INSERT INTO `summary_idea` (`class_id`,`teacher_id`,`idea`) VALUES ('3','1','分数') [ RunTime:0.0457s ]
SQL: SHOW COLUMNS FROM `summary` [ RunTime:0.0073s ]
SQL: SELECT * FROM `summary` WHERE ( class_id=3 ) LIMIT 1   [ RunTime:0.0003s ]
SQL: update summary set number = number+1,fraction = fraction+90,avg = fraction/number 
                where class_id = 3 and teacher_id=1 [ RunTime:0.0176s ]
INFO: [ view_parse ] --START--
INFO: [ template_filter ] --START--
INFO: Run Behavior\ContentReplaceBehavior [ RunTime:0.000034s ]
INFO: [ template_filter ] --END-- [ RunTime:0.000075s ]
INFO: Run Behavior\ParseTemplateBehavior [ RunTime:0.026900s ]
INFO: [ view_parse ] --END-- [ RunTime:0.026957s ]
INFO: [ view_filter ] --START--
INFO: Run Behavior\WriteHtmlCacheBehavior [ RunTime:0.000568s ]
INFO: [ view_filter ] --END-- [ RunTime:0.000597s ]
INFO: [ app_end ] --START--
INFO: Run Behavior\ShowPageTraceBehavior [ RunTime:0.000686s ]
INFO: [ app_end ] --END-- [ RunTime:0.000810s ]

[ 2019-12-20T11:43:48+08:00 ] ::1 /thinkphp3/index.php/Home/Topic/summary/class_id/3/teacher_id/img/bg.jpg
INFO: [ app_init ] --START--
INFO: Run Behavior\BuildLiteBehavior [ RunTime:0.000009s ]
INFO: [ app_init ] --END-- [ RunTime:0.000256s ]

[ 2019-12-20T16:03:35+08:00 ] ::1 /thinkphp3/index.php/Home
INFO: [ app_init ] --START--
INFO: Run Behavior\BuildLiteBehavior [ RunTime:0.000010s ]
INFO: [ app_init ] --END-- [ RunTime:0.000334s ]
INFO: [ app_begin ] --START--
INFO: Run Behavior\ReadHtmlCacheBehavior [ RunTime:0.000615s ]
INFO: [ app_begin ] --END-- [ RunTime:0.000665s ]
SQL: SHOW COLUMNS FROM `inves` [ RunTime:0.0082s ]
SQL: SELECT `id`,`name` FROM `inves`  [ RunTime:0.0003s ]
SQL: SHOW COLUMNS FROM `class` [ RunTime:0.0078s ]
SQL: SELECT `id`,`name` FROM `class` GROUP BY name  [ RunTime:0.0008s ]
INFO: [ view_parse ] --START--
INFO: [ template_filter ] --START--
INFO: Run Behavior\ContentReplaceBehavior [ RunTime:0.000051s ]
INFO: [ template_filter ] --END-- [ RunTime:0.000090s ]
INFO: Run Behavior\ParseTemplateBehavior [ RunTime:0.027789s ]
INFO: [ view_parse ] --END-- [ RunTime:0.027868s ]
INFO: [ view_filter ] --START--
INFO: Run Behavior\WriteHtmlCacheBehavior [ RunTime:0.000561s ]
INFO: [ view_filter ] --END-- [ RunTime:0.000615s ]
INFO: [ app_end ] --START--
INFO: Run Behavior\ShowPageTraceBehavior [ RunTime:0.001200s ]
INFO: [ app_end ] --END-- [ RunTime:0.001270s ]

[ 2019-12-20T16:03:39+08:00 ] ::1 /thinkphp3/index.php/Home/Index/teacher.html
INFO: [ app_init ] --START--
INFO: Run Behavior\BuildLiteBehavior [ RunTime:0.000010s ]
INFO: [ app_init ] --END-- [ RunTime:0.000262s ]
INFO: [ app_begin ] --START--
INFO: Run Behavior\ReadHtmlCacheBehavior [ RunTime:0.000315s ]
INFO: [ app_begin ] --END-- [ RunTime:0.000350s ]
SQL: SHOW COLUMNS FROM `teacher` [ RunTime:0.0087s ]
SQL: SELECT a.id,a.name FROM teacher a INNER JOIN class as b on a.id=b.teacher_id  WHERE ( b.id=3 )  [ RunTime:0.0003s ]

[ 2019-12-20T16:03:40+08:00 ] ::1 /thinkphp3/index.php/Home/Topic/index.html?inves=1&class=3&teacher_id=1
INFO: [ app_init ] --START--
INFO: Run Behavior\BuildLiteBehavior [ RunTime:0.000009s ]
INFO: [ app_init ] --END-- [ RunTime:0.000268s ]
INFO: [ app_begin ] --START--
INFO: Run Behavior\ReadHtmlCacheBehavior [ RunTime:0.000332s ]
INFO: [ app_begin ] --END-- [ RunTime:0.000372s ]
SQL: SHOW COLUMNS FROM `class` [ RunTime:0.0088s ]
SQL: SELECT `id`,`name` FROM `class` WHERE ( id=3 ) LIMIT 1   [ RunTime:0.0002s ]
SQL: SHOW COLUMNS FROM `teacher` [ RunTime:0.0076s ]
SQL: SELECT `id`,`name` FROM `teacher` WHERE ( id=1 ) LIMIT 1   [ RunTime:0.0002s ]
SQL: SHOW COLUMNS FROM `teacher_topic` [ RunTime:0.0059s ]
SQL: SELECT `id`,`topic` FROM `teacher_topic`  [ RunTime:0.0002s ]
INFO: [ view_parse ] --START--
INFO: [ template_filter ] --START--
INFO: Run Behavior\ContentReplaceBehavior [ RunTime:0.000074s ]
INFO: [ template_filter ] --END-- [ RunTime:0.000155s ]
INFO: Run Behavior\ParseTemplateBehavior [ RunTime:0.037526s ]
INFO: [ view_parse ] --END-- [ RunTime:0.037567s ]
INFO: [ view_filter ] --START--
INFO: Run Behavior\WriteHtmlCacheBehavior [ RunTime:0.000732s ]
INFO: [ view_filter ] --END-- [ RunTime:0.000764s ]
INFO: [ app_end ] --START--
INFO: Run Behavior\ShowPageTraceBehavior [ RunTime:0.000474s ]
INFO: [ app_end ] --END-- [ RunTime:0.000525s ]

[ 2019-12-20T16:03:49+08:00 ] ::1 /thinkphp3/index.php/Home/Topic/summary/class_id/3/teacher_id/1.html
INFO: [ app_init ] --START--
INFO: Run Behavior\BuildLiteBehavior [ RunTime:0.000011s ]
INFO: [ app_init ] --END-- [ RunTime:0.000335s ]
INFO: [ app_begin ] --START--
INFO: Run Behavior\ReadHtmlCacheBehavior [ RunTime:0.000490s ]
INFO: [ app_begin ] --END-- [ RunTime:0.000530s ]
SQL: SHOW COLUMNS FROM `summary_idea` [ RunTime:0.0077s ]
SQL: INSERT INTO `summary_idea` (`class_id`,`teacher_id`,`idea`,`create_time`) VALUES ('3','1','十点多','1576829029') [ RunTime:0.1071s ]
SQL: SHOW COLUMNS FROM `summary` [ RunTime:0.0077s ]
SQL: SELECT * FROM `summary` WHERE ( class_id=3 ) LIMIT 1   [ RunTime:0.0003s ]
SQL: update summary set number = number+1,fraction = fraction+170,avg = fraction/number 
                where class_id = 3 and teacher_id=1 [ RunTime:0.0020s ]
INFO: [ view_parse ] --START--
INFO: [ template_filter ] --START--
INFO: Run Behavior\ContentReplaceBehavior [ RunTime:0.000036s ]
INFO: [ template_filter ] --END-- [ RunTime:0.000078s ]
INFO: Run Behavior\ParseTemplateBehavior [ RunTime:0.024474s ]
INFO: [ view_parse ] --END-- [ RunTime:0.024515s ]
INFO: [ view_filter ] --START--
INFO: Run Behavior\WriteHtmlCacheBehavior [ RunTime:0.000396s ]
INFO: [ view_filter ] --END-- [ RunTime:0.000425s ]
INFO: [ app_end ] --START--
INFO: Run Behavior\ShowPageTraceBehavior [ RunTime:0.000441s ]
INFO: [ app_end ] --END-- [ RunTime:0.000472s ]

[ 2019-12-20T16:03:49+08:00 ] ::1 /thinkphp3/index.php/Home/Topic/summary/class_id/3/teacher_id/img/bg.jpg
INFO: [ app_init ] --START--
INFO: Run Behavior\BuildLiteBehavior [ RunTime:0.000065s ]
INFO: [ app_init ] --END-- [ RunTime:0.001061s ]

