[ 2020-01-06T23:32:26+08:00 ] ::1 /thinkphp3/index.php/Home/
INFO: [ app_init ] --START--
INFO: Run Behavior\BuildLiteBehavior [ RunTime:0.000010s ]
INFO: [ app_init ] --END-- [ RunTime:0.000823s ]
INFO: [ app_begin ] --START--
INFO: Run Behavior\ReadHtmlCacheBehavior [ RunTime:0.000554s ]
INFO: [ app_begin ] --END-- [ RunTime:0.000594s ]
SQL: SHOW COLUMNS FROM `inves` [ RunTime:0.0100s ]
SQL: SELECT `id`,`name` FROM `inves`  [ RunTime:0.0003s ]
SQL: SHOW COLUMNS FROM `class` [ RunTime:0.0215s ]
SQL: SELECT `id`,`name` FROM `class` GROUP BY name  [ RunTime:0.0004s ]
INFO: [ view_parse ] --START--
INFO: [ template_filter ] --START--
INFO: Run Behavior\ContentReplaceBehavior [ RunTime:0.000067s ]
INFO: [ template_filter ] --END-- [ RunTime:0.000121s ]
INFO: Run Behavior\ParseTemplateBehavior [ RunTime:0.008425s ]
INFO: [ view_parse ] --END-- [ RunTime:0.008477s ]
INFO: [ view_filter ] --START--
INFO: Run Behavior\WriteHtmlCacheBehavior [ RunTime:0.000371s ]
INFO: [ view_filter ] --END-- [ RunTime:0.000397s ]
INFO: [ app_end ] --START--
INFO: Run Behavior\ShowPageTraceBehavior [ RunTime:0.000519s ]
INFO: [ app_end ] --END-- [ RunTime:0.000549s ]

[ 2020-01-06T23:32:30+08:00 ] ::1 /thinkphp3/index.php/Home/Index/teacher.html
INFO: [ app_init ] --START--
INFO: Run Behavior\BuildLiteBehavior [ RunTime:0.000010s ]
INFO: [ app_init ] --END-- [ RunTime:0.000441s ]
INFO: [ app_begin ] --START--
INFO: Run Behavior\ReadHtmlCacheBehavior [ RunTime:0.000504s ]
INFO: [ app_begin ] --END-- [ RunTime:0.000540s ]
SQL: SHOW COLUMNS FROM `teacher` [ RunTime:0.0096s ]
SQL: SELECT a.id,a.name FROM teacher a INNER JOIN class as b on a.id=b.teacher_id  WHERE ( b.id=3 )  [ RunTime:0.0003s ]

[ 2020-01-06T23:32:31+08:00 ] ::1 /thinkphp3/index.php/Home/Topic/index.html?inves=1&class=3&teacher_id=1
INFO: [ app_init ] --START--
INFO: Run Behavior\BuildLiteBehavior [ RunTime:0.000023s ]
INFO: [ app_init ] --END-- [ RunTime:0.001000s ]
INFO: [ app_begin ] --START--
INFO: Run Behavior\ReadHtmlCacheBehavior [ RunTime:0.000571s ]
INFO: [ app_begin ] --END-- [ RunTime:0.000609s ]
SQL: SHOW COLUMNS FROM `inves` [ RunTime:0.0221s ]
SQL: SELECT `id`,`name` FROM `inves` WHERE ( id=1 ) LIMIT 1   [ RunTime:0.0004s ]
SQL: SHOW COLUMNS FROM `class` [ RunTime:0.0110s ]
SQL: SELECT `id`,`name` FROM `class` WHERE ( id=3 ) LIMIT 1   [ RunTime:0.0003s ]
SQL: SHOW COLUMNS FROM `teacher` [ RunTime:0.0240s ]
SQL: SELECT `id`,`name` FROM `teacher` WHERE ( id=1 ) LIMIT 1   [ RunTime:0.0003s ]
SQL: SHOW COLUMNS FROM `teacher_topic` [ RunTime:0.0121s ]
SQL: SELECT `id`,`topic` FROM `teacher_topic`  [ RunTime:0.0003s ]
INFO: [ view_parse ] --START--
INFO: [ template_filter ] --START--
INFO: Run Behavior\ContentReplaceBehavior [ RunTime:0.000058s ]
INFO: [ template_filter ] --END-- [ RunTime:0.000111s ]
NOTIC: [2] Illegal string offset 'id' E:\phpstudy\PHPTutorial\WWW\thinkphp3\Application\Runtime\Cache\Home\1093f07c77d6e1e3d6a1d26a6fc8fc7f.php 第 29 行.
NOTIC: [2] Illegal string offset 'id' E:\phpstudy\PHPTutorial\WWW\thinkphp3\Application\Runtime\Cache\Home\1093f07c77d6e1e3d6a1d26a6fc8fc7f.php 第 31 行.
NOTIC: [2] Illegal string offset 'id' E:\phpstudy\PHPTutorial\WWW\thinkphp3\Application\Runtime\Cache\Home\1093f07c77d6e1e3d6a1d26a6fc8fc7f.php 第 34 行.
NOTIC: [2] Illegal string offset 'id' E:\phpstudy\PHPTutorial\WWW\thinkphp3\Application\Runtime\Cache\Home\1093f07c77d6e1e3d6a1d26a6fc8fc7f.php 第 48 行.
NOTIC: [2] Illegal string offset 'id' E:\phpstudy\PHPTutorial\WWW\thinkphp3\Application\Runtime\Cache\Home\1093f07c77d6e1e3d6a1d26a6fc8fc7f.php 第 31 行.
NOTIC: [2] Illegal string offset 'id' E:\phpstudy\PHPTutorial\WWW\thinkphp3\Application\Runtime\Cache\Home\1093f07c77d6e1e3d6a1d26a6fc8fc7f.php 第 34 行.
NOTIC: [2] Illegal string offset 'id' E:\phpstudy\PHPTutorial\WWW\thinkphp3\Application\Runtime\Cache\Home\1093f07c77d6e1e3d6a1d26a6fc8fc7f.php 第 48 行.
NOTIC: [2] Illegal string offset 'id' E:\phpstudy\PHPTutorial\WWW\thinkphp3\Application\Runtime\Cache\Home\1093f07c77d6e1e3d6a1d26a6fc8fc7f.php 第 31 行.
NOTIC: [2] Illegal string offset 'id' E:\phpstudy\PHPTutorial\WWW\thinkphp3\Application\Runtime\Cache\Home\1093f07c77d6e1e3d6a1d26a6fc8fc7f.php 第 34 行.
NOTIC: [2] Illegal string offset 'id' E:\phpstudy\PHPTutorial\WWW\thinkphp3\Application\Runtime\Cache\Home\1093f07c77d6e1e3d6a1d26a6fc8fc7f.php 第 48 行.
NOTIC: [2] Illegal string offset 'id' E:\phpstudy\PHPTutorial\WWW\thinkphp3\Application\Runtime\Cache\Home\1093f07c77d6e1e3d6a1d26a6fc8fc7f.php 第 31 行.
NOTIC: [2] Illegal string offset 'id' E:\phpstudy\PHPTutorial\WWW\thinkphp3\Application\Runtime\Cache\Home\1093f07c77d6e1e3d6a1d26a6fc8fc7f.php 第 34 行.
NOTIC: [2] Illegal string offset 'id' E:\phpstudy\PHPTutorial\WWW\thinkphp3\Application\Runtime\Cache\Home\1093f07c77d6e1e3d6a1d26a6fc8fc7f.php 第 48 行.
NOTIC: [2] Illegal string offset 'id' E:\phpstudy\PHPTutorial\WWW\thinkphp3\Application\Runtime\Cache\Home\1093f07c77d6e1e3d6a1d26a6fc8fc7f.php 第 31 行.
NOTIC: [2] Illegal string offset 'id' E:\phpstudy\PHPTutorial\WWW\thinkphp3\Application\Runtime\Cache\Home\1093f07c77d6e1e3d6a1d26a6fc8fc7f.php 第 34 行.
NOTIC: [2] Illegal string offset 'id' E:\phpstudy\PHPTutorial\WWW\thinkphp3\Application\Runtime\Cache\Home\1093f07c77d6e1e3d6a1d26a6fc8fc7f.php 第 48 行.
NOTIC: [2] Illegal string offset 'id' E:\phpstudy\PHPTutorial\WWW\thinkphp3\Application\Runtime\Cache\Home\1093f07c77d6e1e3d6a1d26a6fc8fc7f.php 第 53 行.
INFO: Run Behavior\ParseTemplateBehavior [ RunTime:0.021844s ]
INFO: [ view_parse ] --END-- [ RunTime:0.021951s ]
INFO: [ view_filter ] --START--
INFO: Run Behavior\WriteHtmlCacheBehavior [ RunTime:0.000880s ]
INFO: [ view_filter ] --END-- [ RunTime:0.000961s ]
INFO: [ app_end ] --START--
INFO: Run Behavior\ShowPageTraceBehavior [ RunTime:0.000622s ]
INFO: [ app_end ] --END-- [ RunTime:0.000673s ]

[ 2020-01-06T23:32:39+08:00 ] ::1 /thinkphp3/index.php/Home/Index/teacher.html
INFO: [ app_init ] --START--
INFO: Run Behavior\BuildLiteBehavior [ RunTime:0.000009s ]
INFO: [ app_init ] --END-- [ RunTime:0.000439s ]
INFO: [ app_begin ] --START--
INFO: Run Behavior\ReadHtmlCacheBehavior [ RunTime:0.000888s ]
INFO: [ app_begin ] --END-- [ RunTime:0.000934s ]
SQL: SHOW COLUMNS FROM `headmaster` [ RunTime:0.0131s ]
SQL: SELECT a.id,a.name FROM headmaster a INNER JOIN class as b on a.id=b.headmaster_id  WHERE ( b.id=3 )  [ RunTime:0.0003s ]

[ 2020-01-06T23:32:40+08:00 ] ::1 /thinkphp3/index.php/Home/Topic/index.html?inves=2&class=3&teacher_id=3
INFO: [ app_init ] --START--
INFO: Run Behavior\BuildLiteBehavior [ RunTime:0.000028s ]
INFO: [ app_init ] --END-- [ RunTime:0.000983s ]
INFO: [ app_begin ] --START--
INFO: Run Behavior\ReadHtmlCacheBehavior [ RunTime:0.000517s ]
INFO: [ app_begin ] --END-- [ RunTime:0.000555s ]
SQL: SHOW COLUMNS FROM `inves` [ RunTime:0.0120s ]
SQL: SELECT `id`,`name` FROM `inves` WHERE ( id=2 ) LIMIT 1   [ RunTime:0.0002s ]
SQL: SHOW COLUMNS FROM `class` [ RunTime:0.0119s ]
SQL: SELECT `id`,`name` FROM `class` WHERE ( id=3 ) LIMIT 1   [ RunTime:0.0003s ]
SQL: SHOW COLUMNS FROM `teacher` [ RunTime:0.0168s ]
SQL: SELECT `id`,`name` FROM `teacher` WHERE ( id=3 ) LIMIT 1   [ RunTime:0.0003s ]
SQL: SHOW COLUMNS FROM `dept_topic` [ RunTime:0.0161s ]
ERR: 1054:Unknown column 'a.s_id' in 'on clause'
 [ SQL语句 ] : SELECT a.id,a.topic,s.name as s_name,s.id as f_id FROM dept_topic a INNER JOIN sort as s on a.s_id=s.id  
ERR: 1054:Unknown column 'a.s_id' in 'on clause'
 [ SQL语句 ] : SELECT a.id,a.topic,s.name as s_name,s.id as f_id FROM dept_topic a INNER JOIN sort as s on a.s_id=s.id  

[ 2020-01-06T23:32:50+08:00 ] ::1 /thinkphp3/index.php/Home/Index/teacher.html
INFO: [ app_init ] --START--
INFO: Run Behavior\BuildLiteBehavior [ RunTime:0.000009s ]
INFO: [ app_init ] --END-- [ RunTime:0.000450s ]
INFO: [ app_begin ] --START--
INFO: Run Behavior\ReadHtmlCacheBehavior [ RunTime:0.000659s ]
INFO: [ app_begin ] --END-- [ RunTime:0.000701s ]
SQL: SHOW COLUMNS FROM `headmaster` [ RunTime:0.0221s ]
SQL: SELECT a.id,a.name FROM headmaster a INNER JOIN class as b on a.id=b.headmaster_id  WHERE ( b.id=1 )  [ RunTime:0.0003s ]

[ 2020-01-06T23:32:51+08:00 ] ::1 /thinkphp3/index.php/Home/Topic/index.html?inves=2&class=1&teacher_id=1
INFO: [ app_init ] --START--
INFO: Run Behavior\BuildLiteBehavior [ RunTime:0.000010s ]
INFO: [ app_init ] --END-- [ RunTime:0.000687s ]
INFO: [ app_begin ] --START--
INFO: Run Behavior\ReadHtmlCacheBehavior [ RunTime:0.000531s ]
INFO: [ app_begin ] --END-- [ RunTime:0.000571s ]
SQL: SHOW COLUMNS FROM `inves` [ RunTime:0.0113s ]
SQL: SELECT `id`,`name` FROM `inves` WHERE ( id=2 ) LIMIT 1   [ RunTime:0.0002s ]
SQL: SHOW COLUMNS FROM `class` [ RunTime:0.0208s ]
SQL: SELECT `id`,`name` FROM `class` WHERE ( id=1 ) LIMIT 1   [ RunTime:0.0003s ]
SQL: SHOW COLUMNS FROM `teacher` [ RunTime:0.0099s ]
SQL: SELECT `id`,`name` FROM `teacher` WHERE ( id=1 ) LIMIT 1   [ RunTime:0.0002s ]
SQL: SHOW COLUMNS FROM `dept_topic` [ RunTime:0.0306s ]
ERR: 1054:Unknown column 'a.s_id' in 'on clause'
 [ SQL语句 ] : SELECT a.id,a.topic,s.name as s_name,s.id as f_id FROM dept_topic a INNER JOIN sort as s on a.s_id=s.id  
ERR: 1054:Unknown column 'a.s_id' in 'on clause'
 [ SQL语句 ] : SELECT a.id,a.topic,s.name as s_name,s.id as f_id FROM dept_topic a INNER JOIN sort as s on a.s_id=s.id  

[ 2020-01-06T23:34:20+08:00 ] ::1 /thinkphp3/index.php/Home/Topic/index.html?inves=2&class=1&teacher_id=1
INFO: [ app_init ] --START--
INFO: Run Behavior\BuildLiteBehavior [ RunTime:0.000009s ]
INFO: [ app_init ] --END-- [ RunTime:0.000575s ]
INFO: [ app_begin ] --START--
INFO: Run Behavior\ReadHtmlCacheBehavior [ RunTime:0.000755s ]
INFO: [ app_begin ] --END-- [ RunTime:0.000796s ]
SQL: SHOW COLUMNS FROM `inves` [ RunTime:0.0129s ]
SQL: SELECT `id`,`name` FROM `inves` WHERE ( id=2 ) LIMIT 1   [ RunTime:0.0003s ]
SQL: SHOW COLUMNS FROM `class` [ RunTime:0.0099s ]
SQL: SELECT `id`,`name` FROM `class` WHERE ( id=1 ) LIMIT 1   [ RunTime:0.0002s ]
SQL: SHOW COLUMNS FROM `teacher` [ RunTime:0.0209s ]
SQL: SELECT `id`,`name` FROM `teacher` WHERE ( id=1 ) LIMIT 1   [ RunTime:0.0003s ]
SQL: SHOW COLUMNS FROM `dept_topic` [ RunTime:0.0105s ]
ERR: 1054:Unknown column 's.name' in 'field list'
 [ SQL语句 ] : SELECT a.id,a.topic,s.name as s_name,s.id as f_id FROM dept_topic a INNER JOIN sort as r on a.r_id=s.id  
ERR: 1054:Unknown column 's.name' in 'field list'
 [ SQL语句 ] : SELECT a.id,a.topic,s.name as s_name,s.id as f_id FROM dept_topic a INNER JOIN sort as r on a.r_id=s.id  

[ 2020-01-06T23:34:23+08:00 ] ::1 /thinkphp3/index.php/Home/Topic/index.html?inves=2&class=1&teacher_id=1
INFO: [ app_init ] --START--
INFO: Run Behavior\BuildLiteBehavior [ RunTime:0.000009s ]
INFO: [ app_init ] --END-- [ RunTime:0.000437s ]
INFO: [ app_begin ] --START--
INFO: Run Behavior\ReadHtmlCacheBehavior [ RunTime:0.000504s ]
INFO: [ app_begin ] --END-- [ RunTime:0.000541s ]
SQL: SHOW COLUMNS FROM `inves` [ RunTime:0.0212s ]
SQL: SELECT `id`,`name` FROM `inves` WHERE ( id=2 ) LIMIT 1   [ RunTime:0.0004s ]
SQL: SHOW COLUMNS FROM `class` [ RunTime:0.0110s ]
SQL: SELECT `id`,`name` FROM `class` WHERE ( id=1 ) LIMIT 1   [ RunTime:0.0002s ]
SQL: SHOW COLUMNS FROM `teacher` [ RunTime:0.0176s ]
SQL: SELECT `id`,`name` FROM `teacher` WHERE ( id=1 ) LIMIT 1   [ RunTime:0.0003s ]
SQL: SHOW COLUMNS FROM `dept_topic` [ RunTime:0.0110s ]
ERR: 1054:Unknown column 's.name' in 'field list'
 [ SQL语句 ] : SELECT a.id,a.topic,s.name as s_name,s.id as f_id FROM dept_topic a INNER JOIN sort as r on a.r_id=s.id  
ERR: 1054:Unknown column 's.name' in 'field list'
 [ SQL语句 ] : SELECT a.id,a.topic,s.name as s_name,s.id as f_id FROM dept_topic a INNER JOIN sort as r on a.r_id=s.id  

[ 2020-01-06T23:34:48+08:00 ] ::1 /thinkphp3/index.php/Home/Topic/index.html?inves=2&class=1&teacher_id=1
INFO: [ app_init ] --START--
INFO: Run Behavior\BuildLiteBehavior [ RunTime:0.000009s ]
INFO: [ app_init ] --END-- [ RunTime:0.000439s ]
INFO: [ app_begin ] --START--
INFO: Run Behavior\ReadHtmlCacheBehavior [ RunTime:0.000522s ]
INFO: [ app_begin ] --END-- [ RunTime:0.000562s ]
SQL: SHOW COLUMNS FROM `inves` [ RunTime:0.0190s ]
SQL: SELECT `id`,`name` FROM `inves` WHERE ( id=2 ) LIMIT 1   [ RunTime:0.0002s ]
SQL: SHOW COLUMNS FROM `class` [ RunTime:0.0107s ]
SQL: SELECT `id`,`name` FROM `class` WHERE ( id=1 ) LIMIT 1   [ RunTime:0.0002s ]
SQL: SHOW COLUMNS FROM `teacher` [ RunTime:0.0187s ]
SQL: SELECT `id`,`name` FROM `teacher` WHERE ( id=1 ) LIMIT 1   [ RunTime:0.0003s ]
SQL: SHOW COLUMNS FROM `dept_topic` [ RunTime:0.0097s ]
ERR: 1054:Unknown column 'a.s_id' in 'on clause'
 [ SQL语句 ] : SELECT a.id,a.topic,s.name as s_name,s.id as f_id FROM dept_topic a INNER JOIN sort as s on a.s_id=s.id  
ERR: 1054:Unknown column 'a.s_id' in 'on clause'
 [ SQL语句 ] : SELECT a.id,a.topic,s.name as s_name,s.id as f_id FROM dept_topic a INNER JOIN sort as s on a.s_id=s.id  

[ 2020-01-06T23:34:50+08:00 ] ::1 /thinkphp3/index.php/Home/Topic/index.html?inves=2&class=1&teacher_id=1
INFO: [ app_init ] --START--
INFO: Run Behavior\BuildLiteBehavior [ RunTime:0.000010s ]
INFO: [ app_init ] --END-- [ RunTime:0.000774s ]
INFO: [ app_begin ] --START--
INFO: Run Behavior\ReadHtmlCacheBehavior [ RunTime:0.000491s ]
INFO: [ app_begin ] --END-- [ RunTime:0.000528s ]
SQL: SHOW COLUMNS FROM `inves` [ RunTime:0.0146s ]
SQL: SELECT `id`,`name` FROM `inves` WHERE ( id=2 ) LIMIT 1   [ RunTime:0.0003s ]
SQL: SHOW COLUMNS FROM `class` [ RunTime:0.0107s ]
SQL: SELECT `id`,`name` FROM `class` WHERE ( id=1 ) LIMIT 1   [ RunTime:0.0003s ]
SQL: SHOW COLUMNS FROM `teacher` [ RunTime:0.0210s ]
SQL: SELECT `id`,`name` FROM `teacher` WHERE ( id=1 ) LIMIT 1   [ RunTime:0.0003s ]
SQL: SHOW COLUMNS FROM `dept_topic` [ RunTime:0.0106s ]
ERR: 1054:Unknown column 'a.s_id' in 'on clause'
 [ SQL语句 ] : SELECT a.id,a.topic,s.name as s_name,s.id as f_id FROM dept_topic a INNER JOIN sort as s on a.s_id=s.id  
ERR: 1054:Unknown column 'a.s_id' in 'on clause'
 [ SQL语句 ] : SELECT a.id,a.topic,s.name as s_name,s.id as f_id FROM dept_topic a INNER JOIN sort as s on a.s_id=s.id  

[ 2020-01-06T23:35:14+08:00 ] ::1 /thinkphp3/index.php/Home/Topic/index.html?inves=2&class=1&teacher_id=1
INFO: [ app_init ] --START--
INFO: Run Behavior\BuildLiteBehavior [ RunTime:0.000010s ]
INFO: [ app_init ] --END-- [ RunTime:0.000816s ]
INFO: [ app_begin ] --START--
INFO: Run Behavior\ReadHtmlCacheBehavior [ RunTime:0.000759s ]
INFO: [ app_begin ] --END-- [ RunTime:0.000799s ]
SQL: SHOW COLUMNS FROM `inves` [ RunTime:0.0214s ]
SQL: SELECT `id`,`name` FROM `inves` WHERE ( id=2 ) LIMIT 1   [ RunTime:0.0002s ]
SQL: SHOW COLUMNS FROM `class` [ RunTime:0.0210s ]
SQL: SELECT `id`,`name` FROM `class` WHERE ( id=1 ) LIMIT 1   [ RunTime:0.0003s ]
SQL: SHOW COLUMNS FROM `teacher` [ RunTime:0.0105s ]
SQL: SELECT `id`,`name` FROM `teacher` WHERE ( id=1 ) LIMIT 1   [ RunTime:0.0002s ]
SQL: SHOW COLUMNS FROM `dept_topic` [ RunTime:0.0104s ]
ERR: 1054:Unknown column 'a.s_id' in 'on clause'
 [ SQL语句 ] : SELECT a.id,a.topic,r.name as s_name,r.id as f_id FROM dept_topic a INNER JOIN sort as r on a.s_id=r.id  
ERR: 1054:Unknown column 'a.s_id' in 'on clause'
 [ SQL语句 ] : SELECT a.id,a.topic,r.name as s_name,r.id as f_id FROM dept_topic a INNER JOIN sort as r on a.s_id=r.id  

[ 2020-01-06T23:35:16+08:00 ] ::1 /thinkphp3/index.php/Home/Topic/index.html?inves=2&class=1&teacher_id=1
INFO: [ app_init ] --START--
INFO: Run Behavior\BuildLiteBehavior [ RunTime:0.000009s ]
INFO: [ app_init ] --END-- [ RunTime:0.000441s ]
INFO: [ app_begin ] --START--
INFO: Run Behavior\ReadHtmlCacheBehavior [ RunTime:0.000507s ]
INFO: [ app_begin ] --END-- [ RunTime:0.000545s ]
SQL: SHOW COLUMNS FROM `inves` [ RunTime:0.0211s ]
SQL: SELECT `id`,`name` FROM `inves` WHERE ( id=2 ) LIMIT 1   [ RunTime:0.0004s ]
SQL: SHOW COLUMNS FROM `class` [ RunTime:0.0110s ]
SQL: SELECT `id`,`name` FROM `class` WHERE ( id=1 ) LIMIT 1   [ RunTime:0.0003s ]
SQL: SHOW COLUMNS FROM `teacher` [ RunTime:0.0189s ]
SQL: SELECT `id`,`name` FROM `teacher` WHERE ( id=1 ) LIMIT 1   [ RunTime:0.0002s ]
SQL: SHOW COLUMNS FROM `dept_topic` [ RunTime:0.0110s ]
ERR: 1054:Unknown column 'a.s_id' in 'on clause'
 [ SQL语句 ] : SELECT a.id,a.topic,r.name as s_name,r.id as f_id FROM dept_topic a INNER JOIN sort as r on a.s_id=r.id  
ERR: 1054:Unknown column 'a.s_id' in 'on clause'
 [ SQL语句 ] : SELECT a.id,a.topic,r.name as s_name,r.id as f_id FROM dept_topic a INNER JOIN sort as r on a.s_id=r.id  

[ 2020-01-06T23:35:17+08:00 ] ::1 /thinkphp3/index.php/Home/Topic/index.html?inves=2&class=1&teacher_id=1
INFO: [ app_init ] --START--
INFO: Run Behavior\BuildLiteBehavior [ RunTime:0.000010s ]
INFO: [ app_init ] --END-- [ RunTime:0.000718s ]
INFO: [ app_begin ] --START--
INFO: Run Behavior\ReadHtmlCacheBehavior [ RunTime:0.000537s ]
INFO: [ app_begin ] --END-- [ RunTime:0.000575s ]
SQL: SHOW COLUMNS FROM `inves` [ RunTime:0.0264s ]
SQL: SELECT `id`,`name` FROM `inves` WHERE ( id=2 ) LIMIT 1   [ RunTime:0.0003s ]
SQL: SHOW COLUMNS FROM `class` [ RunTime:0.0102s ]
SQL: SELECT `id`,`name` FROM `class` WHERE ( id=1 ) LIMIT 1   [ RunTime:0.0002s ]
SQL: SHOW COLUMNS FROM `teacher` [ RunTime:0.0108s ]
SQL: SELECT `id`,`name` FROM `teacher` WHERE ( id=1 ) LIMIT 1   [ RunTime:0.0002s ]
SQL: SHOW COLUMNS FROM `dept_topic` [ RunTime:0.0179s ]
ERR: 1054:Unknown column 'a.s_id' in 'on clause'
 [ SQL语句 ] : SELECT a.id,a.topic,r.name as s_name,r.id as f_id FROM dept_topic a INNER JOIN sort as r on a.s_id=r.id  
ERR: 1054:Unknown column 'a.s_id' in 'on clause'
 [ SQL语句 ] : SELECT a.id,a.topic,r.name as s_name,r.id as f_id FROM dept_topic a INNER JOIN sort as r on a.s_id=r.id  

[ 2020-01-06T23:35:19+08:00 ] ::1 /thinkphp3/index.php/Home/Topic/index.html?inves=2&class=1&teacher_id=1
INFO: [ app_init ] --START--
INFO: Run Behavior\BuildLiteBehavior [ RunTime:0.000009s ]
INFO: [ app_init ] --END-- [ RunTime:0.000456s ]
INFO: [ app_begin ] --START--
INFO: Run Behavior\ReadHtmlCacheBehavior [ RunTime:0.000518s ]
INFO: [ app_begin ] --END-- [ RunTime:0.000556s ]
SQL: SHOW COLUMNS FROM `inves` [ RunTime:0.0099s ]
SQL: SELECT `id`,`name` FROM `inves` WHERE ( id=2 ) LIMIT 1   [ RunTime:0.0002s ]
SQL: SHOW COLUMNS FROM `class` [ RunTime:0.0167s ]
SQL: SELECT `id`,`name` FROM `class` WHERE ( id=1 ) LIMIT 1   [ RunTime:0.0002s ]
SQL: SHOW COLUMNS FROM `teacher` [ RunTime:0.0189s ]
SQL: SELECT `id`,`name` FROM `teacher` WHERE ( id=1 ) LIMIT 1   [ RunTime:0.0003s ]
SQL: SHOW COLUMNS FROM `dept_topic` [ RunTime:0.0092s ]
ERR: 1054:Unknown column 'a.s_id' in 'on clause'
 [ SQL语句 ] : SELECT a.id,a.topic,r.name as s_name,r.id as f_id FROM dept_topic a INNER JOIN sort as r on a.s_id=r.id  
ERR: 1054:Unknown column 'a.s_id' in 'on clause'
 [ SQL语句 ] : SELECT a.id,a.topic,r.name as s_name,r.id as f_id FROM dept_topic a INNER JOIN sort as r on a.s_id=r.id  

[ 2020-01-06T23:35:20+08:00 ] ::1 /thinkphp3/index.php/Home/Topic/index.html?inves=2&class=1&teacher_id=1
INFO: [ app_init ] --START--
INFO: Run Behavior\BuildLiteBehavior [ RunTime:0.000029s ]
INFO: [ app_init ] --END-- [ RunTime:0.001196s ]
INFO: [ app_begin ] --START--
INFO: Run Behavior\ReadHtmlCacheBehavior [ RunTime:0.000512s ]
INFO: [ app_begin ] --END-- [ RunTime:0.000551s ]
SQL: SHOW COLUMNS FROM `inves` [ RunTime:0.0259s ]
SQL: SELECT `id`,`name` FROM `inves` WHERE ( id=2 ) LIMIT 1   [ RunTime:0.0003s ]
SQL: SHOW COLUMNS FROM `class` [ RunTime:0.0099s ]
SQL: SELECT `id`,`name` FROM `class` WHERE ( id=1 ) LIMIT 1   [ RunTime:0.0002s ]
SQL: SHOW COLUMNS FROM `teacher` [ RunTime:0.0117s ]
SQL: SELECT `id`,`name` FROM `teacher` WHERE ( id=1 ) LIMIT 1   [ RunTime:0.0003s ]
SQL: SHOW COLUMNS FROM `dept_topic` [ RunTime:0.0105s ]
ERR: 1054:Unknown column 'a.s_id' in 'on clause'
 [ SQL语句 ] : SELECT a.id,a.topic,r.name as s_name,r.id as f_id FROM dept_topic a INNER JOIN sort as r on a.s_id=r.id  
ERR: 1054:Unknown column 'a.s_id' in 'on clause'
 [ SQL语句 ] : SELECT a.id,a.topic,r.name as s_name,r.id as f_id FROM dept_topic a INNER JOIN sort as r on a.s_id=r.id  

[ 2020-01-06T23:35:22+08:00 ] ::1 /thinkphp3/index.php/Home/Topic/index.html?inves=2&class=1&teacher_id=1
INFO: [ app_init ] --START--
INFO: Run Behavior\BuildLiteBehavior [ RunTime:0.000009s ]
INFO: [ app_init ] --END-- [ RunTime:0.000441s ]
INFO: [ app_begin ] --START--
INFO: Run Behavior\ReadHtmlCacheBehavior [ RunTime:0.000512s ]
INFO: [ app_begin ] --END-- [ RunTime:0.000550s ]
SQL: SHOW COLUMNS FROM `inves` [ RunTime:0.0113s ]
SQL: SELECT `id`,`name` FROM `inves` WHERE ( id=2 ) LIMIT 1   [ RunTime:0.0003s ]
SQL: SHOW COLUMNS FROM `class` [ RunTime:0.0095s ]
SQL: SELECT `id`,`name` FROM `class` WHERE ( id=1 ) LIMIT 1   [ RunTime:0.0003s ]
SQL: SHOW COLUMNS FROM `teacher` [ RunTime:0.0103s ]
SQL: SELECT `id`,`name` FROM `teacher` WHERE ( id=1 ) LIMIT 1   [ RunTime:0.0002s ]
SQL: SHOW COLUMNS FROM `dept_topic` [ RunTime:0.0109s ]
ERR: 1054:Unknown column 'a.s_id' in 'on clause'
 [ SQL语句 ] : SELECT a.id,a.topic,r.name as s_name,r.id as f_id FROM dept_topic a INNER JOIN sort as r on a.s_id=r.id  
ERR: 1054:Unknown column 'a.s_id' in 'on clause'
 [ SQL语句 ] : SELECT a.id,a.topic,r.name as s_name,r.id as f_id FROM dept_topic a INNER JOIN sort as r on a.s_id=r.id  

[ 2020-01-06T23:36:04+08:00 ] ::1 /thinkphp3/index.php/Home/Topic/index.html?inves=2&class=1&teacher_id=1
INFO: [ app_init ] --START--
INFO: Run Behavior\BuildLiteBehavior [ RunTime:0.000022s ]
INFO: [ app_init ] --END-- [ RunTime:0.000501s ]
INFO: [ app_begin ] --START--
INFO: Run Behavior\ReadHtmlCacheBehavior [ RunTime:0.000505s ]
INFO: [ app_begin ] --END-- [ RunTime:0.000541s ]
SQL: SHOW COLUMNS FROM `inves` [ RunTime:0.0226s ]
SQL: SELECT `id`,`name` FROM `inves` WHERE ( id=2 ) LIMIT 1   [ RunTime:0.0004s ]
SQL: SHOW COLUMNS FROM `class` [ RunTime:0.0090s ]
SQL: SELECT `id`,`name` FROM `class` WHERE ( id=1 ) LIMIT 1   [ RunTime:0.0005s ]
SQL: SHOW COLUMNS FROM `teacher` [ RunTime:0.0132s ]
SQL: SELECT `id`,`name` FROM `teacher` WHERE ( id=1 ) LIMIT 1   [ RunTime:0.0003s ]
SQL: SHOW COLUMNS FROM `dept_topic` [ RunTime:0.0175s ]
ERR: 1054:Unknown column 'a.s_id' in 'on clause'
 [ SQL语句 ] : SELECT a.id,a.topic,s.name as s_name,s.id as f_id FROM dept_topic a INNER JOIN sort as s on a.s_id=s.id  
ERR: 1054:Unknown column 'a.s_id' in 'on clause'
 [ SQL语句 ] : SELECT a.id,a.topic,s.name as s_name,s.id as f_id FROM dept_topic a INNER JOIN sort as s on a.s_id=s.id  

[ 2020-01-06T23:36:52+08:00 ] ::1 /thinkphp3/index.php/Home/Topic/index.html?inves=2&class=1&teacher_id=1
INFO: [ app_init ] --START--
INFO: Run Behavior\BuildLiteBehavior [ RunTime:0.000010s ]
INFO: [ app_init ] --END-- [ RunTime:0.000502s ]
INFO: [ app_begin ] --START--
INFO: Run Behavior\ReadHtmlCacheBehavior [ RunTime:0.000575s ]
INFO: [ app_begin ] --END-- [ RunTime:0.000613s ]
SQL: SHOW COLUMNS FROM `inves` [ RunTime:0.0112s ]
SQL: SELECT `id`,`name` FROM `inves` WHERE ( id=2 ) LIMIT 1   [ RunTime:0.0003s ]
SQL: SHOW COLUMNS FROM `class` [ RunTime:0.0098s ]
SQL: SELECT `id`,`name` FROM `class` WHERE ( id=1 ) LIMIT 1   [ RunTime:0.0003s ]
SQL: SHOW COLUMNS FROM `teacher` [ RunTime:0.0252s ]
SQL: SELECT `id`,`name` FROM `teacher` WHERE ( id=1 ) LIMIT 1   [ RunTime:0.0003s ]
SQL: SHOW COLUMNS FROM `dept_topic` [ RunTime:0.0104s ]
ERR: 1054:Unknown column 'a.s_id' in 'on clause'
 [ SQL语句 ] : SELECT a.id,a.topic,s.name as s_name,s.id as f_id FROM dept_topic a INNER JOIN sort as s on a.s_id=s.id  
ERR: 1054:Unknown column 'a.s_id' in 'on clause'
 [ SQL语句 ] : SELECT a.id,a.topic,s.name as s_name,s.id as f_id FROM dept_topic a INNER JOIN sort as s on a.s_id=s.id  

[ 2020-01-06T23:36:53+08:00 ] ::1 /thinkphp3/index.php/Home/Topic/index.html?inves=2&class=1&teacher_id=1
INFO: [ app_init ] --START--
INFO: Run Behavior\BuildLiteBehavior [ RunTime:0.000013s ]
INFO: [ app_init ] --END-- [ RunTime:0.000445s ]
INFO: [ app_begin ] --START--
INFO: Run Behavior\ReadHtmlCacheBehavior [ RunTime:0.000636s ]
INFO: [ app_begin ] --END-- [ RunTime:0.000704s ]
SQL: SHOW COLUMNS FROM `inves` [ RunTime:0.0244s ]
SQL: SELECT `id`,`name` FROM `inves` WHERE ( id=2 ) LIMIT 1   [ RunTime:0.0003s ]
SQL: SHOW COLUMNS FROM `class` [ RunTime:0.0098s ]
SQL: SELECT `id`,`name` FROM `class` WHERE ( id=1 ) LIMIT 1   [ RunTime:0.0003s ]
SQL: SHOW COLUMNS FROM `teacher` [ RunTime:0.0092s ]
SQL: SELECT `id`,`name` FROM `teacher` WHERE ( id=1 ) LIMIT 1   [ RunTime:0.0002s ]
SQL: SHOW COLUMNS FROM `dept_topic` [ RunTime:0.0097s ]
ERR: 1054:Unknown column 'a.s_id' in 'on clause'
 [ SQL语句 ] : SELECT a.id,a.topic,s.name as s_name,s.id as f_id FROM dept_topic a INNER JOIN sort as s on a.s_id=s.id  
ERR: 1054:Unknown column 'a.s_id' in 'on clause'
 [ SQL语句 ] : SELECT a.id,a.topic,s.name as s_name,s.id as f_id FROM dept_topic a INNER JOIN sort as s on a.s_id=s.id  

[ 2020-01-06T23:41:19+08:00 ] ::1 /thinkphp3/index.php/Home/Topic/index.html?inves=2&class=1&teacher_id=1
INFO: [ app_init ] --START--
INFO: Run Behavior\BuildLiteBehavior [ RunTime:0.000034s ]
INFO: [ app_init ] --END-- [ RunTime:0.000968s ]
INFO: [ app_begin ] --START--
INFO: Run Behavior\ReadHtmlCacheBehavior [ RunTime:0.000812s ]
INFO: [ app_begin ] --END-- [ RunTime:0.000853s ]
SQL: SHOW COLUMNS FROM `inves` [ RunTime:0.0217s ]
SQL: SELECT `id`,`name` FROM `inves` WHERE ( id=2 ) LIMIT 1   [ RunTime:0.0002s ]
SQL: SHOW COLUMNS FROM `class` [ RunTime:0.0178s ]
SQL: SELECT `id`,`name` FROM `class` WHERE ( id=1 ) LIMIT 1   [ RunTime:0.0003s ]
SQL: SHOW COLUMNS FROM `teacher` [ RunTime:0.0098s ]
SQL: SELECT `id`,`name` FROM `teacher` WHERE ( id=1 ) LIMIT 1   [ RunTime:0.0003s ]
SQL: SHOW COLUMNS FROM `dept_topic` [ RunTime:0.0199s ]
SQL: SELECT a.id,a.topic,s.name as s_name,s.id as f_id FROM dept_topic a INNER JOIN sort as s on a.s_id=s.id   [ RunTime:0.0003s ]
INFO: [ view_parse ] --START--
INFO: [ template_filter ] --START--
INFO: Run Behavior\ContentReplaceBehavior [ RunTime:0.000133s ]
INFO: [ template_filter ] --END-- [ RunTime:0.000176s ]
NOTIC: [2] Illegal string offset 'id' E:\phpstudy\PHPTutorial\WWW\thinkphp3\Application\Runtime\Cache\Home\1093f07c77d6e1e3d6a1d26a6fc8fc7f.php 第 29 行.
NOTIC: [2] Illegal string offset 'id' E:\phpstudy\PHPTutorial\WWW\thinkphp3\Application\Runtime\Cache\Home\1093f07c77d6e1e3d6a1d26a6fc8fc7f.php 第 53 行.
INFO: Run Behavior\ParseTemplateBehavior [ RunTime:0.009693s ]
INFO: [ view_parse ] --END-- [ RunTime:0.009731s ]
INFO: [ view_filter ] --START--
INFO: Run Behavior\WriteHtmlCacheBehavior [ RunTime:0.000716s ]
INFO: [ view_filter ] --END-- [ RunTime:0.000744s ]
INFO: [ app_end ] --START--
INFO: Run Behavior\ShowPageTraceBehavior [ RunTime:0.000696s ]
INFO: [ app_end ] --END-- [ RunTime:0.000724s ]

[ 2020-01-06T23:41:57+08:00 ] ::1 /thinkphp3/index.php/Home/Topic/index.html?inves=2&class=1&teacher_id=1
INFO: [ app_init ] --START--
INFO: Run Behavior\BuildLiteBehavior [ RunTime:0.000010s ]
INFO: [ app_init ] --END-- [ RunTime:0.000551s ]
INFO: [ app_begin ] --START--
INFO: Run Behavior\ReadHtmlCacheBehavior [ RunTime:0.000771s ]
INFO: [ app_begin ] --END-- [ RunTime:0.000846s ]
SQL: SHOW COLUMNS FROM `inves` [ RunTime:0.0127s ]
SQL: SELECT `id`,`name` FROM `inves` WHERE ( id=2 ) LIMIT 1   [ RunTime:0.0004s ]
SQL: SHOW COLUMNS FROM `class` [ RunTime:0.0181s ]
SQL: SELECT `id`,`name` FROM `class` WHERE ( id=1 ) LIMIT 1   [ RunTime:0.0003s ]
SQL: SHOW COLUMNS FROM `teacher` [ RunTime:0.0098s ]
SQL: SELECT `id`,`name` FROM `teacher` WHERE ( id=1 ) LIMIT 1   [ RunTime:0.0002s ]
SQL: SHOW COLUMNS FROM `dept_topic` [ RunTime:0.0197s ]
SQL: SELECT a.id,a.topic,s.name as s_name,s.id as f_id FROM dept_topic a INNER JOIN sort as s on a.s_id=s.id   [ RunTime:0.0003s ]
INFO: [ view_parse ] --START--
INFO: [ template_filter ] --START--
INFO: Run Behavior\ContentReplaceBehavior [ RunTime:0.000050s ]
INFO: [ template_filter ] --END-- [ RunTime:0.000092s ]
NOTIC: [2] Illegal string offset 'id' E:\phpstudy\PHPTutorial\WWW\thinkphp3\Application\Runtime\Cache\Home\1093f07c77d6e1e3d6a1d26a6fc8fc7f.php 第 29 行.
NOTIC: [2] Illegal string offset 'id' E:\phpstudy\PHPTutorial\WWW\thinkphp3\Application\Runtime\Cache\Home\1093f07c77d6e1e3d6a1d26a6fc8fc7f.php 第 53 行.
INFO: Run Behavior\ParseTemplateBehavior [ RunTime:0.009622s ]
INFO: [ view_parse ] --END-- [ RunTime:0.009672s ]
INFO: [ view_filter ] --START--
INFO: Run Behavior\WriteHtmlCacheBehavior [ RunTime:0.000709s ]
INFO: [ view_filter ] --END-- [ RunTime:0.000739s ]
INFO: [ app_end ] --START--
INFO: Run Behavior\ShowPageTraceBehavior [ RunTime:0.000682s ]
INFO: [ app_end ] --END-- [ RunTime:0.000711s ]

[ 2020-01-06T23:41:59+08:00 ] ::1 /thinkphp3/index.php/Home/Topic/index.html?inves=2&class=1&teacher_id=1
INFO: [ app_init ] --START--
INFO: Run Behavior\BuildLiteBehavior [ RunTime:0.000013s ]
INFO: [ app_init ] --END-- [ RunTime:0.000454s ]
INFO: [ app_begin ] --START--
INFO: Run Behavior\ReadHtmlCacheBehavior [ RunTime:0.000604s ]
INFO: [ app_begin ] --END-- [ RunTime:0.000715s ]
SQL: SHOW COLUMNS FROM `inves` [ RunTime:0.0131s ]
SQL: SELECT `id`,`name` FROM `inves` WHERE ( id=2 ) LIMIT 1   [ RunTime:0.0003s ]
SQL: SHOW COLUMNS FROM `class` [ RunTime:0.0106s ]
SQL: SELECT `id`,`name` FROM `class` WHERE ( id=1 ) LIMIT 1   [ RunTime:0.0002s ]
SQL: SHOW COLUMNS FROM `teacher` [ RunTime:0.0195s ]
SQL: SELECT `id`,`name` FROM `teacher` WHERE ( id=1 ) LIMIT 1   [ RunTime:0.0003s ]
SQL: SHOW COLUMNS FROM `dept_topic` [ RunTime:0.0101s ]
SQL: SELECT a.id,a.topic,s.name as s_name,s.id as f_id FROM dept_topic a INNER JOIN sort as s on a.s_id=s.id   [ RunTime:0.0003s ]
INFO: [ view_parse ] --START--
INFO: [ template_filter ] --START--
INFO: Run Behavior\ContentReplaceBehavior [ RunTime:0.000051s ]
INFO: [ template_filter ] --END-- [ RunTime:0.000092s ]
NOTIC: [2] Illegal string offset 'id' E:\phpstudy\PHPTutorial\WWW\thinkphp3\Application\Runtime\Cache\Home\1093f07c77d6e1e3d6a1d26a6fc8fc7f.php 第 29 行.
NOTIC: [2] Illegal string offset 'id' E:\phpstudy\PHPTutorial\WWW\thinkphp3\Application\Runtime\Cache\Home\1093f07c77d6e1e3d6a1d26a6fc8fc7f.php 第 53 行.
INFO: Run Behavior\ParseTemplateBehavior [ RunTime:0.007838s ]
INFO: [ view_parse ] --END-- [ RunTime:0.007875s ]
INFO: [ view_filter ] --START--
INFO: Run Behavior\WriteHtmlCacheBehavior [ RunTime:0.000703s ]
INFO: [ view_filter ] --END-- [ RunTime:0.000735s ]
INFO: [ app_end ] --START--
INFO: Run Behavior\ShowPageTraceBehavior [ RunTime:0.000653s ]
INFO: [ app_end ] --END-- [ RunTime:0.000683s ]

[ 2020-01-06T23:42:10+08:00 ] ::1 /thinkphp3/index.php/Home/Index/teacher.html
INFO: [ app_init ] --START--
INFO: Run Behavior\BuildLiteBehavior [ RunTime:0.000009s ]
INFO: [ app_init ] --END-- [ RunTime:0.000450s ]
INFO: [ app_begin ] --START--
INFO: Run Behavior\ReadHtmlCacheBehavior [ RunTime:0.000515s ]
INFO: [ app_begin ] --END-- [ RunTime:0.000551s ]
SQL: SHOW COLUMNS FROM `headmaster` [ RunTime:0.0179s ]
SQL: SELECT a.id,a.name FROM headmaster a INNER JOIN class as b on a.id=b.headmaster_id  WHERE ( b.id=3 )  [ RunTime:0.0008s ]

[ 2020-01-06T23:42:11+08:00 ] ::1 /thinkphp3/index.php/Home/Topic/index.html?inves=2&class=3&teacher_id=3
INFO: [ app_init ] --START--
INFO: Run Behavior\BuildLiteBehavior [ RunTime:0.000009s ]
INFO: [ app_init ] --END-- [ RunTime:0.000524s ]
INFO: [ app_begin ] --START--
INFO: Run Behavior\ReadHtmlCacheBehavior [ RunTime:0.000506s ]
INFO: [ app_begin ] --END-- [ RunTime:0.000543s ]
SQL: SHOW COLUMNS FROM `inves` [ RunTime:0.0307s ]
SQL: SELECT `id`,`name` FROM `inves` WHERE ( id=2 ) LIMIT 1   [ RunTime:0.0003s ]
SQL: SHOW COLUMNS FROM `class` [ RunTime:0.0096s ]
SQL: SELECT `id`,`name` FROM `class` WHERE ( id=3 ) LIMIT 1   [ RunTime:0.0008s ]
SQL: SHOW COLUMNS FROM `teacher` [ RunTime:0.0106s ]
SQL: SELECT `id`,`name` FROM `teacher` WHERE ( id=3 ) LIMIT 1   [ RunTime:0.0002s ]
SQL: SHOW COLUMNS FROM `dept_topic` [ RunTime:0.0263s ]
SQL: SELECT a.id,a.topic,s.name as s_name,s.id as f_id FROM dept_topic a INNER JOIN sort as s on a.s_id=s.id   [ RunTime:0.0003s ]
INFO: [ view_parse ] --START--
INFO: [ template_filter ] --START--
INFO: Run Behavior\ContentReplaceBehavior [ RunTime:0.000053s ]
INFO: [ template_filter ] --END-- [ RunTime:0.000095s ]
NOTIC: [2] Illegal string offset 'id' E:\phpstudy\PHPTutorial\WWW\thinkphp3\Application\Runtime\Cache\Home\1093f07c77d6e1e3d6a1d26a6fc8fc7f.php 第 29 行.
NOTIC: [2] Illegal string offset 'id' E:\phpstudy\PHPTutorial\WWW\thinkphp3\Application\Runtime\Cache\Home\1093f07c77d6e1e3d6a1d26a6fc8fc7f.php 第 53 行.
INFO: Run Behavior\ParseTemplateBehavior [ RunTime:0.008768s ]
INFO: [ view_parse ] --END-- [ RunTime:0.008811s ]
INFO: [ view_filter ] --START--
INFO: Run Behavior\WriteHtmlCacheBehavior [ RunTime:0.001171s ]
INFO: [ view_filter ] --END-- [ RunTime:0.001228s ]
INFO: [ app_end ] --START--
INFO: Run Behavior\ShowPageTraceBehavior [ RunTime:0.001624s ]
INFO: [ app_end ] --END-- [ RunTime:0.001686s ]

[ 2020-01-06T23:42:13+08:00 ] ::1 /thinkphp3/index.php/Home/Topic/index.html?inves=2&class=3&teacher_id=3
INFO: [ app_init ] --START--
INFO: Run Behavior\BuildLiteBehavior [ RunTime:0.000009s ]
INFO: [ app_init ] --END-- [ RunTime:0.000455s ]
INFO: [ app_begin ] --START--
INFO: Run Behavior\ReadHtmlCacheBehavior [ RunTime:0.000543s ]
INFO: [ app_begin ] --END-- [ RunTime:0.000583s ]
SQL: SHOW COLUMNS FROM `inves` [ RunTime:0.0223s ]
SQL: SELECT `id`,`name` FROM `inves` WHERE ( id=2 ) LIMIT 1   [ RunTime:0.0002s ]
SQL: SHOW COLUMNS FROM `class` [ RunTime:0.0093s ]
SQL: SELECT `id`,`name` FROM `class` WHERE ( id=3 ) LIMIT 1   [ RunTime:0.0002s ]
SQL: SHOW COLUMNS FROM `teacher` [ RunTime:0.0174s ]
SQL: SELECT `id`,`name` FROM `teacher` WHERE ( id=3 ) LIMIT 1   [ RunTime:0.0003s ]
SQL: SHOW COLUMNS FROM `dept_topic` [ RunTime:0.0187s ]
SQL: SELECT a.id,a.topic,s.name as s_name,s.id as f_id FROM dept_topic a INNER JOIN sort as s on a.s_id=s.id   [ RunTime:0.0003s ]
INFO: [ view_parse ] --START--
INFO: [ template_filter ] --START--
INFO: Run Behavior\ContentReplaceBehavior [ RunTime:0.000050s ]
INFO: [ template_filter ] --END-- [ RunTime:0.000086s ]
NOTIC: [2] Illegal string offset 'id' E:\phpstudy\PHPTutorial\WWW\thinkphp3\Application\Runtime\Cache\Home\1093f07c77d6e1e3d6a1d26a6fc8fc7f.php 第 29 行.
NOTIC: [2] Illegal string offset 'id' E:\phpstudy\PHPTutorial\WWW\thinkphp3\Application\Runtime\Cache\Home\1093f07c77d6e1e3d6a1d26a6fc8fc7f.php 第 53 行.
INFO: Run Behavior\ParseTemplateBehavior [ RunTime:0.007640s ]
INFO: [ view_parse ] --END-- [ RunTime:0.007674s ]
INFO: [ view_filter ] --START--
INFO: Run Behavior\WriteHtmlCacheBehavior [ RunTime:0.000643s ]
INFO: [ view_filter ] --END-- [ RunTime:0.000671s ]
INFO: [ app_end ] --START--
INFO: Run Behavior\ShowPageTraceBehavior [ RunTime:0.000515s ]
INFO: [ app_end ] --END-- [ RunTime:0.000543s ]

[ 2020-01-06T23:42:43+08:00 ] ::1 /thinkphp3/index.php/Home/Topic/index.html?inves=2&class=3&teacher_id=3
INFO: [ app_init ] --START--
INFO: Run Behavior\BuildLiteBehavior [ RunTime:0.000009s ]
INFO: [ app_init ] --END-- [ RunTime:0.000431s ]
INFO: [ app_begin ] --START--
INFO: Run Behavior\ReadHtmlCacheBehavior [ RunTime:0.001390s ]
INFO: [ app_begin ] --END-- [ RunTime:0.001468s ]
SQL: SHOW COLUMNS FROM `inves` [ RunTime:0.0228s ]
SQL: SELECT `id`,`name` FROM `inves` WHERE ( id=2 ) LIMIT 1   [ RunTime:0.0003s ]
SQL: SHOW COLUMNS FROM `class` [ RunTime:0.0095s ]
SQL: SELECT `id`,`name` FROM `class` WHERE ( id=3 ) LIMIT 1   [ RunTime:0.0002s ]
SQL: SHOW COLUMNS FROM `teacher` [ RunTime:0.0172s ]
SQL: SELECT `id`,`name` FROM `teacher` WHERE ( id=3 ) LIMIT 1   [ RunTime:0.0002s ]
SQL: SHOW COLUMNS FROM `dept_topic` [ RunTime:0.0092s ]
SQL: SELECT a.id,a.topic,s.name as s_name,s.id as f_id FROM dept_topic a INNER JOIN sort as s on a.s_id=s.id   [ RunTime:0.0003s ]
INFO: [ view_parse ] --START--
INFO: [ template_filter ] --START--
INFO: Run Behavior\ContentReplaceBehavior [ RunTime:0.000051s ]
INFO: [ template_filter ] --END-- [ RunTime:0.000093s ]
NOTIC: [2] Illegal string offset 'id' E:\phpstudy\PHPTutorial\WWW\thinkphp3\Application\Runtime\Cache\Home\1093f07c77d6e1e3d6a1d26a6fc8fc7f.php 第 29 行.
NOTIC: [2] Illegal string offset 'id' E:\phpstudy\PHPTutorial\WWW\thinkphp3\Application\Runtime\Cache\Home\1093f07c77d6e1e3d6a1d26a6fc8fc7f.php 第 31 行.
NOTIC: [2] Illegal string offset 'id' E:\phpstudy\PHPTutorial\WWW\thinkphp3\Application\Runtime\Cache\Home\1093f07c77d6e1e3d6a1d26a6fc8fc7f.php 第 34 行.
NOTIC: [2] Illegal string offset 'id' E:\phpstudy\PHPTutorial\WWW\thinkphp3\Application\Runtime\Cache\Home\1093f07c77d6e1e3d6a1d26a6fc8fc7f.php 第 41 行.
NOTIC: [8] Undefined index: sort_id E:\phpstudy\PHPTutorial\WWW\thinkphp3\Application\Runtime\Cache\Home\1093f07c77d6e1e3d6a1d26a6fc8fc7f.php 第 44 行.
NOTIC: [2] Illegal string offset 'id' E:\phpstudy\PHPTutorial\WWW\thinkphp3\Application\Runtime\Cache\Home\1093f07c77d6e1e3d6a1d26a6fc8fc7f.php 第 41 行.
NOTIC: [8] Undefined index: sort_id E:\phpstudy\PHPTutorial\WWW\thinkphp3\Application\Runtime\Cache\Home\1093f07c77d6e1e3d6a1d26a6fc8fc7f.php 第 44 行.
NOTIC: [2] Illegal string offset 'id' E:\phpstudy\PHPTutorial\WWW\thinkphp3\Application\Runtime\Cache\Home\1093f07c77d6e1e3d6a1d26a6fc8fc7f.php 第 48 行.
NOTIC: [2] Illegal string offset 'id' E:\phpstudy\PHPTutorial\WWW\thinkphp3\Application\Runtime\Cache\Home\1093f07c77d6e1e3d6a1d26a6fc8fc7f.php 第 53 行.
INFO: Run Behavior\ParseTemplateBehavior [ RunTime:0.008292s ]
INFO: [ view_parse ] --END-- [ RunTime:0.008329s ]
INFO: [ view_filter ] --START--
INFO: Run Behavior\WriteHtmlCacheBehavior [ RunTime:0.000768s ]
INFO: [ view_filter ] --END-- [ RunTime:0.000804s ]
INFO: [ app_end ] --START--
INFO: Run Behavior\ShowPageTraceBehavior [ RunTime:0.000601s ]
INFO: [ app_end ] --END-- [ RunTime:0.000637s ]

[ 2020-01-06T23:42:58+08:00 ] ::1 /thinkphp3/index.php/Home/Topic/index.html?inves=2&class=3&teacher_id=3
INFO: [ app_init ] --START--
INFO: Run Behavior\BuildLiteBehavior [ RunTime:0.000009s ]
INFO: [ app_init ] --END-- [ RunTime:0.000457s ]
INFO: [ app_begin ] --START--
INFO: Run Behavior\ReadHtmlCacheBehavior [ RunTime:0.000535s ]
INFO: [ app_begin ] --END-- [ RunTime:0.000574s ]
SQL: SHOW COLUMNS FROM `inves` [ RunTime:0.0258s ]
SQL: SELECT `id`,`name` FROM `inves` WHERE ( id=2 ) LIMIT 1   [ RunTime:0.0002s ]
SQL: SHOW COLUMNS FROM `class` [ RunTime:0.0106s ]
SQL: SELECT `id`,`name` FROM `class` WHERE ( id=3 ) LIMIT 1   [ RunTime:0.0002s ]
SQL: SHOW COLUMNS FROM `teacher` [ RunTime:0.0184s ]
SQL: SELECT `id`,`name` FROM `teacher` WHERE ( id=3 ) LIMIT 1   [ RunTime:0.0003s ]
SQL: SHOW COLUMNS FROM `dept_topic` [ RunTime:0.0100s ]
SQL: SELECT a.id,a.topic,s.name as s_name,s.id as f_id FROM dept_topic a INNER JOIN sort as s on a.s_id=s.id   [ RunTime:0.0003s ]
INFO: [ view_parse ] --START--
INFO: [ template_filter ] --START--
INFO: Run Behavior\ContentReplaceBehavior [ RunTime:0.000052s ]
INFO: [ template_filter ] --END-- [ RunTime:0.000095s ]
NOTIC: [2] Illegal string offset 'id' E:\phpstudy\PHPTutorial\WWW\thinkphp3\Application\Runtime\Cache\Home\1093f07c77d6e1e3d6a1d26a6fc8fc7f.php 第 29 行.
NOTIC: [2] Illegal string offset 'id' E:\phpstudy\PHPTutorial\WWW\thinkphp3\Application\Runtime\Cache\Home\1093f07c77d6e1e3d6a1d26a6fc8fc7f.php 第 31 行.
NOTIC: [2] Illegal string offset 'id' E:\phpstudy\PHPTutorial\WWW\thinkphp3\Application\Runtime\Cache\Home\1093f07c77d6e1e3d6a1d26a6fc8fc7f.php 第 34 行.
NOTIC: [2] Illegal string offset 'id' E:\phpstudy\PHPTutorial\WWW\thinkphp3\Application\Runtime\Cache\Home\1093f07c77d6e1e3d6a1d26a6fc8fc7f.php 第 41 行.
NOTIC: [8] Undefined index: sort_id E:\phpstudy\PHPTutorial\WWW\thinkphp3\Application\Runtime\Cache\Home\1093f07c77d6e1e3d6a1d26a6fc8fc7f.php 第 44 行.
NOTIC: [2] Illegal string offset 'id' E:\phpstudy\PHPTutorial\WWW\thinkphp3\Application\Runtime\Cache\Home\1093f07c77d6e1e3d6a1d26a6fc8fc7f.php 第 41 行.
NOTIC: [8] Undefined index: sort_id E:\phpstudy\PHPTutorial\WWW\thinkphp3\Application\Runtime\Cache\Home\1093f07c77d6e1e3d6a1d26a6fc8fc7f.php 第 44 行.
NOTIC: [2] Illegal string offset 'id' E:\phpstudy\PHPTutorial\WWW\thinkphp3\Application\Runtime\Cache\Home\1093f07c77d6e1e3d6a1d26a6fc8fc7f.php 第 48 行.
NOTIC: [2] Illegal string offset 'id' E:\phpstudy\PHPTutorial\WWW\thinkphp3\Application\Runtime\Cache\Home\1093f07c77d6e1e3d6a1d26a6fc8fc7f.php 第 31 行.
NOTIC: [2] Illegal string offset 'id' E:\phpstudy\PHPTutorial\WWW\thinkphp3\Application\Runtime\Cache\Home\1093f07c77d6e1e3d6a1d26a6fc8fc7f.php 第 34 行.
NOTIC: [2] Illegal string offset 'id' E:\phpstudy\PHPTutorial\WWW\thinkphp3\Application\Runtime\Cache\Home\1093f07c77d6e1e3d6a1d26a6fc8fc7f.php 第 41 行.
NOTIC: [8] Undefined index: sort_id E:\phpstudy\PHPTutorial\WWW\thinkphp3\Application\Runtime\Cache\Home\1093f07c77d6e1e3d6a1d26a6fc8fc7f.php 第 44 行.
NOTIC: [2] Illegal string offset 'id' E:\phpstudy\PHPTutorial\WWW\thinkphp3\Application\Runtime\Cache\Home\1093f07c77d6e1e3d6a1d26a6fc8fc7f.php 第 48 行.
NOTIC: [2] Illegal string offset 'id' E:\phpstudy\PHPTutorial\WWW\thinkphp3\Application\Runtime\Cache\Home\1093f07c77d6e1e3d6a1d26a6fc8fc7f.php 第 53 行.
INFO: Run Behavior\ParseTemplateBehavior [ RunTime:0.008751s ]
INFO: [ view_parse ] --END-- [ RunTime:0.008788s ]
INFO: [ view_filter ] --START--
INFO: Run Behavior\WriteHtmlCacheBehavior [ RunTime:0.000743s ]
INFO: [ view_filter ] --END-- [ RunTime:0.000773s ]
INFO: [ app_end ] --START--
INFO: Run Behavior\ShowPageTraceBehavior [ RunTime:0.000754s ]
INFO: [ app_end ] --END-- [ RunTime:0.000795s ]

