[ 2020-01-09T12:40:34+08:00 ] ::1 /thinkphp3/index.php/Home/
INFO: [ app_init ] --START--
INFO: Run Behavior\BuildLiteBehavior [ RunTime:0.000011s ]
INFO: [ app_init ] --END-- [ RunTime:0.000353s ]
INFO: [ app_begin ] --START--
INFO: Run Behavior\ReadHtmlCacheBehavior [ RunTime:0.000421s ]
INFO: [ app_begin ] --END-- [ RunTime:0.000467s ]
SQL: SHOW COLUMNS FROM `inves` [ RunTime:0.0049s ]
SQL: SELECT `id`,`name` FROM `inves`  [ RunTime:0.0002s ]
SQL: SHOW COLUMNS FROM `class` [ RunTime:0.0035s ]
SQL: SELECT `id`,`name` FROM `class` GROUP BY name  [ RunTime:0.0005s ]
INFO: [ view_parse ] --START--
INFO: [ template_filter ] --START--
INFO: Run Behavior\ContentReplaceBehavior [ RunTime:0.000050s ]
INFO: [ template_filter ] --END-- [ RunTime:0.000090s ]
INFO: Run Behavior\ParseTemplateBehavior [ RunTime:0.008854s ]
INFO: [ view_parse ] --END-- [ RunTime:0.008913s ]
INFO: [ view_filter ] --START--
INFO: Run Behavior\WriteHtmlCacheBehavior [ RunTime:0.000573s ]
INFO: [ view_filter ] --END-- [ RunTime:0.000603s ]
INFO: [ app_end ] --START--
INFO: Run Behavior\ShowPageTraceBehavior [ RunTime:0.000779s ]
INFO: [ app_end ] --END-- [ RunTime:0.000812s ]

[ 2020-01-09T12:40:41+08:00 ] ::1 /thinkphp3/index.php/Home/Index/teacher.html
INFO: [ app_init ] --START--
INFO: Run Behavior\BuildLiteBehavior [ RunTime:0.000015s ]
INFO: [ app_init ] --END-- [ RunTime:0.000860s ]
INFO: [ app_begin ] --START--
INFO: Run Behavior\ReadHtmlCacheBehavior [ RunTime:0.000986s ]
INFO: [ app_begin ] --END-- [ RunTime:0.001029s ]
SQL: SHOW COLUMNS FROM `teacher` [ RunTime:0.0043s ]
SQL: SELECT a.id,a.name FROM teacher a INNER JOIN class as b on a.id=b.teacher_id  WHERE ( b.id=4 )  [ RunTime:0.0003s ]

[ 2020-01-09T12:40:42+08:00 ] ::1 /thinkphp3/index.php/Home/Topic/index.html?inves=1&class=4&teacher_id=3
INFO: [ app_init ] --START--
INFO: Run Behavior\BuildLiteBehavior [ RunTime:0.000012s ]
INFO: [ app_init ] --END-- [ RunTime:0.000525s ]
INFO: [ app_begin ] --START--
INFO: Run Behavior\ReadHtmlCacheBehavior [ RunTime:0.000826s ]
INFO: [ app_begin ] --END-- [ RunTime:0.000894s ]
SQL: SHOW COLUMNS FROM `inves` [ RunTime:0.0050s ]
SQL: SELECT `id`,`name` FROM `inves` WHERE ( id=1 ) LIMIT 1   [ RunTime:0.0006s ]
SQL: SHOW COLUMNS FROM `class` [ RunTime:0.0048s ]
SQL: SELECT `id`,`name` FROM `class` WHERE ( id=4 ) LIMIT 1   [ RunTime:0.0002s ]
SQL: SHOW COLUMNS FROM `teacher` [ RunTime:0.0034s ]
SQL: SELECT `id`,`name` FROM `teacher` WHERE ( id=3 ) LIMIT 1   [ RunTime:0.0002s ]
SQL: SHOW COLUMNS FROM `teacher_topic` [ RunTime:0.0046s ]
SQL: SELECT `id`,`topic` FROM `teacher_topic`  [ RunTime:0.0005s ]
INFO: [ view_parse ] --START--
INFO: [ template_filter ] --START--
INFO: Run Behavior\ContentReplaceBehavior [ RunTime:0.000047s ]
INFO: [ template_filter ] --END-- [ RunTime:0.000084s ]
NOTIC: [2] Illegal string offset 'id' E:\phpstudy\PHPTutorial\WWW\thinkphp3\Application\Runtime\Cache\Home\1093f07c77d6e1e3d6a1d26a6fc8fc7f.php 第 29 行.
NOTIC: [2] Illegal string offset 'id' E:\phpstudy\PHPTutorial\WWW\thinkphp3\Application\Runtime\Cache\Home\1093f07c77d6e1e3d6a1d26a6fc8fc7f.php 第 31 行.
NOTIC: [2] Illegal string offset 'id' E:\phpstudy\PHPTutorial\WWW\thinkphp3\Application\Runtime\Cache\Home\1093f07c77d6e1e3d6a1d26a6fc8fc7f.php 第 34 行.
NOTIC: [2] Illegal string offset 'id' E:\phpstudy\PHPTutorial\WWW\thinkphp3\Application\Runtime\Cache\Home\1093f07c77d6e1e3d6a1d26a6fc8fc7f.php 第 49 行.
NOTIC: [2] Illegal string offset 'id' E:\phpstudy\PHPTutorial\WWW\thinkphp3\Application\Runtime\Cache\Home\1093f07c77d6e1e3d6a1d26a6fc8fc7f.php 第 31 行.
NOTIC: [2] Illegal string offset 'id' E:\phpstudy\PHPTutorial\WWW\thinkphp3\Application\Runtime\Cache\Home\1093f07c77d6e1e3d6a1d26a6fc8fc7f.php 第 34 行.
NOTIC: [2] Illegal string offset 'id' E:\phpstudy\PHPTutorial\WWW\thinkphp3\Application\Runtime\Cache\Home\1093f07c77d6e1e3d6a1d26a6fc8fc7f.php 第 49 行.
NOTIC: [2] Illegal string offset 'id' E:\phpstudy\PHPTutorial\WWW\thinkphp3\Application\Runtime\Cache\Home\1093f07c77d6e1e3d6a1d26a6fc8fc7f.php 第 31 行.
NOTIC: [2] Illegal string offset 'id' E:\phpstudy\PHPTutorial\WWW\thinkphp3\Application\Runtime\Cache\Home\1093f07c77d6e1e3d6a1d26a6fc8fc7f.php 第 34 行.
NOTIC: [2] Illegal string offset 'id' E:\phpstudy\PHPTutorial\WWW\thinkphp3\Application\Runtime\Cache\Home\1093f07c77d6e1e3d6a1d26a6fc8fc7f.php 第 49 行.
NOTIC: [2] Illegal string offset 'id' E:\phpstudy\PHPTutorial\WWW\thinkphp3\Application\Runtime\Cache\Home\1093f07c77d6e1e3d6a1d26a6fc8fc7f.php 第 31 行.
NOTIC: [2] Illegal string offset 'id' E:\phpstudy\PHPTutorial\WWW\thinkphp3\Application\Runtime\Cache\Home\1093f07c77d6e1e3d6a1d26a6fc8fc7f.php 第 34 行.
NOTIC: [2] Illegal string offset 'id' E:\phpstudy\PHPTutorial\WWW\thinkphp3\Application\Runtime\Cache\Home\1093f07c77d6e1e3d6a1d26a6fc8fc7f.php 第 49 行.
NOTIC: [2] Illegal string offset 'id' E:\phpstudy\PHPTutorial\WWW\thinkphp3\Application\Runtime\Cache\Home\1093f07c77d6e1e3d6a1d26a6fc8fc7f.php 第 31 行.
NOTIC: [2] Illegal string offset 'id' E:\phpstudy\PHPTutorial\WWW\thinkphp3\Application\Runtime\Cache\Home\1093f07c77d6e1e3d6a1d26a6fc8fc7f.php 第 34 行.
NOTIC: [2] Illegal string offset 'id' E:\phpstudy\PHPTutorial\WWW\thinkphp3\Application\Runtime\Cache\Home\1093f07c77d6e1e3d6a1d26a6fc8fc7f.php 第 49 行.
NOTIC: [2] Illegal string offset 'id' E:\phpstudy\PHPTutorial\WWW\thinkphp3\Application\Runtime\Cache\Home\1093f07c77d6e1e3d6a1d26a6fc8fc7f.php 第 54 行.
INFO: Run Behavior\ParseTemplateBehavior [ RunTime:0.008725s ]
INFO: [ view_parse ] --END-- [ RunTime:0.008766s ]
INFO: [ view_filter ] --START--
INFO: Run Behavior\WriteHtmlCacheBehavior [ RunTime:0.000412s ]
INFO: [ view_filter ] --END-- [ RunTime:0.000440s ]
INFO: [ app_end ] --START--
INFO: Run Behavior\ShowPageTraceBehavior [ RunTime:0.000685s ]
INFO: [ app_end ] --END-- [ RunTime:0.000713s ]

[ 2020-01-09T12:40:48+08:00 ] ::1 /thinkphp3/index.php/Home/Topic/summary/class_id/4/teacher_id/3/inves/1.html
INFO: [ app_init ] --START--
INFO: Run Behavior\BuildLiteBehavior [ RunTime:0.000009s ]
INFO: [ app_init ] --END-- [ RunTime:0.000316s ]
INFO: [ app_begin ] --START--
INFO: Run Behavior\ReadHtmlCacheBehavior [ RunTime:0.000370s ]
INFO: [ app_begin ] --END-- [ RunTime:0.000409s ]
NOTIC: [2] Invalid argument supplied for foreach() E:\phpstudy\PHPTutorial\WWW\thinkphp3\Application\Home\Controller\TopicController.class.php 第 96 行.
SQL: SHOW COLUMNS FROM `stgrade` [ RunTime:0.0080s ]
SQL: SELECT * FROM `stgrade` WHERE ( class_id=4 ) LIMIT 1   [ RunTime:0.0003s ]
NOTIC: [2] Invalid argument supplied for foreach() E:\phpstudy\PHPTutorial\WWW\thinkphp3\Application\Home\Controller\TopicController.class.php 第 110 行.
NOTIC: [8] Undefined variable: data E:\phpstudy\PHPTutorial\WWW\thinkphp3\Application\Home\Controller\TopicController.class.php 第 118 行.
NOTIC: [2] Invalid argument supplied for foreach() E:\phpstudy\PHPTutorial\WWW\thinkphp3\Application\Home\Controller\TopicController.class.php 第 110 行.
NOTIC: [8] Undefined variable: data E:\phpstudy\PHPTutorial\WWW\thinkphp3\Application\Home\Controller\TopicController.class.php 第 118 行.
NOTIC: [2] Invalid argument supplied for foreach() E:\phpstudy\PHPTutorial\WWW\thinkphp3\Application\Home\Controller\TopicController.class.php 第 110 行.
NOTIC: [8] Undefined variable: data E:\phpstudy\PHPTutorial\WWW\thinkphp3\Application\Home\Controller\TopicController.class.php 第 118 行.
NOTIC: [2] Invalid argument supplied for foreach() E:\phpstudy\PHPTutorial\WWW\thinkphp3\Application\Home\Controller\TopicController.class.php 第 110 行.
NOTIC: [8] Undefined variable: data E:\phpstudy\PHPTutorial\WWW\thinkphp3\Application\Home\Controller\TopicController.class.php 第 118 行.
NOTIC: [2] Invalid argument supplied for foreach() E:\phpstudy\PHPTutorial\WWW\thinkphp3\Application\Home\Controller\TopicController.class.php 第 110 行.
NOTIC: [8] Undefined variable: data E:\phpstudy\PHPTutorial\WWW\thinkphp3\Application\Home\Controller\TopicController.class.php 第 118 行.
INFO: [ view_parse ] --START--
INFO: [ template_filter ] --START--
INFO: Run Behavior\ContentReplaceBehavior [ RunTime:0.000031s ]
INFO: [ template_filter ] --END-- [ RunTime:0.000064s ]
INFO: Run Behavior\ParseTemplateBehavior [ RunTime:0.004815s ]
INFO: [ view_parse ] --END-- [ RunTime:0.004891s ]
INFO: [ view_filter ] --START--
INFO: Run Behavior\WriteHtmlCacheBehavior [ RunTime:0.000223s ]
INFO: [ view_filter ] --END-- [ RunTime:0.000249s ]
INFO: [ app_end ] --START--
INFO: Run Behavior\ShowPageTraceBehavior [ RunTime:0.000374s ]
INFO: [ app_end ] --END-- [ RunTime:0.000405s ]

[ 2020-01-09T12:40:48+08:00 ] ::1 /thinkphp3/index.php/Home/Topic/summary/class_id/4/teacher_id/3/inves/img/bg.jpg
INFO: [ app_init ] --START--
INFO: Run Behavior\BuildLiteBehavior [ RunTime:0.000009s ]
INFO: [ app_init ] --END-- [ RunTime:0.000305s ]

[ 2020-01-09T12:42:42+08:00 ] ::1 /thinkphp3/index.php/Home/Index/teacher.html
INFO: [ app_init ] --START--
INFO: Run Behavior\BuildLiteBehavior [ RunTime:0.000011s ]
INFO: [ app_init ] --END-- [ RunTime:0.000611s ]
INFO: [ app_begin ] --START--
INFO: Run Behavior\ReadHtmlCacheBehavior [ RunTime:0.000850s ]
INFO: [ app_begin ] --END-- [ RunTime:0.000896s ]
SQL: SHOW COLUMNS FROM `teacher` [ RunTime:0.0221s ]
SQL: SELECT a.id,a.name FROM teacher a INNER JOIN class as b on a.id=b.teacher_id  WHERE ( b.id=2 )  [ RunTime:0.0003s ]

[ 2020-01-09T12:42:43+08:00 ] ::1 /thinkphp3/index.php/Home/Topic/index.html?inves=1&class=2&teacher_id=1
INFO: [ app_init ] --START--
INFO: Run Behavior\BuildLiteBehavior [ RunTime:0.000010s ]
INFO: [ app_init ] --END-- [ RunTime:0.000475s ]
INFO: [ app_begin ] --START--
INFO: Run Behavior\ReadHtmlCacheBehavior [ RunTime:0.000580s ]
INFO: [ app_begin ] --END-- [ RunTime:0.000617s ]
SQL: SHOW COLUMNS FROM `inves` [ RunTime:0.0257s ]
SQL: SELECT `id`,`name` FROM `inves` WHERE ( id=1 ) LIMIT 1   [ RunTime:0.0002s ]
SQL: SHOW COLUMNS FROM `class` [ RunTime:0.0295s ]
SQL: SELECT `id`,`name` FROM `class` WHERE ( id=2 ) LIMIT 1   [ RunTime:0.0003s ]
SQL: SHOW COLUMNS FROM `teacher` [ RunTime:0.0115s ]
SQL: SELECT `id`,`name` FROM `teacher` WHERE ( id=1 ) LIMIT 1   [ RunTime:0.0003s ]
SQL: SHOW COLUMNS FROM `teacher_topic` [ RunTime:0.0096s ]
SQL: SELECT `id`,`topic` FROM `teacher_topic`  [ RunTime:0.0002s ]
INFO: [ view_parse ] --START--
INFO: [ template_filter ] --START--
INFO: Run Behavior\ContentReplaceBehavior [ RunTime:0.000051s ]
INFO: [ template_filter ] --END-- [ RunTime:0.000091s ]
NOTIC: [2] Illegal string offset 'id' E:\phpstudy\PHPTutorial\WWW\thinkphp3\Application\Runtime\Cache\Home\1093f07c77d6e1e3d6a1d26a6fc8fc7f.php 第 29 行.
NOTIC: [2] Illegal string offset 'id' E:\phpstudy\PHPTutorial\WWW\thinkphp3\Application\Runtime\Cache\Home\1093f07c77d6e1e3d6a1d26a6fc8fc7f.php 第 31 行.
NOTIC: [2] Illegal string offset 'id' E:\phpstudy\PHPTutorial\WWW\thinkphp3\Application\Runtime\Cache\Home\1093f07c77d6e1e3d6a1d26a6fc8fc7f.php 第 34 行.
NOTIC: [2] Illegal string offset 'id' E:\phpstudy\PHPTutorial\WWW\thinkphp3\Application\Runtime\Cache\Home\1093f07c77d6e1e3d6a1d26a6fc8fc7f.php 第 49 行.
NOTIC: [2] Illegal string offset 'id' E:\phpstudy\PHPTutorial\WWW\thinkphp3\Application\Runtime\Cache\Home\1093f07c77d6e1e3d6a1d26a6fc8fc7f.php 第 31 行.
NOTIC: [2] Illegal string offset 'id' E:\phpstudy\PHPTutorial\WWW\thinkphp3\Application\Runtime\Cache\Home\1093f07c77d6e1e3d6a1d26a6fc8fc7f.php 第 34 行.
NOTIC: [2] Illegal string offset 'id' E:\phpstudy\PHPTutorial\WWW\thinkphp3\Application\Runtime\Cache\Home\1093f07c77d6e1e3d6a1d26a6fc8fc7f.php 第 49 行.
NOTIC: [2] Illegal string offset 'id' E:\phpstudy\PHPTutorial\WWW\thinkphp3\Application\Runtime\Cache\Home\1093f07c77d6e1e3d6a1d26a6fc8fc7f.php 第 31 行.
NOTIC: [2] Illegal string offset 'id' E:\phpstudy\PHPTutorial\WWW\thinkphp3\Application\Runtime\Cache\Home\1093f07c77d6e1e3d6a1d26a6fc8fc7f.php 第 34 行.
NOTIC: [2] Illegal string offset 'id' E:\phpstudy\PHPTutorial\WWW\thinkphp3\Application\Runtime\Cache\Home\1093f07c77d6e1e3d6a1d26a6fc8fc7f.php 第 49 行.
NOTIC: [2] Illegal string offset 'id' E:\phpstudy\PHPTutorial\WWW\thinkphp3\Application\Runtime\Cache\Home\1093f07c77d6e1e3d6a1d26a6fc8fc7f.php 第 31 行.
NOTIC: [2] Illegal string offset 'id' E:\phpstudy\PHPTutorial\WWW\thinkphp3\Application\Runtime\Cache\Home\1093f07c77d6e1e3d6a1d26a6fc8fc7f.php 第 34 行.
NOTIC: [2] Illegal string offset 'id' E:\phpstudy\PHPTutorial\WWW\thinkphp3\Application\Runtime\Cache\Home\1093f07c77d6e1e3d6a1d26a6fc8fc7f.php 第 49 行.
NOTIC: [2] Illegal string offset 'id' E:\phpstudy\PHPTutorial\WWW\thinkphp3\Application\Runtime\Cache\Home\1093f07c77d6e1e3d6a1d26a6fc8fc7f.php 第 31 行.
NOTIC: [2] Illegal string offset 'id' E:\phpstudy\PHPTutorial\WWW\thinkphp3\Application\Runtime\Cache\Home\1093f07c77d6e1e3d6a1d26a6fc8fc7f.php 第 34 行.
NOTIC: [2] Illegal string offset 'id' E:\phpstudy\PHPTutorial\WWW\thinkphp3\Application\Runtime\Cache\Home\1093f07c77d6e1e3d6a1d26a6fc8fc7f.php 第 49 行.
NOTIC: [2] Illegal string offset 'id' E:\phpstudy\PHPTutorial\WWW\thinkphp3\Application\Runtime\Cache\Home\1093f07c77d6e1e3d6a1d26a6fc8fc7f.php 第 54 行.
INFO: Run Behavior\ParseTemplateBehavior [ RunTime:0.014963s ]
INFO: [ view_parse ] --END-- [ RunTime:0.015050s ]
INFO: [ view_filter ] --START--
INFO: Run Behavior\WriteHtmlCacheBehavior [ RunTime:0.000829s ]
INFO: [ view_filter ] --END-- [ RunTime:0.000865s ]
INFO: [ app_end ] --START--
INFO: Run Behavior\ShowPageTraceBehavior [ RunTime:0.000771s ]
INFO: [ app_end ] --END-- [ RunTime:0.000805s ]

[ 2020-01-09T12:42:50+08:00 ] ::1 /thinkphp3/index.php/Home/Topic/summary/class_id/2/teacher_id/1/inves/1.html
INFO: [ app_init ] --START--
INFO: Run Behavior\BuildLiteBehavior [ RunTime:0.000011s ]
INFO: [ app_init ] --END-- [ RunTime:0.000611s ]
INFO: [ app_begin ] --START--
INFO: Run Behavior\ReadHtmlCacheBehavior [ RunTime:0.000799s ]
INFO: [ app_begin ] --END-- [ RunTime:0.000840s ]
NOTIC: [2] Invalid argument supplied for foreach() E:\phpstudy\PHPTutorial\WWW\thinkphp3\Application\Home\Controller\TopicController.class.php 第 96 行.
SQL: SHOW COLUMNS FROM `stgrade` [ RunTime:0.0231s ]
SQL: SELECT * FROM `stgrade` WHERE ( class_id=2 ) LIMIT 1   [ RunTime:0.0003s ]
NOTIC: [2] Invalid argument supplied for foreach() E:\phpstudy\PHPTutorial\WWW\thinkphp3\Application\Home\Controller\TopicController.class.php 第 123 行.
NOTIC: [2] Invalid argument supplied for foreach() E:\phpstudy\PHPTutorial\WWW\thinkphp3\Application\Home\Controller\TopicController.class.php 第 123 行.
NOTIC: [2] Invalid argument supplied for foreach() E:\phpstudy\PHPTutorial\WWW\thinkphp3\Application\Home\Controller\TopicController.class.php 第 123 行.
NOTIC: [2] Invalid argument supplied for foreach() E:\phpstudy\PHPTutorial\WWW\thinkphp3\Application\Home\Controller\TopicController.class.php 第 123 行.
NOTIC: [2] Invalid argument supplied for foreach() E:\phpstudy\PHPTutorial\WWW\thinkphp3\Application\Home\Controller\TopicController.class.php 第 123 行.
INFO: [ view_parse ] --START--
INFO: [ template_filter ] --START--
INFO: Run Behavior\ContentReplaceBehavior [ RunTime:0.000047s ]
INFO: [ template_filter ] --END-- [ RunTime:0.000125s ]
INFO: Run Behavior\ParseTemplateBehavior [ RunTime:0.011183s ]
INFO: [ view_parse ] --END-- [ RunTime:0.011243s ]
INFO: [ view_filter ] --START--
INFO: Run Behavior\WriteHtmlCacheBehavior [ RunTime:0.000563s ]
INFO: [ view_filter ] --END-- [ RunTime:0.000593s ]
INFO: [ app_end ] --START--
INFO: Run Behavior\ShowPageTraceBehavior [ RunTime:0.000914s ]
INFO: [ app_end ] --END-- [ RunTime:0.000948s ]

[ 2020-01-09T12:42:50+08:00 ] ::1 /thinkphp3/index.php/Home/Topic/summary/class_id/2/teacher_id/1/inves/img/bg.jpg
INFO: [ app_init ] --START--
INFO: Run Behavior\BuildLiteBehavior [ RunTime:0.000024s ]
INFO: [ app_init ] --END-- [ RunTime:0.000649s ]

[ 2020-01-09T12:44:25+08:00 ] ::1 /thinkphp3/index.php/Home/Topic/summary/class_id/2/teacher_id/1/inves/1.html
INFO: [ app_init ] --START--
INFO: Run Behavior\BuildLiteBehavior [ RunTime:0.000012s ]
INFO: [ app_init ] --END-- [ RunTime:0.000905s ]
INFO: [ app_begin ] --START--
INFO: Run Behavior\ReadHtmlCacheBehavior [ RunTime:0.000537s ]
INFO: [ app_begin ] --END-- [ RunTime:0.000582s ]
NOTIC: [2] Invalid argument supplied for foreach() E:\phpstudy\PHPTutorial\WWW\thinkphp3\Application\Home\Controller\TopicController.class.php 第 96 行.
SQL: SHOW COLUMNS FROM `stgrade` [ RunTime:0.0270s ]
SQL: SELECT * FROM `stgrade` WHERE ( class_id=2 ) LIMIT 1   [ RunTime:0.0003s ]
NOTIC: [2] Invalid argument supplied for foreach() E:\phpstudy\PHPTutorial\WWW\thinkphp3\Application\Home\Controller\TopicController.class.php 第 123 行.
NOTIC: [2] Invalid argument supplied for foreach() E:\phpstudy\PHPTutorial\WWW\thinkphp3\Application\Home\Controller\TopicController.class.php 第 123 行.
NOTIC: [2] Invalid argument supplied for foreach() E:\phpstudy\PHPTutorial\WWW\thinkphp3\Application\Home\Controller\TopicController.class.php 第 123 行.
NOTIC: [2] Invalid argument supplied for foreach() E:\phpstudy\PHPTutorial\WWW\thinkphp3\Application\Home\Controller\TopicController.class.php 第 123 行.
NOTIC: [2] Invalid argument supplied for foreach() E:\phpstudy\PHPTutorial\WWW\thinkphp3\Application\Home\Controller\TopicController.class.php 第 123 行.
INFO: [ view_parse ] --START--
INFO: [ template_filter ] --START--
INFO: Run Behavior\ContentReplaceBehavior [ RunTime:0.000035s ]
INFO: [ template_filter ] --END-- [ RunTime:0.000076s ]
INFO: Run Behavior\ParseTemplateBehavior [ RunTime:0.007404s ]
INFO: [ view_parse ] --END-- [ RunTime:0.007459s ]
INFO: [ view_filter ] --START--
INFO: Run Behavior\WriteHtmlCacheBehavior [ RunTime:0.000736s ]
INFO: [ view_filter ] --END-- [ RunTime:0.000766s ]
INFO: [ app_end ] --START--
INFO: Run Behavior\ShowPageTraceBehavior [ RunTime:0.000669s ]
INFO: [ app_end ] --END-- [ RunTime:0.000725s ]

[ 2020-01-09T12:44:25+08:00 ] ::1 /thinkphp3/index.php/Home/Topic/summary/class_id/2/teacher_id/1/inves/img/bg.jpg
INFO: [ app_init ] --START--
INFO: Run Behavior\BuildLiteBehavior [ RunTime:0.000023s ]
INFO: [ app_init ] --END-- [ RunTime:0.000606s ]

[ 2020-01-09T12:44:39+08:00 ] ::1 /thinkphp3/index.php/Home/Topic/summary/class_id/2/teacher_id/1/inves/1.html
INFO: [ app_init ] --START--
INFO: Run Behavior\BuildLiteBehavior [ RunTime:0.000011s ]
INFO: [ app_init ] --END-- [ RunTime:0.000858s ]
INFO: [ app_begin ] --START--
INFO: Run Behavior\ReadHtmlCacheBehavior [ RunTime:0.000515s ]
INFO: [ app_begin ] --END-- [ RunTime:0.000555s ]
NOTIC: [2] Invalid argument supplied for foreach() E:\phpstudy\PHPTutorial\WWW\thinkphp3\Application\Home\Controller\TopicController.class.php 第 96 行.
SQL: SHOW COLUMNS FROM `stgrade` [ RunTime:0.0097s ]
SQL: SELECT * FROM `stgrade` WHERE ( class_id=2 ) LIMIT 1   [ RunTime:0.0003s ]
NOTIC: [2] Invalid argument supplied for foreach() E:\phpstudy\PHPTutorial\WWW\thinkphp3\Application\Home\Controller\TopicController.class.php 第 123 行.
NOTIC: [2] Invalid argument supplied for foreach() E:\phpstudy\PHPTutorial\WWW\thinkphp3\Application\Home\Controller\TopicController.class.php 第 123 行.
NOTIC: [2] Invalid argument supplied for foreach() E:\phpstudy\PHPTutorial\WWW\thinkphp3\Application\Home\Controller\TopicController.class.php 第 123 行.
NOTIC: [2] Invalid argument supplied for foreach() E:\phpstudy\PHPTutorial\WWW\thinkphp3\Application\Home\Controller\TopicController.class.php 第 123 行.
NOTIC: [2] Invalid argument supplied for foreach() E:\phpstudy\PHPTutorial\WWW\thinkphp3\Application\Home\Controller\TopicController.class.php 第 123 行.
INFO: [ view_parse ] --START--
INFO: [ template_filter ] --START--
INFO: Run Behavior\ContentReplaceBehavior [ RunTime:0.000065s ]
INFO: [ template_filter ] --END-- [ RunTime:0.000144s ]
INFO: Run Behavior\ParseTemplateBehavior [ RunTime:0.006700s ]
INFO: [ view_parse ] --END-- [ RunTime:0.006751s ]
INFO: [ view_filter ] --START--
INFO: Run Behavior\WriteHtmlCacheBehavior [ RunTime:0.000419s ]
INFO: [ view_filter ] --END-- [ RunTime:0.000451s ]
INFO: [ app_end ] --START--
INFO: Run Behavior\ShowPageTraceBehavior [ RunTime:0.000986s ]
INFO: [ app_end ] --END-- [ RunTime:0.001023s ]

[ 2020-01-09T12:44:39+08:00 ] ::1 /thinkphp3/index.php/Home/Topic/summary/class_id/2/teacher_id/1/inves/img/bg.jpg
INFO: [ app_init ] --START--
INFO: Run Behavior\BuildLiteBehavior [ RunTime:0.000010s ]
INFO: [ app_init ] --END-- [ RunTime:0.000464s ]

[ 2020-01-09T12:45:14+08:00 ] ::1 /thinkphp3/index.php/Home/Index/teacher.html
INFO: [ app_init ] --START--
INFO: Run Behavior\BuildLiteBehavior [ RunTime:0.000010s ]
INFO: [ app_init ] --END-- [ RunTime:0.000554s ]
INFO: [ app_begin ] --START--
INFO: Run Behavior\ReadHtmlCacheBehavior [ RunTime:0.000779s ]
INFO: [ app_begin ] --END-- [ RunTime:0.000816s ]
SQL: SHOW COLUMNS FROM `teacher` [ RunTime:0.0194s ]
SQL: SELECT a.id,a.name FROM teacher a INNER JOIN class as b on a.id=b.teacher_id  WHERE ( b.id=4 )  [ RunTime:0.0003s ]

[ 2020-01-09T12:45:17+08:00 ] ::1 /thinkphp3/index.php/Home/Topic/index.html?inves=1&class=4&teacher_id=3
INFO: [ app_init ] --START--
INFO: Run Behavior\BuildLiteBehavior [ RunTime:0.000011s ]
INFO: [ app_init ] --END-- [ RunTime:0.000576s ]
INFO: [ app_begin ] --START--
INFO: Run Behavior\ReadHtmlCacheBehavior [ RunTime:0.000521s ]
INFO: [ app_begin ] --END-- [ RunTime:0.000558s ]
SQL: SHOW COLUMNS FROM `inves` [ RunTime:0.0127s ]
SQL: SELECT `id`,`name` FROM `inves` WHERE ( id=1 ) LIMIT 1   [ RunTime:0.0004s ]
SQL: SHOW COLUMNS FROM `class` [ RunTime:0.0099s ]
SQL: SELECT `id`,`name` FROM `class` WHERE ( id=4 ) LIMIT 1   [ RunTime:0.0002s ]
SQL: SHOW COLUMNS FROM `teacher` [ RunTime:0.0189s ]
SQL: SELECT `id`,`name` FROM `teacher` WHERE ( id=3 ) LIMIT 1   [ RunTime:0.0003s ]
SQL: SHOW COLUMNS FROM `teacher_topic` [ RunTime:0.0115s ]
SQL: SELECT `id`,`topic` FROM `teacher_topic`  [ RunTime:0.0003s ]
INFO: [ view_parse ] --START--
INFO: [ template_filter ] --START--
INFO: Run Behavior\ContentReplaceBehavior [ RunTime:0.000052s ]
INFO: [ template_filter ] --END-- [ RunTime:0.000094s ]
NOTIC: [2] Illegal string offset 'id' E:\phpstudy\PHPTutorial\WWW\thinkphp3\Application\Runtime\Cache\Home\1093f07c77d6e1e3d6a1d26a6fc8fc7f.php 第 29 行.
NOTIC: [2] Illegal string offset 'id' E:\phpstudy\PHPTutorial\WWW\thinkphp3\Application\Runtime\Cache\Home\1093f07c77d6e1e3d6a1d26a6fc8fc7f.php 第 31 行.
NOTIC: [2] Illegal string offset 'id' E:\phpstudy\PHPTutorial\WWW\thinkphp3\Application\Runtime\Cache\Home\1093f07c77d6e1e3d6a1d26a6fc8fc7f.php 第 34 行.
NOTIC: [2] Illegal string offset 'id' E:\phpstudy\PHPTutorial\WWW\thinkphp3\Application\Runtime\Cache\Home\1093f07c77d6e1e3d6a1d26a6fc8fc7f.php 第 49 行.
NOTIC: [2] Illegal string offset 'id' E:\phpstudy\PHPTutorial\WWW\thinkphp3\Application\Runtime\Cache\Home\1093f07c77d6e1e3d6a1d26a6fc8fc7f.php 第 31 行.
NOTIC: [2] Illegal string offset 'id' E:\phpstudy\PHPTutorial\WWW\thinkphp3\Application\Runtime\Cache\Home\1093f07c77d6e1e3d6a1d26a6fc8fc7f.php 第 34 行.
NOTIC: [2] Illegal string offset 'id' E:\phpstudy\PHPTutorial\WWW\thinkphp3\Application\Runtime\Cache\Home\1093f07c77d6e1e3d6a1d26a6fc8fc7f.php 第 49 行.
NOTIC: [2] Illegal string offset 'id' E:\phpstudy\PHPTutorial\WWW\thinkphp3\Application\Runtime\Cache\Home\1093f07c77d6e1e3d6a1d26a6fc8fc7f.php 第 31 行.
NOTIC: [2] Illegal string offset 'id' E:\phpstudy\PHPTutorial\WWW\thinkphp3\Application\Runtime\Cache\Home\1093f07c77d6e1e3d6a1d26a6fc8fc7f.php 第 34 行.
NOTIC: [2] Illegal string offset 'id' E:\phpstudy\PHPTutorial\WWW\thinkphp3\Application\Runtime\Cache\Home\1093f07c77d6e1e3d6a1d26a6fc8fc7f.php 第 49 行.
NOTIC: [2] Illegal string offset 'id' E:\phpstudy\PHPTutorial\WWW\thinkphp3\Application\Runtime\Cache\Home\1093f07c77d6e1e3d6a1d26a6fc8fc7f.php 第 31 行.
NOTIC: [2] Illegal string offset 'id' E:\phpstudy\PHPTutorial\WWW\thinkphp3\Application\Runtime\Cache\Home\1093f07c77d6e1e3d6a1d26a6fc8fc7f.php 第 34 行.
NOTIC: [2] Illegal string offset 'id' E:\phpstudy\PHPTutorial\WWW\thinkphp3\Application\Runtime\Cache\Home\1093f07c77d6e1e3d6a1d26a6fc8fc7f.php 第 49 行.
NOTIC: [2] Illegal string offset 'id' E:\phpstudy\PHPTutorial\WWW\thinkphp3\Application\Runtime\Cache\Home\1093f07c77d6e1e3d6a1d26a6fc8fc7f.php 第 31 行.
NOTIC: [2] Illegal string offset 'id' E:\phpstudy\PHPTutorial\WWW\thinkphp3\Application\Runtime\Cache\Home\1093f07c77d6e1e3d6a1d26a6fc8fc7f.php 第 34 行.
NOTIC: [2] Illegal string offset 'id' E:\phpstudy\PHPTutorial\WWW\thinkphp3\Application\Runtime\Cache\Home\1093f07c77d6e1e3d6a1d26a6fc8fc7f.php 第 49 行.
NOTIC: [2] Illegal string offset 'id' E:\phpstudy\PHPTutorial\WWW\thinkphp3\Application\Runtime\Cache\Home\1093f07c77d6e1e3d6a1d26a6fc8fc7f.php 第 54 行.
INFO: Run Behavior\ParseTemplateBehavior [ RunTime:0.010479s ]
INFO: [ view_parse ] --END-- [ RunTime:0.010517s ]
INFO: [ view_filter ] --START--
INFO: Run Behavior\WriteHtmlCacheBehavior [ RunTime:0.001013s ]
INFO: [ view_filter ] --END-- [ RunTime:0.001045s ]
INFO: [ app_end ] --START--
INFO: Run Behavior\ShowPageTraceBehavior [ RunTime:0.000760s ]
INFO: [ app_end ] --END-- [ RunTime:0.000793s ]

[ 2020-01-09T12:45:24+08:00 ] ::1 /thinkphp3/index.php/Home/Topic/summary/class_id/4/teacher_id/3/inves/1.html
INFO: [ app_init ] --START--
INFO: Run Behavior\BuildLiteBehavior [ RunTime:0.000011s ]
INFO: [ app_init ] --END-- [ RunTime:0.001104s ]
INFO: [ app_begin ] --START--
INFO: Run Behavior\ReadHtmlCacheBehavior [ RunTime:0.001673s ]
INFO: [ app_begin ] --END-- [ RunTime:0.001751s ]
NOTIC: [2] Invalid argument supplied for foreach() E:\phpstudy\PHPTutorial\WWW\thinkphp3\Application\Home\Controller\TopicController.class.php 第 96 行.
SQL: SHOW COLUMNS FROM `stgrade` [ RunTime:0.0278s ]
SQL: SELECT * FROM `stgrade` WHERE ( class_id=4 ) LIMIT 1   [ RunTime:0.0003s ]
NOTIC: [2] Invalid argument supplied for foreach() E:\phpstudy\PHPTutorial\WWW\thinkphp3\Application\Home\Controller\TopicController.class.php 第 110 行.
NOTIC: [8] Undefined variable: data E:\phpstudy\PHPTutorial\WWW\thinkphp3\Application\Home\Controller\TopicController.class.php 第 118 行.
NOTIC: [2] Invalid argument supplied for foreach() E:\phpstudy\PHPTutorial\WWW\thinkphp3\Application\Home\Controller\TopicController.class.php 第 110 行.
NOTIC: [8] Undefined variable: data E:\phpstudy\PHPTutorial\WWW\thinkphp3\Application\Home\Controller\TopicController.class.php 第 118 行.
NOTIC: [2] Invalid argument supplied for foreach() E:\phpstudy\PHPTutorial\WWW\thinkphp3\Application\Home\Controller\TopicController.class.php 第 110 行.
NOTIC: [8] Undefined variable: data E:\phpstudy\PHPTutorial\WWW\thinkphp3\Application\Home\Controller\TopicController.class.php 第 118 行.
NOTIC: [2] Invalid argument supplied for foreach() E:\phpstudy\PHPTutorial\WWW\thinkphp3\Application\Home\Controller\TopicController.class.php 第 110 行.
NOTIC: [8] Undefined variable: data E:\phpstudy\PHPTutorial\WWW\thinkphp3\Application\Home\Controller\TopicController.class.php 第 118 行.
NOTIC: [2] Invalid argument supplied for foreach() E:\phpstudy\PHPTutorial\WWW\thinkphp3\Application\Home\Controller\TopicController.class.php 第 110 行.
NOTIC: [8] Undefined variable: data E:\phpstudy\PHPTutorial\WWW\thinkphp3\Application\Home\Controller\TopicController.class.php 第 118 行.
INFO: [ view_parse ] --START--
INFO: [ template_filter ] --START--
INFO: Run Behavior\ContentReplaceBehavior [ RunTime:0.000053s ]
INFO: [ template_filter ] --END-- [ RunTime:0.000097s ]
INFO: Run Behavior\ParseTemplateBehavior [ RunTime:0.007335s ]
INFO: [ view_parse ] --END-- [ RunTime:0.007399s ]
INFO: [ view_filter ] --START--
INFO: Run Behavior\WriteHtmlCacheBehavior [ RunTime:0.000769s ]
INFO: [ view_filter ] --END-- [ RunTime:0.000799s ]
INFO: [ app_end ] --START--
INFO: Run Behavior\ShowPageTraceBehavior [ RunTime:0.000953s ]
INFO: [ app_end ] --END-- [ RunTime:0.000986s ]

[ 2020-01-09T12:45:24+08:00 ] ::1 /thinkphp3/index.php/Home/Topic/summary/class_id/4/teacher_id/3/inves/img/bg.jpg
INFO: [ app_init ] --START--
INFO: Run Behavior\BuildLiteBehavior [ RunTime:0.000009s ]
INFO: [ app_init ] --END-- [ RunTime:0.000451s ]

[ 2020-01-09T13:42:39+08:00 ] ::1 /thinkphp3/index.php/Home/Topic/summary/class_id/4/teacher_id/3/inves/1.html
INFO: [ app_init ] --START--
INFO: Run Behavior\BuildLiteBehavior [ RunTime:0.000009s ]
INFO: [ app_init ] --END-- [ RunTime:0.000629s ]
INFO: [ app_begin ] --START--
INFO: Run Behavior\ReadHtmlCacheBehavior [ RunTime:0.000782s ]
INFO: [ app_begin ] --END-- [ RunTime:0.000822s ]
NOTIC: [2] Invalid argument supplied for foreach() E:\phpstudy\PHPTutorial\WWW\thinkphp3\Application\Home\Controller\TopicController.class.php 第 97 行.
SQL: SHOW COLUMNS FROM `stgrade` [ RunTime:0.0320s ]
SQL: SELECT * FROM `stgrade` WHERE ( class_id=4 ) LIMIT 1   [ RunTime:0.0003s ]
NOTIC: [2] Invalid argument supplied for foreach() E:\phpstudy\PHPTutorial\WWW\thinkphp3\Application\Home\Controller\TopicController.class.php 第 111 行.
NOTIC: [8] Undefined variable: data E:\phpstudy\PHPTutorial\WWW\thinkphp3\Application\Home\Controller\TopicController.class.php 第 119 行.
NOTIC: [2] Invalid argument supplied for foreach() E:\phpstudy\PHPTutorial\WWW\thinkphp3\Application\Home\Controller\TopicController.class.php 第 111 行.
NOTIC: [8] Undefined variable: data E:\phpstudy\PHPTutorial\WWW\thinkphp3\Application\Home\Controller\TopicController.class.php 第 119 行.
NOTIC: [2] Invalid argument supplied for foreach() E:\phpstudy\PHPTutorial\WWW\thinkphp3\Application\Home\Controller\TopicController.class.php 第 111 行.
NOTIC: [8] Undefined variable: data E:\phpstudy\PHPTutorial\WWW\thinkphp3\Application\Home\Controller\TopicController.class.php 第 119 行.
NOTIC: [2] Invalid argument supplied for foreach() E:\phpstudy\PHPTutorial\WWW\thinkphp3\Application\Home\Controller\TopicController.class.php 第 111 行.
NOTIC: [8] Undefined variable: data E:\phpstudy\PHPTutorial\WWW\thinkphp3\Application\Home\Controller\TopicController.class.php 第 119 行.
NOTIC: [2] Invalid argument supplied for foreach() E:\phpstudy\PHPTutorial\WWW\thinkphp3\Application\Home\Controller\TopicController.class.php 第 111 行.
NOTIC: [8] Undefined variable: data E:\phpstudy\PHPTutorial\WWW\thinkphp3\Application\Home\Controller\TopicController.class.php 第 119 行.
INFO: [ view_parse ] --START--
INFO: [ template_filter ] --START--
INFO: Run Behavior\ContentReplaceBehavior [ RunTime:0.000037s ]
INFO: [ template_filter ] --END-- [ RunTime:0.000078s ]
INFO: Run Behavior\ParseTemplateBehavior [ RunTime:0.006486s ]
INFO: [ view_parse ] --END-- [ RunTime:0.006540s ]
INFO: [ view_filter ] --START--
INFO: Run Behavior\WriteHtmlCacheBehavior [ RunTime:0.000812s ]
INFO: [ view_filter ] --END-- [ RunTime:0.000841s ]
INFO: [ app_end ] --START--
INFO: Run Behavior\ShowPageTraceBehavior [ RunTime:0.001664s ]
INFO: [ app_end ] --END-- [ RunTime:0.001733s ]

[ 2020-01-09T13:42:39+08:00 ] ::1 /thinkphp3/index.php/Home/Topic/summary/class_id/4/teacher_id/3/inves/img/bg.jpg
INFO: [ app_init ] --START--
INFO: Run Behavior\BuildLiteBehavior [ RunTime:0.000010s ]
INFO: [ app_init ] --END-- [ RunTime:0.000507s ]

[ 2020-01-09T13:42:41+08:00 ] ::1 /thinkphp3/index.php/Home/Topic/index.html?inves=1&class=4&teacher_id=3
INFO: [ app_init ] --START--
INFO: Run Behavior\BuildLiteBehavior [ RunTime:0.000010s ]
INFO: [ app_init ] --END-- [ RunTime:0.000454s ]
INFO: [ app_begin ] --START--
INFO: Run Behavior\ReadHtmlCacheBehavior [ RunTime:0.000555s ]
INFO: [ app_begin ] --END-- [ RunTime:0.000593s ]
SQL: SHOW COLUMNS FROM `inves` [ RunTime:0.0247s ]
SQL: SELECT `id`,`name` FROM `inves` WHERE ( id=1 ) LIMIT 1   [ RunTime:0.0003s ]
SQL: SHOW COLUMNS FROM `class` [ RunTime:0.0174s ]
SQL: SELECT `id`,`name` FROM `class` WHERE ( id=4 ) LIMIT 1   [ RunTime:0.0003s ]
SQL: SHOW COLUMNS FROM `teacher` [ RunTime:0.0099s ]
SQL: SELECT `id`,`name` FROM `teacher` WHERE ( id=3 ) LIMIT 1   [ RunTime:0.0003s ]
SQL: SHOW COLUMNS FROM `teacher_topic` [ RunTime:0.0201s ]
SQL: SELECT `id`,`topic` FROM `teacher_topic`  [ RunTime:0.0004s ]
INFO: [ view_parse ] --START--
INFO: [ template_filter ] --START--
INFO: Run Behavior\ContentReplaceBehavior [ RunTime:0.000049s ]
INFO: [ template_filter ] --END-- [ RunTime:0.000090s ]
NOTIC: [2] Illegal string offset 'id' E:\phpstudy\PHPTutorial\WWW\thinkphp3\Application\Runtime\Cache\Home\1093f07c77d6e1e3d6a1d26a6fc8fc7f.php 第 29 行.
NOTIC: [2] Illegal string offset 'id' E:\phpstudy\PHPTutorial\WWW\thinkphp3\Application\Runtime\Cache\Home\1093f07c77d6e1e3d6a1d26a6fc8fc7f.php 第 31 行.
NOTIC: [2] Illegal string offset 'id' E:\phpstudy\PHPTutorial\WWW\thinkphp3\Application\Runtime\Cache\Home\1093f07c77d6e1e3d6a1d26a6fc8fc7f.php 第 34 行.
NOTIC: [2] Illegal string offset 'id' E:\phpstudy\PHPTutorial\WWW\thinkphp3\Application\Runtime\Cache\Home\1093f07c77d6e1e3d6a1d26a6fc8fc7f.php 第 49 行.
NOTIC: [2] Illegal string offset 'id' E:\phpstudy\PHPTutorial\WWW\thinkphp3\Application\Runtime\Cache\Home\1093f07c77d6e1e3d6a1d26a6fc8fc7f.php 第 31 行.
NOTIC: [2] Illegal string offset 'id' E:\phpstudy\PHPTutorial\WWW\thinkphp3\Application\Runtime\Cache\Home\1093f07c77d6e1e3d6a1d26a6fc8fc7f.php 第 34 行.
NOTIC: [2] Illegal string offset 'id' E:\phpstudy\PHPTutorial\WWW\thinkphp3\Application\Runtime\Cache\Home\1093f07c77d6e1e3d6a1d26a6fc8fc7f.php 第 49 行.
NOTIC: [2] Illegal string offset 'id' E:\phpstudy\PHPTutorial\WWW\thinkphp3\Application\Runtime\Cache\Home\1093f07c77d6e1e3d6a1d26a6fc8fc7f.php 第 31 行.
NOTIC: [2] Illegal string offset 'id' E:\phpstudy\PHPTutorial\WWW\thinkphp3\Application\Runtime\Cache\Home\1093f07c77d6e1e3d6a1d26a6fc8fc7f.php 第 34 行.
NOTIC: [2] Illegal string offset 'id' E:\phpstudy\PHPTutorial\WWW\thinkphp3\Application\Runtime\Cache\Home\1093f07c77d6e1e3d6a1d26a6fc8fc7f.php 第 49 行.
NOTIC: [2] Illegal string offset 'id' E:\phpstudy\PHPTutorial\WWW\thinkphp3\Application\Runtime\Cache\Home\1093f07c77d6e1e3d6a1d26a6fc8fc7f.php 第 31 行.
NOTIC: [2] Illegal string offset 'id' E:\phpstudy\PHPTutorial\WWW\thinkphp3\Application\Runtime\Cache\Home\1093f07c77d6e1e3d6a1d26a6fc8fc7f.php 第 34 行.
NOTIC: [2] Illegal string offset 'id' E:\phpstudy\PHPTutorial\WWW\thinkphp3\Application\Runtime\Cache\Home\1093f07c77d6e1e3d6a1d26a6fc8fc7f.php 第 49 行.
NOTIC: [2] Illegal string offset 'id' E:\phpstudy\PHPTutorial\WWW\thinkphp3\Application\Runtime\Cache\Home\1093f07c77d6e1e3d6a1d26a6fc8fc7f.php 第 31 行.
NOTIC: [2] Illegal string offset 'id' E:\phpstudy\PHPTutorial\WWW\thinkphp3\Application\Runtime\Cache\Home\1093f07c77d6e1e3d6a1d26a6fc8fc7f.php 第 34 行.
NOTIC: [2] Illegal string offset 'id' E:\phpstudy\PHPTutorial\WWW\thinkphp3\Application\Runtime\Cache\Home\1093f07c77d6e1e3d6a1d26a6fc8fc7f.php 第 49 行.
NOTIC: [2] Illegal string offset 'id' E:\phpstudy\PHPTutorial\WWW\thinkphp3\Application\Runtime\Cache\Home\1093f07c77d6e1e3d6a1d26a6fc8fc7f.php 第 54 行.
INFO: Run Behavior\ParseTemplateBehavior [ RunTime:0.008050s ]
INFO: [ view_parse ] --END-- [ RunTime:0.008089s ]
INFO: [ view_filter ] --START--
INFO: Run Behavior\WriteHtmlCacheBehavior [ RunTime:0.000952s ]
INFO: [ view_filter ] --END-- [ RunTime:0.001028s ]
INFO: [ app_end ] --START--
INFO: Run Behavior\ShowPageTraceBehavior [ RunTime:0.000885s ]
INFO: [ app_end ] --END-- [ RunTime:0.000917s ]

[ 2020-01-09T13:42:42+08:00 ] ::1 /thinkphp3/index.php/Home/Topic/index.html?inves=1&class=4&teacher_id=3
INFO: [ app_init ] --START--
INFO: Run Behavior\BuildLiteBehavior [ RunTime:0.000010s ]
INFO: [ app_init ] --END-- [ RunTime:0.000498s ]
INFO: [ app_begin ] --START--
INFO: Run Behavior\ReadHtmlCacheBehavior [ RunTime:0.000517s ]
INFO: [ app_begin ] --END-- [ RunTime:0.000556s ]
SQL: SHOW COLUMNS FROM `inves` [ RunTime:0.0347s ]
SQL: SELECT `id`,`name` FROM `inves` WHERE ( id=1 ) LIMIT 1   [ RunTime:0.0003s ]
SQL: SHOW COLUMNS FROM `class` [ RunTime:0.0192s ]
SQL: SELECT `id`,`name` FROM `class` WHERE ( id=4 ) LIMIT 1   [ RunTime:0.0002s ]
SQL: SHOW COLUMNS FROM `teacher` [ RunTime:0.0115s ]
SQL: SELECT `id`,`name` FROM `teacher` WHERE ( id=3 ) LIMIT 1   [ RunTime:0.0002s ]
SQL: SHOW COLUMNS FROM `teacher_topic` [ RunTime:0.0231s ]
SQL: SELECT `id`,`topic` FROM `teacher_topic`  [ RunTime:0.0003s ]
INFO: [ view_parse ] --START--
INFO: [ template_filter ] --START--
INFO: Run Behavior\ContentReplaceBehavior [ RunTime:0.000048s ]
INFO: [ template_filter ] --END-- [ RunTime:0.000090s ]
NOTIC: [2] Illegal string offset 'id' E:\phpstudy\PHPTutorial\WWW\thinkphp3\Application\Runtime\Cache\Home\1093f07c77d6e1e3d6a1d26a6fc8fc7f.php 第 29 行.
NOTIC: [2] Illegal string offset 'id' E:\phpstudy\PHPTutorial\WWW\thinkphp3\Application\Runtime\Cache\Home\1093f07c77d6e1e3d6a1d26a6fc8fc7f.php 第 31 行.
NOTIC: [2] Illegal string offset 'id' E:\phpstudy\PHPTutorial\WWW\thinkphp3\Application\Runtime\Cache\Home\1093f07c77d6e1e3d6a1d26a6fc8fc7f.php 第 34 行.
NOTIC: [2] Illegal string offset 'id' E:\phpstudy\PHPTutorial\WWW\thinkphp3\Application\Runtime\Cache\Home\1093f07c77d6e1e3d6a1d26a6fc8fc7f.php 第 49 行.
NOTIC: [2] Illegal string offset 'id' E:\phpstudy\PHPTutorial\WWW\thinkphp3\Application\Runtime\Cache\Home\1093f07c77d6e1e3d6a1d26a6fc8fc7f.php 第 31 行.
NOTIC: [2] Illegal string offset 'id' E:\phpstudy\PHPTutorial\WWW\thinkphp3\Application\Runtime\Cache\Home\1093f07c77d6e1e3d6a1d26a6fc8fc7f.php 第 34 行.
NOTIC: [2] Illegal string offset 'id' E:\phpstudy\PHPTutorial\WWW\thinkphp3\Application\Runtime\Cache\Home\1093f07c77d6e1e3d6a1d26a6fc8fc7f.php 第 49 行.
NOTIC: [2] Illegal string offset 'id' E:\phpstudy\PHPTutorial\WWW\thinkphp3\Application\Runtime\Cache\Home\1093f07c77d6e1e3d6a1d26a6fc8fc7f.php 第 31 行.
NOTIC: [2] Illegal string offset 'id' E:\phpstudy\PHPTutorial\WWW\thinkphp3\Application\Runtime\Cache\Home\1093f07c77d6e1e3d6a1d26a6fc8fc7f.php 第 34 行.
NOTIC: [2] Illegal string offset 'id' E:\phpstudy\PHPTutorial\WWW\thinkphp3\Application\Runtime\Cache\Home\1093f07c77d6e1e3d6a1d26a6fc8fc7f.php 第 49 行.
NOTIC: [2] Illegal string offset 'id' E:\phpstudy\PHPTutorial\WWW\thinkphp3\Application\Runtime\Cache\Home\1093f07c77d6e1e3d6a1d26a6fc8fc7f.php 第 31 行.
NOTIC: [2] Illegal string offset 'id' E:\phpstudy\PHPTutorial\WWW\thinkphp3\Application\Runtime\Cache\Home\1093f07c77d6e1e3d6a1d26a6fc8fc7f.php 第 34 行.
NOTIC: [2] Illegal string offset 'id' E:\phpstudy\PHPTutorial\WWW\thinkphp3\Application\Runtime\Cache\Home\1093f07c77d6e1e3d6a1d26a6fc8fc7f.php 第 49 行.
NOTIC: [2] Illegal string offset 'id' E:\phpstudy\PHPTutorial\WWW\thinkphp3\Application\Runtime\Cache\Home\1093f07c77d6e1e3d6a1d26a6fc8fc7f.php 第 31 行.
NOTIC: [2] Illegal string offset 'id' E:\phpstudy\PHPTutorial\WWW\thinkphp3\Application\Runtime\Cache\Home\1093f07c77d6e1e3d6a1d26a6fc8fc7f.php 第 34 行.
NOTIC: [2] Illegal string offset 'id' E:\phpstudy\PHPTutorial\WWW\thinkphp3\Application\Runtime\Cache\Home\1093f07c77d6e1e3d6a1d26a6fc8fc7f.php 第 49 行.
NOTIC: [2] Illegal string offset 'id' E:\phpstudy\PHPTutorial\WWW\thinkphp3\Application\Runtime\Cache\Home\1093f07c77d6e1e3d6a1d26a6fc8fc7f.php 第 54 行.
INFO: Run Behavior\ParseTemplateBehavior [ RunTime:0.008257s ]
INFO: [ view_parse ] --END-- [ RunTime:0.008292s ]
INFO: [ view_filter ] --START--
INFO: Run Behavior\WriteHtmlCacheBehavior [ RunTime:0.000754s ]
INFO: [ view_filter ] --END-- [ RunTime:0.000782s ]
INFO: [ app_end ] --START--
INFO: Run Behavior\ShowPageTraceBehavior [ RunTime:0.000878s ]
INFO: [ app_end ] --END-- [ RunTime:0.000908s ]

[ 2020-01-09T13:42:42+08:00 ] ::1 /thinkphp3/index.php/Home/Topic/index.html?inves=1&class=4&teacher_id=3
INFO: [ app_init ] --START--
INFO: Run Behavior\BuildLiteBehavior [ RunTime:0.000047s ]
INFO: [ app_init ] --END-- [ RunTime:0.000970s ]
INFO: [ app_begin ] --START--
INFO: Run Behavior\ReadHtmlCacheBehavior [ RunTime:0.000638s ]
INFO: [ app_begin ] --END-- [ RunTime:0.000684s ]
SQL: SHOW COLUMNS FROM `inves` [ RunTime:0.0168s ]
SQL: SELECT `id`,`name` FROM `inves` WHERE ( id=1 ) LIMIT 1   [ RunTime:0.0006s ]
SQL: SHOW COLUMNS FROM `class` [ RunTime:0.0086s ]
SQL: SELECT `id`,`name` FROM `class` WHERE ( id=4 ) LIMIT 1   [ RunTime:0.0002s ]
SQL: SHOW COLUMNS FROM `teacher` [ RunTime:0.0088s ]
SQL: SELECT `id`,`name` FROM `teacher` WHERE ( id=3 ) LIMIT 1   [ RunTime:0.0002s ]
SQL: SHOW COLUMNS FROM `teacher_topic` [ RunTime:0.0103s ]
SQL: SELECT `id`,`topic` FROM `teacher_topic`  [ RunTime:0.0002s ]
INFO: [ view_parse ] --START--
INFO: [ template_filter ] --START--
INFO: Run Behavior\ContentReplaceBehavior [ RunTime:0.000055s ]
INFO: [ template_filter ] --END-- [ RunTime:0.000101s ]
NOTIC: [2] Illegal string offset 'id' E:\phpstudy\PHPTutorial\WWW\thinkphp3\Application\Runtime\Cache\Home\1093f07c77d6e1e3d6a1d26a6fc8fc7f.php 第 29 行.
NOTIC: [2] Illegal string offset 'id' E:\phpstudy\PHPTutorial\WWW\thinkphp3\Application\Runtime\Cache\Home\1093f07c77d6e1e3d6a1d26a6fc8fc7f.php 第 31 行.
NOTIC: [2] Illegal string offset 'id' E:\phpstudy\PHPTutorial\WWW\thinkphp3\Application\Runtime\Cache\Home\1093f07c77d6e1e3d6a1d26a6fc8fc7f.php 第 34 行.
NOTIC: [2] Illegal string offset 'id' E:\phpstudy\PHPTutorial\WWW\thinkphp3\Application\Runtime\Cache\Home\1093f07c77d6e1e3d6a1d26a6fc8fc7f.php 第 49 行.
NOTIC: [2] Illegal string offset 'id' E:\phpstudy\PHPTutorial\WWW\thinkphp3\Application\Runtime\Cache\Home\1093f07c77d6e1e3d6a1d26a6fc8fc7f.php 第 31 行.
NOTIC: [2] Illegal string offset 'id' E:\phpstudy\PHPTutorial\WWW\thinkphp3\Application\Runtime\Cache\Home\1093f07c77d6e1e3d6a1d26a6fc8fc7f.php 第 34 行.
NOTIC: [2] Illegal string offset 'id' E:\phpstudy\PHPTutorial\WWW\thinkphp3\Application\Runtime\Cache\Home\1093f07c77d6e1e3d6a1d26a6fc8fc7f.php 第 49 行.
NOTIC: [2] Illegal string offset 'id' E:\phpstudy\PHPTutorial\WWW\thinkphp3\Application\Runtime\Cache\Home\1093f07c77d6e1e3d6a1d26a6fc8fc7f.php 第 31 行.
NOTIC: [2] Illegal string offset 'id' E:\phpstudy\PHPTutorial\WWW\thinkphp3\Application\Runtime\Cache\Home\1093f07c77d6e1e3d6a1d26a6fc8fc7f.php 第 34 行.
NOTIC: [2] Illegal string offset 'id' E:\phpstudy\PHPTutorial\WWW\thinkphp3\Application\Runtime\Cache\Home\1093f07c77d6e1e3d6a1d26a6fc8fc7f.php 第 49 行.
NOTIC: [2] Illegal string offset 'id' E:\phpstudy\PHPTutorial\WWW\thinkphp3\Application\Runtime\Cache\Home\1093f07c77d6e1e3d6a1d26a6fc8fc7f.php 第 31 行.
NOTIC: [2] Illegal string offset 'id' E:\phpstudy\PHPTutorial\WWW\thinkphp3\Application\Runtime\Cache\Home\1093f07c77d6e1e3d6a1d26a6fc8fc7f.php 第 34 行.
NOTIC: [2] Illegal string offset 'id' E:\phpstudy\PHPTutorial\WWW\thinkphp3\Application\Runtime\Cache\Home\1093f07c77d6e1e3d6a1d26a6fc8fc7f.php 第 49 行.
NOTIC: [2] Illegal string offset 'id' E:\phpstudy\PHPTutorial\WWW\thinkphp3\Application\Runtime\Cache\Home\1093f07c77d6e1e3d6a1d26a6fc8fc7f.php 第 31 行.
NOTIC: [2] Illegal string offset 'id' E:\phpstudy\PHPTutorial\WWW\thinkphp3\Application\Runtime\Cache\Home\1093f07c77d6e1e3d6a1d26a6fc8fc7f.php 第 34 行.
NOTIC: [2] Illegal string offset 'id' E:\phpstudy\PHPTutorial\WWW\thinkphp3\Application\Runtime\Cache\Home\1093f07c77d6e1e3d6a1d26a6fc8fc7f.php 第 49 行.
NOTIC: [2] Illegal string offset 'id' E:\phpstudy\PHPTutorial\WWW\thinkphp3\Application\Runtime\Cache\Home\1093f07c77d6e1e3d6a1d26a6fc8fc7f.php 第 54 行.
INFO: Run Behavior\ParseTemplateBehavior [ RunTime:0.009385s ]
INFO: [ view_parse ] --END-- [ RunTime:0.009427s ]
INFO: [ view_filter ] --START--
INFO: Run Behavior\WriteHtmlCacheBehavior [ RunTime:0.000866s ]
INFO: [ view_filter ] --END-- [ RunTime:0.000900s ]
INFO: [ app_end ] --START--
INFO: Run Behavior\ShowPageTraceBehavior [ RunTime:0.000944s ]
INFO: [ app_end ] --END-- [ RunTime:0.000974s ]

[ 2020-01-09T13:42:46+08:00 ] ::1 /thinkphp3/index.php/Home/Topic/summary/class_id/4/teacher_id/3/inves/1.html
INFO: [ app_init ] --START--
INFO: Run Behavior\BuildLiteBehavior [ RunTime:0.000009s ]
INFO: [ app_init ] --END-- [ RunTime:0.000470s ]
INFO: [ app_begin ] --START--
INFO: Run Behavior\ReadHtmlCacheBehavior [ RunTime:0.000531s ]
INFO: [ app_begin ] --END-- [ RunTime:0.000571s ]
NOTIC: [2] Invalid argument supplied for foreach() E:\phpstudy\PHPTutorial\WWW\thinkphp3\Application\Home\Controller\TopicController.class.php 第 97 行.
SQL: SHOW COLUMNS FROM `stgrade` [ RunTime:0.0136s ]
SQL: SELECT * FROM `stgrade` WHERE ( class_id=4 ) LIMIT 1   [ RunTime:0.0003s ]
NOTIC: [2] Invalid argument supplied for foreach() E:\phpstudy\PHPTutorial\WWW\thinkphp3\Application\Home\Controller\TopicController.class.php 第 111 行.
NOTIC: [8] Undefined variable: data E:\phpstudy\PHPTutorial\WWW\thinkphp3\Application\Home\Controller\TopicController.class.php 第 119 行.
NOTIC: [2] Invalid argument supplied for foreach() E:\phpstudy\PHPTutorial\WWW\thinkphp3\Application\Home\Controller\TopicController.class.php 第 111 行.
NOTIC: [8] Undefined variable: data E:\phpstudy\PHPTutorial\WWW\thinkphp3\Application\Home\Controller\TopicController.class.php 第 119 行.
NOTIC: [2] Invalid argument supplied for foreach() E:\phpstudy\PHPTutorial\WWW\thinkphp3\Application\Home\Controller\TopicController.class.php 第 111 行.
NOTIC: [8] Undefined variable: data E:\phpstudy\PHPTutorial\WWW\thinkphp3\Application\Home\Controller\TopicController.class.php 第 119 行.
NOTIC: [2] Invalid argument supplied for foreach() E:\phpstudy\PHPTutorial\WWW\thinkphp3\Application\Home\Controller\TopicController.class.php 第 111 行.
NOTIC: [8] Undefined variable: data E:\phpstudy\PHPTutorial\WWW\thinkphp3\Application\Home\Controller\TopicController.class.php 第 119 行.
NOTIC: [2] Invalid argument supplied for foreach() E:\phpstudy\PHPTutorial\WWW\thinkphp3\Application\Home\Controller\TopicController.class.php 第 111 行.
NOTIC: [8] Undefined variable: data E:\phpstudy\PHPTutorial\WWW\thinkphp3\Application\Home\Controller\TopicController.class.php 第 119 行.
INFO: [ view_parse ] --START--
INFO: [ template_filter ] --START--
INFO: Run Behavior\ContentReplaceBehavior [ RunTime:0.000037s ]
INFO: [ template_filter ] --END-- [ RunTime:0.000077s ]
INFO: Run Behavior\ParseTemplateBehavior [ RunTime:0.005060s ]
INFO: [ view_parse ] --END-- [ RunTime:0.005105s ]
INFO: [ view_filter ] --START--
INFO: Run Behavior\WriteHtmlCacheBehavior [ RunTime:0.000960s ]
INFO: [ view_filter ] --END-- [ RunTime:0.000991s ]
INFO: [ app_end ] --START--
INFO: Run Behavior\ShowPageTraceBehavior [ RunTime:0.000917s ]
INFO: [ app_end ] --END-- [ RunTime:0.000952s ]

[ 2020-01-09T13:42:46+08:00 ] ::1 /thinkphp3/index.php/Home/Topic/summary/class_id/4/teacher_id/3/inves/img/bg.jpg
INFO: [ app_init ] --START--
INFO: Run Behavior\BuildLiteBehavior [ RunTime:0.000017s ]
INFO: [ app_init ] --END-- [ RunTime:0.000493s ]

[ 2020-01-09T13:44:29+08:00 ] ::1 /thinkphp3/index.php/Home/Topic/index.html?inves=1&class=4&teacher_id=3
INFO: [ app_init ] --START--
INFO: Run Behavior\BuildLiteBehavior [ RunTime:0.000032s ]
INFO: [ app_init ] --END-- [ RunTime:0.000579s ]
INFO: [ app_begin ] --START--
INFO: Run Behavior\ReadHtmlCacheBehavior [ RunTime:0.000980s ]
INFO: [ app_begin ] --END-- [ RunTime:0.001057s ]
SQL: SHOW COLUMNS FROM `inves` [ RunTime:0.0106s ]
SQL: SELECT `id`,`name` FROM `inves` WHERE ( id=1 ) LIMIT 1   [ RunTime:0.0003s ]
SQL: SHOW COLUMNS FROM `class` [ RunTime:0.0115s ]
SQL: SELECT `id`,`name` FROM `class` WHERE ( id=4 ) LIMIT 1   [ RunTime:0.0003s ]
SQL: SHOW COLUMNS FROM `teacher` [ RunTime:0.0184s ]
SQL: SELECT `id`,`name` FROM `teacher` WHERE ( id=3 ) LIMIT 1   [ RunTime:0.0003s ]
SQL: SHOW COLUMNS FROM `teacher_topic` [ RunTime:0.0096s ]
SQL: SELECT `id`,`topic` FROM `teacher_topic`  [ RunTime:0.0002s ]
INFO: [ view_parse ] --START--
INFO: [ template_filter ] --START--
INFO: Run Behavior\ContentReplaceBehavior [ RunTime:0.000051s ]
INFO: [ template_filter ] --END-- [ RunTime:0.000092s ]
NOTIC: [2] Illegal string offset 'id' E:\phpstudy\PHPTutorial\WWW\thinkphp3\Application\Runtime\Cache\Home\1093f07c77d6e1e3d6a1d26a6fc8fc7f.php 第 29 行.
NOTIC: [2] Illegal string offset 'id' E:\phpstudy\PHPTutorial\WWW\thinkphp3\Application\Runtime\Cache\Home\1093f07c77d6e1e3d6a1d26a6fc8fc7f.php 第 31 行.
NOTIC: [2] Illegal string offset 'id' E:\phpstudy\PHPTutorial\WWW\thinkphp3\Application\Runtime\Cache\Home\1093f07c77d6e1e3d6a1d26a6fc8fc7f.php 第 34 行.
NOTIC: [2] Illegal string offset 'id' E:\phpstudy\PHPTutorial\WWW\thinkphp3\Application\Runtime\Cache\Home\1093f07c77d6e1e3d6a1d26a6fc8fc7f.php 第 49 行.
NOTIC: [2] Illegal string offset 'id' E:\phpstudy\PHPTutorial\WWW\thinkphp3\Application\Runtime\Cache\Home\1093f07c77d6e1e3d6a1d26a6fc8fc7f.php 第 31 行.
NOTIC: [2] Illegal string offset 'id' E:\phpstudy\PHPTutorial\WWW\thinkphp3\Application\Runtime\Cache\Home\1093f07c77d6e1e3d6a1d26a6fc8fc7f.php 第 34 行.
NOTIC: [2] Illegal string offset 'id' E:\phpstudy\PHPTutorial\WWW\thinkphp3\Application\Runtime\Cache\Home\1093f07c77d6e1e3d6a1d26a6fc8fc7f.php 第 49 行.
NOTIC: [2] Illegal string offset 'id' E:\phpstudy\PHPTutorial\WWW\thinkphp3\Application\Runtime\Cache\Home\1093f07c77d6e1e3d6a1d26a6fc8fc7f.php 第 31 行.
NOTIC: [2] Illegal string offset 'id' E:\phpstudy\PHPTutorial\WWW\thinkphp3\Application\Runtime\Cache\Home\1093f07c77d6e1e3d6a1d26a6fc8fc7f.php 第 34 行.
NOTIC: [2] Illegal string offset 'id' E:\phpstudy\PHPTutorial\WWW\thinkphp3\Application\Runtime\Cache\Home\1093f07c77d6e1e3d6a1d26a6fc8fc7f.php 第 49 行.
NOTIC: [2] Illegal string offset 'id' E:\phpstudy\PHPTutorial\WWW\thinkphp3\Application\Runtime\Cache\Home\1093f07c77d6e1e3d6a1d26a6fc8fc7f.php 第 31 行.
NOTIC: [2] Illegal string offset 'id' E:\phpstudy\PHPTutorial\WWW\thinkphp3\Application\Runtime\Cache\Home\1093f07c77d6e1e3d6a1d26a6fc8fc7f.php 第 34 行.
NOTIC: [2] Illegal string offset 'id' E:\phpstudy\PHPTutorial\WWW\thinkphp3\Application\Runtime\Cache\Home\1093f07c77d6e1e3d6a1d26a6fc8fc7f.php 第 49 行.
NOTIC: [2] Illegal string offset 'id' E:\phpstudy\PHPTutorial\WWW\thinkphp3\Application\Runtime\Cache\Home\1093f07c77d6e1e3d6a1d26a6fc8fc7f.php 第 31 行.
NOTIC: [2] Illegal string offset 'id' E:\phpstudy\PHPTutorial\WWW\thinkphp3\Application\Runtime\Cache\Home\1093f07c77d6e1e3d6a1d26a6fc8fc7f.php 第 34 行.
NOTIC: [2] Illegal string offset 'id' E:\phpstudy\PHPTutorial\WWW\thinkphp3\Application\Runtime\Cache\Home\1093f07c77d6e1e3d6a1d26a6fc8fc7f.php 第 49 行.
NOTIC: [2] Illegal string offset 'id' E:\phpstudy\PHPTutorial\WWW\thinkphp3\Application\Runtime\Cache\Home\1093f07c77d6e1e3d6a1d26a6fc8fc7f.php 第 54 行.
INFO: Run Behavior\ParseTemplateBehavior [ RunTime:0.009364s ]
INFO: [ view_parse ] --END-- [ RunTime:0.009403s ]
INFO: [ view_filter ] --START--
INFO: Run Behavior\WriteHtmlCacheBehavior [ RunTime:0.000812s ]
INFO: [ view_filter ] --END-- [ RunTime:0.000863s ]
INFO: [ app_end ] --START--
INFO: Run Behavior\ShowPageTraceBehavior [ RunTime:0.000882s ]
INFO: [ app_end ] --END-- [ RunTime:0.000935s ]

[ 2020-01-09T13:44:30+08:00 ] ::1 /thinkphp3/index.php/Home/Topic/index.html?inves=1&class=4&teacher_id=3
INFO: [ app_init ] --START--
INFO: Run Behavior\BuildLiteBehavior [ RunTime:0.000010s ]
INFO: [ app_init ] --END-- [ RunTime:0.000469s ]
INFO: [ app_begin ] --START--
INFO: Run Behavior\ReadHtmlCacheBehavior [ RunTime:0.000528s ]
INFO: [ app_begin ] --END-- [ RunTime:0.000566s ]
SQL: SHOW COLUMNS FROM `inves` [ RunTime:0.0107s ]
SQL: SELECT `id`,`name` FROM `inves` WHERE ( id=1 ) LIMIT 1   [ RunTime:0.0002s ]
SQL: SHOW COLUMNS FROM `class` [ RunTime:0.0187s ]
SQL: SELECT `id`,`name` FROM `class` WHERE ( id=4 ) LIMIT 1   [ RunTime:0.0009s ]
SQL: SHOW COLUMNS FROM `teacher` [ RunTime:0.0102s ]
SQL: SELECT `id`,`name` FROM `teacher` WHERE ( id=3 ) LIMIT 1   [ RunTime:0.0002s ]
SQL: SHOW COLUMNS FROM `teacher_topic` [ RunTime:0.0241s ]
SQL: SELECT `id`,`topic` FROM `teacher_topic`  [ RunTime:0.0002s ]
INFO: [ view_parse ] --START--
INFO: [ template_filter ] --START--
INFO: Run Behavior\ContentReplaceBehavior [ RunTime:0.000049s ]
INFO: [ template_filter ] --END-- [ RunTime:0.000091s ]
NOTIC: [2] Illegal string offset 'id' E:\phpstudy\PHPTutorial\WWW\thinkphp3\Application\Runtime\Cache\Home\1093f07c77d6e1e3d6a1d26a6fc8fc7f.php 第 29 行.
NOTIC: [2] Illegal string offset 'id' E:\phpstudy\PHPTutorial\WWW\thinkphp3\Application\Runtime\Cache\Home\1093f07c77d6e1e3d6a1d26a6fc8fc7f.php 第 31 行.
NOTIC: [2] Illegal string offset 'id' E:\phpstudy\PHPTutorial\WWW\thinkphp3\Application\Runtime\Cache\Home\1093f07c77d6e1e3d6a1d26a6fc8fc7f.php 第 34 行.
NOTIC: [2] Illegal string offset 'id' E:\phpstudy\PHPTutorial\WWW\thinkphp3\Application\Runtime\Cache\Home\1093f07c77d6e1e3d6a1d26a6fc8fc7f.php 第 49 行.
NOTIC: [2] Illegal string offset 'id' E:\phpstudy\PHPTutorial\WWW\thinkphp3\Application\Runtime\Cache\Home\1093f07c77d6e1e3d6a1d26a6fc8fc7f.php 第 31 行.
NOTIC: [2] Illegal string offset 'id' E:\phpstudy\PHPTutorial\WWW\thinkphp3\Application\Runtime\Cache\Home\1093f07c77d6e1e3d6a1d26a6fc8fc7f.php 第 34 行.
NOTIC: [2] Illegal string offset 'id' E:\phpstudy\PHPTutorial\WWW\thinkphp3\Application\Runtime\Cache\Home\1093f07c77d6e1e3d6a1d26a6fc8fc7f.php 第 49 行.
NOTIC: [2] Illegal string offset 'id' E:\phpstudy\PHPTutorial\WWW\thinkphp3\Application\Runtime\Cache\Home\1093f07c77d6e1e3d6a1d26a6fc8fc7f.php 第 31 行.
NOTIC: [2] Illegal string offset 'id' E:\phpstudy\PHPTutorial\WWW\thinkphp3\Application\Runtime\Cache\Home\1093f07c77d6e1e3d6a1d26a6fc8fc7f.php 第 34 行.
NOTIC: [2] Illegal string offset 'id' E:\phpstudy\PHPTutorial\WWW\thinkphp3\Application\Runtime\Cache\Home\1093f07c77d6e1e3d6a1d26a6fc8fc7f.php 第 49 行.
NOTIC: [2] Illegal string offset 'id' E:\phpstudy\PHPTutorial\WWW\thinkphp3\Application\Runtime\Cache\Home\1093f07c77d6e1e3d6a1d26a6fc8fc7f.php 第 31 行.
NOTIC: [2] Illegal string offset 'id' E:\phpstudy\PHPTutorial\WWW\thinkphp3\Application\Runtime\Cache\Home\1093f07c77d6e1e3d6a1d26a6fc8fc7f.php 第 34 行.
NOTIC: [2] Illegal string offset 'id' E:\phpstudy\PHPTutorial\WWW\thinkphp3\Application\Runtime\Cache\Home\1093f07c77d6e1e3d6a1d26a6fc8fc7f.php 第 49 行.
NOTIC: [2] Illegal string offset 'id' E:\phpstudy\PHPTutorial\WWW\thinkphp3\Application\Runtime\Cache\Home\1093f07c77d6e1e3d6a1d26a6fc8fc7f.php 第 31 行.
NOTIC: [2] Illegal string offset 'id' E:\phpstudy\PHPTutorial\WWW\thinkphp3\Application\Runtime\Cache\Home\1093f07c77d6e1e3d6a1d26a6fc8fc7f.php 第 34 行.
NOTIC: [2] Illegal string offset 'id' E:\phpstudy\PHPTutorial\WWW\thinkphp3\Application\Runtime\Cache\Home\1093f07c77d6e1e3d6a1d26a6fc8fc7f.php 第 49 行.
NOTIC: [2] Illegal string offset 'id' E:\phpstudy\PHPTutorial\WWW\thinkphp3\Application\Runtime\Cache\Home\1093f07c77d6e1e3d6a1d26a6fc8fc7f.php 第 54 行.
INFO: Run Behavior\ParseTemplateBehavior [ RunTime:0.008442s ]
INFO: [ view_parse ] --END-- [ RunTime:0.008477s ]
INFO: [ view_filter ] --START--
INFO: Run Behavior\WriteHtmlCacheBehavior [ RunTime:0.000713s ]
INFO: [ view_filter ] --END-- [ RunTime:0.000743s ]
INFO: [ app_end ] --START--
INFO: Run Behavior\ShowPageTraceBehavior [ RunTime:0.000558s ]
INFO: [ app_end ] --END-- [ RunTime:0.000587s ]

[ 2020-01-09T13:44:34+08:00 ] ::1 /thinkphp3/index.php/Home/Index/teacher.html
INFO: [ app_init ] --START--
INFO: Run Behavior\BuildLiteBehavior [ RunTime:0.000011s ]
INFO: [ app_init ] --END-- [ RunTime:0.000470s ]
INFO: [ app_begin ] --START--
INFO: Run Behavior\ReadHtmlCacheBehavior [ RunTime:0.000518s ]
INFO: [ app_begin ] --END-- [ RunTime:0.000553s ]
SQL: SHOW COLUMNS FROM `teacher` [ RunTime:0.0119s ]
SQL: SELECT a.id,a.name FROM teacher a INNER JOIN class as b on a.id=b.teacher_id  WHERE ( b.id=2 )  [ RunTime:0.0003s ]

[ 2020-01-09T13:44:35+08:00 ] ::1 /thinkphp3/index.php/Home/Topic/index.html?inves=1&class=2&teacher_id=1
INFO: [ app_init ] --START--
INFO: Run Behavior\BuildLiteBehavior [ RunTime:0.000009s ]
INFO: [ app_init ] --END-- [ RunTime:0.000489s ]
INFO: [ app_begin ] --START--
INFO: Run Behavior\ReadHtmlCacheBehavior [ RunTime:0.000511s ]
INFO: [ app_begin ] --END-- [ RunTime:0.000548s ]
SQL: SHOW COLUMNS FROM `inves` [ RunTime:0.0256s ]
SQL: SELECT `id`,`name` FROM `inves` WHERE ( id=1 ) LIMIT 1   [ RunTime:0.0004s ]
SQL: SHOW COLUMNS FROM `class` [ RunTime:0.0102s ]
SQL: SELECT `id`,`name` FROM `class` WHERE ( id=2 ) LIMIT 1   [ RunTime:0.0002s ]
SQL: SHOW COLUMNS FROM `teacher` [ RunTime:0.0121s ]
SQL: SELECT `id`,`name` FROM `teacher` WHERE ( id=1 ) LIMIT 1   [ RunTime:0.0003s ]
SQL: SHOW COLUMNS FROM `teacher_topic` [ RunTime:0.0195s ]
SQL: SELECT `id`,`topic` FROM `teacher_topic`  [ RunTime:0.0003s ]
INFO: [ view_parse ] --START--
INFO: [ template_filter ] --START--
INFO: Run Behavior\ContentReplaceBehavior [ RunTime:0.000063s ]
INFO: [ template_filter ] --END-- [ RunTime:0.000138s ]
NOTIC: [2] Illegal string offset 'id' E:\phpstudy\PHPTutorial\WWW\thinkphp3\Application\Runtime\Cache\Home\1093f07c77d6e1e3d6a1d26a6fc8fc7f.php 第 29 行.
NOTIC: [2] Illegal string offset 'id' E:\phpstudy\PHPTutorial\WWW\thinkphp3\Application\Runtime\Cache\Home\1093f07c77d6e1e3d6a1d26a6fc8fc7f.php 第 31 行.
NOTIC: [2] Illegal string offset 'id' E:\phpstudy\PHPTutorial\WWW\thinkphp3\Application\Runtime\Cache\Home\1093f07c77d6e1e3d6a1d26a6fc8fc7f.php 第 34 行.
NOTIC: [2] Illegal string offset 'id' E:\phpstudy\PHPTutorial\WWW\thinkphp3\Application\Runtime\Cache\Home\1093f07c77d6e1e3d6a1d26a6fc8fc7f.php 第 49 行.
NOTIC: [2] Illegal string offset 'id' E:\phpstudy\PHPTutorial\WWW\thinkphp3\Application\Runtime\Cache\Home\1093f07c77d6e1e3d6a1d26a6fc8fc7f.php 第 31 行.
NOTIC: [2] Illegal string offset 'id' E:\phpstudy\PHPTutorial\WWW\thinkphp3\Application\Runtime\Cache\Home\1093f07c77d6e1e3d6a1d26a6fc8fc7f.php 第 34 行.
NOTIC: [2] Illegal string offset 'id' E:\phpstudy\PHPTutorial\WWW\thinkphp3\Application\Runtime\Cache\Home\1093f07c77d6e1e3d6a1d26a6fc8fc7f.php 第 49 行.
NOTIC: [2] Illegal string offset 'id' E:\phpstudy\PHPTutorial\WWW\thinkphp3\Application\Runtime\Cache\Home\1093f07c77d6e1e3d6a1d26a6fc8fc7f.php 第 31 行.
NOTIC: [2] Illegal string offset 'id' E:\phpstudy\PHPTutorial\WWW\thinkphp3\Application\Runtime\Cache\Home\1093f07c77d6e1e3d6a1d26a6fc8fc7f.php 第 34 行.
NOTIC: [2] Illegal string offset 'id' E:\phpstudy\PHPTutorial\WWW\thinkphp3\Application\Runtime\Cache\Home\1093f07c77d6e1e3d6a1d26a6fc8fc7f.php 第 49 行.
NOTIC: [2] Illegal string offset 'id' E:\phpstudy\PHPTutorial\WWW\thinkphp3\Application\Runtime\Cache\Home\1093f07c77d6e1e3d6a1d26a6fc8fc7f.php 第 31 行.
NOTIC: [2] Illegal string offset 'id' E:\phpstudy\PHPTutorial\WWW\thinkphp3\Application\Runtime\Cache\Home\1093f07c77d6e1e3d6a1d26a6fc8fc7f.php 第 34 行.
NOTIC: [2] Illegal string offset 'id' E:\phpstudy\PHPTutorial\WWW\thinkphp3\Application\Runtime\Cache\Home\1093f07c77d6e1e3d6a1d26a6fc8fc7f.php 第 49 行.
NOTIC: [2] Illegal string offset 'id' E:\phpstudy\PHPTutorial\WWW\thinkphp3\Application\Runtime\Cache\Home\1093f07c77d6e1e3d6a1d26a6fc8fc7f.php 第 31 行.
NOTIC: [2] Illegal string offset 'id' E:\phpstudy\PHPTutorial\WWW\thinkphp3\Application\Runtime\Cache\Home\1093f07c77d6e1e3d6a1d26a6fc8fc7f.php 第 34 行.
NOTIC: [2] Illegal string offset 'id' E:\phpstudy\PHPTutorial\WWW\thinkphp3\Application\Runtime\Cache\Home\1093f07c77d6e1e3d6a1d26a6fc8fc7f.php 第 49 行.
NOTIC: [2] Illegal string offset 'id' E:\phpstudy\PHPTutorial\WWW\thinkphp3\Application\Runtime\Cache\Home\1093f07c77d6e1e3d6a1d26a6fc8fc7f.php 第 54 行.
INFO: Run Behavior\ParseTemplateBehavior [ RunTime:0.009186s ]
INFO: [ view_parse ] --END-- [ RunTime:0.009231s ]
INFO: [ view_filter ] --START--
INFO: Run Behavior\WriteHtmlCacheBehavior [ RunTime:0.000700s ]
INFO: [ view_filter ] --END-- [ RunTime:0.000730s ]
INFO: [ app_end ] --START--
INFO: Run Behavior\ShowPageTraceBehavior [ RunTime:0.000530s ]
INFO: [ app_end ] --END-- [ RunTime:0.000561s ]

[ 2020-01-09T13:45:21+08:00 ] ::1 /thinkphp3/index.php/Home/Topic/index.html?inves=1&class=2&teacher_id=1
INFO: [ app_init ] --START--
INFO: Run Behavior\BuildLiteBehavior [ RunTime:0.000011s ]
INFO: [ app_init ] --END-- [ RunTime:0.000494s ]
INFO: [ app_begin ] --START--
INFO: Run Behavior\ReadHtmlCacheBehavior [ RunTime:0.000722s ]
INFO: [ app_begin ] --END-- [ RunTime:0.000764s ]
SQL: SHOW COLUMNS FROM `inves` [ RunTime:0.0121s ]
SQL: SELECT `id`,`name` FROM `inves` WHERE ( id=1 ) LIMIT 1   [ RunTime:0.0004s ]
SQL: SHOW COLUMNS FROM `class` [ RunTime:0.0102s ]
SQL: SELECT `id`,`name` FROM `class` WHERE ( id=2 ) LIMIT 1   [ RunTime:0.0003s ]
SQL: SHOW COLUMNS FROM `teacher` [ RunTime:0.0149s ]
SQL: SELECT `id`,`name` FROM `teacher` WHERE ( id=1 ) LIMIT 1   [ RunTime:0.0002s ]
SQL: SHOW COLUMNS FROM `teacher_topic` [ RunTime:0.0248s ]
SQL: SELECT `id`,`topic` FROM `teacher_topic`  [ RunTime:0.0003s ]
INFO: [ view_parse ] --START--
INFO: [ template_filter ] --START--
INFO: Run Behavior\ContentReplaceBehavior [ RunTime:0.000057s ]
INFO: [ template_filter ] --END-- [ RunTime:0.000098s ]
NOTIC: [2] Illegal string offset 'id' E:\phpstudy\PHPTutorial\WWW\thinkphp3\Application\Runtime\Cache\Home\1093f07c77d6e1e3d6a1d26a6fc8fc7f.php 第 29 行.
NOTIC: [2] Illegal string offset 'id' E:\phpstudy\PHPTutorial\WWW\thinkphp3\Application\Runtime\Cache\Home\1093f07c77d6e1e3d6a1d26a6fc8fc7f.php 第 31 行.
NOTIC: [2] Illegal string offset 'id' E:\phpstudy\PHPTutorial\WWW\thinkphp3\Application\Runtime\Cache\Home\1093f07c77d6e1e3d6a1d26a6fc8fc7f.php 第 34 行.
NOTIC: [2] Illegal string offset 'id' E:\phpstudy\PHPTutorial\WWW\thinkphp3\Application\Runtime\Cache\Home\1093f07c77d6e1e3d6a1d26a6fc8fc7f.php 第 49 行.
NOTIC: [2] Illegal string offset 'id' E:\phpstudy\PHPTutorial\WWW\thinkphp3\Application\Runtime\Cache\Home\1093f07c77d6e1e3d6a1d26a6fc8fc7f.php 第 31 行.
NOTIC: [2] Illegal string offset 'id' E:\phpstudy\PHPTutorial\WWW\thinkphp3\Application\Runtime\Cache\Home\1093f07c77d6e1e3d6a1d26a6fc8fc7f.php 第 34 行.
NOTIC: [2] Illegal string offset 'id' E:\phpstudy\PHPTutorial\WWW\thinkphp3\Application\Runtime\Cache\Home\1093f07c77d6e1e3d6a1d26a6fc8fc7f.php 第 49 行.
NOTIC: [2] Illegal string offset 'id' E:\phpstudy\PHPTutorial\WWW\thinkphp3\Application\Runtime\Cache\Home\1093f07c77d6e1e3d6a1d26a6fc8fc7f.php 第 31 行.
NOTIC: [2] Illegal string offset 'id' E:\phpstudy\PHPTutorial\WWW\thinkphp3\Application\Runtime\Cache\Home\1093f07c77d6e1e3d6a1d26a6fc8fc7f.php 第 34 行.
NOTIC: [2] Illegal string offset 'id' E:\phpstudy\PHPTutorial\WWW\thinkphp3\Application\Runtime\Cache\Home\1093f07c77d6e1e3d6a1d26a6fc8fc7f.php 第 49 行.
NOTIC: [2] Illegal string offset 'id' E:\phpstudy\PHPTutorial\WWW\thinkphp3\Application\Runtime\Cache\Home\1093f07c77d6e1e3d6a1d26a6fc8fc7f.php 第 31 行.
NOTIC: [2] Illegal string offset 'id' E:\phpstudy\PHPTutorial\WWW\thinkphp3\Application\Runtime\Cache\Home\1093f07c77d6e1e3d6a1d26a6fc8fc7f.php 第 34 行.
NOTIC: [2] Illegal string offset 'id' E:\phpstudy\PHPTutorial\WWW\thinkphp3\Application\Runtime\Cache\Home\1093f07c77d6e1e3d6a1d26a6fc8fc7f.php 第 49 行.
NOTIC: [2] Illegal string offset 'id' E:\phpstudy\PHPTutorial\WWW\thinkphp3\Application\Runtime\Cache\Home\1093f07c77d6e1e3d6a1d26a6fc8fc7f.php 第 31 行.
NOTIC: [2] Illegal string offset 'id' E:\phpstudy\PHPTutorial\WWW\thinkphp3\Application\Runtime\Cache\Home\1093f07c77d6e1e3d6a1d26a6fc8fc7f.php 第 34 行.
NOTIC: [2] Illegal string offset 'id' E:\phpstudy\PHPTutorial\WWW\thinkphp3\Application\Runtime\Cache\Home\1093f07c77d6e1e3d6a1d26a6fc8fc7f.php 第 49 行.
NOTIC: [2] Illegal string offset 'id' E:\phpstudy\PHPTutorial\WWW\thinkphp3\Application\Runtime\Cache\Home\1093f07c77d6e1e3d6a1d26a6fc8fc7f.php 第 54 行.
INFO: Run Behavior\ParseTemplateBehavior [ RunTime:0.008413s ]
INFO: [ view_parse ] --END-- [ RunTime:0.008462s ]
INFO: [ view_filter ] --START--
INFO: Run Behavior\WriteHtmlCacheBehavior [ RunTime:0.000691s ]
INFO: [ view_filter ] --END-- [ RunTime:0.000720s ]
INFO: [ app_end ] --START--
INFO: Run Behavior\ShowPageTraceBehavior [ RunTime:0.000526s ]
INFO: [ app_end ] --END-- [ RunTime:0.000556s ]

[ 2020-01-09T13:45:23+08:00 ] ::1 /thinkphp3/index.php/Home/Topic/summary/class_id/2/teacher_id/1/inves/1.html
INFO: [ app_init ] --START--
INFO: Run Behavior\BuildLiteBehavior [ RunTime:0.000009s ]
INFO: [ app_init ] --END-- [ RunTime:0.000479s ]
INFO: [ app_begin ] --START--
INFO: Run Behavior\ReadHtmlCacheBehavior [ RunTime:0.000513s ]
INFO: [ app_begin ] --END-- [ RunTime:0.000551s ]

[ 2020-01-09T13:46:03+08:00 ] ::1 /thinkphp3/index.php/Home/Topic/summary/class_id/2/teacher_id/1/inves/1.html
INFO: [ app_init ] --START--
INFO: Run Behavior\BuildLiteBehavior [ RunTime:0.000009s ]
INFO: [ app_init ] --END-- [ RunTime:0.000565s ]
INFO: [ app_begin ] --START--
INFO: Run Behavior\ReadHtmlCacheBehavior [ RunTime:0.001565s ]
INFO: [ app_begin ] --END-- [ RunTime:0.001643s ]
SQL: SHOW COLUMNS FROM `summary_idea` [ RunTime:0.0304s ]
SQL: INSERT INTO `summary_idea` (`class_id`,`teacher_id`,`idea`,`create_time`) VALUES ('2','1','','1578548763') [ RunTime:0.0005s ]
SQL: SHOW COLUMNS FROM `summary` [ RunTime:0.0262s ]
SQL: SELECT * FROM `summary` WHERE ( class_id=2 ) LIMIT 1   [ RunTime:0.0003s ]

[ 2020-01-09T13:47:11+08:00 ] ::1 /thinkphp3/index.php/Home/Topic/summary/class_id/2/teacher_id/1/inves/1.html
INFO: [ app_init ] --START--
INFO: Run Behavior\BuildLiteBehavior [ RunTime:0.000009s ]
INFO: [ app_init ] --END-- [ RunTime:0.000462s ]
INFO: [ app_begin ] --START--
INFO: Run Behavior\ReadHtmlCacheBehavior [ RunTime:0.000510s ]
INFO: [ app_begin ] --END-- [ RunTime:0.000547s ]
SQL: SHOW COLUMNS FROM `summary_idea` [ RunTime:0.0117s ]
SQL: INSERT INTO `summary_idea` (`class_id`,`teacher_id`,`idea`,`create_time`) VALUES ('2','1','1','1578548831') [ RunTime:0.0003s ]
SQL: SHOW COLUMNS FROM `summary` [ RunTime:0.0118s ]
SQL: SELECT * FROM `summary` WHERE ( class_id=2 ) LIMIT 1   [ RunTime:0.0003s ]
SQL: INSERT INTO `summary` (`class_id`,`teacher_id`,`topic_id`,`fraction`,`create_time`) VALUES ('2','1','1','10','1578548831') [ RunTime:0.0004s ]
SQL: INSERT INTO `summary` (`class_id`,`teacher_id`,`topic_id`,`fraction`,`create_time`) VALUES ('2','1','2','20','1578548831') [ RunTime:0.0002s ]
SQL: INSERT INTO `summary` (`class_id`,`teacher_id`,`topic_id`,`fraction`,`create_time`) VALUES ('2','1','3','30','1578548831') [ RunTime:0.0002s ]
SQL: INSERT INTO `summary` (`class_id`,`teacher_id`,`topic_id`,`fraction`,`create_time`) VALUES ('2','1','4','40','1578548831') [ RunTime:0.0002s ]
SQL: INSERT INTO `summary` (`class_id`,`teacher_id`,`topic_id`,`fraction`,`create_time`) VALUES ('2','1','5','50','1578548831') [ RunTime:0.0002s ]
INFO: [ app_end ] --START--
INFO: Run Behavior\ShowPageTraceBehavior [ RunTime:0.001038s ]
INFO: [ app_end ] --END-- [ RunTime:0.001078s ]

[ 2020-01-09T13:48:19+08:00 ] ::1 /thinkphp3/index.php/Home/Topic/summary/class_id/2/teacher_id/1/inves/1.html
INFO: [ app_init ] --START--
INFO: Run Behavior\BuildLiteBehavior [ RunTime:0.000040s ]
INFO: [ app_init ] --END-- [ RunTime:0.001261s ]
INFO: [ app_begin ] --START--
INFO: Run Behavior\ReadHtmlCacheBehavior [ RunTime:0.000953s ]
INFO: [ app_begin ] --END-- [ RunTime:0.001026s ]
SQL: SHOW COLUMNS FROM `summary_idea` [ RunTime:0.0253s ]
SQL: INSERT INTO `summary_idea` (`class_id`,`teacher_id`,`idea`,`create_time`) VALUES ('2','1','1','1578548898') [ RunTime:0.0011s ]
SQL: SHOW COLUMNS FROM `summary` [ RunTime:0.0100s ]
SQL: SELECT * FROM `summary` WHERE ( class_id=2 ) LIMIT 1   [ RunTime:0.0004s ]
SQL: update summary set number = number+1,fraction = fraction+10,avg = fraction/number 
                where class_id = 2 and teacher_id=1 and topic_id=1 [ RunTime:0.0006s ]
SQL: update summary set number = number+1,fraction = fraction+20,avg = fraction/number 
                where class_id = 2 and teacher_id=1 and topic_id=2 [ RunTime:0.0003s ]
SQL: update summary set number = number+1,fraction = fraction+30,avg = fraction/number 
                where class_id = 2 and teacher_id=1 and topic_id=3 [ RunTime:0.0003s ]
SQL: update summary set number = number+1,fraction = fraction+40,avg = fraction/number 
                where class_id = 2 and teacher_id=1 and topic_id=4 [ RunTime:0.0003s ]
SQL: update summary set number = number+1,fraction = fraction+50,avg = fraction/number 
                where class_id = 2 and teacher_id=1 and topic_id=5 [ RunTime:0.0003s ]
INFO: [ view_parse ] --START--
INFO: [ template_filter ] --START--
INFO: Run Behavior\ContentReplaceBehavior [ RunTime:0.000036s ]
INFO: [ template_filter ] --END-- [ RunTime:0.000080s ]
INFO: Run Behavior\ParseTemplateBehavior [ RunTime:0.008661s ]
INFO: [ view_parse ] --END-- [ RunTime:0.008723s ]
INFO: [ view_filter ] --START--
INFO: Run Behavior\WriteHtmlCacheBehavior [ RunTime:0.000781s ]
INFO: [ view_filter ] --END-- [ RunTime:0.000810s ]
INFO: [ app_end ] --START--
INFO: Run Behavior\ShowPageTraceBehavior [ RunTime:0.000717s ]
INFO: [ app_end ] --END-- [ RunTime:0.000750s ]

[ 2020-01-09T13:48:19+08:00 ] ::1 /thinkphp3/index.php/Home/Topic/summary/class_id/2/teacher_id/1/inves/img/bg.jpg
INFO: [ app_init ] --START--
INFO: Run Behavior\BuildLiteBehavior [ RunTime:0.000017s ]
INFO: [ app_init ] --END-- [ RunTime:0.001034s ]

[ 2020-01-09T13:52:52+08:00 ] ::1 /thinkphp3/index.php/Home/Index/teacher.html
INFO: [ app_init ] --START--
INFO: Run Behavior\BuildLiteBehavior [ RunTime:0.000030s ]
INFO: [ app_init ] --END-- [ RunTime:0.000856s ]
INFO: [ app_begin ] --START--
INFO: Run Behavior\ReadHtmlCacheBehavior [ RunTime:0.000639s ]
INFO: [ app_begin ] --END-- [ RunTime:0.000685s ]
SQL: SHOW COLUMNS FROM `headmaster` [ RunTime:0.0220s ]
SQL: SELECT a.id,a.name FROM headmaster a INNER JOIN class as b on a.id=b.headmaster_id  WHERE ( b.id=4 )  [ RunTime:0.0003s ]

[ 2020-01-09T13:53:08+08:00 ] ::1 /thinkphp3/index.php/Home/Topic/index.html?inves=2&class=4&teacher_id=4
INFO: [ app_init ] --START--
INFO: Run Behavior\BuildLiteBehavior [ RunTime:0.000011s ]
INFO: [ app_init ] --END-- [ RunTime:0.000527s ]
INFO: [ app_begin ] --START--
INFO: Run Behavior\ReadHtmlCacheBehavior [ RunTime:0.000532s ]
INFO: [ app_begin ] --END-- [ RunTime:0.000571s ]
SQL: SHOW COLUMNS FROM `inves` [ RunTime:0.0107s ]
SQL: SELECT `id`,`name` FROM `inves` WHERE ( id=2 ) LIMIT 1   [ RunTime:0.0003s ]
SQL: SHOW COLUMNS FROM `class` [ RunTime:0.0127s ]
SQL: SELECT `id`,`name` FROM `class` WHERE ( id=4 ) LIMIT 1   [ RunTime:0.0002s ]
SQL: SHOW COLUMNS FROM `teacher` [ RunTime:0.0143s ]
SQL: SELECT `id`,`name` FROM `teacher` WHERE ( id=4 ) LIMIT 1   [ RunTime:0.0002s ]
SQL: SHOW COLUMNS FROM `dept_topic` [ RunTime:0.0130s ]
SQL: SELECT a.id as t_id,a.topic,s.name as s_name,s.id as f_id FROM dept_topic a INNER JOIN sort as s on a.s_id=s.id   [ RunTime:0.0023s ]
INFO: [ view_parse ] --START--
INFO: [ template_filter ] --START--
INFO: Run Behavior\ContentReplaceBehavior [ RunTime:0.000054s ]
INFO: [ template_filter ] --END-- [ RunTime:0.000124s ]
NOTIC: [2] Illegal string offset 'id' E:\phpstudy\PHPTutorial\WWW\thinkphp3\Application\Runtime\Cache\Home\1093f07c77d6e1e3d6a1d26a6fc8fc7f.php 第 29 行.
NOTIC: [2] Illegal string offset 'id' E:\phpstudy\PHPTutorial\WWW\thinkphp3\Application\Runtime\Cache\Home\1093f07c77d6e1e3d6a1d26a6fc8fc7f.php 第 31 行.
NOTIC: [2] Illegal string offset 'id' E:\phpstudy\PHPTutorial\WWW\thinkphp3\Application\Runtime\Cache\Home\1093f07c77d6e1e3d6a1d26a6fc8fc7f.php 第 34 行.
NOTIC: [2] Illegal string offset 'id' E:\phpstudy\PHPTutorial\WWW\thinkphp3\Application\Runtime\Cache\Home\1093f07c77d6e1e3d6a1d26a6fc8fc7f.php 第 41 行.
NOTIC: [2] Illegal string offset 'id' E:\phpstudy\PHPTutorial\WWW\thinkphp3\Application\Runtime\Cache\Home\1093f07c77d6e1e3d6a1d26a6fc8fc7f.php 第 41 行.
NOTIC: [2] Illegal string offset 'id' E:\phpstudy\PHPTutorial\WWW\thinkphp3\Application\Runtime\Cache\Home\1093f07c77d6e1e3d6a1d26a6fc8fc7f.php 第 49 行.
NOTIC: [2] Illegal string offset 'id' E:\phpstudy\PHPTutorial\WWW\thinkphp3\Application\Runtime\Cache\Home\1093f07c77d6e1e3d6a1d26a6fc8fc7f.php 第 31 行.
NOTIC: [2] Illegal string offset 'id' E:\phpstudy\PHPTutorial\WWW\thinkphp3\Application\Runtime\Cache\Home\1093f07c77d6e1e3d6a1d26a6fc8fc7f.php 第 34 行.
NOTIC: [2] Illegal string offset 'id' E:\phpstudy\PHPTutorial\WWW\thinkphp3\Application\Runtime\Cache\Home\1093f07c77d6e1e3d6a1d26a6fc8fc7f.php 第 41 行.
NOTIC: [2] Illegal string offset 'id' E:\phpstudy\PHPTutorial\WWW\thinkphp3\Application\Runtime\Cache\Home\1093f07c77d6e1e3d6a1d26a6fc8fc7f.php 第 41 行.
NOTIC: [2] Illegal string offset 'id' E:\phpstudy\PHPTutorial\WWW\thinkphp3\Application\Runtime\Cache\Home\1093f07c77d6e1e3d6a1d26a6fc8fc7f.php 第 49 行.
NOTIC: [2] Illegal string offset 'id' E:\phpstudy\PHPTutorial\WWW\thinkphp3\Application\Runtime\Cache\Home\1093f07c77d6e1e3d6a1d26a6fc8fc7f.php 第 54 行.
INFO: Run Behavior\ParseTemplateBehavior [ RunTime:0.012046s ]
INFO: [ view_parse ] --END-- [ RunTime:0.012087s ]
INFO: [ view_filter ] --START--
INFO: Run Behavior\WriteHtmlCacheBehavior [ RunTime:0.000745s ]
INFO: [ view_filter ] --END-- [ RunTime:0.000775s ]
INFO: [ app_end ] --START--
INFO: Run Behavior\ShowPageTraceBehavior [ RunTime:0.000949s ]
INFO: [ app_end ] --END-- [ RunTime:0.000982s ]

[ 2020-01-09T13:53:16+08:00 ] ::1 /thinkphp3/index.php/Home/Topic/summary/class_id/4/inves/2.html
INFO: [ app_init ] --START--
INFO: Run Behavior\BuildLiteBehavior [ RunTime:0.000010s ]
INFO: [ app_init ] --END-- [ RunTime:0.000466s ]
INFO: [ app_begin ] --START--
INFO: Run Behavior\ReadHtmlCacheBehavior [ RunTime:0.000529s ]
INFO: [ app_begin ] --END-- [ RunTime:0.000569s ]
SQL: SHOW COLUMNS FROM `stidea` [ RunTime:0.0325s ]
SQL: INSERT INTO `stidea` (`class_id`,`headmaster_id`,`create_time`,`sort_id`,`name`) VALUES ('4','0','1578549196','1','1') [ RunTime:0.0004s ]
SQL: INSERT INTO `stidea` (`class_id`,`headmaster_id`,`create_time`,`sort_id`,`name`) VALUES ('4','0','1578549196','2','1') [ RunTime:0.0002s ]
SQL: SHOW COLUMNS FROM `stgrade` [ RunTime:0.0193s ]
SQL: SELECT * FROM `stgrade` WHERE ( class_id=4 ) LIMIT 1   [ RunTime:0.0006s ]
SQL: INSERT INTO `stgrade` (`class_id`,`t_id`,`create_time`,`headmaster_id`,`sort_id`,`point`) VALUES ('4','1','1578549196','0','1','10') [ RunTime:0.0008s ]
SQL: INSERT INTO `stgrade` (`class_id`,`t_id`,`create_time`,`headmaster_id`,`sort_id`,`point`) VALUES ('4','2','1578549196','0','2','10') [ RunTime:0.0009s ]
SQL: INSERT INTO `stgrade` (`class_id`,`t_id`,`create_time`,`headmaster_id`,`sort_id`,`point`) VALUES ('4','3','1578549196','0','1','10') [ RunTime:0.0003s ]
SQL: INSERT INTO `stgrade` (`class_id`,`t_id`,`create_time`,`headmaster_id`,`sort_id`,`point`) VALUES ('4','4','1578549196','0','2','10') [ RunTime:0.0003s ]
INFO: [ view_parse ] --START--
INFO: [ template_filter ] --START--
INFO: Run Behavior\ContentReplaceBehavior [ RunTime:0.000034s ]
INFO: [ template_filter ] --END-- [ RunTime:0.000076s ]
INFO: Run Behavior\ParseTemplateBehavior [ RunTime:0.005438s ]
INFO: [ view_parse ] --END-- [ RunTime:0.005476s ]
INFO: [ view_filter ] --START--
INFO: Run Behavior\WriteHtmlCacheBehavior [ RunTime:0.000658s ]
INFO: [ view_filter ] --END-- [ RunTime:0.000686s ]
INFO: [ app_end ] --START--
INFO: Run Behavior\ShowPageTraceBehavior [ RunTime:0.000888s ]
INFO: [ app_end ] --END-- [ RunTime:0.000920s ]

[ 2020-01-09T13:53:16+08:00 ] ::1 /thinkphp3/index.php/Home/Topic/summary/class_id/4/inves/img/bg.jpg
INFO: [ app_init ] --START--
INFO: Run Behavior\BuildLiteBehavior [ RunTime:0.000040s ]
INFO: [ app_init ] --END-- [ RunTime:0.001047s ]

[ 2020-01-09T13:54:25+08:00 ] ::1 /thinkphp3/index.php/Home/Index/teacher.html
INFO: [ app_init ] --START--
INFO: Run Behavior\BuildLiteBehavior [ RunTime:0.000009s ]
INFO: [ app_init ] --END-- [ RunTime:0.000463s ]
INFO: [ app_begin ] --START--
INFO: Run Behavior\ReadHtmlCacheBehavior [ RunTime:0.000504s ]
INFO: [ app_begin ] --END-- [ RunTime:0.000537s ]
SQL: SHOW COLUMNS FROM `headmaster` [ RunTime:0.0182s ]
SQL: SELECT a.id,a.name FROM headmaster a INNER JOIN class as b on a.id=b.headmaster_id  WHERE ( b.id=1 )  [ RunTime:0.0003s ]

[ 2020-01-09T13:54:26+08:00 ] ::1 /thinkphp3/index.php/Home/Topic/index.html?inves=2&class=1&teacher_id=1
INFO: [ app_init ] --START--
INFO: Run Behavior\BuildLiteBehavior [ RunTime:0.000009s ]
INFO: [ app_init ] --END-- [ RunTime:0.000451s ]
INFO: [ app_begin ] --START--
INFO: Run Behavior\ReadHtmlCacheBehavior [ RunTime:0.000520s ]
INFO: [ app_begin ] --END-- [ RunTime:0.000558s ]
SQL: SHOW COLUMNS FROM `inves` [ RunTime:0.0269s ]
SQL: SELECT `id`,`name` FROM `inves` WHERE ( id=2 ) LIMIT 1   [ RunTime:0.0003s ]
SQL: SHOW COLUMNS FROM `class` [ RunTime:0.0123s ]
SQL: SELECT `id`,`name` FROM `class` WHERE ( id=1 ) LIMIT 1   [ RunTime:0.0002s ]
SQL: SHOW COLUMNS FROM `teacher` [ RunTime:0.0109s ]
SQL: SELECT `id`,`name` FROM `teacher` WHERE ( id=1 ) LIMIT 1   [ RunTime:0.0004s ]
SQL: SHOW COLUMNS FROM `dept_topic` [ RunTime:0.0104s ]
SQL: SELECT a.id as t_id,a.topic,s.name as s_name,s.id as f_id FROM dept_topic a INNER JOIN sort as s on a.s_id=s.id   [ RunTime:0.0003s ]
INFO: [ view_parse ] --START--
INFO: [ template_filter ] --START--
INFO: Run Behavior\ContentReplaceBehavior [ RunTime:0.000050s ]
INFO: [ template_filter ] --END-- [ RunTime:0.000102s ]
NOTIC: [2] Illegal string offset 'id' E:\phpstudy\PHPTutorial\WWW\thinkphp3\Application\Runtime\Cache\Home\1093f07c77d6e1e3d6a1d26a6fc8fc7f.php 第 29 行.
NOTIC: [2] Illegal string offset 'id' E:\phpstudy\PHPTutorial\WWW\thinkphp3\Application\Runtime\Cache\Home\1093f07c77d6e1e3d6a1d26a6fc8fc7f.php 第 31 行.
NOTIC: [2] Illegal string offset 'id' E:\phpstudy\PHPTutorial\WWW\thinkphp3\Application\Runtime\Cache\Home\1093f07c77d6e1e3d6a1d26a6fc8fc7f.php 第 34 行.
NOTIC: [2] Illegal string offset 'id' E:\phpstudy\PHPTutorial\WWW\thinkphp3\Application\Runtime\Cache\Home\1093f07c77d6e1e3d6a1d26a6fc8fc7f.php 第 41 行.
NOTIC: [2] Illegal string offset 'id' E:\phpstudy\PHPTutorial\WWW\thinkphp3\Application\Runtime\Cache\Home\1093f07c77d6e1e3d6a1d26a6fc8fc7f.php 第 41 行.
NOTIC: [2] Illegal string offset 'id' E:\phpstudy\PHPTutorial\WWW\thinkphp3\Application\Runtime\Cache\Home\1093f07c77d6e1e3d6a1d26a6fc8fc7f.php 第 49 行.
NOTIC: [2] Illegal string offset 'id' E:\phpstudy\PHPTutorial\WWW\thinkphp3\Application\Runtime\Cache\Home\1093f07c77d6e1e3d6a1d26a6fc8fc7f.php 第 31 行.
NOTIC: [2] Illegal string offset 'id' E:\phpstudy\PHPTutorial\WWW\thinkphp3\Application\Runtime\Cache\Home\1093f07c77d6e1e3d6a1d26a6fc8fc7f.php 第 34 行.
NOTIC: [2] Illegal string offset 'id' E:\phpstudy\PHPTutorial\WWW\thinkphp3\Application\Runtime\Cache\Home\1093f07c77d6e1e3d6a1d26a6fc8fc7f.php 第 41 行.
NOTIC: [2] Illegal string offset 'id' E:\phpstudy\PHPTutorial\WWW\thinkphp3\Application\Runtime\Cache\Home\1093f07c77d6e1e3d6a1d26a6fc8fc7f.php 第 41 行.
NOTIC: [2] Illegal string offset 'id' E:\phpstudy\PHPTutorial\WWW\thinkphp3\Application\Runtime\Cache\Home\1093f07c77d6e1e3d6a1d26a6fc8fc7f.php 第 49 行.
NOTIC: [2] Illegal string offset 'id' E:\phpstudy\PHPTutorial\WWW\thinkphp3\Application\Runtime\Cache\Home\1093f07c77d6e1e3d6a1d26a6fc8fc7f.php 第 54 行.
INFO: Run Behavior\ParseTemplateBehavior [ RunTime:0.012563s ]
INFO: [ view_parse ] --END-- [ RunTime:0.012602s ]
INFO: [ view_filter ] --START--
INFO: Run Behavior\WriteHtmlCacheBehavior [ RunTime:0.000801s ]
INFO: [ view_filter ] --END-- [ RunTime:0.000833s ]
INFO: [ app_end ] --START--
INFO: Run Behavior\ShowPageTraceBehavior [ RunTime:0.000867s ]
INFO: [ app_end ] --END-- [ RunTime:0.000898s ]

[ 2020-01-09T13:54:31+08:00 ] ::1 /thinkphp3/index.php/Home/Topic/summary/class_id/1/teacher_id/1/inves/2.html
INFO: [ app_init ] --START--
INFO: Run Behavior\BuildLiteBehavior [ RunTime:0.000009s ]
INFO: [ app_init ] --END-- [ RunTime:0.000461s ]
INFO: [ app_begin ] --START--
INFO: Run Behavior\ReadHtmlCacheBehavior [ RunTime:0.000521s ]
INFO: [ app_begin ] --END-- [ RunTime:0.000560s ]
SQL: SHOW COLUMNS FROM `stidea` [ RunTime:0.0238s ]
SQL: INSERT INTO `stidea` (`class_id`,`headmaster_id`,`create_time`,`sort_id`,`name`) VALUES ('1','1','1578549271','1','') [ RunTime:0.0003s ]
SQL: INSERT INTO `stidea` (`class_id`,`headmaster_id`,`create_time`,`sort_id`,`name`) VALUES ('1','1','1578549271','2','') [ RunTime:0.0002s ]
SQL: SHOW COLUMNS FROM `stgrade` [ RunTime:0.0282s ]
SQL: SELECT * FROM `stgrade` WHERE ( class_id=1 ) LIMIT 1   [ RunTime:0.0003s ]
SQL: INSERT INTO `stgrade` (`class_id`,`t_id`,`create_time`,`headmaster_id`,`sort_id`,`point`) VALUES ('1','1','1578549271','1','1','10') [ RunTime:0.0003s ]
SQL: INSERT INTO `stgrade` (`class_id`,`t_id`,`create_time`,`headmaster_id`,`sort_id`,`point`) VALUES ('1','2','1578549271','1','2','10') [ RunTime:0.0002s ]
SQL: INSERT INTO `stgrade` (`class_id`,`t_id`,`create_time`,`headmaster_id`,`sort_id`,`point`) VALUES ('1','3','1578549271','1','1','10') [ RunTime:0.0002s ]
SQL: INSERT INTO `stgrade` (`class_id`,`t_id`,`create_time`,`headmaster_id`,`sort_id`,`point`) VALUES ('1','4','1578549271','1','2','10') [ RunTime:0.0002s ]
INFO: [ view_parse ] --START--
INFO: [ template_filter ] --START--
INFO: Run Behavior\ContentReplaceBehavior [ RunTime:0.000037s ]
INFO: [ template_filter ] --END-- [ RunTime:0.000081s ]
INFO: Run Behavior\ParseTemplateBehavior [ RunTime:0.009106s ]
INFO: [ view_parse ] --END-- [ RunTime:0.009148s ]
INFO: [ view_filter ] --START--
INFO: Run Behavior\WriteHtmlCacheBehavior [ RunTime:0.000728s ]
INFO: [ view_filter ] --END-- [ RunTime:0.000757s ]
INFO: [ app_end ] --START--
INFO: Run Behavior\ShowPageTraceBehavior [ RunTime:0.000883s ]
INFO: [ app_end ] --END-- [ RunTime:0.000915s ]

[ 2020-01-09T13:54:31+08:00 ] ::1 /thinkphp3/index.php/Home/Topic/summary/class_id/1/teacher_id/1/inves/img/bg.jpg
INFO: [ app_init ] --START--
INFO: Run Behavior\BuildLiteBehavior [ RunTime:0.000010s ]
INFO: [ app_init ] --END-- [ RunTime:0.000458s ]

