[ 2019-11-05T10:58:31+08:00 ] ::1 /thinkphp3/css/xadmin.css
INFO: [ app_init ] --START--
INFO: Run Behavior\BuildLiteBehavior [ RunTime:0.000019s ]
INFO: [ app_init ] --END-- [ RunTime:0.001029s ]
ERR: 无法加载模块:Css

[ 2019-11-05T10:58:31+08:00 ] ::1 /thinkphp3/css/font.css
INFO: [ app_init ] --START--
INFO: Run Behavior\BuildLiteBehavior [ RunTime:0.000019s ]
INFO: [ app_init ] --END-- [ RunTime:0.001022s ]
ERR: 无法加载模块:Css

[ 2019-11-05T10:58:31+08:00 ] ::1 /thinkphp3/lib/layui/layui.js
INFO: [ app_init ] --START--
INFO: Run Behavior\BuildLiteBehavior [ RunTime:0.000022s ]
INFO: [ app_init ] --END-- [ RunTime:0.001638s ]
ERR: 无法加载模块:Lib

[ 2019-11-05T10:58:31+08:00 ] ::1 /thinkphp3/js/xadmin.js
INFO: [ app_init ] --START--
INFO: Run Behavior\BuildLiteBehavior [ RunTime:0.000020s ]
INFO: [ app_init ] --END-- [ RunTime:0.001118s ]
ERR: 无法加载模块:Js

[ 2019-11-05T10:58:31+08:00 ] ::1 /thinkphp3/welcome.html
INFO: [ app_init ] --START--
INFO: Run Behavior\BuildLiteBehavior [ RunTime:0.000019s ]
INFO: [ app_init ] --END-- [ RunTime:0.000861s ]
ERR: 无法加载模块:Welcome

[ 2019-11-05T11:02:19+08:00 ] ::1 /thinkphp3/welcome.html
INFO: [ app_init ] --START--
INFO: Run Behavior\BuildLiteBehavior [ RunTime:0.000022s ]
INFO: [ app_init ] --END-- [ RunTime:0.001166s ]
ERR: 无法加载模块:Welcome

[ 2019-11-05T11:07:10+08:00 ] ::1 /thinkphp3/index.php/Public/admin/css/font.css
INFO: [ app_init ] --START--
INFO: Run Behavior\BuildLiteBehavior [ RunTime:0.000022s ]
INFO: [ app_init ] --END-- [ RunTime:0.001133s ]
ERR: 无法加载模块:Public

[ 2019-11-05T11:09:30+08:00 ] ::1 /thinkphp3/member-list.html
INFO: [ app_init ] --START--
INFO: Run Behavior\BuildLiteBehavior [ RunTime:0.000019s ]
INFO: [ app_init ] --END-- [ RunTime:0.000826s ]
ERR: 无法加载模块:Member-list

[ 2019-11-05T11:24:04+08:00 ] ::1 /thinkphp3/Application/Admin/View/Index/__ADMIN_JS__/xadmin.js
INFO: [ app_init ] --START--
INFO: Run Behavior\BuildLiteBehavior [ RunTime:0.000016s ]
INFO: [ app_init ] --END-- [ RunTime:0.004057s ]
ERR: 无法加载模块:Application

[ 2019-11-05T11:24:04+08:00 ] ::1 /thinkphp3/Application/Admin/View/Index/__ADMIN_LIB__/layui/layui.js
INFO: [ app_init ] --START--
INFO: Run Behavior\BuildLiteBehavior [ RunTime:0.000012s ]
INFO: [ app_init ] --END-- [ RunTime:0.000398s ]
ERR: 无法加载模块:Application

[ 2019-11-05T11:24:04+08:00 ] ::1 /thinkphp3/Application/Admin/View/Index/__ADMIN_CSS__/xadmin.css
INFO: [ app_init ] --START--
INFO: Run Behavior\BuildLiteBehavior [ RunTime:0.000012s ]
INFO: [ app_init ] --END-- [ RunTime:0.003446s ]
ERR: 无法加载模块:Application

[ 2019-11-05T11:24:04+08:00 ] ::1 /thinkphp3/Application/Admin/View/Index/__ADMIN_CSS__/font.css
INFO: [ app_init ] --START--
INFO: Run Behavior\BuildLiteBehavior [ RunTime:0.000013s ]
INFO: [ app_init ] --END-- [ RunTime:0.005167s ]
ERR: 无法加载模块:Application

[ 2019-11-05T11:24:04+08:00 ] ::1 /thinkphp3/Application/Admin/View/Index/__ADMIN_LIB__/layui/layui.js
INFO: [ app_init ] --START--
INFO: Run Behavior\BuildLiteBehavior [ RunTime:0.000009s ]
INFO: [ app_init ] --END-- [ RunTime:0.000308s ]
ERR: 无法加载模块:Application

[ 2019-11-05T11:24:04+08:00 ] ::1 /thinkphp3/Application/Admin/View/Index/__ADMIN_JS__/xadmin.js
INFO: [ app_init ] --START--
INFO: Run Behavior\BuildLiteBehavior [ RunTime:0.000015s ]
INFO: [ app_init ] --END-- [ RunTime:0.000281s ]
ERR: 无法加载模块:Application

[ 2019-11-05T11:24:25+08:00 ] ::1 /thinkphp3/Application/Admin/View/Index/__ADMIN_CSS__/xadmin.css
INFO: [ app_init ] --START--
INFO: Run Behavior\BuildLiteBehavior [ RunTime:0.000034s ]
INFO: [ app_init ] --END-- [ RunTime:0.000620s ]
ERR: 无法加载模块:Application

[ 2019-11-05T11:24:25+08:00 ] ::1 /thinkphp3/Application/Admin/View/Index/__ADMIN_CSS__/font.css
INFO: [ app_init ] --START--
INFO: Run Behavior\BuildLiteBehavior [ RunTime:0.000039s ]
INFO: [ app_init ] --END-- [ RunTime:0.000708s ]
ERR: 无法加载模块:Application

[ 2019-11-05T11:24:34+08:00 ] ::1 /thinkphp3/Application/View/Index/index.html
INFO: [ app_init ] --START--
INFO: Run Behavior\BuildLiteBehavior [ RunTime:0.000009s ]
INFO: [ app_init ] --END-- [ RunTime:0.000303s ]
ERR: 无法加载模块:Application

[ 2019-11-05T11:24:37+08:00 ] ::1 /thinkphp3/Application/Admin/View/Index/__ADMIN_CSS__/font.css
INFO: [ app_init ] --START--
INFO: Run Behavior\BuildLiteBehavior [ RunTime:0.000010s ]
INFO: [ app_init ] --END-- [ RunTime:0.000273s ]
ERR: 无法加载模块:Application

[ 2019-11-05T11:25:06+08:00 ] ::1 /thinkphp3/Application/Admin/View/Index/login.html
INFO: [ app_init ] --START--
INFO: Run Behavior\BuildLiteBehavior [ RunTime:0.000028s ]
INFO: [ app_init ] --END-- [ RunTime:0.000304s ]
ERR: 无法加载模块:Application

[ 2019-11-05T11:26:21+08:00 ] ::1 /thinkphp3/Application/Admin/View/Index/__ADMIN_CSS__/xadmin.css
INFO: [ app_init ] --START--
INFO: Run Behavior\BuildLiteBehavior [ RunTime:0.000010s ]
INFO: [ app_init ] --END-- [ RunTime:0.000370s ]
ERR: 无法加载模块:Application

[ 2019-11-05T11:26:21+08:00 ] ::1 /thinkphp3/Application/Admin/View/Index/__ADMIN_CSS__/font.css
INFO: [ app_init ] --START--
INFO: Run Behavior\BuildLiteBehavior [ RunTime:0.000011s ]
INFO: [ app_init ] --END-- [ RunTime:0.000349s ]
ERR: 无法加载模块:Application

[ 2019-11-05T11:26:21+08:00 ] ::1 /thinkphp3/Application/Admin/View/Index/__ADMIN_JS__/xadmin.js
INFO: [ app_init ] --START--
INFO: Run Behavior\BuildLiteBehavior [ RunTime:0.000012s ]
INFO: [ app_init ] --END-- [ RunTime:0.000371s ]
ERR: 无法加载模块:Application

[ 2019-11-05T11:26:21+08:00 ] ::1 /thinkphp3/Application/Admin/View/Index/__ADMIN_LIB__/layui/layui.js
INFO: [ app_init ] --START--
INFO: Run Behavior\BuildLiteBehavior [ RunTime:0.000011s ]
INFO: [ app_init ] --END-- [ RunTime:0.000353s ]
ERR: 无法加载模块:Application

[ 2019-11-05T11:26:21+08:00 ] ::1 /thinkphp3/Application/Admin/View/Index/__ADMIN_JS__/xadmin.js
INFO: [ app_init ] --START--
INFO: Run Behavior\BuildLiteBehavior [ RunTime:0.000010s ]
INFO: [ app_init ] --END-- [ RunTime:0.000289s ]
ERR: 无法加载模块:Application

[ 2019-11-05T11:26:33+08:00 ] ::1 /thinkphp3/Application/Admin/View/Index/index.php
INFO: [ app_init ] --START--
INFO: Run Behavior\BuildLiteBehavior [ RunTime:0.000010s ]
INFO: [ app_init ] --END-- [ RunTime:0.000884s ]
ERR: 无法加载模块:Application

[ 2019-11-05T11:26:36+08:00 ] ::1 /thinkphp3/Application/Admin/View/Index/__ADMIN_CSS__/font.css
INFO: [ app_init ] --START--
INFO: Run Behavior\BuildLiteBehavior [ RunTime:0.000009s ]
INFO: [ app_init ] --END-- [ RunTime:0.000269s ]
ERR: 无法加载模块:Application

[ 2019-11-05T11:26:36+08:00 ] ::1 /thinkphp3/Application/Admin/View/Index/__ADMIN_CSS__/xadmin.css
INFO: [ app_init ] --START--
INFO: Run Behavior\BuildLiteBehavior [ RunTime:0.000009s ]
INFO: [ app_init ] --END-- [ RunTime:0.000279s ]
ERR: 无法加载模块:Application

[ 2019-11-05T11:29:56+08:00 ] ::1 /thinkphp3/Application/Admin/View/Index/__ADMIN_CSS__/font.css
INFO: [ app_init ] --START--
INFO: Run Behavior\BuildLiteBehavior [ RunTime:0.000013s ]
INFO: [ app_init ] --END-- [ RunTime:0.000434s ]
ERR: 无法加载模块:Application

[ 2019-11-05T11:29:56+08:00 ] ::1 /thinkphp3/Application/Admin/View/Index/__ADMIN_JS__/xadmin.js
INFO: [ app_init ] --START--
INFO: Run Behavior\BuildLiteBehavior [ RunTime:0.000011s ]
INFO: [ app_init ] --END-- [ RunTime:0.000376s ]
ERR: 无法加载模块:Application

[ 2019-11-05T11:29:56+08:00 ] ::1 /thinkphp3/Application/Admin/View/Index/__ADMIN_LIB__/layui/layui.js
INFO: [ app_init ] --START--
INFO: Run Behavior\BuildLiteBehavior [ RunTime:0.000010s ]
INFO: [ app_init ] --END-- [ RunTime:0.000352s ]
ERR: 无法加载模块:Application

[ 2019-11-05T11:29:56+08:00 ] ::1 /thinkphp3/Application/Admin/View/Index/__ADMIN_CSS__/xadmin.css
INFO: [ app_init ] --START--
INFO: Run Behavior\BuildLiteBehavior [ RunTime:0.000012s ]
INFO: [ app_init ] --END-- [ RunTime:0.000382s ]
ERR: 无法加载模块:Application

[ 2019-11-05T11:29:56+08:00 ] ::1 /thinkphp3/Application/Admin/View/Index/__ADMIN_LIB__/layui/layui.js
INFO: [ app_init ] --START--
INFO: Run Behavior\BuildLiteBehavior [ RunTime:0.000012s ]
INFO: [ app_init ] --END-- [ RunTime:0.000299s ]
ERR: 无法加载模块:Application

[ 2019-11-05T11:29:56+08:00 ] ::1 /thinkphp3/Application/Admin/View/Index/__ADMIN_JS__/xadmin.js
INFO: [ app_init ] --START--
INFO: Run Behavior\BuildLiteBehavior [ RunTime:0.000016s ]
INFO: [ app_init ] --END-- [ RunTime:0.000333s ]
ERR: 无法加载模块:Application

[ 2019-11-05T11:30:57+08:00 ] ::1 /thinkphp3/Application/Admin/View/Index/__ADMIN_CSS__/font.css
INFO: [ app_init ] --START--
INFO: Run Behavior\BuildLiteBehavior [ RunTime:0.000011s ]
INFO: [ app_init ] --END-- [ RunTime:0.000306s ]
ERR: 无法加载模块:Application

[ 2019-11-05T11:30:57+08:00 ] ::1 /thinkphp3/Application/Admin/View/Index/__ADMIN_JS__/xadmin.js
INFO: [ app_init ] --START--
INFO: Run Behavior\BuildLiteBehavior [ RunTime:0.000011s ]
INFO: [ app_init ] --END-- [ RunTime:0.000306s ]
ERR: 无法加载模块:Application

[ 2019-11-05T11:30:57+08:00 ] ::1 /thinkphp3/Application/Admin/View/Index/__ADMIN_CSS__/xadmin.css
INFO: [ app_init ] --START--
INFO: Run Behavior\BuildLiteBehavior [ RunTime:0.000010s ]
INFO: [ app_init ] --END-- [ RunTime:0.000306s ]
ERR: 无法加载模块:Application

[ 2019-11-05T11:30:57+08:00 ] ::1 /thinkphp3/Application/Admin/View/Index/__ADMIN_LIB__/layui/layui.js
INFO: [ app_init ] --START--
INFO: Run Behavior\BuildLiteBehavior [ RunTime:0.000024s ]
INFO: [ app_init ] --END-- [ RunTime:0.000340s ]
ERR: 无法加载模块:Application

[ 2019-11-05T11:30:57+08:00 ] ::1 /thinkphp3/Application/Admin/View/Index/__ADMIN_JS__/xadmin.js
INFO: [ app_init ] --START--
INFO: Run Behavior\BuildLiteBehavior [ RunTime:0.000010s ]
INFO: [ app_init ] --END-- [ RunTime:0.000286s ]
ERR: 无法加载模块:Application

[ 2019-11-05T11:31:13+08:00 ] ::1 /thinkphp3/Application/Admin/View/Index/__ADMIN_CSS__/font.css
INFO: [ app_init ] --START--
INFO: Run Behavior\BuildLiteBehavior [ RunTime:0.000029s ]
INFO: [ app_init ] --END-- [ RunTime:0.000300s ]
ERR: 无法加载模块:Application

[ 2019-11-05T11:31:13+08:00 ] ::1 /thinkphp3/Application/Admin/View/Index/__ADMIN_CSS__/xadmin.css
INFO: [ app_init ] --START--
INFO: Run Behavior\BuildLiteBehavior [ RunTime:0.000039s ]
INFO: [ app_init ] --END-- [ RunTime:0.000379s ]
ERR: 无法加载模块:Application

[ 2019-11-05T11:32:26+08:00 ] ::1 /thinkphp3/Application/Admin/View/Index/__ADMIN_CSS__/xadmin.css
INFO: [ app_init ] --START--
INFO: Run Behavior\BuildLiteBehavior [ RunTime:0.000010s ]
INFO: [ app_init ] --END-- [ RunTime:0.000362s ]
ERR: 无法加载模块:Application

[ 2019-11-05T11:32:26+08:00 ] ::1 /thinkphp3/Application/Admin/View/Index/__ADMIN_CSS__/font.css
INFO: [ app_init ] --START--
INFO: Run Behavior\BuildLiteBehavior [ RunTime:0.000013s ]
INFO: [ app_init ] --END-- [ RunTime:0.000361s ]
ERR: 无法加载模块:Application

[ 2019-11-05T11:32:26+08:00 ] ::1 /thinkphp3/Application/Admin/View/Index/__ADMIN_JS__/xadmin.js
INFO: [ app_init ] --START--
INFO: Run Behavior\BuildLiteBehavior [ RunTime:0.000015s ]
INFO: [ app_init ] --END-- [ RunTime:0.000388s ]
ERR: 无法加载模块:Application

[ 2019-11-05T11:32:26+08:00 ] ::1 /thinkphp3/Application/Admin/View/Index/__ADMIN_LIB__/layui/layui.js
INFO: [ app_init ] --START--
INFO: Run Behavior\BuildLiteBehavior [ RunTime:0.000012s ]
INFO: [ app_init ] --END-- [ RunTime:0.000380s ]
ERR: 无法加载模块:Application

[ 2019-11-05T11:32:26+08:00 ] ::1 /thinkphp3/Application/Admin/View/Index/__ADMIN_JS__/xadmin.js
INFO: [ app_init ] --START--
INFO: Run Behavior\BuildLiteBehavior [ RunTime:0.000013s ]
INFO: [ app_init ] --END-- [ RunTime:0.000551s ]
ERR: 无法加载模块:Application

[ 2019-11-05T11:32:47+08:00 ] ::1 /thinkphp3/Application/Admin/View/Index/__ADMIN_CSS__/font.css
INFO: [ app_init ] --START--
INFO: Run Behavior\BuildLiteBehavior [ RunTime:0.000012s ]
INFO: [ app_init ] --END-- [ RunTime:0.000319s ]
ERR: 无法加载模块:Application

[ 2019-11-05T11:32:47+08:00 ] ::1 /thinkphp3/Application/Admin/View/Index/__ADMIN_CSS__/xadmin.css
INFO: [ app_init ] --START--
INFO: Run Behavior\BuildLiteBehavior [ RunTime:0.000010s ]
INFO: [ app_init ] --END-- [ RunTime:0.000297s ]
ERR: 无法加载模块:Application

[ 2019-11-05T11:32:47+08:00 ] ::1 /thinkphp3/Application/Admin/View/Index/__ADMIN_LIB__/layui/layui.js
INFO: [ app_init ] --START--
INFO: Run Behavior\BuildLiteBehavior [ RunTime:0.000010s ]
INFO: [ app_init ] --END-- [ RunTime:0.000311s ]
ERR: 无法加载模块:Application

[ 2019-11-05T11:32:47+08:00 ] ::1 /thinkphp3/Application/Admin/View/Index/__ADMIN_JS__/xadmin.js
INFO: [ app_init ] --START--
INFO: Run Behavior\BuildLiteBehavior [ RunTime:0.000011s ]
INFO: [ app_init ] --END-- [ RunTime:0.000340s ]
ERR: 无法加载模块:Application

[ 2019-11-05T14:23:28+08:00 ] ::1 /thinkphp3/Application/Admin/View/Index/__ADMIN_CSS__/xadmin.css
INFO: [ app_init ] --START--
INFO: Run Behavior\BuildLiteBehavior [ RunTime:0.000023s ]
INFO: [ app_init ] --END-- [ RunTime:0.003978s ]
ERR: 无法加载模块:Application



[ 2019-11-05T14:23:28+08:00 ] ::1 /thinkphp3/Application/Admin/View/Index/__ADMIN_JS__/xadmin.js
INFO: [ app_init ] --START--
INFO: Run Behavior\BuildLiteBehavior [ RunTime:0.000010s ]
INFO: [ app_init ] --END-- [ RunTime:0.000266s ]
ERR: 无法加载模块:Application

