[ 2019-11-18T08:43:00+08:00 ] ::1 /thinkphp3/Application/Admin/View/Login/__ADMIN_IMG__/login.png
INFO: [ app_init ] --START--
INFO: Run Behavior\BuildLiteBehavior [ RunTime:0.000011s ]
INFO: [ app_init ] --END-- [ RunTime:0.009593s ]
ERR: 无法加载模块:Application

[ 2019-11-18T08:43:00+08:00 ] ::1 /thinkphp3/Application/Admin/View/Login/__ADMIN_CSS__/Styles/main.css
INFO: [ app_init ] --START--
INFO: Run Behavior\BuildLiteBehavior [ RunTime:0.000011s ]
INFO: [ app_init ] --END-- [ RunTime:0.009596s ]
ERR: 无法加载模块:Application



[ 2019-11-18T08:43:11+08:00 ] ::1 /thinkphp3/Public/Admin/Styles/Styles/general.css
INFO: [ app_init ] --START--
INFO: Run Behavior\BuildLiteBehavior [ RunTime:0.000010s ]
INFO: [ app_init ] --END-- [ RunTime:0.000351s ]
ERR: 无法加载模块:Public

[ 2019-11-18T08:43:11+08:00 ] ::1 /thinkphp3/Public/Admin/Styles/Styles/main.css
INFO: [ app_init ] --START--
INFO: Run Behavior\BuildLiteBehavior [ RunTime:0.000010s ]
INFO: [ app_init ] --END-- [ RunTime:0.000356s ]
ERR: 无法加载模块:Public

[ 2019-11-18T09:39:20+08:00 ] ::1 /thinkphp3/Public/Admin/Images/.gif
INFO: [ app_init ] --START--
INFO: Run Behavior\BuildLiteBehavior [ RunTime:0.000013s ]
INFO: [ app_init ] --END-- [ RunTime:0.000354s ]
ERR: 无法加载模块:Public

[ 2019-11-18T09:41:33+08:00 ] ::1 /thinkphp3/Public/Admin/Images/.gif
INFO: [ app_init ] --START--
INFO: Run Behavior\BuildLiteBehavior [ RunTime:0.000012s ]
INFO: [ app_init ] --END-- [ RunTime:0.000338s ]
ERR: 无法加载模块:Public

[ 2019-11-18T09:41:45+08:00 ] ::1 /thinkphp3/Public/Admin/Images/.gif
INFO: [ app_init ] --START--
INFO: Run Behavior\BuildLiteBehavior [ RunTime:0.000026s ]
INFO: [ app_init ] --END-- [ RunTime:0.001212s ]
ERR: 无法加载模块:Public

[ 2019-11-18T09:53:33+08:00 ] ::1 /thinkphp3/Public/Admin/Images/.gif
INFO: [ app_init ] --START--
INFO: Run Behavior\BuildLiteBehavior [ RunTime:0.000024s ]
INFO: [ app_init ] --END-- [ RunTime:0.000336s ]
ERR: 无法加载模块:Public

[ 2019-11-18T09:53:42+08:00 ] ::1 /thinkphp3/Public/Admin/Images/.gif
INFO: [ app_init ] --START--
INFO: Run Behavior\BuildLiteBehavior [ RunTime:0.000010s ]
INFO: [ app_init ] --END-- [ RunTime:0.000261s ]
ERR: 无法加载模块:Public

[ 2019-11-18T09:54:08+08:00 ] ::1 /thinkphp3/Public/Admin/Images/.gif
INFO: [ app_init ] --START--
INFO: Run Behavior\BuildLiteBehavior [ RunTime:0.000010s ]
INFO: [ app_init ] --END-- [ RunTime:0.000259s ]
ERR: 无法加载模块:Public

[ 2019-11-18T09:54:14+08:00 ] ::1 /thinkphp3/Public/Admin/Images/.gif
INFO: [ app_init ] --START--
INFO: Run Behavior\BuildLiteBehavior [ RunTime:0.000016s ]
INFO: [ app_init ] --END-- [ RunTime:0.000441s ]
ERR: 无法加载模块:Public

[ 2019-11-18T09:54:20+08:00 ] ::1 /thinkphp3/Public/Admin/Images/.gif
INFO: [ app_init ] --START--
INFO: Run Behavior\BuildLiteBehavior [ RunTime:0.000010s ]
INFO: [ app_init ] --END-- [ RunTime:0.000270s ]
ERR: 无法加载模块:Public

[ 2019-11-18T09:54:26+08:00 ] ::1 /thinkphp3/Public/Admin/Images/.gif
INFO: [ app_init ] --START--
INFO: Run Behavior\BuildLiteBehavior [ RunTime:0.000012s ]
INFO: [ app_init ] --END-- [ RunTime:0.000353s ]
ERR: 无法加载模块:Public

[ 2019-11-18T09:54:32+08:00 ] ::1 /thinkphp3/Public/Admin/Images/.gif
INFO: [ app_init ] --START--
INFO: Run Behavior\BuildLiteBehavior [ RunTime:0.000010s ]
INFO: [ app_init ] --END-- [ RunTime:0.000279s ]
ERR: 无法加载模块:Public

[ 2019-11-18T09:54:34+08:00 ] ::1 /thinkphp3/Public/Admin/Images/.gif
INFO: [ app_init ] --START--
INFO: Run Behavior\BuildLiteBehavior [ RunTime:0.000010s ]
INFO: [ app_init ] --END-- [ RunTime:0.000287s ]
ERR: 无法加载模块:Public

[ 2019-11-18T09:54:37+08:00 ] ::1 /thinkphp3/Public/Admin/Images/.gif
INFO: [ app_init ] --START--
INFO: Run Behavior\BuildLiteBehavior [ RunTime:0.000012s ]
INFO: [ app_init ] --END-- [ RunTime:0.000348s ]
ERR: 无法加载模块:Public

[ 2019-11-18T09:55:28+08:00 ] ::1 /thinkphp3/Public/Admin/Images/.gif
INFO: [ app_init ] --START--
INFO: Run Behavior\BuildLiteBehavior [ RunTime:0.000011s ]
INFO: [ app_init ] --END-- [ RunTime:0.000283s ]
ERR: 无法加载模块:Public

[ 2019-11-18T09:55:36+08:00 ] ::1 /thinkphp3/Public/Admin/Images/.gif
INFO: [ app_init ] --START--
INFO: Run Behavior\BuildLiteBehavior [ RunTime:0.000010s ]
INFO: [ app_init ] --END-- [ RunTime:0.000266s ]
ERR: 无法加载模块:Public

[ 2019-11-18T10:13:51+08:00 ] ::1 /thinkphp3/Public/Admin/Images/.gif
INFO: [ app_init ] --START--
INFO: Run Behavior\BuildLiteBehavior [ RunTime:0.000012s ]
INFO: [ app_init ] --END-- [ RunTime:0.000299s ]
ERR: 无法加载模块:Public

[ 2019-11-18T10:13:56+08:00 ] ::1 /thinkphp3/Public/Admin/Images/.gif
INFO: [ app_init ] --START--
INFO: Run Behavior\BuildLiteBehavior [ RunTime:0.000020s ]
INFO: [ app_init ] --END-- [ RunTime:0.000453s ]
ERR: 无法加载模块:Public

[ 2019-11-18T10:13:58+08:00 ] ::1 /thinkphp3/Public/Admin/Images/.gif
INFO: [ app_init ] --START--
INFO: Run Behavior\BuildLiteBehavior [ RunTime:0.000010s ]
INFO: [ app_init ] --END-- [ RunTime:0.000274s ]
ERR: 无法加载模块:Public

[ 2019-11-18T10:14:00+08:00 ] ::1 /thinkphp3/Public/Admin/Images/.gif
INFO: [ app_init ] --START--
INFO: Run Behavior\BuildLiteBehavior [ RunTime:0.000011s ]
INFO: [ app_init ] --END-- [ RunTime:0.000350s ]
ERR: 无法加载模块:Public

[ 2019-11-18T10:14:01+08:00 ] ::1 /thinkphp3/Public/Admin/Images/.gif
INFO: [ app_init ] --START--
INFO: Run Behavior\BuildLiteBehavior [ RunTime:0.000054s ]
INFO: [ app_init ] --END-- [ RunTime:0.001579s ]
ERR: 无法加载模块:Public

[ 2019-11-18T10:14:05+08:00 ] ::1 /thinkphp3/Public/Admin/Images/.gif
INFO: [ app_init ] --START--
INFO: Run Behavior\BuildLiteBehavior [ RunTime:0.000010s ]
INFO: [ app_init ] --END-- [ RunTime:0.000264s ]
ERR: 无法加载模块:Public

[ 2019-11-18T10:14:06+08:00 ] ::1 /thinkphp3/Public/Admin/Images/.gif
INFO: [ app_init ] --START--
INFO: Run Behavior\BuildLiteBehavior [ RunTime:0.000012s ]
INFO: [ app_init ] --END-- [ RunTime:0.000327s ]
ERR: 无法加载模块:Public

[ 2019-11-18T10:22:23+08:00 ] ::1 /thinkphp3/Public/Admin/Images/.gif
INFO: [ app_init ] --START--
INFO: Run Behavior\BuildLiteBehavior [ RunTime:0.000017s ]
INFO: [ app_init ] --END-- [ RunTime:0.000462s ]
ERR: 无法加载模块:Public

[ 2019-11-18T10:26:31+08:00 ] ::1 /thinkphp3/Public/Admin/Images/.gif
INFO: [ app_init ] --START--
INFO: Run Behavior\BuildLiteBehavior [ RunTime:0.000024s ]
INFO: [ app_init ] --END-- [ RunTime:0.001031s ]
ERR: 无法加载模块:Public

[ 2019-11-18T10:29:07+08:00 ] ::1 /thinkphp3/Public/Admin/Images/.gif
INFO: [ app_init ] --START--
INFO: Run Behavior\BuildLiteBehavior [ RunTime:0.000010s ]
INFO: [ app_init ] --END-- [ RunTime:0.000266s ]
ERR: 无法加载模块:Public

[ 2019-11-18T10:39:44+08:00 ] ::1 /thinkphp3/Public/Admin/Images/.gif
INFO: [ app_init ] --START--
INFO: Run Behavior\BuildLiteBehavior [ RunTime:0.000011s ]
INFO: [ app_init ] --END-- [ RunTime:0.000687s ]
ERR: 无法加载模块:Public

[ 2019-11-18T10:41:40+08:00 ] ::1 /thinkphp3/Public/Admin/Images/.gif
INFO: [ app_init ] --START--
INFO: Run Behavior\BuildLiteBehavior [ RunTime:0.000010s ]
INFO: [ app_init ] --END-- [ RunTime:0.000327s ]
ERR: 无法加载模块:Public

[ 2019-11-18T10:42:00+08:00 ] ::1 /thinkphp3/Public/Admin/Images/.gif
INFO: [ app_init ] --START--
INFO: Run Behavior\BuildLiteBehavior [ RunTime:0.000011s ]
INFO: [ app_init ] --END-- [ RunTime:0.000301s ]
ERR: 无法加载模块:Public

[ 2019-11-18T11:04:44+08:00 ] ::1 /thinkphp3/Public/Admin/Images/.gif
INFO: [ app_init ] --START--
INFO: Run Behavior\BuildLiteBehavior [ RunTime:0.000011s ]
INFO: [ app_init ] --END-- [ RunTime:0.000307s ]
ERR: 无法加载模块:Public

[ 2019-11-18T11:12:50+08:00 ] ::1 /thinkphp3/Public/Admin/Images/.gif
INFO: [ app_init ] --START--
INFO: Run Behavior\BuildLiteBehavior [ RunTime:0.000010s ]
INFO: [ app_init ] --END-- [ RunTime:0.000266s ]
ERR: 无法加载模块:Public

[ 2019-11-18T11:13:29+08:00 ] ::1 /thinkphp3/Public/Admin/Images/.gif
INFO: [ app_init ] --START--
INFO: Run Behavior\BuildLiteBehavior [ RunTime:0.000033s ]
INFO: [ app_init ] --END-- [ RunTime:0.000369s ]
ERR: 无法加载模块:Public

[ 2019-11-18T11:15:37+08:00 ] ::1 /thinkphp3/Public/Admin/Images/.gif
INFO: [ app_init ] --START--
INFO: Run Behavior\BuildLiteBehavior [ RunTime:0.000046s ]
INFO: [ app_init ] --END-- [ RunTime:0.000804s ]
ERR: 无法加载模块:Public

[ 2019-11-18T11:22:52+08:00 ] ::1 /thinkphp3/Public/Admin/Images/.gif
INFO: [ app_init ] --START--
INFO: Run Behavior\BuildLiteBehavior [ RunTime:0.000010s ]
INFO: [ app_init ] --END-- [ RunTime:0.000353s ]
ERR: 无法加载模块:Public

[ 2019-11-18T14:27:31+08:00 ] ::1 /thinkphp3/Public/Admin/Images/.gif
INFO: [ app_init ] --START--
INFO: Run Behavior\BuildLiteBehavior [ RunTime:0.000009s ]
INFO: [ app_init ] --END-- [ RunTime:0.000322s ]
ERR: 无法加载模块:Public

[ 2019-11-18T14:27:44+08:00 ] ::1 /thinkphp3/Public/Admin/Images/.gif
INFO: [ app_init ] --START--
INFO: Run Behavior\BuildLiteBehavior [ RunTime:0.000010s ]
INFO: [ app_init ] --END-- [ RunTime:0.000322s ]
ERR: 无法加载模块:Public

