[ 2019-11-08T08:30:47+08:00 ] ::1 /thinkphp3/Application/Admin/View/Index/__ADMIN_JS__/xadmin.js
INFO: [ app_init ] --START--
INFO: Run Behavior\BuildLiteBehavior [ RunTime:0.000011s ]
INFO: [ app_init ] --END-- [ RunTime:0.001945s ]
ERR: 无法加载模块:Application

on

[ 2019-11-08T08:30:47+08:00 ] ::1 /thinkphp3/Application/Admin/View/Index/__ADMIN_CSS__/font.css
INFO: [ app_init ] --START--
INFO: Run Behavior\BuildLiteBehavior [ RunTime:0.000011s ]
INFO: [ app_init ] --END-- [ RunTime:0.001964s ]
ERR: 无法加载模块:Application

[ 2019-11-08T08:30:47+08:00 ] ::1 /thinkphp3/Application/Admin/View/Index/__ADMIN_CSS__/xadmin.css
INFO: [ app_init ] --START--
INFO: Run Behavior\BuildLiteBehavior [ RunTime:0.000011s ]
INFO: [ app_init ] --END-- [ RunTime:0.002326s ]
ERR: 无法加载模块:Application

[ 2019-11-08T08:30:47+08:00 ] ::1 /thinkphp3/Application/Admin/View/Index/__ADMIN_JS__/xadmin.js
INFO: [ app_init ] --START--
INFO: Run Behavior\BuildLiteBehavior [ RunTime:0.000008s ]
INFO: [ app_init ] --END-- [ RunTime:0.000262s ]
ERR: 无法加载模块:Application

[ 2019-11-08T10:28:31+08:00 ] ::1 /thinkphp3/Application/Admin/View/Index/__ADMIN_CSS__/xadmin.css
INFO: [ app_init ] --START--
INFO: Run Behavior\BuildLiteBehavior [ RunTime:0.000011s ]
INFO: [ app_init ] --END-- [ RunTime:0.000298s ]
ERR: 无法加载模块:Application

[ 2019-11-08T10:28:31+08:00 ] ::1 /thinkphp3/Application/Admin/View/Index/__ADMIN_CSS__/font.css
INFO: [ app_init ] --START--
INFO: Run Behavior\BuildLiteBehavior [ RunTime:0.000046s ]
INFO: [ app_init ] --END-- [ RunTime:0.000365s ]
ERR: 无法加载模块:Application

[ 2019-11-08T10:28:31+08:00 ] ::1 /thinkphp3/Application/Admin/View/Index/__ADMIN_LIB__/layui/layui.js
INFO: [ app_init ] --START--
INFO: Run Behavior\BuildLiteBehavior [ RunTime:0.000016s ]
INFO: [ app_init ] --END-- [ RunTime:0.000359s ]
ERR: 无法加载模块:Application

[ 2019-11-08T10:28:31+08:00 ] ::1 /thinkphp3/Application/Admin/View/Index/__ADMIN_JS__/xadmin.js
INFO: [ app_init ] --START--
INFO: Run Behavior\BuildLiteBehavior [ RunTime:0.000014s ]
INFO: [ app_init ] --END-- [ RunTime:0.000543s ]
ERR: 无法加载模块:Application

[ 2019-11-08T10:34:46+08:00 ] ::1 /thinkphp3/Application/Admin/View/Index/__ADMIN_JS__/xadmin.js
INFO: [ app_init ] --START--
INFO: Run Behavior\BuildLiteBehavior [ RunTime:0.000012s ]
INFO: [ app_init ] --END-- [ RunTime:0.002542s ]
ERR: 无法加载模块:Application

on

[ 2019-11-08T10:34:46+08:00 ] ::1 /thinkphp3/Application/Admin/View/Index/__ADMIN_LIB__/layui/layui.js
INFO: [ app_init ] --START--
INFO: Run Behavior\BuildLiteBehavior [ RunTime:0.000011s ]
INFO: [ app_init ] --END-- [ RunTime:0.000309s ]
ERR: 无法加载模块:Application

[ 2019-11-08T10:34:46+08:00 ] ::1 /thinkphp3/Application/Admin/View/Index/__ADMIN_JS__/xadmin.js
INFO: [ app_init ] --START--
INFO: Run Behavior\BuildLiteBehavior [ RunTime:0.000011s ]
INFO: [ app_init ] --END-- [ RunTime:0.000271s ]
ERR: 无法加载模块:Application

[ 2019-11-08T10:45:19+08:00 ] ::1 /thinkphp3/Application/Admin/View/Index/__ADMIN_CSS__/xadmin.css
INFO: [ app_init ] --START--
INFO: Run Behavior\BuildLiteBehavior [ RunTime:0.000012s ]
INFO: [ app_init ] --END-- [ RunTime:0.000348s ]
ERR: 无法加载模块:Application

[ 2019-11-08T14:33:42+08:00 ] ::1 /thinkphp3/Application/Admin/View/Index/__ADMIN_LIB__/layui/layui.js
INFO: [ app_init ] --START--
INFO: Run Behavior\BuildLiteBehavior [ RunTime:0.000011s ]
INFO: [ app_init ] --END-- [ RunTime:0.002503s ]
ERR: 无法加载模块:Application

[ 2019-11-08T14:33:42+08:00 ] ::1 /thinkphp3/Application/Admin/View/Index/__ADMIN_LIB__/layui/layui.js
INFO: [ app_init ] --START--
INFO: Run Behavior\BuildLiteBehavior [ RunTime:0.000009s ]
INFO: [ app_init ] --END-- [ RunTime:0.000249s ]
ERR: 无法加载模块:Application

[ 2019-11-08T14:33:42+08:00 ] ::1 /thinkphp3/Application/Admin/View/Index/__ADMIN_JS__/xadmin.js
INFO: [ app_init ] --START--
INFO: Run Behavior\BuildLiteBehavior [ RunTime:0.000010s ]
INFO: [ app_init ] --END-- [ RunTime:0.000266s ]
ERR: 无法加载模块:Application

