[ 2019-12-10T10:34:55+08:00 ] ::1 /thinkphp3/Public/Admin/Styles/Styles/general.css
INFO: [ app_init ] --START--
INFO: Run Behavior\BuildLiteBehavior [ RunTime:0.000011s ]
INFO: [ app_init ] --END-- [ RunTime:0.000318s ]
ERR: 无法加载模块:Public

[ 2019-12-10T10:34:55+08:00 ] ::1 /thinkphp3/Public/Admin/Styles/Styles/main.css
INFO: [ app_init ] --START--
INFO: Run Behavior\BuildLiteBehavior [ RunTime:0.000012s ]
INFO: [ app_init ] --END-- [ RunTime:0.000363s ]
ERR: 无法加载模块:Public

[ 2019-12-10T10:35:19+08:00 ] ::1 /thinkphp3/Public/Admin/Styles/Styles/general.css
INFO: [ app_init ] --START--
INFO: Run Behavior\BuildLiteBehavior [ RunTime:0.000010s ]
INFO: [ app_init ] --END-- [ RunTime:0.000295s ]
ERR: 无法加载模块:Public

[ 2019-12-10T10:35:19+08:00 ] ::1 /thinkphp3/Public/Admin/Styles/Styles/main.css
INFO: [ app_init ] --START--
INFO: Run Behavior\BuildLiteBehavior [ RunTime:0.000010s ]
INFO: [ app_init ] --END-- [ RunTime:0.000325s ]
ERR: 无法加载模块:Public

[ 2019-12-10T10:35:26+08:00 ] ::1 /thinkphp3/Public/Admin/Styles/Styles/general.css
INFO: [ app_init ] --START--
INFO: Run Behavior\BuildLiteBehavior [ RunTime:0.000028s ]
INFO: [ app_init ] --END-- [ RunTime:0.000886s ]
ERR: 无法加载模块:Public

[ 2019-12-10T14:42:17+08:00 ] ::1 /thinkphp3/Application/Admin/View/Login/__ADMIN_CSS__/Styles/general.css
INFO: [ app_init ] --START--
INFO: Run Behavior\BuildLiteBehavior [ RunTime:0.000015s ]
INFO: [ app_init ] --END-- [ RunTime:0.023353s ]
ERR: 无法加载模块:Application

[ 2019-12-10T14:42:17+08:00 ] ::1 /thinkphp3/Application/Admin/View/Login/__ADMIN_IMG__/login.png
INFO: [ app_init ] --START--
INFO: Run Behavior\BuildLiteBehavior [ RunTime:0.000010s ]
INFO: [ app_init ] --END-- [ RunTime:0.000353s ]
ERR: 无法加载模块:Application

[ 2019-12-10T14:42:17+08:00 ] ::1 /thinkphp3/Application/Admin/View/Login/__ADMIN_CSS__/Styles/main.css
INFO: [ app_init ] --START--
INFO: Run Behavior\BuildLiteBehavior [ RunTime:0.000013s ]
INFO: [ app_init ] --END-- [ RunTime:0.000419s ]
ERR: 无法加载模块:Application

[ 2019-12-10T14:43:19+08:00 ] ::1 /thinkphp3/Application/Admin/View/Login/__ADMIN_CSS__/Styles/main.css
INFO: [ app_init ] --START--
INFO: Run Behavior\BuildLiteBehavior [ RunTime:0.000027s ]
INFO: [ app_init ] --END-- [ RunTime:0.000631s ]
ERR: 无法加载模块:Application

[ 2019-12-10T14:43:19+08:00 ] ::1 /thinkphp3/Application/Admin/View/Login/__ADMIN_CSS__/Styles/general.css
INFO: [ app_init ] --START--
INFO: Run Behavior\BuildLiteBehavior [ RunTime:0.000024s ]
INFO: [ app_init ] --END-- [ RunTime:0.000531s ]
ERR: 无法加载模块:Application

[ 2019-12-10T14:43:59+08:00 ] ::1 /thinkphp3/Application/Admin/View/Login/__ADMIN_CSS__/Styles/general.css
INFO: [ app_init ] --START--
INFO: Run Behavior\BuildLiteBehavior [ RunTime:0.000011s ]
INFO: [ app_init ] --END-- [ RunTime:0.000383s ]
ERR: 无法加载模块:Application

[ 2019-12-10T14:43:59+08:00 ] ::1 /thinkphp3/Application/Admin/View/Login/__ADMIN_CSS__/Styles/main.css
INFO: [ app_init ] --START--
INFO: Run Behavior\BuildLiteBehavior [ RunTime:0.000009s ]
INFO: [ app_init ] --END-- [ RunTime:0.000394s ]
ERR: 无法加载模块:Application

[ 2019-12-10T14:43:59+08:00 ] ::1 /thinkphp3/Application/Admin/View/Login/__ADMIN_IMG__/login.png
INFO: [ app_init ] --START--
INFO: Run Behavior\BuildLiteBehavior [ RunTime:0.000010s ]
INFO: [ app_init ] --END-- [ RunTime:0.000298s ]
ERR: 无法加载模块:Application

[ 2019-12-10T14:44:00+08:00 ] ::1 /thinkphp3/Application/Admin/View/Login/__ADMIN_CSS__/Styles/general.css
INFO: [ app_init ] --START--
INFO: Run Behavior\BuildLiteBehavior [ RunTime:0.000013s ]
INFO: [ app_init ] --END-- [ RunTime:0.000416s ]
ERR: 无法加载模块:Application

[ 2019-12-10T14:44:00+08:00 ] ::1 /thinkphp3/Application/Admin/View/Login/__ADMIN_IMG__/login.png
INFO: [ app_init ] --START--
INFO: Run Behavior\BuildLiteBehavior [ RunTime:0.000013s ]
INFO: [ app_init ] --END-- [ RunTime:0.000315s ]
ERR: 无法加载模块:Application

[ 2019-12-10T14:44:00+08:00 ] ::1 /thinkphp3/Application/Admin/View/Login/__ADMIN_CSS__/Styles/general.css
INFO: [ app_init ] --START--
INFO: Run Behavior\BuildLiteBehavior [ RunTime:0.000010s ]
INFO: [ app_init ] --END-- [ RunTime:0.000311s ]
ERR: 无法加载模块:Application

[ 2019-12-10T14:44:00+08:00 ] ::1 /thinkphp3/Application/Admin/View/Login/__ADMIN_IMG__/login.png
INFO: [ app_init ] --START--
INFO: Run Behavior\BuildLiteBehavior [ RunTime:0.000072s ]
INFO: [ app_init ] --END-- [ RunTime:0.001431s ]
ERR: 无法加载模块:Application

[ 2019-12-10T14:44:00+08:00 ] ::1 /thinkphp3/Application/Admin/View/Login/__ADMIN_CSS__/Styles/main.css
INFO: [ app_init ] --START--
INFO: Run Behavior\BuildLiteBehavior [ RunTime:0.000017s ]
INFO: [ app_init ] --END-- [ RunTime:0.000643s ]
ERR: 无法加载模块:Application

[ 2019-12-10T14:44:00+08:00 ] ::1 /thinkphp3/Application/Admin/View/Login/__ADMIN_CSS__/Styles/general.css
INFO: [ app_init ] --START--
INFO: Run Behavior\BuildLiteBehavior [ RunTime:0.000011s ]
INFO: [ app_init ] --END-- [ RunTime:0.000289s ]
ERR: 无法加载模块:Application

[ 2019-12-10T14:44:00+08:00 ] ::1 /thinkphp3/Application/Admin/View/Login/__ADMIN_CSS__/Styles/main.css
INFO: [ app_init ] --START--
INFO: Run Behavior\BuildLiteBehavior [ RunTime:0.000023s ]
INFO: [ app_init ] --END-- [ RunTime:0.000432s ]
ERR: 无法加载模块:Application

[ 2019-12-10T14:44:00+08:00 ] ::1 /thinkphp3/Application/Admin/View/Login/__ADMIN_IMG__/login.png
INFO: [ app_init ] --START--
INFO: Run Behavior\BuildLiteBehavior [ RunTime:0.000025s ]
INFO: [ app_init ] --END-- [ RunTime:0.000351s ]
ERR: 无法加载模块:Application

[ 2019-12-10T14:44:00+08:00 ] ::1 /thinkphp3/Application/Admin/View/Login/__ADMIN_CSS__/Styles/main.css
INFO: [ app_init ] --START--
INFO: Run Behavior\BuildLiteBehavior [ RunTime:0.000012s ]
INFO: [ app_init ] --END-- [ RunTime:0.000313s ]
ERR: 无法加载模块:Application

[ 2019-12-10T14:44:00+08:00 ] ::1 /thinkphp3/Application/Admin/View/Login/__ADMIN_CSS__/Styles/general.css
INFO: [ app_init ] --START--
INFO: Run Behavior\BuildLiteBehavior [ RunTime:0.000011s ]
INFO: [ app_init ] --END-- [ RunTime:0.000306s ]
ERR: 无法加载模块:Application

[ 2019-12-10T14:44:00+08:00 ] ::1 /thinkphp3/Application/Admin/View/Login/__ADMIN_IMG__/login.png
INFO: [ app_init ] --START--
INFO: Run Behavior\BuildLiteBehavior [ RunTime:0.000012s ]
INFO: [ app_init ] --END-- [ RunTime:0.000339s ]
ERR: 无法加载模块:Application

[ 2019-12-10T14:46:06+08:00 ] ::1 /thinkphp3/Application/Admin/View/Login/__ADMIN_CSS__/Styles/general.css
INFO: [ app_init ] --START--
INFO: Run Behavior\BuildLiteBehavior [ RunTime:0.000046s ]
INFO: [ app_init ] --END-- [ RunTime:0.001349s ]
ERR: 无法加载模块:Application

[ 2019-12-10T14:46:06+08:00 ] ::1 /thinkphp3/Application/Admin/View/Login/__ADMIN_CSS__/Styles/main.css
INFO: [ app_init ] --START--
INFO: Run Behavior\BuildLiteBehavior [ RunTime:0.000016s ]
INFO: [ app_init ] --END-- [ RunTime:0.000457s ]
ERR: 无法加载模块:Application

[ 2019-12-10T14:46:06+08:00 ] ::1 /thinkphp3/Application/Admin/View/Login/__ADMIN_IMG__/login.png
INFO: [ app_init ] --START--
INFO: Run Behavior\BuildLiteBehavior [ RunTime:0.000011s ]
INFO: [ app_init ] --END-- [ RunTime:0.000466s ]
ERR: 无法加载模块:Application

[ 2019-12-10T14:46:06+08:00 ] ::1 /thinkphp3/Application/Admin/View/Login/__ADMIN_CSS__/Styles/main.css
INFO: [ app_init ] --START--
INFO: Run Behavior\BuildLiteBehavior [ RunTime:0.000011s ]
INFO: [ app_init ] --END-- [ RunTime:0.000278s ]
ERR: 无法加载模块:Application

[ 2019-12-10T14:46:06+08:00 ] ::1 /thinkphp3/Application/Admin/View/Login/__ADMIN_IMG__/login.png
INFO: [ app_init ] --START--
INFO: Run Behavior\BuildLiteBehavior [ RunTime:0.000011s ]
INFO: [ app_init ] --END-- [ RunTime:0.000386s ]
ERR: 无法加载模块:Application

[ 2019-12-10T14:46:06+08:00 ] ::1 /thinkphp3/Application/Admin/View/Login/__ADMIN_CSS__/Styles/general.css
INFO: [ app_init ] --START--
INFO: Run Behavior\BuildLiteBehavior [ RunTime:0.000010s ]
INFO: [ app_init ] --END-- [ RunTime:0.000376s ]
ERR: 无法加载模块:Application

[ 2019-12-10T14:46:06+08:00 ] ::1 /thinkphp3/Application/Admin/View/Login/__ADMIN_IMG__/login.png
INFO: [ app_init ] --START--
INFO: Run Behavior\BuildLiteBehavior [ RunTime:0.000014s ]
INFO: [ app_init ] --END-- [ RunTime:0.000340s ]
ERR: 无法加载模块:Application

[ 2019-12-10T14:46:06+08:00 ] ::1 /thinkphp3/Application/Admin/View/Login/__ADMIN_CSS__/Styles/general.css
INFO: [ app_init ] --START--
INFO: Run Behavior\BuildLiteBehavior [ RunTime:0.000029s ]
INFO: [ app_init ] --END-- [ RunTime:0.000378s ]
ERR: 无法加载模块:Application

[ 2019-12-10T14:46:06+08:00 ] ::1 /thinkphp3/Application/Admin/View/Login/__ADMIN_CSS__/Styles/main.css
INFO: [ app_init ] --START--
INFO: Run Behavior\BuildLiteBehavior [ RunTime:0.000027s ]
INFO: [ app_init ] --END-- [ RunTime:0.000311s ]
ERR: 无法加载模块:Application

[ 2019-12-10T14:46:06+08:00 ] ::1 /thinkphp3/Application/Admin/View/Login/__ADMIN_IMG__/login.png
INFO: [ app_init ] --START--
INFO: Run Behavior\BuildLiteBehavior [ RunTime:0.000012s ]
INFO: [ app_init ] --END-- [ RunTime:0.000726s ]
ERR: 无法加载模块:Application

[ 2019-12-10T14:46:06+08:00 ] ::1 /thinkphp3/Application/Admin/View/Login/__ADMIN_CSS__/Styles/main.css
INFO: [ app_init ] --START--
INFO: Run Behavior\BuildLiteBehavior [ RunTime:0.000010s ]
INFO: [ app_init ] --END-- [ RunTime:0.000378s ]
ERR: 无法加载模块:Application

[ 2019-12-10T14:46:06+08:00 ] ::1 /thinkphp3/Application/Admin/View/Login/__ADMIN_CSS__/Styles/general.css
INFO: [ app_init ] --START--
INFO: Run Behavior\BuildLiteBehavior [ RunTime:0.000013s ]
INFO: [ app_init ] --END-- [ RunTime:0.001079s ]
ERR: 无法加载模块:Application

[ 2019-12-10T14:46:07+08:00 ] ::1 /thinkphp3/Application/Admin/View/Login/__ADMIN_CSS__/Styles/general.css
INFO: [ app_init ] --START--
INFO: Run Behavior\BuildLiteBehavior [ RunTime:0.000011s ]
INFO: [ app_init ] --END-- [ RunTime:0.000300s ]
ERR: 无法加载模块:Application

[ 2019-12-10T14:46:07+08:00 ] ::1 /thinkphp3/Application/Admin/View/Login/__ADMIN_IMG__/login.png
INFO: [ app_init ] --START--
INFO: Run Behavior\BuildLiteBehavior [ RunTime:0.000012s ]
INFO: [ app_init ] --END-- [ RunTime:0.000325s ]
ERR: 无法加载模块:Application

[ 2019-12-10T14:46:07+08:00 ] ::1 /thinkphp3/Application/Admin/View/Login/__ADMIN_CSS__/Styles/main.css
INFO: [ app_init ] --START--
INFO: Run Behavior\BuildLiteBehavior [ RunTime:0.000011s ]
INFO: [ app_init ] --END-- [ RunTime:0.000706s ]
ERR: 无法加载模块:Application

[ 2019-12-10T14:46:07+08:00 ] ::1 /thinkphp3/Application/Admin/View/Login/__ADMIN_CSS__/Styles/general.css
INFO: [ app_init ] --START--
INFO: Run Behavior\BuildLiteBehavior [ RunTime:0.000010s ]
INFO: [ app_init ] --END-- [ RunTime:0.000295s ]
ERR: 无法加载模块:Application

[ 2019-12-10T14:46:07+08:00 ] ::1 /thinkphp3/Application/Admin/View/Login/__ADMIN_CSS__/Styles/main.css
INFO: [ app_init ] --START--
INFO: Run Behavior\BuildLiteBehavior [ RunTime:0.000014s ]
INFO: [ app_init ] --END-- [ RunTime:0.000387s ]
ERR: 无法加载模块:Application

[ 2019-12-10T14:46:07+08:00 ] ::1 /thinkphp3/Application/Admin/View/Login/__ADMIN_IMG__/login.png
INFO: [ app_init ] --START--
INFO: Run Behavior\BuildLiteBehavior [ RunTime:0.000011s ]
INFO: [ app_init ] --END-- [ RunTime:0.000307s ]
ERR: 无法加载模块:Application

[ 2019-12-10T14:46:07+08:00 ] ::1 /thinkphp3/Application/Admin/View/Login/__ADMIN_CSS__/Styles/general.css
INFO: [ app_init ] --START--
INFO: Run Behavior\BuildLiteBehavior [ RunTime:0.000009s ]
INFO: [ app_init ] --END-- [ RunTime:0.000309s ]
ERR: 无法加载模块:Application

[ 2019-12-10T14:46:07+08:00 ] ::1 /thinkphp3/Application/Admin/View/Login/__ADMIN_CSS__/Styles/main.css
INFO: [ app_init ] --START--
INFO: Run Behavior\BuildLiteBehavior [ RunTime:0.000011s ]
INFO: [ app_init ] --END-- [ RunTime:0.000313s ]
ERR: 无法加载模块:Application

[ 2019-12-10T14:46:07+08:00 ] ::1 /thinkphp3/Application/Admin/View/Login/__ADMIN_IMG__/login.png
INFO: [ app_init ] --START--
INFO: Run Behavior\BuildLiteBehavior [ RunTime:0.000013s ]
INFO: [ app_init ] --END-- [ RunTime:0.000508s ]
ERR: 无法加载模块:Application

[ 2019-12-10T14:46:07+08:00 ] ::1 /thinkphp3/Application/Admin/View/Login/__ADMIN_CSS__/Styles/general.css
INFO: [ app_init ] --START--
INFO: Run Behavior\BuildLiteBehavior [ RunTime:0.000017s ]
INFO: [ app_init ] --END-- [ RunTime:0.000307s ]
ERR: 无法加载模块:Application

[ 2019-12-10T14:46:07+08:00 ] ::1 /thinkphp3/Application/Admin/View/Login/__ADMIN_CSS__/Styles/main.css
INFO: [ app_init ] --START--
INFO: Run Behavior\BuildLiteBehavior [ RunTime:0.000010s ]
INFO: [ app_init ] --END-- [ RunTime:0.000289s ]
ERR: 无法加载模块:Application

[ 2019-12-10T14:46:07+08:00 ] ::1 /thinkphp3/Application/Admin/View/Login/__ADMIN_IMG__/login.png
INFO: [ app_init ] --START--
INFO: Run Behavior\BuildLiteBehavior [ RunTime:0.000012s ]
INFO: [ app_init ] --END-- [ RunTime:0.000334s ]
ERR: 无法加载模块:Application

[ 2019-12-10T14:46:07+08:00 ] ::1 /thinkphp3/Application/Admin/View/Login/__ADMIN_CSS__/Styles/main.css
INFO: [ app_init ] --START--
INFO: Run Behavior\BuildLiteBehavior [ RunTime:0.000010s ]
INFO: [ app_init ] --END-- [ RunTime:0.000298s ]
ERR: 无法加载模块:Application

[ 2019-12-10T14:46:07+08:00 ] ::1 /thinkphp3/Application/Admin/View/Login/__ADMIN_CSS__/Styles/general.css
INFO: [ app_init ] --START--
INFO: Run Behavior\BuildLiteBehavior [ RunTime:0.000009s ]
INFO: [ app_init ] --END-- [ RunTime:0.000277s ]
ERR: 无法加载模块:Application

[ 2019-12-10T14:46:07+08:00 ] ::1 /thinkphp3/Application/Admin/View/Login/__ADMIN_IMG__/login.png
INFO: [ app_init ] --START--
INFO: Run Behavior\BuildLiteBehavior [ RunTime:0.000012s ]
INFO: [ app_init ] --END-- [ RunTime:0.000315s ]
ERR: 无法加载模块:Application

[ 2019-12-10T14:46:08+08:00 ] ::1 /thinkphp3/Application/Admin/View/Login/__ADMIN_CSS__/Styles/main.css
INFO: [ app_init ] --START--
INFO: Run Behavior\BuildLiteBehavior [ RunTime:0.000013s ]
INFO: [ app_init ] --END-- [ RunTime:0.000345s ]
ERR: 无法加载模块:Application

[ 2019-12-10T14:46:08+08:00 ] ::1 /thinkphp3/Application/Admin/View/Login/__ADMIN_CSS__/Styles/general.css
INFO: [ app_init ] --START--
INFO: Run Behavior\BuildLiteBehavior [ RunTime:0.000013s ]
INFO: [ app_init ] --END-- [ RunTime:0.000721s ]
ERR: 无法加载模块:Application

[ 2019-12-10T14:46:08+08:00 ] ::1 /thinkphp3/Application/Admin/View/Login/__ADMIN_IMG__/login.png
INFO: [ app_init ] --START--
INFO: Run Behavior\BuildLiteBehavior [ RunTime:0.000040s ]
INFO: [ app_init ] --END-- [ RunTime:0.001139s ]
ERR: 无法加载模块:Application

[ 2019-12-10T14:46:08+08:00 ] ::1 /thinkphp3/Application/Admin/View/Login/__ADMIN_CSS__/Styles/main.css
INFO: [ app_init ] --START--
INFO: Run Behavior\BuildLiteBehavior [ RunTime:0.000010s ]
INFO: [ app_init ] --END-- [ RunTime:0.000407s ]
ERR: 无法加载模块:Application

[ 2019-12-10T14:46:08+08:00 ] ::1 /thinkphp3/Application/Admin/View/Login/__ADMIN_CSS__/Styles/general.css
INFO: [ app_init ] --START--
INFO: Run Behavior\BuildLiteBehavior [ RunTime:0.000010s ]
INFO: [ app_init ] --END-- [ RunTime:0.000400s ]
ERR: 无法加载模块:Application

[ 2019-12-10T14:46:08+08:00 ] ::1 /thinkphp3/Application/Admin/View/Login/__ADMIN_IMG__/login.png
INFO: [ app_init ] --START--
INFO: Run Behavior\BuildLiteBehavior [ RunTime:0.000011s ]
INFO: [ app_init ] --END-- [ RunTime:0.000426s ]
ERR: 无法加载模块:Application

[ 2019-12-10T14:46:08+08:00 ] ::1 /thinkphp3/Application/Admin/View/Login/__ADMIN_IMG__/login.png
INFO: [ app_init ] --START--
INFO: Run Behavior\BuildLiteBehavior [ RunTime:0.000012s ]
INFO: [ app_init ] --END-- [ RunTime:0.000300s ]
ERR: 无法加载模块:Application

[ 2019-12-10T14:46:08+08:00 ] ::1 /thinkphp3/Application/Admin/View/Login/__ADMIN_CSS__/Styles/main.css
INFO: [ app_init ] --START--
INFO: Run Behavior\BuildLiteBehavior [ RunTime:0.000010s ]
INFO: [ app_init ] --END-- [ RunTime:0.000290s ]
ERR: 无法加载模块:Application

[ 2019-12-10T14:46:08+08:00 ] ::1 /thinkphp3/Application/Admin/View/Login/__ADMIN_CSS__/Styles/general.css
INFO: [ app_init ] --START--
INFO: Run Behavior\BuildLiteBehavior [ RunTime:0.000013s ]
INFO: [ app_init ] --END-- [ RunTime:0.000363s ]
ERR: 无法加载模块:Application

[ 2019-12-10T14:46:09+08:00 ] ::1 /thinkphp3/Application/Admin/View/Login/__ADMIN_CSS__/Styles/main.css
INFO: [ app_init ] --START--
INFO: Run Behavior\BuildLiteBehavior [ RunTime:0.000011s ]
INFO: [ app_init ] --END-- [ RunTime:0.000316s ]
ERR: 无法加载模块:Application



[ 2019-12-10T14:46:09+08:00 ] ::1 /thinkphp3/Application/Admin/View/Login/__ADMIN_IMG__/login.png
INFO: [ app_init ] --START--
INFO: Run Behavior\BuildLiteBehavior [ RunTime:0.000056s ]
INFO: [ app_init ] --END-- [ RunTime:0.001165s ]
ERR: 无法加载模块:Application

[ 2019-12-10T14:46:09+08:00 ] ::1 /thinkphp3/Application/Admin/View/Login/__ADMIN_CSS__/Styles/general.css
INFO: [ app_init ] --START--
INFO: Run Behavior\BuildLiteBehavior [ RunTime:0.000010s ]
INFO: [ app_init ] --END-- [ RunTime:0.000278s ]
ERR: 无法加载模块:Application

[ 2019-12-10T14:46:09+08:00 ] ::1 /thinkphp3/Application/Admin/View/Login/__ADMIN_IMG__/login.png
INFO: [ app_init ] --START--
INFO: Run Behavior\BuildLiteBehavior [ RunTime:0.000014s ]
INFO: [ app_init ] --END-- [ RunTime:0.000317s ]
ERR: 无法加载模块:Application

[ 2019-12-10T14:46:09+08:00 ] ::1 /thinkphp3/Application/Admin/View/Login/__ADMIN_CSS__/Styles/main.css
INFO: [ app_init ] --START--
INFO: Run Behavior\BuildLiteBehavior [ RunTime:0.000011s ]
INFO: [ app_init ] --END-- [ RunTime:0.000366s ]
ERR: 无法加载模块:Application

[ 2019-12-10T14:46:09+08:00 ] ::1 /thinkphp3/Application/Admin/View/Login/__ADMIN_CSS__/Styles/general.css
INFO: [ app_init ] --START--
INFO: Run Behavior\BuildLiteBehavior [ RunTime:0.000013s ]
INFO: [ app_init ] --END-- [ RunTime:0.000492s ]
ERR: 无法加载模块:Application

[ 2019-12-10T14:46:09+08:00 ] ::1 /thinkphp3/Application/Admin/View/Login/__ADMIN_CSS__/Styles/main.css
INFO: [ app_init ] --START--
INFO: Run Behavior\BuildLiteBehavior [ RunTime:0.000011s ]
INFO: [ app_init ] --END-- [ RunTime:0.000280s ]
ERR: 无法加载模块:Application

[ 2019-12-10T14:46:09+08:00 ] ::1 /thinkphp3/Application/Admin/View/Login/__ADMIN_IMG__/login.png
INFO: [ app_init ] --START--
INFO: Run Behavior\BuildLiteBehavior [ RunTime:0.000012s ]
INFO: [ app_init ] --END-- [ RunTime:0.000348s ]
ERR: 无法加载模块:Application

[ 2019-12-10T14:46:09+08:00 ] ::1 /thinkphp3/Application/Admin/View/Login/__ADMIN_CSS__/Styles/general.css
INFO: [ app_init ] --START--
INFO: Run Behavior\BuildLiteBehavior [ RunTime:0.000012s ]
INFO: [ app_init ] --END-- [ RunTime:0.000324s ]
ERR: 无法加载模块:Application

[ 2019-12-10T14:46:09+08:00 ] ::1 /thinkphp3/Application/Admin/View/Login/__ADMIN_CSS__/Styles/main.css
INFO: [ app_init ] --START--
INFO: Run Behavior\BuildLiteBehavior [ RunTime:0.000013s ]
INFO: [ app_init ] --END-- [ RunTime:0.000337s ]
ERR: 无法加载模块:Application

[ 2019-12-10T14:46:09+08:00 ] ::1 /thinkphp3/Application/Admin/View/Login/__ADMIN_IMG__/login.png
INFO: [ app_init ] --START--
INFO: Run Behavior\BuildLiteBehavior [ RunTime:0.000023s ]
INFO: [ app_init ] --END-- [ RunTime:0.000354s ]
ERR: 无法加载模块:Application

[ 2019-12-10T14:46:10+08:00 ] ::1 /thinkphp3/Application/Admin/View/Login/__ADMIN_CSS__/Styles/general.css
INFO: [ app_init ] --START--
INFO: Run Behavior\BuildLiteBehavior [ RunTime:0.000010s ]
INFO: [ app_init ] --END-- [ RunTime:0.000283s ]
ERR: 无法加载模块:Application

[ 2019-12-10T14:46:10+08:00 ] ::1 /thinkphp3/Application/Admin/View/Login/__ADMIN_CSS__/Styles/main.css
INFO: [ app_init ] --START--
INFO: Run Behavior\BuildLiteBehavior [ RunTime:0.000018s ]
INFO: [ app_init ] --END-- [ RunTime:0.000313s ]
ERR: 无法加载模块:Application

[ 2019-12-10T14:46:10+08:00 ] ::1 /thinkphp3/Application/Admin/View/Login/__ADMIN_IMG__/login.png
INFO: [ app_init ] --START--
INFO: Run Behavior\BuildLiteBehavior [ RunTime:0.000012s ]
INFO: [ app_init ] --END-- [ RunTime:0.000360s ]
ERR: 无法加载模块:Application

[ 2019-12-10T14:46:10+08:00 ] ::1 /thinkphp3/Application/Admin/View/Login/__ADMIN_CSS__/Styles/general.css
INFO: [ app_init ] --START--
INFO: Run Behavior\BuildLiteBehavior [ RunTime:0.000009s ]
INFO: [ app_init ] --END-- [ RunTime:0.000275s ]
ERR: 无法加载模块:Application

[ 2019-12-10T14:46:10+08:00 ] ::1 /thinkphp3/Application/Admin/View/Login/__ADMIN_CSS__/Styles/main.css
INFO: [ app_init ] --START--
INFO: Run Behavior\BuildLiteBehavior [ RunTime:0.000011s ]
INFO: [ app_init ] --END-- [ RunTime:0.000279s ]
ERR: 无法加载模块:Application

[ 2019-12-10T14:46:10+08:00 ] ::1 /thinkphp3/Application/Admin/View/Login/__ADMIN_IMG__/login.png
INFO: [ app_init ] --START--
INFO: Run Behavior\BuildLiteBehavior [ RunTime:0.000026s ]
INFO: [ app_init ] --END-- [ RunTime:0.000397s ]
ERR: 无法加载模块:Application

[ 2019-12-10T14:46:20+08:00 ] ::1 /thinkphp3/Application/Admin/View/Login/__ADMIN_CSS__/Styles/general.css
INFO: [ app_init ] --START--
INFO: Run Behavior\BuildLiteBehavior [ RunTime:0.000010s ]
INFO: [ app_init ] --END-- [ RunTime:0.000523s ]
ERR: 无法加载模块:Application

[ 2019-12-10T14:46:20+08:00 ] ::1 /thinkphp3/Application/Admin/View/Login/__ADMIN_CSS__/Styles/main.css
INFO: [ app_init ] --START--
INFO: Run Behavior\BuildLiteBehavior [ RunTime:0.000010s ]
INFO: [ app_init ] --END-- [ RunTime:0.000352s ]
ERR: 无法加载模块:Application

[ 2019-12-10T14:49:00+08:00 ] ::1 /thinkphp3/Public/Admin/Styles/Styles/general.css
INFO: [ app_init ] --START--
INFO: Run Behavior\BuildLiteBehavior [ RunTime:0.000011s ]
INFO: [ app_init ] --END-- [ RunTime:0.000306s ]
ERR: 无法加载模块:Public

[ 2019-12-10T14:49:00+08:00 ] ::1 /thinkphp3/Public/Admin/Styles/Styles/main.css
INFO: [ app_init ] --START--
INFO: Run Behavior\BuildLiteBehavior [ RunTime:0.000013s ]
INFO: [ app_init ] --END-- [ RunTime:0.000394s ]
ERR: 无法加载模块:Public

[ 2019-12-10T14:49:18+08:00 ] ::1 /thinkphp3/Public/Admin/Styles/Styles/general.css
INFO: [ app_init ] --START--
INFO: Run Behavior\BuildLiteBehavior [ RunTime:0.000010s ]
INFO: [ app_init ] --END-- [ RunTime:0.000273s ]
ERR: 无法加载模块:Public

[ 2019-12-10T14:55:21+08:00 ] ::1 /thinkphp3/Application/Home/View/Index/__HOME_CSS__/check.css
INFO: [ app_init ] --START--
INFO: Run Behavior\BuildLiteBehavior [ RunTime:0.000011s ]
INFO: [ app_init ] --END-- [ RunTime:0.000355s ]
ERR: 无法加载模块:Application

[ 2019-12-10T14:55:21+08:00 ] ::1 /thinkphp3/Application/Home/View/Index/__HOME_CSS__/min.ui.css
INFO: [ app_init ] --START--
INFO: Run Behavior\BuildLiteBehavior [ RunTime:0.000012s ]
INFO: [ app_init ] --END-- [ RunTime:0.000344s ]
ERR: 无法加载模块:Application

[ 2019-12-10T14:55:21+08:00 ] ::1 /thinkphp3/Application/Home/View/Index/__HOME_JS__/min.ui.js
INFO: [ app_init ] --START--
INFO: Run Behavior\BuildLiteBehavior [ RunTime:0.000014s ]
INFO: [ app_init ] --END-- [ RunTime:0.000510s ]
ERR: 无法加载模块:Application

[ 2019-12-10T14:58:56+08:00 ] ::1 /thinkphp3/Application/Home/View/Index/img/bg.jpg
INFO: [ app_init ] --START--
INFO: Run Behavior\BuildLiteBehavior [ RunTime:0.000011s ]
INFO: [ app_init ] --END-- [ RunTime:0.000357s ]
ERR: 无法加载模块:Application

[ 2019-12-10T15:00:10+08:00 ] ::1 /thinkphp3/Application/Home/View/Index/img/bg.jpg
INFO: [ app_init ] --START--
INFO: Run Behavior\BuildLiteBehavior [ RunTime:0.000024s ]
INFO: [ app_init ] --END-- [ RunTime:0.000373s ]
ERR: 无法加载模块:Application

[ 2019-12-10T15:00:10+08:00 ] ::1 /thinkphp3/Application/Home/View/Index/img/bg.jpg
INFO: [ app_init ] --START--
INFO: Run Behavior\BuildLiteBehavior [ RunTime:0.000012s ]
INFO: [ app_init ] --END-- [ RunTime:0.000342s ]
ERR: 无法加载模块:Application

[ 2019-12-10T15:00:10+08:00 ] ::1 /thinkphp3/Application/Home/View/Index/img/bg.jpg
INFO: [ app_init ] --START--
INFO: Run Behavior\BuildLiteBehavior [ RunTime:0.000023s ]
INFO: [ app_init ] --END-- [ RunTime:0.000318s ]
ERR: 无法加载模块:Application

[ 2019-12-10T15:00:10+08:00 ] ::1 /thinkphp3/Application/Home/View/Index/img/bg.jpg
INFO: [ app_init ] --START--
INFO: Run Behavior\BuildLiteBehavior [ RunTime:0.000010s ]
INFO: [ app_init ] --END-- [ RunTime:0.000271s ]
ERR: 无法加载模块:Application

[ 2019-12-10T15:00:10+08:00 ] ::1 /thinkphp3/Application/Home/View/Index/img/bg.jpg
INFO: [ app_init ] --START--
INFO: Run Behavior\BuildLiteBehavior [ RunTime:0.000013s ]
INFO: [ app_init ] --END-- [ RunTime:0.000649s ]
ERR: 无法加载模块:Application

[ 2019-12-10T15:00:11+08:00 ] ::1 /thinkphp3/Application/Home/View/Index/img/bg.jpg
INFO: [ app_init ] --START--
INFO: Run Behavior\BuildLiteBehavior [ RunTime:0.000010s ]
INFO: [ app_init ] --END-- [ RunTime:0.000283s ]
ERR: 无法加载模块:Application

[ 2019-12-10T15:00:11+08:00 ] ::1 /thinkphp3/Application/Home/View/Index/img/bg.jpg
INFO: [ app_init ] --START--
INFO: Run Behavior\BuildLiteBehavior [ RunTime:0.000011s ]
INFO: [ app_init ] --END-- [ RunTime:0.000344s ]
ERR: 无法加载模块:Application

[ 2019-12-10T15:00:11+08:00 ] ::1 /thinkphp3/Application/Home/View/Index/img/bg.jpg
INFO: [ app_init ] --START--
INFO: Run Behavior\BuildLiteBehavior [ RunTime:0.000011s ]
INFO: [ app_init ] --END-- [ RunTime:0.000266s ]
ERR: 无法加载模块:Application

[ 2019-12-10T15:00:11+08:00 ] ::1 /thinkphp3/Application/Home/View/Index/img/bg.jpg
INFO: [ app_init ] --START--
INFO: Run Behavior\BuildLiteBehavior [ RunTime:0.000009s ]
INFO: [ app_init ] --END-- [ RunTime:0.000259s ]
ERR: 无法加载模块:Application

[ 2019-12-10T15:00:14+08:00 ] ::1 /thinkphp3/Application/Home/View/Index/__HOME_CSS__/min.ui.css
INFO: [ app_init ] --START--
INFO: Run Behavior\BuildLiteBehavior [ RunTime:0.000014s ]
INFO: [ app_init ] --END-- [ RunTime:0.000346s ]
ERR: 无法加载模块:Application

[ 2019-12-10T15:00:14+08:00 ] ::1 /thinkphp3/Application/Home/View/Index/_./js/min.ui.js
INFO: [ app_init ] --START--
INFO: Run Behavior\BuildLiteBehavior [ RunTime:0.000010s ]
INFO: [ app_init ] --END-- [ RunTime:0.000342s ]
ERR: 无法加载模块:Application

[ 2019-12-10T15:02:04+08:00 ] ::1 /thinkphp3/Application/Home/View/Index/__HOME_CSS__/min.ui.css
INFO: [ app_init ] --START--
INFO: Run Behavior\BuildLiteBehavior [ RunTime:0.000011s ]
INFO: [ app_init ] --END-- [ RunTime:0.000297s ]
ERR: 无法加载模块:Application

[ 2019-12-10T15:02:04+08:00 ] ::1 /thinkphp3/Application/Home/View/Index/_./js/min.ui.js
INFO: [ app_init ] --START--
INFO: Run Behavior\BuildLiteBehavior [ RunTime:0.000013s ]
INFO: [ app_init ] --END-- [ RunTime:0.000311s ]
ERR: 无法加载模块:Application

[ 2019-12-10T15:02:04+08:00 ] ::1 /thinkphp3/Application/Home/View/Index/__HOME_CSS__/check.css
INFO: [ app_init ] --START--
INFO: Run Behavior\BuildLiteBehavior [ RunTime:0.000012s ]
INFO: [ app_init ] --END-- [ RunTime:0.000432s ]
ERR: 无法加载模块:Application

[ 2019-12-10T15:07:10+08:00 ] ::1 /thinkphp3/Application/Admin/View/Login/__ADMIN_CSS__/Styles/general.css
INFO: [ app_init ] --START--
INFO: Run Behavior\BuildLiteBehavior [ RunTime:0.000014s ]
INFO: [ app_init ] --END-- [ RunTime:0.000504s ]
ERR: 无法加载模块:Application

[ 2019-12-10T15:07:10+08:00 ] ::1 /thinkphp3/Application/Admin/View/Login/__ADMIN_CSS__/Styles/main.css
INFO: [ app_init ] --START--
INFO: Run Behavior\BuildLiteBehavior [ RunTime:0.000012s ]
INFO: [ app_init ] --END-- [ RunTime:0.000410s ]
ERR: 无法加载模块:Application

[ 2019-12-10T15:07:10+08:00 ] ::1 /thinkphp3/Application/Admin/View/Login/__ADMIN_IMG__/login.png
INFO: [ app_init ] --START--
INFO: Run Behavior\BuildLiteBehavior [ RunTime:0.000010s ]
INFO: [ app_init ] --END-- [ RunTime:0.000342s ]
ERR: 无法加载模块:Application

[ 2019-12-10T15:07:27+08:00 ] ::1 /thinkphp3/Public/Admin/Styles/Styles/main.css
INFO: [ app_init ] --START--
INFO: Run Behavior\BuildLiteBehavior [ RunTime:0.000010s ]
INFO: [ app_init ] --END-- [ RunTime:0.000306s ]
ERR: 无法加载模块:Public

[ 2019-12-10T15:07:27+08:00 ] ::1 /thinkphp3/Public/Admin/Styles/Styles/general.css
INFO: [ app_init ] --START--
INFO: Run Behavior\BuildLiteBehavior [ RunTime:0.000012s ]
INFO: [ app_init ] --END-- [ RunTime:0.000294s ]
ERR: 无法加载模块:Public

