[ 2019-11-06T10:24:25+08:00 ] ::1 /thinkphp3/Application/Admin/View/Index/__ADMIN_CSS__/font.css
INFO: [ app_init ] --START--
INFO: Run Behavior\BuildLiteBehavior [ RunTime:0.000021s ]
INFO: [ app_init ] --END-- [ RunTime:0.005714s ]
ERR: 无法加载模块:Application

on

[ 2019-11-06T10:24:25+08:00 ] ::1 /thinkphp3/Application/Admin/View/Index/__ADMIN_CSS__/xadmin.css
INFO: [ app_init ] --START--
INFO: Run Behavior\BuildLiteBehavior [ RunTime:0.000010s ]
INFO: [ app_init ] --END-- [ RunTime:0.005554s ]
ERR: 无法加载模块:Application

[ 2019-11-06T10:24:25+08:00 ] ::1 /thinkphp3/Application/Admin/View/Index/__ADMIN_JS__/xadmin.js
INFO: [ app_init ] --START--
INFO: Run Behavior\BuildLiteBehavior [ RunTime:0.000011s ]
INFO: [ app_init ] --END-- [ RunTime:0.005837s ]
ERR: 无法加载模块:Application

[ 2019-11-06T10:24:26+08:00 ] ::1 /thinkphp3/Application/Admin/View/Index/__ADMIN_LIB__/layui/layui.js
INFO: [ app_init ] --START--
INFO: Run Behavior\BuildLiteBehavior [ RunTime:0.000010s ]
INFO: [ app_init ] --END-- [ RunTime:0.000277s ]
ERR: 无法加载模块:Application

[ 2019-11-06T10:24:26+08:00 ] ::1 /thinkphp3/Application/Admin/View/Index/__ADMIN_JS__/xadmin.js
INFO: [ app_init ] --START--
INFO: Run Behavior\BuildLiteBehavior [ RunTime:0.000010s ]
INFO: [ app_init ] --END-- [ RunTime:0.000266s ]
ERR: 无法加载模块:Application

[ 2019-11-06T10:27:23+08:00 ] ::1 /thinkphp3/Application/Admin/View/Index/__ADMIN_CSS__/font.css
INFO: [ app_init ] --START--
INFO: Run Behavior\BuildLiteBehavior [ RunTime:0.000012s ]
INFO: [ app_init ] --END-- [ RunTime:0.000301s ]
ERR: 无法加载模块:Application

[ 2019-11-06T10:27:23+08:00 ] ::1 /thinkphp3/Application/Admin/View/Index/__ADMIN_CSS__/xadmin.css
INFO: [ app_init ] --START--
INFO: Run Behavior\BuildLiteBehavior [ RunTime:0.000010s ]
INFO: [ app_init ] --END-- [ RunTime:0.000304s ]
ERR: 无法加载模块:Application

[ 2019-11-06T10:42:46+08:00 ] ::1 /thinkphp3/Application/Admin/View/Index/css/xadmin.css
INFO: [ app_init ] --START--
INFO: Run Behavior\BuildLiteBehavior [ RunTime:0.000011s ]
INFO: [ app_init ] --END-- [ RunTime:0.000303s ]
ERR: 无法加载模块:Application

[ 2019-11-06T10:42:46+08:00 ] ::1 /thinkphp3/Application/Admin/View/Index/css/font.css
INFO: [ app_init ] --START--
INFO: Run Behavior\BuildLiteBehavior [ RunTime:0.000013s ]
INFO: [ app_init ] --END-- [ RunTime:0.000357s ]
ERR: 无法加载模块:Application

[ 2019-11-06T10:42:46+08:00 ] ::1 /thinkphp3/Application/Admin/View/Index/js/xadmin.js
INFO: [ app_init ] --START--
INFO: Run Behavior\BuildLiteBehavior [ RunTime:0.000013s ]
INFO: [ app_init ] --END-- [ RunTime:0.000454s ]
ERR: 无法加载模块:Application

[ 2019-11-06T10:42:46+08:00 ] ::1 /thinkphp3/Application/Admin/View/Index/lib/layui/layui.js
INFO: [ app_init ] --START--
INFO: Run Behavior\BuildLiteBehavior [ RunTime:0.000014s ]
INFO: [ app_init ] --END-- [ RunTime:0.000693s ]
ERR: 无法加载模块:Application

[ 2019-11-06T10:42:46+08:00 ] ::1 /thinkphp3/Application/Admin/View/Index/js/xadmin.js
INFO: [ app_init ] --START--
INFO: Run Behavior\BuildLiteBehavior [ RunTime:0.000010s ]
INFO: [ app_init ] --END-- [ RunTime:0.000311s ]
ERR: 无法加载模块:Application

[ 2019-11-06T10:54:41+08:00 ] ::1 /thinkphp3/Application/Admin/View/Index/__ADMIN_CSS__/xadmin.css
INFO: [ app_init ] --START--
INFO: Run Behavior\BuildLiteBehavior [ RunTime:0.000014s ]
INFO: [ app_init ] --END-- [ RunTime:0.000325s ]
ERR: 无法加载模块:Application

[ 2019-11-06T10:54:41+08:00 ] ::1 /thinkphp3/Application/Admin/View/Index/__ADMIN_CSS__/font.css
INFO: [ app_init ] --START--
INFO: Run Behavior\BuildLiteBehavior [ RunTime:0.000015s ]
INFO: [ app_init ] --END-- [ RunTime:0.000336s ]
ERR: 无法加载模块:Application

[ 2019-11-06T14:33:10+08:00 ] ::1 /thinkphp3/Application/Admin/View/user/__ADMIN_LIB__/layui/layui.js
INFO: [ app_init ] --START--
INFO: Run Behavior\BuildLiteBehavior [ RunTime:0.000013s ]
INFO: [ app_init ] --END-- [ RunTime:0.005215s ]
ERR: 无法加载模块:Application

[ 2019-11-06T14:33:10+08:00 ] ::1 /thinkphp3/Application/Admin/View/user/__ADMIN_LIB__/layui/layui.js
INFO: [ app_init ] --START--
INFO: Run Behavior\BuildLiteBehavior [ RunTime:0.000010s ]
INFO: [ app_init ] --END-- [ RunTime:0.000262s ]
ERR: 无法加载模块:Application

[ 2019-11-06T14:33:10+08:00 ] ::1 /thinkphp3/Application/Admin/View/user/__ADMIN_JS__/xadmin.js
INFO: [ app_init ] --START--
INFO: Run Behavior\BuildLiteBehavior [ RunTime:0.000029s ]
INFO: [ app_init ] --END-- [ RunTime:0.000467s ]
ERR: 无法加载模块:Application

[ 2019-11-06T14:33:16+08:00 ] ::1 /thinkphp3/Application/Admin/View/user/__ADMIN_CSS__/font.css
INFO: [ app_init ] --START--
INFO: Run Behavior\BuildLiteBehavior [ RunTime:0.000010s ]
INFO: [ app_init ] --END-- [ RunTime:0.000264s ]
ERR: 无法加载模块:Application

[ 2019-11-06T15:21:37+08:00 ] ::1 /thinkphp3/Application/Admin/View/Index/__ADMIN_CSS__/font.css
INFO: [ app_init ] --START--
INFO: Run Behavior\BuildLiteBehavior [ RunTime:0.000014s ]
INFO: [ app_init ] --END-- [ RunTime:0.000427s ]
ERR: 无法加载模块:Application

[ 2019-11-06T15:21:37+08:00 ] ::1 /thinkphp3/Application/Admin/View/Index/__ADMIN_CSS__/xadmin.css
INFO: [ app_init ] --START--
INFO: Run Behavior\BuildLiteBehavior [ RunTime:0.000010s ]
INFO: [ app_init ] --END-- [ RunTime:0.000296s ]
ERR: 无法加载模块:Application

[ 2019-11-06T15:21:37+08:00 ] ::1 /thinkphp3/Application/Admin/View/Index/__ADMIN_LIB__/layui/layui.js
INFO: [ app_init ] --START--
INFO: Run Behavior\BuildLiteBehavior [ RunTime:0.000041s ]
INFO: [ app_init ] --END-- [ RunTime:0.000409s ]
ERR: 无法加载模块:Application

[ 2019-11-06T15:21:37+08:00 ] ::1 /thinkphp3/Application/Admin/View/Index/__ADMIN_JS__/xadmin.js
INFO: [ app_init ] --START--
INFO: Run Behavior\BuildLiteBehavior [ RunTime:0.000012s ]
INFO: [ app_init ] --END-- [ RunTime:0.000407s ]
ERR: 无法加载模块:Application

