[ 2020-01-02T08:43:32+08:00 ] ::1 /thinkphp3/Application/Home/View/Topic/__HOME_JS__/min.ui.js
INFO: [ app_init ] --START--
INFO: Run Behavior\BuildLiteBehavior [ RunTime:0.000012s ]
INFO: [ app_init ] --END-- [ RunTime:0.011651s ]
ERR: 无法加载模块:Application

[ 2020-01-02T08:43:32+08:00 ] ::1 /thinkphp3/Application/Home/View/Topic/__HOME_CSS__/check.css
INFO: [ app_init ] --START--
INFO: Run Behavior\BuildLiteBehavior [ RunTime:0.000011s ]
INFO: [ app_init ] --END-- [ RunTime:0.011743s ]
ERR: 无法加载模块:Application

[ 2020-01-02T08:43:32+08:00 ] ::1 /thinkphp3/Application/Home/View/Topic/__HOME_CSS__/min.ui.css
INFO: [ app_init ] --START--
INFO: Run Behavior\BuildLiteBehavior [ RunTime:0.000013s ]
INFO: [ app_init ] --END-- [ RunTime:0.011688s ]
ERR: 无法加载模块:Application

[ 2020-01-02T14:17:46+08:00 ] ::1 /thinkphp3/Application/Home/View/Topic/__HOME_JS__/min.ui.js
INFO: [ app_init ] --START--
INFO: Run Behavior\BuildLiteBehavior [ RunTime:0.000010s ]
INFO: [ app_init ] --END-- [ RunTime:0.000627s ]
ERR: 无法加载模块:Application

[ 2020-01-02T14:17:46+08:00 ] ::1 /thinkphp3/Application/Home/View/Topic/__HOME_CSS__/check.css
INFO: [ app_init ] --START--
INFO: Run Behavior\BuildLiteBehavior [ RunTime:0.000014s ]
INFO: [ app_init ] --END-- [ RunTime:0.001602s ]
ERR: 无法加载模块:Application


