[ 2020-01-27T12:16:41+08:00 ] ::1 /thinkphp3/Admin/index.html
INFO: [ app_init ] --START--
INFO: Run Behavior\BuildLiteBehavior [ RunTime:0.000013s ]
INFO: [ app_init ] --END-- [ RunTime:0.001096s ]
INFO: [ app_begin ] --START--
INFO: Run Behavior\ReadHtmlCacheBehavior [ RunTime:0.000654s ]
INFO: [ app_begin ] --END-- [ RunTime:0.000734s ]
INFO: [ action_begin ] --START--
INFO: Run Admin\Behavior\TestBehavior [ RunTime:0.020679s ]
INFO: [ action_begin ] --END-- [ RunTime:0.020756s ]
INFO: [ view_parse ] --START--
INFO: [ template_filter ] --START--
INFO: Run Behavior\ContentReplaceBehavior [ RunTime:0.000035s ]
INFO: [ template_filter ] --END-- [ RunTime:0.000079s ]
INFO: Run Behavior\ParseTemplateBehavior [ RunTime:0.032507s ]
INFO: [ view_parse ] --END-- [ RunTime:0.032570s ]
INFO: [ view_filter ] --START--
INFO: Run Behavior\WriteHtmlCacheBehavior [ RunTime:0.000991s ]
INFO: [ view_filter ] --END-- [ RunTime:0.001040s ]
INFO: [ app_end ] --START--
INFO: Run Behavior\ShowPageTraceBehavior [ RunTime:0.000883s ]
INFO: [ app_end ] --END-- [ RunTime:0.000919s ]

[ 2020-01-27T12:16:41+08:00 ] ::1 /thinkphp3/index.php/Admin/Index/top.html
INFO: [ app_init ] --START--
INFO: Run Behavior\BuildLiteBehavior [ RunTime:0.000011s ]
INFO: [ app_init ] --END-- [ RunTime:0.000417s ]
INFO: [ app_begin ] --START--
INFO: Run Behavior\ReadHtmlCacheBehavior [ RunTime:0.000475s ]
INFO: [ app_begin ] --END-- [ RunTime:0.000525s ]
INFO: [ action_begin ] --START--
INFO: Run Admin\Behavior\TestBehavior [ RunTime:0.002075s ]
INFO: [ action_begin ] --END-- [ RunTime:0.002131s ]
INFO: [ view_parse ] --START--
INFO: [ template_filter ] --START--
INFO: Run Behavior\ContentReplaceBehavior [ RunTime:0.000053s ]
INFO: [ template_filter ] --END-- [ RunTime:0.000102s ]
INFO: Run Behavior\ParseTemplateBehavior [ RunTime:0.021197s ]
INFO: [ view_parse ] --END-- [ RunTime:0.021252s ]
INFO: [ view_filter ] --START--
INFO: Run Behavior\WriteHtmlCacheBehavior [ RunTime:0.000772s ]
INFO: [ view_filter ] --END-- [ RunTime:0.000812s ]
INFO: [ app_end ] --START--
INFO: Run Behavior\ShowPageTraceBehavior [ RunTime:0.000862s ]
INFO: [ app_end ] --END-- [ RunTime:0.000900s ]

[ 2020-01-27T12:16:41+08:00 ] ::1 /thinkphp3/index.php/Admin/Index/menu.html
INFO: [ app_init ] --START--
INFO: Run Behavior\BuildLiteBehavior [ RunTime:0.000010s ]
INFO: [ app_init ] --END-- [ RunTime:0.000409s ]
INFO: [ app_begin ] --START--
INFO: Run Behavior\ReadHtmlCacheBehavior [ RunTime:0.000469s ]
INFO: [ app_begin ] --END-- [ RunTime:0.000515s ]
INFO: [ action_begin ] --START--
INFO: Run Admin\Behavior\TestBehavior [ RunTime:0.005359s ]
INFO: [ action_begin ] --END-- [ RunTime:0.005437s ]
SQL: SHOW COLUMNS FROM `user` [ RunTime:0.0330s ]
SQL: SELECT a.id,a.username,a.role_id,b.menu_id FROM user a INNER JOIN role b on a.role_id=b.id  WHERE a.id = null LIMIT 1   [ RunTime:0.0203s ]
SQL: SHOW COLUMNS FROM `menu` [ RunTime:0.0296s ]
ERR: 1064:You have an error in your SQL syntax; check the manual that corresponds to your MySQL server version for the right syntax to use near ') ) GROUP BY b.name' at line 1
 [ SQL语句 ] : SELECT b.id,b.name FROM menu a right join nav b on a.nav_id=b.id  WHERE ( a.id in() ) GROUP BY b.name 
ERR: 1064:You have an error in your SQL syntax; check the manual that corresponds to your MySQL server version for the right syntax to use near ') ) GROUP BY b.name' at line 1
 [ SQL语句 ] : SELECT b.id,b.name FROM menu a right join nav b on a.nav_id=b.id  WHERE ( a.id in() ) GROUP BY b.name 

[ 2020-01-27T12:16:41+08:00 ] ::1 /thinkphp3/index.php/Admin/Index/main.html
INFO: [ app_init ] --START--
INFO: Run Behavior\BuildLiteBehavior [ RunTime:0.000011s ]
INFO: [ app_init ] --END-- [ RunTime:0.000407s ]
INFO: [ app_begin ] --START--
INFO: Run Behavior\ReadHtmlCacheBehavior [ RunTime:0.000895s ]
INFO: [ app_begin ] --END-- [ RunTime:0.000946s ]
INFO: [ action_begin ] --START--
INFO: Run Admin\Behavior\TestBehavior [ RunTime:0.001817s ]
INFO: [ action_begin ] --END-- [ RunTime:0.001895s ]
INFO: [ view_parse ] --START--
INFO: [ template_filter ] --START--
INFO: Run Behavior\ContentReplaceBehavior [ RunTime:0.000053s ]
INFO: [ template_filter ] --END-- [ RunTime:0.000105s ]
INFO: Run Behavior\ParseTemplateBehavior [ RunTime:0.038605s ]
INFO: [ view_parse ] --END-- [ RunTime:0.038667s ]
INFO: [ view_filter ] --START--
INFO: Run Behavior\WriteHtmlCacheBehavior [ RunTime:0.000587s ]
INFO: [ view_filter ] --END-- [ RunTime:0.000621s ]
INFO: [ app_end ] --START--
INFO: Run Behavior\ShowPageTraceBehavior [ RunTime:0.000841s ]
INFO: [ app_end ] --END-- [ RunTime:0.000878s ]

[ 2020-01-27T12:16:43+08:00 ] ::1 /thinkphp3/index.php/Admin/Login/index.html
INFO: [ app_init ] --START--
INFO: Run Behavior\BuildLiteBehavior [ RunTime:0.000016s ]
INFO: [ app_init ] --END-- [ RunTime:0.000489s ]
INFO: [ app_begin ] --START--
INFO: Run Behavior\ReadHtmlCacheBehavior [ RunTime:0.000494s ]
INFO: [ app_begin ] --END-- [ RunTime:0.000546s ]
INFO: [ action_begin ] --START--
INFO: Run Admin\Behavior\TestBehavior [ RunTime:0.001228s ]
INFO: [ action_begin ] --END-- [ RunTime:0.001298s ]
INFO: [ view_parse ] --START--
INFO: [ template_filter ] --START--
INFO: Run Behavior\ContentReplaceBehavior [ RunTime:0.000058s ]
INFO: [ template_filter ] --END-- [ RunTime:0.000113s ]
INFO: Run Behavior\ParseTemplateBehavior [ RunTime:0.035374s ]
INFO: [ view_parse ] --END-- [ RunTime:0.035436s ]
INFO: [ view_filter ] --START--
INFO: Run Behavior\WriteHtmlCacheBehavior [ RunTime:0.000508s ]
INFO: [ view_filter ] --END-- [ RunTime:0.000543s ]
INFO: [ app_end ] --START--
INFO: Run Behavior\ShowPageTraceBehavior [ RunTime:0.000845s ]
INFO: [ app_end ] --END-- [ RunTime:0.000881s ]

[ 2020-01-27T12:16:44+08:00 ] ::1 /thinkphp3/index.php/Admin/verify/index.html
INFO: [ app_init ] --START--
INFO: Run Behavior\BuildLiteBehavior [ RunTime:0.000012s ]
INFO: [ app_init ] --END-- [ RunTime:0.000587s ]
INFO: [ app_begin ] --START--
INFO: Run Behavior\ReadHtmlCacheBehavior [ RunTime:0.000929s ]
INFO: [ app_begin ] --END-- [ RunTime:0.000989s ]
INFO: [ app_end ] --START--
INFO: Run Behavior\ShowPageTraceBehavior [ RunTime:0.000813s ]
INFO: [ app_end ] --END-- [ RunTime:0.000863s ]

[ 2020-01-27T12:16:50+08:00 ] ::1 /thinkphp3/index.php/Admin/Login/validate.html
INFO: [ app_init ] --START--
INFO: Run Behavior\BuildLiteBehavior [ RunTime:0.000010s ]
INFO: [ app_init ] --END-- [ RunTime:0.000410s ]
INFO: [ app_begin ] --START--
INFO: Run Behavior\ReadHtmlCacheBehavior [ RunTime:0.000470s ]
INFO: [ app_begin ] --END-- [ RunTime:0.000513s ]
INFO: [ action_begin ] --START--
INFO: Run Admin\Behavior\TestBehavior [ RunTime:0.001256s ]
INFO: [ action_begin ] --END-- [ RunTime:0.001303s ]
SQL: SHOW COLUMNS FROM `user` [ RunTime:0.0283s ]

[ 2020-01-27T12:16:50+08:00 ] ::1 /thinkphp3/index.php/Admin/Login/validate.html
INFO: [ app_init ] --START--
INFO: Run Behavior\BuildLiteBehavior [ RunTime:0.000012s ]
INFO: [ app_init ] --END-- [ RunTime:0.000509s ]
INFO: [ app_begin ] --START--
INFO: Run Behavior\ReadHtmlCacheBehavior [ RunTime:0.000472s ]
INFO: [ app_begin ] --END-- [ RunTime:0.000524s ]
INFO: [ action_begin ] --START--
INFO: Run Admin\Behavior\TestBehavior [ RunTime:0.003576s ]
INFO: [ action_begin ] --END-- [ RunTime:0.003663s ]
SQL: SHOW COLUMNS FROM `user` [ RunTime:0.0407s ]
NOTIC: [8] Undefined index: validate E:\phpstudy\PHPTutorial\WWW\thinkphp3\ThinkPHP\Library\Think\Model.class.php 第 1185 行.
NOTIC: [8] Undefined index: auto E:\phpstudy\PHPTutorial\WWW\thinkphp3\ThinkPHP\Library\Think\Model.class.php 第 1128 行.
SQL: SELECT `id`,`password` FROM `user` WHERE `username` = 'ren' LIMIT 1   [ RunTime:0.0002s ]
INFO: [ view_parse ] --START--
INFO: [ template_filter ] --START--
INFO: Run Behavior\ContentReplaceBehavior [ RunTime:0.000041s ]
INFO: [ template_filter ] --END-- [ RunTime:0.000105s ]
INFO: Run Behavior\ParseTemplateBehavior [ RunTime:0.023587s ]
INFO: [ view_parse ] --END-- [ RunTime:0.023648s ]
INFO: [ view_filter ] --START--
INFO: Run Behavior\WriteHtmlCacheBehavior [ RunTime:0.000738s ]
INFO: [ view_filter ] --END-- [ RunTime:0.000774s ]

[ 2020-01-27T12:16:50+08:00 ] ::1 /thinkphp3/index.php/Admin/Login/index.html
INFO: [ app_init ] --START--
INFO: Run Behavior\BuildLiteBehavior [ RunTime:0.000012s ]
INFO: [ app_init ] --END-- [ RunTime:0.000839s ]
INFO: [ app_begin ] --START--
INFO: Run Behavior\ReadHtmlCacheBehavior [ RunTime:0.000489s ]
INFO: [ app_begin ] --END-- [ RunTime:0.000537s ]
INFO: [ action_begin ] --START--
INFO: Run Admin\Behavior\TestBehavior [ RunTime:0.000753s ]
INFO: [ action_begin ] --END-- [ RunTime:0.000810s ]
INFO: [ view_parse ] --START--
INFO: [ template_filter ] --START--
INFO: Run Behavior\ContentReplaceBehavior [ RunTime:0.000056s ]
INFO: [ template_filter ] --END-- [ RunTime:0.000104s ]
INFO: Run Behavior\ParseTemplateBehavior [ RunTime:0.009388s ]
INFO: [ view_parse ] --END-- [ RunTime:0.009444s ]
INFO: [ view_filter ] --START--
INFO: Run Behavior\WriteHtmlCacheBehavior [ RunTime:0.000792s ]
INFO: [ view_filter ] --END-- [ RunTime:0.000832s ]
INFO: [ app_end ] --START--
INFO: Run Behavior\ShowPageTraceBehavior [ RunTime:0.000528s ]
INFO: [ app_end ] --END-- [ RunTime:0.000562s ]

[ 2020-01-27T12:16:50+08:00 ] ::1 /thinkphp3/index.php/Admin/verify/index.html
INFO: [ app_init ] --START--
INFO: Run Behavior\BuildLiteBehavior [ RunTime:0.000011s ]
INFO: [ app_init ] --END-- [ RunTime:0.000421s ]
INFO: [ app_begin ] --START--
INFO: Run Behavior\ReadHtmlCacheBehavior [ RunTime:0.000509s ]
INFO: [ app_begin ] --END-- [ RunTime:0.000561s ]
INFO: [ app_end ] --START--
INFO: Run Behavior\ShowPageTraceBehavior [ RunTime:0.001410s ]
INFO: [ app_end ] --END-- [ RunTime:0.001476s ]

[ 2020-01-27T12:16:50+08:00 ] ::1 /thinkphp3/index.php/Admin/Login/validate.html
INFO: [ app_init ] --START--
INFO: Run Behavior\BuildLiteBehavior [ RunTime:0.000011s ]
INFO: [ app_init ] --END-- [ RunTime:0.000477s ]
INFO: [ app_begin ] --START--
INFO: Run Behavior\ReadHtmlCacheBehavior [ RunTime:0.000539s ]
INFO: [ app_begin ] --END-- [ RunTime:0.000594s ]
INFO: [ action_begin ] --START--
INFO: Run Admin\Behavior\TestBehavior [ RunTime:0.002650s ]
INFO: [ action_begin ] --END-- [ RunTime:0.002751s ]
SQL: SHOW COLUMNS FROM `user` [ RunTime:0.0276s ]
NOTIC: [8] Undefined index: validate E:\phpstudy\PHPTutorial\WWW\thinkphp3\ThinkPHP\Library\Think\Model.class.php 第 1185 行.
INFO: [ view_parse ] --START--
INFO: [ template_filter ] --START--
INFO: Run Behavior\ContentReplaceBehavior [ RunTime:0.000039s ]
INFO: [ template_filter ] --END-- [ RunTime:0.000095s ]
INFO: Run Behavior\ParseTemplateBehavior [ RunTime:0.005549s ]
INFO: [ view_parse ] --END-- [ RunTime:0.005609s ]
INFO: [ view_filter ] --START--
INFO: Run Behavior\WriteHtmlCacheBehavior [ RunTime:0.000445s ]
INFO: [ view_filter ] --END-- [ RunTime:0.000479s ]

[ 2020-01-27T12:16:50+08:00 ] ::1 /thinkphp3/index.php/Admin/Login/validate.html
INFO: [ app_init ] --START--
INFO: Run Behavior\BuildLiteBehavior [ RunTime:0.000057s ]
INFO: [ app_init ] --END-- [ RunTime:0.000952s ]
INFO: [ app_begin ] --START--
INFO: Run Behavior\ReadHtmlCacheBehavior [ RunTime:0.000486s ]
INFO: [ app_begin ] --END-- [ RunTime:0.000529s ]
INFO: [ action_begin ] --START--
INFO: Run Admin\Behavior\TestBehavior [ RunTime:0.003877s ]
INFO: [ action_begin ] --END-- [ RunTime:0.003998s ]
SQL: SHOW COLUMNS FROM `user` [ RunTime:0.0222s ]

[ 2020-01-27T12:16:53+08:00 ] ::1 /thinkphp3/index.php/Admin/Login/index.html
INFO: [ app_init ] --START--
INFO: Run Behavior\BuildLiteBehavior [ RunTime:0.000023s ]
INFO: [ app_init ] --END-- [ RunTime:0.000410s ]
INFO: [ app_begin ] --START--
INFO: Run Behavior\ReadHtmlCacheBehavior [ RunTime:0.001151s ]
INFO: [ app_begin ] --END-- [ RunTime:0.001201s ]
INFO: [ action_begin ] --START--
INFO: Run Admin\Behavior\TestBehavior [ RunTime:0.001850s ]
INFO: [ action_begin ] --END-- [ RunTime:0.001901s ]
INFO: [ view_parse ] --START--
INFO: [ template_filter ] --START--
INFO: Run Behavior\ContentReplaceBehavior [ RunTime:0.000062s ]
INFO: [ template_filter ] --END-- [ RunTime:0.000121s ]
INFO: Run Behavior\ParseTemplateBehavior [ RunTime:0.007981s ]
INFO: [ view_parse ] --END-- [ RunTime:0.008032s ]
INFO: [ view_filter ] --START--
INFO: Run Behavior\WriteHtmlCacheBehavior [ RunTime:0.000582s ]
INFO: [ view_filter ] --END-- [ RunTime:0.000627s ]
INFO: [ app_end ] --START--
INFO: Run Behavior\ShowPageTraceBehavior [ RunTime:0.001187s ]
INFO: [ app_end ] --END-- [ RunTime:0.001221s ]

[ 2020-01-27T12:16:53+08:00 ] ::1 /thinkphp3/index.php/Admin/verify/index.html
INFO: [ app_init ] --START--
INFO: Run Behavior\BuildLiteBehavior [ RunTime:0.000012s ]
INFO: [ app_init ] --END-- [ RunTime:0.000434s ]
INFO: [ app_begin ] --START--
INFO: Run Behavior\ReadHtmlCacheBehavior [ RunTime:0.000675s ]
INFO: [ app_begin ] --END-- [ RunTime:0.000732s ]
INFO: [ app_end ] --START--
INFO: Run Behavior\ShowPageTraceBehavior [ RunTime:0.000851s ]
INFO: [ app_end ] --END-- [ RunTime:0.000898s ]

[ 2020-01-27T12:17:20+08:00 ] ::1 /thinkphp3/index.php/Admin/Login/validate.html
INFO: [ app_init ] --START--
INFO: Run Behavior\BuildLiteBehavior [ RunTime:0.000009s ]
INFO: [ app_init ] --END-- [ RunTime:0.000468s ]
INFO: [ app_begin ] --START--
INFO: Run Behavior\ReadHtmlCacheBehavior [ RunTime:0.000618s ]
INFO: [ app_begin ] --END-- [ RunTime:0.000677s ]
INFO: [ action_begin ] --START--
INFO: Run Admin\Behavior\TestBehavior [ RunTime:0.002709s ]
INFO: [ action_begin ] --END-- [ RunTime:0.002895s ]
SQL: SHOW COLUMNS FROM `user` [ RunTime:0.0101s ]
NOTIC: [8] Undefined index: validate E:\phpstudy\PHPTutorial\WWW\thinkphp3\ThinkPHP\Library\Think\Model.class.php 第 1185 行.
NOTIC: [8] Undefined index: auto E:\phpstudy\PHPTutorial\WWW\thinkphp3\ThinkPHP\Library\Think\Model.class.php 第 1128 行.
SQL: SELECT `id`,`password` FROM `user` WHERE `username` = 'ren' LIMIT 1   [ RunTime:0.0003s ]
INFO: [ view_parse ] --START--
INFO: [ template_filter ] --START--
INFO: Run Behavior\ContentReplaceBehavior [ RunTime:0.000038s ]
INFO: [ template_filter ] --END-- [ RunTime:0.000092s ]
INFO: Run Behavior\ParseTemplateBehavior [ RunTime:0.007622s ]
INFO: [ view_parse ] --END-- [ RunTime:0.007679s ]
INFO: [ view_filter ] --START--
INFO: Run Behavior\WriteHtmlCacheBehavior [ RunTime:0.000723s ]
INFO: [ view_filter ] --END-- [ RunTime:0.000772s ]

[ 2020-01-27T12:17:20+08:00 ] ::1 /thinkphp3/index.php/Admin/Login/validate.html
INFO: [ app_init ] --START--
INFO: Run Behavior\BuildLiteBehavior [ RunTime:0.000010s ]
INFO: [ app_init ] --END-- [ RunTime:0.000433s ]
INFO: [ app_begin ] --START--
INFO: Run Behavior\ReadHtmlCacheBehavior [ RunTime:0.000946s ]
INFO: [ app_begin ] --END-- [ RunTime:0.001003s ]
INFO: [ action_begin ] --START--
INFO: Run Admin\Behavior\TestBehavior [ RunTime:0.002527s ]
INFO: [ action_begin ] --END-- [ RunTime:0.002707s ]
SQL: SHOW COLUMNS FROM `user` [ RunTime:0.0191s ]

[ 2020-01-27T12:17:25+08:00 ] ::1 /thinkphp3/index.php/Admin/Login/validate.html
INFO: [ app_init ] --START--
INFO: Run Behavior\BuildLiteBehavior [ RunTime:0.000010s ]
INFO: [ app_init ] --END-- [ RunTime:0.000442s ]
INFO: [ app_begin ] --START--
INFO: Run Behavior\ReadHtmlCacheBehavior [ RunTime:0.000424s ]
INFO: [ app_begin ] --END-- [ RunTime:0.000468s ]
INFO: [ action_begin ] --START--
INFO: Run Admin\Behavior\TestBehavior [ RunTime:0.002104s ]
INFO: [ action_begin ] --END-- [ RunTime:0.002153s ]
SQL: SHOW COLUMNS FROM `user` [ RunTime:0.0169s ]
NOTIC: [8] Undefined index: validate E:\phpstudy\PHPTutorial\WWW\thinkphp3\ThinkPHP\Library\Think\Model.class.php 第 1185 行.
NOTIC: [8] Undefined index: auto E:\phpstudy\PHPTutorial\WWW\thinkphp3\ThinkPHP\Library\Think\Model.class.php 第 1128 行.
SQL: SELECT `id`,`password` FROM `user` WHERE `username` = 'ren' LIMIT 1   [ RunTime:0.0003s ]
INFO: [ view_parse ] --START--
INFO: [ template_filter ] --START--
INFO: Run Behavior\ContentReplaceBehavior [ RunTime:0.000050s ]
INFO: [ template_filter ] --END-- [ RunTime:0.000121s ]
INFO: Run Behavior\ParseTemplateBehavior [ RunTime:0.006307s ]
INFO: [ view_parse ] --END-- [ RunTime:0.006444s ]
INFO: [ view_filter ] --START--
INFO: Run Behavior\WriteHtmlCacheBehavior [ RunTime:0.000855s ]
INFO: [ view_filter ] --END-- [ RunTime:0.000887s ]

[ 2020-01-27T12:17:25+08:00 ] ::1 /thinkphp3/index.php/Admin/Login/validate.html
INFO: [ app_init ] --START--
INFO: Run Behavior\BuildLiteBehavior [ RunTime:0.000010s ]
INFO: [ app_init ] --END-- [ RunTime:0.000622s ]
INFO: [ app_begin ] --START--
INFO: Run Behavior\ReadHtmlCacheBehavior [ RunTime:0.000615s ]
INFO: [ app_begin ] --END-- [ RunTime:0.000697s ]
INFO: [ action_begin ] --START--
INFO: Run Admin\Behavior\TestBehavior [ RunTime:0.003604s ]
INFO: [ action_begin ] --END-- [ RunTime:0.003669s ]
SQL: SHOW COLUMNS FROM `user` [ RunTime:0.0294s ]

[ 2020-01-27T12:18:04+08:00 ] ::1 /thinkphp3/Admin/Index/index.html
INFO: [ app_init ] --START--
INFO: Run Behavior\BuildLiteBehavior [ RunTime:0.000010s ]
INFO: [ app_init ] --END-- [ RunTime:0.000351s ]
INFO: [ app_begin ] --START--
INFO: Run Behavior\ReadHtmlCacheBehavior [ RunTime:0.000410s ]
INFO: [ app_begin ] --END-- [ RunTime:0.000476s ]
INFO: [ action_begin ] --START--
INFO: Run Admin\Behavior\TestBehavior [ RunTime:0.002489s ]
INFO: [ action_begin ] --END-- [ RunTime:0.002605s ]
INFO: [ view_parse ] --START--
INFO: [ template_filter ] --START--
INFO: Run Behavior\ContentReplaceBehavior [ RunTime:0.000032s ]
INFO: [ template_filter ] --END-- [ RunTime:0.000072s ]
INFO: Run Behavior\ParseTemplateBehavior [ RunTime:0.007741s ]
INFO: [ view_parse ] --END-- [ RunTime:0.007784s ]
INFO: [ view_filter ] --START--
INFO: Run Behavior\WriteHtmlCacheBehavior [ RunTime:0.000600s ]
INFO: [ view_filter ] --END-- [ RunTime:0.000632s ]
INFO: [ app_end ] --START--
INFO: Run Behavior\ShowPageTraceBehavior [ RunTime:0.000453s ]
INFO: [ app_end ] --END-- [ RunTime:0.000483s ]

[ 2020-01-27T12:18:04+08:00 ] ::1 /thinkphp3/index.php/Admin/Index/menu.html
INFO: [ app_init ] --START--
INFO: Run Behavior\BuildLiteBehavior [ RunTime:0.000016s ]
INFO: [ app_init ] --END-- [ RunTime:0.000835s ]
INFO: [ app_begin ] --START--
INFO: Run Behavior\ReadHtmlCacheBehavior [ RunTime:0.000511s ]
INFO: [ app_begin ] --END-- [ RunTime:0.000561s ]
INFO: [ action_begin ] --START--
INFO: Run Admin\Behavior\TestBehavior [ RunTime:0.001707s ]
INFO: [ action_begin ] --END-- [ RunTime:0.001760s ]
SQL: SHOW COLUMNS FROM `user` [ RunTime:0.0109s ]
SQL: SELECT a.id,a.username,a.role_id,b.menu_id FROM user a INNER JOIN role b on a.role_id=b.id  WHERE a.id = '11' LIMIT 1   [ RunTime:0.0003s ]
SQL: SHOW COLUMNS FROM `menu` [ RunTime:0.0190s ]
SQL: SELECT b.id,b.name FROM menu a right join nav b on a.nav_id=b.id  WHERE ( a.id in(1,2,3,4,5,6,7,8,9,10,11,12,13,14,15,16) ) GROUP BY b.name  [ RunTime:0.0139s ]
SQL: SHOW COLUMNS FROM `menu` [ RunTime:0.0110s ]
SQL: SELECT `id`,`name`,`nav_id`,`path` FROM `menu` WHERE ( id in(1,2,3,4,5,6,7,8,9,10,11,12,13,14,15,16) )  [ RunTime:0.0003s ]
INFO: [ view_parse ] --START--
INFO: [ template_filter ] --START--
INFO: Run Behavior\ContentReplaceBehavior [ RunTime:0.000162s ]
INFO: [ template_filter ] --END-- [ RunTime:0.000250s ]
INFO: Run Behavior\ParseTemplateBehavior [ RunTime:0.031280s ]
INFO: [ view_parse ] --END-- [ RunTime:0.031323s ]
INFO: [ view_filter ] --START--
INFO: Run Behavior\WriteHtmlCacheBehavior [ RunTime:0.000625s ]
INFO: [ view_filter ] --END-- [ RunTime:0.000655s ]
INFO: [ app_end ] --START--
INFO: Run Behavior\ShowPageTraceBehavior [ RunTime:0.001028s ]
INFO: [ app_end ] --END-- [ RunTime:0.001071s ]

[ 2020-01-27T12:18:04+08:00 ] ::1 /thinkphp3/index.php/Admin/Index/top.html
INFO: [ app_init ] --START--
INFO: Run Behavior\BuildLiteBehavior [ RunTime:0.000011s ]
INFO: [ app_init ] --END-- [ RunTime:0.000453s ]
INFO: [ app_begin ] --START--
INFO: Run Behavior\ReadHtmlCacheBehavior [ RunTime:0.000500s ]
INFO: [ app_begin ] --END-- [ RunTime:0.000548s ]
INFO: [ action_begin ] --START--
INFO: Run Admin\Behavior\TestBehavior [ RunTime:0.000873s ]
INFO: [ action_begin ] --END-- [ RunTime:0.000935s ]
INFO: [ view_parse ] --START--
INFO: [ template_filter ] --START--
INFO: Run Behavior\ContentReplaceBehavior [ RunTime:0.000056s ]
INFO: [ template_filter ] --END-- [ RunTime:0.000105s ]
INFO: Run Behavior\ParseTemplateBehavior [ RunTime:0.013703s ]
INFO: [ view_parse ] --END-- [ RunTime:0.013757s ]
INFO: [ view_filter ] --START--
INFO: Run Behavior\WriteHtmlCacheBehavior [ RunTime:0.000845s ]
INFO: [ view_filter ] --END-- [ RunTime:0.000884s ]
INFO: [ app_end ] --START--
INFO: Run Behavior\ShowPageTraceBehavior [ RunTime:0.000507s ]
INFO: [ app_end ] --END-- [ RunTime:0.000542s ]

[ 2020-01-27T12:18:04+08:00 ] ::1 /thinkphp3/index.php/Admin/Index/main.html
INFO: [ app_init ] --START--
INFO: Run Behavior\BuildLiteBehavior [ RunTime:0.000010s ]
INFO: [ app_init ] --END-- [ RunTime:0.000365s ]
INFO: [ app_begin ] --START--
INFO: Run Behavior\ReadHtmlCacheBehavior [ RunTime:0.000576s ]
INFO: [ app_begin ] --END-- [ RunTime:0.000621s ]
INFO: [ action_begin ] --START--
INFO: Run Admin\Behavior\TestBehavior [ RunTime:0.002785s ]
INFO: [ action_begin ] --END-- [ RunTime:0.002910s ]
INFO: [ view_parse ] --START--
INFO: [ template_filter ] --START--
INFO: Run Behavior\ContentReplaceBehavior [ RunTime:0.000055s ]
INFO: [ template_filter ] --END-- [ RunTime:0.000107s ]
INFO: Run Behavior\ParseTemplateBehavior [ RunTime:0.007709s ]
INFO: [ view_parse ] --END-- [ RunTime:0.007758s ]
INFO: [ view_filter ] --START--
INFO: Run Behavior\WriteHtmlCacheBehavior [ RunTime:0.000712s ]
INFO: [ view_filter ] --END-- [ RunTime:0.000748s ]
INFO: [ app_end ] --START--
INFO: Run Behavior\ShowPageTraceBehavior [ RunTime:0.000846s ]
INFO: [ app_end ] --END-- [ RunTime:0.000883s ]

[ 2020-01-27T12:18:06+08:00 ] ::1 /thinkphp3/index.php/Admin/Inves/index.html
INFO: [ app_init ] --START--
INFO: Run Behavior\BuildLiteBehavior [ RunTime:0.000009s ]
INFO: [ app_init ] --END-- [ RunTime:0.000362s ]
INFO: [ app_begin ] --START--
INFO: Run Behavior\ReadHtmlCacheBehavior [ RunTime:0.000427s ]
INFO: [ app_begin ] --END-- [ RunTime:0.000467s ]
INFO: [ action_begin ] --START--
SQL: SHOW COLUMNS FROM `user` [ RunTime:0.0170s ]
SQL: SELECT a.id,a.role_id,b.menu_id FROM user a INNER JOIN role b on a.role_id=b.id  WHERE ( a.id=11 ) LIMIT 1   [ RunTime:0.0002s ]
SQL: SHOW COLUMNS FROM `menu` [ RunTime:0.0103s ]
SQL: SELECT `id`,`name`,`path` FROM `menu` WHERE ( id in(1,2,3,4,5,6,7,8,9,10,11,12,13,14,15,16) )  [ RunTime:0.0003s ]
INFO: Run Admin\Behavior\TestBehavior [ RunTime:0.038544s ]
INFO: [ action_begin ] --END-- [ RunTime:0.038590s ]
SQL: SHOW COLUMNS FROM `inves` [ RunTime:0.0088s ]
SQL: SELECT COUNT(*) AS tp_count FROM `inves` LIMIT 1   [ RunTime:0.0002s ]
SQL: SELECT * FROM `inves` ORDER BY id desc LIMIT 0,20   [ RunTime:0.0002s ]
INFO: [ view_parse ] --START--
INFO: [ template_filter ] --START--
INFO: Run Behavior\ContentReplaceBehavior [ RunTime:0.000050s ]
INFO: [ template_filter ] --END-- [ RunTime:0.000092s ]
INFO: Run Behavior\ParseTemplateBehavior [ RunTime:0.020526s ]
INFO: [ view_parse ] --END-- [ RunTime:0.020572s ]
INFO: [ view_filter ] --START--
INFO: Run Behavior\WriteHtmlCacheBehavior [ RunTime:0.000702s ]
INFO: [ view_filter ] --END-- [ RunTime:0.000734s ]
INFO: [ app_end ] --START--
INFO: Run Behavior\ShowPageTraceBehavior [ RunTime:0.000829s ]
INFO: [ app_end ] --END-- [ RunTime:0.000863s ]

[ 2020-01-27T12:18:08+08:00 ] ::1 /thinkphp3/index.php/Admin/Teacher/index.html
INFO: [ app_init ] --START--
INFO: Run Behavior\BuildLiteBehavior [ RunTime:0.000009s ]
INFO: [ app_init ] --END-- [ RunTime:0.000499s ]
INFO: [ app_begin ] --START--
INFO: Run Behavior\ReadHtmlCacheBehavior [ RunTime:0.000640s ]
INFO: [ app_begin ] --END-- [ RunTime:0.000679s ]
INFO: [ action_begin ] --START--
SQL: SHOW COLUMNS FROM `user` [ RunTime:0.0106s ]
SQL: SELECT a.id,a.role_id,b.menu_id FROM user a INNER JOIN role b on a.role_id=b.id  WHERE ( a.id=11 ) LIMIT 1   [ RunTime:0.0004s ]
SQL: SHOW COLUMNS FROM `menu` [ RunTime:0.0107s ]
SQL: SELECT `id`,`name`,`path` FROM `menu` WHERE ( id in(1,2,3,4,5,6,7,8,9,10,11,12,13,14,15,16) )  [ RunTime:0.0003s ]
INFO: Run Admin\Behavior\TestBehavior [ RunTime:0.042490s ]
INFO: [ action_begin ] --END-- [ RunTime:0.042531s ]
SQL: SHOW COLUMNS FROM `teacher` [ RunTime:0.0090s ]
SQL: SELECT COUNT(*) AS tp_count FROM `teacher` LIMIT 1   [ RunTime:0.0002s ]
SQL: SELECT * FROM `teacher` ORDER BY id desc LIMIT 0,20   [ RunTime:0.0003s ]
SQL: SHOW COLUMNS FROM `teacher` [ RunTime:0.0104s ]
SQL: SELECT a.id,a.name as t_name,b.name as d_name,a.state,a.create_time FROM teacher a INNER JOIN dept b on a.dept_id=b.id  ORDER BY a.id desc LIMIT 0,20   [ RunTime:0.0117s ]
INFO: [ view_parse ] --START--
INFO: [ template_filter ] --START--
INFO: Run Behavior\ContentReplaceBehavior [ RunTime:0.000047s ]
INFO: [ template_filter ] --END-- [ RunTime:0.000087s ]
NOTIC: [8] Undefined index: position E:\phpstudy\PHPTutorial\WWW\thinkphp3\Application\Runtime\Cache\Admin\a5670205d9174c981d4ca99e961680e1.php 第 41 行.
NOTIC: [8] Use of undefined constant create_time - assumed 'create_time' E:\phpstudy\PHPTutorial\WWW\thinkphp3\Application\Runtime\Cache\Admin\a5670205d9174c981d4ca99e961680e1.php 第 43 行.
NOTIC: [8] Undefined index: position E:\phpstudy\PHPTutorial\WWW\thinkphp3\Application\Runtime\Cache\Admin\a5670205d9174c981d4ca99e961680e1.php 第 41 行.
NOTIC: [8] Use of undefined constant create_time - assumed 'create_time' E:\phpstudy\PHPTutorial\WWW\thinkphp3\Application\Runtime\Cache\Admin\a5670205d9174c981d4ca99e961680e1.php 第 43 行.
NOTIC: [8] Undefined index: position E:\phpstudy\PHPTutorial\WWW\thinkphp3\Application\Runtime\Cache\Admin\a5670205d9174c981d4ca99e961680e1.php 第 41 行.
NOTIC: [8] Use of undefined constant create_time - assumed 'create_time' E:\phpstudy\PHPTutorial\WWW\thinkphp3\Application\Runtime\Cache\Admin\a5670205d9174c981d4ca99e961680e1.php 第 43 行.
INFO: Run Behavior\ParseTemplateBehavior [ RunTime:0.029681s ]
INFO: [ view_parse ] --END-- [ RunTime:0.029721s ]
INFO: [ view_filter ] --START--
INFO: Run Behavior\WriteHtmlCacheBehavior [ RunTime:0.000726s ]
INFO: [ view_filter ] --END-- [ RunTime:0.000755s ]
INFO: [ app_end ] --START--
INFO: Run Behavior\ShowPageTraceBehavior [ RunTime:0.000774s ]
INFO: [ app_end ] --END-- [ RunTime:0.000803s ]

[ 2020-01-27T12:18:09+08:00 ] ::1 /thinkphp3/index.php/Admin/Inves/index.html
INFO: [ app_init ] --START--
INFO: Run Behavior\BuildLiteBehavior [ RunTime:0.000009s ]
INFO: [ app_init ] --END-- [ RunTime:0.000372s ]
INFO: [ app_begin ] --START--
INFO: Run Behavior\ReadHtmlCacheBehavior [ RunTime:0.000443s ]
INFO: [ app_begin ] --END-- [ RunTime:0.000481s ]
INFO: [ action_begin ] --START--
SQL: SHOW COLUMNS FROM `user` [ RunTime:0.0212s ]
SQL: SELECT a.id,a.role_id,b.menu_id FROM user a INNER JOIN role b on a.role_id=b.id  WHERE ( a.id=11 ) LIMIT 1   [ RunTime:0.0004s ]
SQL: SHOW COLUMNS FROM `menu` [ RunTime:0.0091s ]
SQL: SELECT `id`,`name`,`path` FROM `menu` WHERE ( id in(1,2,3,4,5,6,7,8,9,10,11,12,13,14,15,16) )  [ RunTime:0.0003s ]
INFO: Run Admin\Behavior\TestBehavior [ RunTime:0.049305s ]
INFO: [ action_begin ] --END-- [ RunTime:0.049342s ]
SQL: SHOW COLUMNS FROM `inves` [ RunTime:0.0185s ]
SQL: SELECT COUNT(*) AS tp_count FROM `inves` LIMIT 1   [ RunTime:0.0002s ]
SQL: SELECT * FROM `inves` ORDER BY id desc LIMIT 0,20   [ RunTime:0.0003s ]
INFO: [ view_parse ] --START--
INFO: [ template_filter ] --START--
INFO: Run Behavior\ContentReplaceBehavior [ RunTime:0.000053s ]
INFO: [ template_filter ] --END-- [ RunTime:0.000120s ]
INFO: Run Behavior\ParseTemplateBehavior [ RunTime:0.010290s ]
INFO: [ view_parse ] --END-- [ RunTime:0.010358s ]
INFO: [ view_filter ] --START--
INFO: Run Behavior\WriteHtmlCacheBehavior [ RunTime:0.001640s ]
INFO: [ view_filter ] --END-- [ RunTime:0.001749s ]
INFO: [ app_end ] --START--
INFO: Run Behavior\ShowPageTraceBehavior [ RunTime:0.001239s ]
INFO: [ app_end ] --END-- [ RunTime:0.001294s ]

[ 2020-01-27T12:18:10+08:00 ] ::1 /thinkphp3/index.php/Admin/DeptTopic/index.html
INFO: [ app_init ] --START--
INFO: Run Behavior\BuildLiteBehavior [ RunTime:0.000034s ]
INFO: [ app_init ] --END-- [ RunTime:0.000425s ]
INFO: [ app_begin ] --START--
INFO: Run Behavior\ReadHtmlCacheBehavior [ RunTime:0.000448s ]
INFO: [ app_begin ] --END-- [ RunTime:0.000487s ]
INFO: [ action_begin ] --START--
SQL: SHOW COLUMNS FROM `user` [ RunTime:0.0186s ]
SQL: SELECT a.id,a.role_id,b.menu_id FROM user a INNER JOIN role b on a.role_id=b.id  WHERE ( a.id=11 ) LIMIT 1   [ RunTime:0.0003s ]
SQL: SHOW COLUMNS FROM `menu` [ RunTime:0.0166s ]
SQL: SELECT `id`,`name`,`path` FROM `menu` WHERE ( id in(1,2,3,4,5,6,7,8,9,10,11,12,13,14,15,16) )  [ RunTime:0.0004s ]
INFO: Run Admin\Behavior\TestBehavior [ RunTime:0.055179s ]
INFO: [ action_begin ] --END-- [ RunTime:0.055252s ]
SQL: SHOW COLUMNS FROM `dept_topic` [ RunTime:0.0175s ]
SQL: SELECT COUNT(*) AS tp_count FROM `dept_topic` LIMIT 1   [ RunTime:0.0002s ]
SQL: SELECT * FROM `dept_topic` ORDER BY id desc LIMIT 0,20   [ RunTime:0.0003s ]
INFO: [ view_parse ] --START--
INFO: [ template_filter ] --START--
INFO: Run Behavior\ContentReplaceBehavior [ RunTime:0.000061s ]
INFO: [ template_filter ] --END-- [ RunTime:0.000120s ]
NOTIC: [8] Use of undefined constant create_time - assumed 'create_time' E:\phpstudy\PHPTutorial\WWW\thinkphp3\Application\Runtime\Cache\Admin\7c5c9e6c52f07aa096a1a79045134221.php 第 41 行.
NOTIC: [8] Use of undefined constant create_time - assumed 'create_time' E:\phpstudy\PHPTutorial\WWW\thinkphp3\Application\Runtime\Cache\Admin\7c5c9e6c52f07aa096a1a79045134221.php 第 41 行.
NOTIC: [8] Use of undefined constant create_time - assumed 'create_time' E:\phpstudy\PHPTutorial\WWW\thinkphp3\Application\Runtime\Cache\Admin\7c5c9e6c52f07aa096a1a79045134221.php 第 41 行.
NOTIC: [8] Use of undefined constant create_time - assumed 'create_time' E:\phpstudy\PHPTutorial\WWW\thinkphp3\Application\Runtime\Cache\Admin\7c5c9e6c52f07aa096a1a79045134221.php 第 41 行.
INFO: Run Behavior\ParseTemplateBehavior [ RunTime:0.031352s ]
INFO: [ view_parse ] --END-- [ RunTime:0.031393s ]
INFO: [ view_filter ] --START--
INFO: Run Behavior\WriteHtmlCacheBehavior [ RunTime:0.000777s ]
INFO: [ view_filter ] --END-- [ RunTime:0.000808s ]
INFO: [ app_end ] --START--
INFO: Run Behavior\ShowPageTraceBehavior [ RunTime:0.000887s ]
INFO: [ app_end ] --END-- [ RunTime:0.000919s ]

[ 2020-01-27T12:18:11+08:00 ] ::1 /thinkphp3/index.php/Admin/TeacherTopic/index.html
INFO: [ app_init ] --START--
INFO: Run Behavior\BuildLiteBehavior [ RunTime:0.000009s ]
INFO: [ app_init ] --END-- [ RunTime:0.000347s ]
INFO: [ app_begin ] --START--
INFO: Run Behavior\ReadHtmlCacheBehavior [ RunTime:0.000448s ]
INFO: [ app_begin ] --END-- [ RunTime:0.000486s ]
INFO: [ action_begin ] --START--
SQL: SHOW COLUMNS FROM `user` [ RunTime:0.0121s ]
SQL: SELECT a.id,a.role_id,b.menu_id FROM user a INNER JOIN role b on a.role_id=b.id  WHERE ( a.id=11 ) LIMIT 1   [ RunTime:0.0003s ]
SQL: SHOW COLUMNS FROM `menu` [ RunTime:0.0084s ]
SQL: SELECT `id`,`name`,`path` FROM `menu` WHERE ( id in(1,2,3,4,5,6,7,8,9,10,11,12,13,14,15,16) )  [ RunTime:0.0003s ]
INFO: Run Admin\Behavior\TestBehavior [ RunTime:0.030336s ]
INFO: [ action_begin ] --END-- [ RunTime:0.030375s ]
SQL: SHOW COLUMNS FROM `teacher_topic` [ RunTime:0.0132s ]
SQL: SELECT COUNT(*) AS tp_count FROM `teacher_topic` LIMIT 1   [ RunTime:0.0001s ]
SQL: SELECT * FROM `teacher_topic` ORDER BY id desc LIMIT 0,20   [ RunTime:0.0002s ]
INFO: [ view_parse ] --START--
INFO: [ template_filter ] --START--
INFO: Run Behavior\ContentReplaceBehavior [ RunTime:0.000046s ]
INFO: [ template_filter ] --END-- [ RunTime:0.000084s ]
NOTIC: [8] Use of undefined constant create_time - assumed 'create_time' E:\phpstudy\PHPTutorial\WWW\thinkphp3\Application\Runtime\Cache\Admin\fd1ff659f33a613be89c4c69afbff803.php 第 41 行.
NOTIC: [8] Use of undefined constant create_time - assumed 'create_time' E:\phpstudy\PHPTutorial\WWW\thinkphp3\Application\Runtime\Cache\Admin\fd1ff659f33a613be89c4c69afbff803.php 第 41 行.
NOTIC: [8] Use of undefined constant create_time - assumed 'create_time' E:\phpstudy\PHPTutorial\WWW\thinkphp3\Application\Runtime\Cache\Admin\fd1ff659f33a613be89c4c69afbff803.php 第 41 行.
NOTIC: [8] Use of undefined constant create_time - assumed 'create_time' E:\phpstudy\PHPTutorial\WWW\thinkphp3\Application\Runtime\Cache\Admin\fd1ff659f33a613be89c4c69afbff803.php 第 41 行.
NOTIC: [8] Use of undefined constant create_time - assumed 'create_time' E:\phpstudy\PHPTutorial\WWW\thinkphp3\Application\Runtime\Cache\Admin\fd1ff659f33a613be89c4c69afbff803.php 第 41 行.
INFO: Run Behavior\ParseTemplateBehavior [ RunTime:0.024693s ]
INFO: [ view_parse ] --END-- [ RunTime:0.024735s ]
INFO: [ view_filter ] --START--
INFO: Run Behavior\WriteHtmlCacheBehavior [ RunTime:0.000671s ]
INFO: [ view_filter ] --END-- [ RunTime:0.000702s ]
INFO: [ app_end ] --START--
INFO: Run Behavior\ShowPageTraceBehavior [ RunTime:0.000848s ]
INFO: [ app_end ] --END-- [ RunTime:0.000881s ]

[ 2020-01-27T12:18:12+08:00 ] ::1 /thinkphp3/index.php/Admin/Summary/index.html
INFO: [ app_init ] --START--
INFO: Run Behavior\BuildLiteBehavior [ RunTime:0.000009s ]
INFO: [ app_init ] --END-- [ RunTime:0.000381s ]
INFO: [ app_begin ] --START--
INFO: Run Behavior\ReadHtmlCacheBehavior [ RunTime:0.000440s ]
INFO: [ app_begin ] --END-- [ RunTime:0.000476s ]
NOTIC: [2048] Declaration of Admin\Controller\SummaryController::__index_data() should be compatible with Admin\Controller\BaseController::__index_data($start, $end) E:\phpstudy\PHPTutorial\WWW\thinkphp3\Application\Admin\Controller\SummaryController.class.php 第 11 行.
INFO: [ action_begin ] --START--
SQL: SHOW COLUMNS FROM `user` [ RunTime:0.0101s ]
SQL: SELECT a.id,a.role_id,b.menu_id FROM user a INNER JOIN role b on a.role_id=b.id  WHERE ( a.id=11 ) LIMIT 1   [ RunTime:0.0003s ]
SQL: SHOW COLUMNS FROM `menu` [ RunTime:0.0189s ]
SQL: SELECT `id`,`name`,`path` FROM `menu` WHERE ( id in(1,2,3,4,5,6,7,8,9,10,11,12,13,14,15,16) )  [ RunTime:0.0003s ]
INFO: Run Admin\Behavior\TestBehavior [ RunTime:0.038647s ]
INFO: [ action_begin ] --END-- [ RunTime:0.038679s ]
SQL: SHOW COLUMNS FROM `summary` [ RunTime:0.0089s ]
SQL: SELECT COUNT(*) AS tp_count FROM `summary` LIMIT 1   [ RunTime:0.0002s ]
SQL: SELECT * FROM `summary` ORDER BY id desc LIMIT 0,20   [ RunTime:0.0004s ]
SQL: SHOW COLUMNS FROM `summary` [ RunTime:0.0099s ]
SQL: SELECT from_unixtime(create_time,'%Y-%m') as create_date FROM `summary` GROUP BY from_unixtime(create_time,'%Y-%m')  [ RunTime:0.0004s ]
INFO: [ view_parse ] --START--
INFO: [ template_filter ] --START--
INFO: Run Behavior\ContentReplaceBehavior [ RunTime:0.000045s ]
INFO: [ template_filter ] --END-- [ RunTime:0.000087s ]
NOTIC: [8] Undefined index: create_time E:\phpstudy\PHPTutorial\WWW\thinkphp3\Application\Runtime\Cache\Admin\5a123fa6849f7855f27e372f9160ddb1.php 第 37 行.
INFO: Run Behavior\ParseTemplateBehavior [ RunTime:0.030294s ]
INFO: [ view_parse ] --END-- [ RunTime:0.030334s ]
INFO: [ view_filter ] --START--
INFO: Run Behavior\WriteHtmlCacheBehavior [ RunTime:0.000880s ]
INFO: [ view_filter ] --END-- [ RunTime:0.000929s ]
INFO: [ app_end ] --START--
INFO: Run Behavior\ShowPageTraceBehavior [ RunTime:0.001034s ]
INFO: [ app_end ] --END-- [ RunTime:0.001067s ]

[ 2020-01-27T12:18:24+08:00 ] ::1 /thinkphp3/index.php/Admin/Summary/ct.html
INFO: [ app_init ] --START--
INFO: Run Behavior\BuildLiteBehavior [ RunTime:0.000010s ]
INFO: [ app_init ] --END-- [ RunTime:0.000448s ]
INFO: [ app_begin ] --START--
INFO: Run Behavior\ReadHtmlCacheBehavior [ RunTime:0.000416s ]
INFO: [ app_begin ] --END-- [ RunTime:0.000455s ]
NOTIC: [2048] Declaration of Admin\Controller\SummaryController::__index_data() should be compatible with Admin\Controller\BaseController::__index_data($start, $end) E:\phpstudy\PHPTutorial\WWW\thinkphp3\Application\Admin\Controller\SummaryController.class.php 第 11 行.
INFO: [ action_begin ] --START--
SQL: SHOW COLUMNS FROM `user` [ RunTime:0.0171s ]
SQL: SELECT a.id,a.role_id,b.menu_id FROM user a INNER JOIN role b on a.role_id=b.id  WHERE ( a.id=11 ) LIMIT 1   [ RunTime:0.0003s ]
SQL: SHOW COLUMNS FROM `menu` [ RunTime:0.0088s ]
SQL: SELECT `id`,`name`,`path` FROM `menu` WHERE ( id in(1,2,3,4,5,6,7,8,9,10,11,12,13,14,15,16) )  [ RunTime:0.0004s ]
INFO: Run Admin\Behavior\TestBehavior [ RunTime:0.044623s ]
INFO: [ action_begin ] --END-- [ RunTime:0.044655s ]
SQL: SHOW COLUMNS FROM `summary` [ RunTime:0.0198s ]
NOTIC: [2] Missing argument 1 for Admin\Controller\SummaryController::__ct_data(), called in E:\phpstudy\PHPTutorial\WWW\thinkphp3\Application\Admin\Controller\BaseController.class.php on line 94 and defined E:\phpstudy\PHPTutorial\WWW\thinkphp3\Application\Admin\Controller\SummaryController.class.php 第 31 行.
NOTIC: [2] Missing argument 2 for Admin\Controller\SummaryController::__ct_data(), called in E:\phpstudy\PHPTutorial\WWW\thinkphp3\Application\Admin\Controller\BaseController.class.php on line 94 and defined E:\phpstudy\PHPTutorial\WWW\thinkphp3\Application\Admin\Controller\SummaryController.class.php 第 31 行.
NOTIC: [8] Undefined variable: start E:\phpstudy\PHPTutorial\WWW\thinkphp3\Application\Admin\Controller\SummaryController.class.php 第 40 行.
NOTIC: [8] Undefined variable: end E:\phpstudy\PHPTutorial\WWW\thinkphp3\Application\Admin\Controller\SummaryController.class.php 第 40 行.
SQL: SELECT a.class_id,a.teacher_id,c.name as t_name,b.name as c_name,a.create_time FROM summary a INNER JOIN class b on a.class_id=b.id INNER JOIN teacher c on a.teacher_id=c.id  GROUP BY class_id,teacher_id ORDER BY a.id desc  [ RunTime:0.0005s ]
INFO: [ view_parse ] --START--
INFO: [ template_filter ] --START--
INFO: Run Behavior\ContentReplaceBehavior [ RunTime:0.000047s ]
INFO: [ template_filter ] --END-- [ RunTime:0.000104s ]
NOTIC: [8] Undefined variable: title E:\phpstudy\PHPTutorial\WWW\thinkphp3\Application\Runtime\Cache\Admin\67039544747fb42c0c5746feec0fae67.php 第 12 行.
NOTIC: [8] Undefined variable: title E:\phpstudy\PHPTutorial\WWW\thinkphp3\Application\Runtime\Cache\Admin\67039544747fb42c0c5746feec0fae67.php 第 14 行.
NOTIC: [8] Use of undefined constant create_time - assumed 'create_time' E:\phpstudy\PHPTutorial\WWW\thinkphp3\Application\Runtime\Cache\Admin\67039544747fb42c0c5746feec0fae67.php 第 39 行.
NOTIC: [8] Undefined variable: pageHtml E:\phpstudy\PHPTutorial\WWW\thinkphp3\Application\Runtime\Cache\Admin\67039544747fb42c0c5746feec0fae67.php 第 47 行.
INFO: Run Behavior\ParseTemplateBehavior [ RunTime:0.028835s ]
INFO: [ view_parse ] --END-- [ RunTime:0.028872s ]
INFO: [ view_filter ] --START--
INFO: Run Behavior\WriteHtmlCacheBehavior [ RunTime:0.000989s ]
INFO: [ view_filter ] --END-- [ RunTime:0.001030s ]
INFO: [ app_end ] --START--
INFO: Run Behavior\ShowPageTraceBehavior [ RunTime:0.001098s ]
INFO: [ app_end ] --END-- [ RunTime:0.001137s ]

[ 2020-01-27T12:18:26+08:00 ] ::1 /thinkphp3/index.php/Admin/Summary/mark/class_id/2/teacher_id/1.html
INFO: [ app_init ] --START--
INFO: Run Behavior\BuildLiteBehavior [ RunTime:0.000009s ]
INFO: [ app_init ] --END-- [ RunTime:0.000421s ]
INFO: [ app_begin ] --START--
INFO: Run Behavior\ReadHtmlCacheBehavior [ RunTime:0.000406s ]
INFO: [ app_begin ] --END-- [ RunTime:0.000443s ]
NOTIC: [2048] Declaration of Admin\Controller\SummaryController::__index_data() should be compatible with Admin\Controller\BaseController::__index_data($start, $end) E:\phpstudy\PHPTutorial\WWW\thinkphp3\Application\Admin\Controller\SummaryController.class.php 第 11 行.
INFO: [ action_begin ] --START--
SQL: SHOW COLUMNS FROM `user` [ RunTime:0.0206s ]
SQL: SELECT a.id,a.role_id,b.menu_id FROM user a INNER JOIN role b on a.role_id=b.id  WHERE ( a.id=11 ) LIMIT 1   [ RunTime:0.0003s ]
SQL: SHOW COLUMNS FROM `menu` [ RunTime:0.0093s ]
SQL: SELECT `id`,`name`,`path` FROM `menu` WHERE ( id in(1,2,3,4,5,6,7,8,9,10,11,12,13,14,15,16) )  [ RunTime:0.0003s ]
INFO: Run Admin\Behavior\TestBehavior [ RunTime:0.048288s ]
INFO: [ action_begin ] --END-- [ RunTime:0.048319s ]
SQL: SHOW COLUMNS FROM `summary` [ RunTime:0.0201s ]
NOTIC: [2] Missing argument 1 for Admin\Controller\SummaryController::__mark_data(), called in E:\phpstudy\PHPTutorial\WWW\thinkphp3\Application\Admin\Controller\BaseController.class.php on line 104 and defined E:\phpstudy\PHPTutorial\WWW\thinkphp3\Application\Admin\Controller\SummaryController.class.php 第 46 行.
NOTIC: [2] Missing argument 2 for Admin\Controller\SummaryController::__mark_data(), called in E:\phpstudy\PHPTutorial\WWW\thinkphp3\Application\Admin\Controller\BaseController.class.php on line 104 and defined E:\phpstudy\PHPTutorial\WWW\thinkphp3\Application\Admin\Controller\SummaryController.class.php 第 46 行.
SQL: SELECT a.*,cl.name as cname,te.name as tname,top.topic FROM summary a INNER JOIN class as cl on a.class_id = cl.id INNER JOIN teacher as te on a.teacher_id = te.id INNER JOIN teacher_topic as top on a.topic_id = top.id  WHERE a.class_id = '2' AND a.teacher_id = '1' ORDER BY a.id desc  [ RunTime:0.0007s ]
INFO: [ view_parse ] --START--
INFO: [ template_filter ] --START--
INFO: Run Behavior\ContentReplaceBehavior [ RunTime:0.000058s ]
INFO: [ template_filter ] --END-- [ RunTime:0.000103s ]
NOTIC: [8] Undefined variable: title E:\phpstudy\PHPTutorial\WWW\thinkphp3\Application\Runtime\Cache\Admin\58020a44d3bd9695295a57774bd022be.php 第 12 行.
NOTIC: [8] Undefined variable: title E:\phpstudy\PHPTutorial\WWW\thinkphp3\Application\Runtime\Cache\Admin\58020a44d3bd9695295a57774bd022be.php 第 14 行.
NOTIC: [8] Use of undefined constant create_time - assumed 'create_time' E:\phpstudy\PHPTutorial\WWW\thinkphp3\Application\Runtime\Cache\Admin\58020a44d3bd9695295a57774bd022be.php 第 47 行.
NOTIC: [8] Use of undefined constant create_time - assumed 'create_time' E:\phpstudy\PHPTutorial\WWW\thinkphp3\Application\Runtime\Cache\Admin\58020a44d3bd9695295a57774bd022be.php 第 47 行.
NOTIC: [8] Use of undefined constant create_time - assumed 'create_time' E:\phpstudy\PHPTutorial\WWW\thinkphp3\Application\Runtime\Cache\Admin\58020a44d3bd9695295a57774bd022be.php 第 47 行.
NOTIC: [8] Use of undefined constant create_time - assumed 'create_time' E:\phpstudy\PHPTutorial\WWW\thinkphp3\Application\Runtime\Cache\Admin\58020a44d3bd9695295a57774bd022be.php 第 47 行.
NOTIC: [8] Use of undefined constant create_time - assumed 'create_time' E:\phpstudy\PHPTutorial\WWW\thinkphp3\Application\Runtime\Cache\Admin\58020a44d3bd9695295a57774bd022be.php 第 47 行.
NOTIC: [8] Undefined variable: pageHtml E:\phpstudy\PHPTutorial\WWW\thinkphp3\Application\Runtime\Cache\Admin\58020a44d3bd9695295a57774bd022be.php 第 59 行.
INFO: Run Behavior\ParseTemplateBehavior [ RunTime:0.023194s ]
INFO: [ view_parse ] --END-- [ RunTime:0.023238s ]
INFO: [ view_filter ] --START--
INFO: Run Behavior\WriteHtmlCacheBehavior [ RunTime:0.000800s ]
INFO: [ view_filter ] --END-- [ RunTime:0.000836s ]
INFO: [ app_end ] --START--
INFO: Run Behavior\ShowPageTraceBehavior [ RunTime:0.000798s ]
INFO: [ app_end ] --END-- [ RunTime:0.000831s ]

[ 2020-01-27T12:18:34+08:00 ] ::1 /thinkphp3/index.php/Admin/Summary/idea/class_id/2/teacher_id/1.html
INFO: [ app_init ] --START--
INFO: Run Behavior\BuildLiteBehavior [ RunTime:0.000010s ]
INFO: [ app_init ] --END-- [ RunTime:0.000419s ]
INFO: [ app_begin ] --START--
INFO: Run Behavior\ReadHtmlCacheBehavior [ RunTime:0.000476s ]
INFO: [ app_begin ] --END-- [ RunTime:0.000514s ]
NOTIC: [2048] Declaration of Admin\Controller\SummaryController::__index_data() should be compatible with Admin\Controller\BaseController::__index_data($start, $end) E:\phpstudy\PHPTutorial\WWW\thinkphp3\Application\Admin\Controller\SummaryController.class.php 第 11 行.
INFO: [ action_begin ] --START--
SQL: SHOW COLUMNS FROM `user` [ RunTime:0.0199s ]
SQL: SELECT a.id,a.role_id,b.menu_id FROM user a INNER JOIN role b on a.role_id=b.id  WHERE ( a.id=11 ) LIMIT 1   [ RunTime:0.0003s ]
SQL: SHOW COLUMNS FROM `menu` [ RunTime:0.0097s ]
SQL: SELECT `id`,`name`,`path` FROM `menu` WHERE ( id in(1,2,3,4,5,6,7,8,9,10,11,12,13,14,15,16) )  [ RunTime:0.0004s ]
INFO: Run Admin\Behavior\TestBehavior [ RunTime:0.048557s ]
INFO: [ action_begin ] --END-- [ RunTime:0.048590s ]
SQL: SHOW COLUMNS FROM `summary` [ RunTime:0.0203s ]
NOTIC: [2] Missing argument 1 for Admin\Controller\SummaryController::__idea_data(), called in E:\phpstudy\PHPTutorial\WWW\thinkphp3\Application\Admin\Controller\BaseController.class.php on line 114 and defined E:\phpstudy\PHPTutorial\WWW\thinkphp3\Application\Admin\Controller\SummaryController.class.php 第 61 行.
NOTIC: [2] Missing argument 2 for Admin\Controller\SummaryController::__idea_data(), called in E:\phpstudy\PHPTutorial\WWW\thinkphp3\Application\Admin\Controller\BaseController.class.php on line 114 and defined E:\phpstudy\PHPTutorial\WWW\thinkphp3\Application\Admin\Controller\SummaryController.class.php 第 61 行.
SQL: SHOW COLUMNS FROM `summary_idea` [ RunTime:0.0096s ]
NOTIC: [8] Undefined variable: start E:\phpstudy\PHPTutorial\WWW\thinkphp3\Application\Admin\Controller\SummaryController.class.php 第 70 行.
NOTIC: [8] Undefined variable: end E:\phpstudy\PHPTutorial\WWW\thinkphp3\Application\Admin\Controller\SummaryController.class.php 第 70 行.
SQL: SELECT a.*,c.name as cname,t.name as tname FROM summary_idea a INNER JOIN class c on a.class_id = c.id INNER JOIN teacher t on a.teacher_id=t.id  WHERE a.class_id = '2' AND a.teacher_id = '1' ORDER BY a.id desc  [ RunTime:0.0013s ]
INFO: [ view_parse ] --START--
INFO: [ template_filter ] --START--
INFO: Run Behavior\ContentReplaceBehavior [ RunTime:0.000047s ]
INFO: [ template_filter ] --END-- [ RunTime:0.000086s ]
NOTIC: [8] Undefined variable: title E:\phpstudy\PHPTutorial\WWW\thinkphp3\Application\Runtime\Cache\Admin\620b6441778a0cd3c4c30450a88edf1e.php 第 12 行.
NOTIC: [8] Undefined variable: title E:\phpstudy\PHPTutorial\WWW\thinkphp3\Application\Runtime\Cache\Admin\620b6441778a0cd3c4c30450a88edf1e.php 第 14 行.
NOTIC: [8] Use of undefined constant create_time - assumed 'create_time' E:\phpstudy\PHPTutorial\WWW\thinkphp3\Application\Runtime\Cache\Admin\620b6441778a0cd3c4c30450a88edf1e.php 第 41 行.
NOTIC: [8] Use of undefined constant create_time - assumed 'create_time' E:\phpstudy\PHPTutorial\WWW\thinkphp3\Application\Runtime\Cache\Admin\620b6441778a0cd3c4c30450a88edf1e.php 第 41 行.
NOTIC: [8] Use of undefined constant create_time - assumed 'create_time' E:\phpstudy\PHPTutorial\WWW\thinkphp3\Application\Runtime\Cache\Admin\620b6441778a0cd3c4c30450a88edf1e.php 第 41 行.
NOTIC: [8] Use of undefined constant create_time - assumed 'create_time' E:\phpstudy\PHPTutorial\WWW\thinkphp3\Application\Runtime\Cache\Admin\620b6441778a0cd3c4c30450a88edf1e.php 第 41 行.
NOTIC: [8] Undefined variable: pageHtml E:\phpstudy\PHPTutorial\WWW\thinkphp3\Application\Runtime\Cache\Admin\620b6441778a0cd3c4c30450a88edf1e.php 第 47 行.
INFO: Run Behavior\ParseTemplateBehavior [ RunTime:0.031496s ]
INFO: [ view_parse ] --END-- [ RunTime:0.031536s ]
INFO: [ view_filter ] --START--
INFO: Run Behavior\WriteHtmlCacheBehavior [ RunTime:0.000702s ]
INFO: [ view_filter ] --END-- [ RunTime:0.000733s ]
INFO: [ app_end ] --START--
INFO: Run Behavior\ShowPageTraceBehavior [ RunTime:0.001224s ]
INFO: [ app_end ] --END-- [ RunTime:0.001284s ]

[ 2020-01-27T12:18:39+08:00 ] ::1 /thinkphp3/index.php/Admin/TeacherTopic/index.html
INFO: [ app_init ] --START--
INFO: Run Behavior\BuildLiteBehavior [ RunTime:0.000010s ]
INFO: [ app_init ] --END-- [ RunTime:0.000350s ]
INFO: [ app_begin ] --START--
INFO: Run Behavior\ReadHtmlCacheBehavior [ RunTime:0.000409s ]
INFO: [ app_begin ] --END-- [ RunTime:0.000447s ]
INFO: [ action_begin ] --START--
SQL: SHOW COLUMNS FROM `user` [ RunTime:0.0192s ]
SQL: SELECT a.id,a.role_id,b.menu_id FROM user a INNER JOIN role b on a.role_id=b.id  WHERE ( a.id=11 ) LIMIT 1   [ RunTime:0.0003s ]
SQL: SHOW COLUMNS FROM `menu` [ RunTime:0.0158s ]
SQL: SELECT `id`,`name`,`path` FROM `menu` WHERE ( id in(1,2,3,4,5,6,7,8,9,10,11,12,13,14,15,16) )  [ RunTime:0.0003s ]
INFO: Run Admin\Behavior\TestBehavior [ RunTime:0.053311s ]
INFO: [ action_begin ] --END-- [ RunTime:0.053348s ]
SQL: SHOW COLUMNS FROM `teacher_topic` [ RunTime:0.0093s ]
SQL: SELECT COUNT(*) AS tp_count FROM `teacher_topic` LIMIT 1   [ RunTime:0.0002s ]
SQL: SELECT * FROM `teacher_topic` ORDER BY id desc LIMIT 0,20   [ RunTime:0.0003s ]
INFO: [ view_parse ] --START--
INFO: [ template_filter ] --START--
INFO: Run Behavior\ContentReplaceBehavior [ RunTime:0.000053s ]
INFO: [ template_filter ] --END-- [ RunTime:0.000100s ]
NOTIC: [8] Use of undefined constant create_time - assumed 'create_time' E:\phpstudy\PHPTutorial\WWW\thinkphp3\Application\Runtime\Cache\Admin\fd1ff659f33a613be89c4c69afbff803.php 第 41 行.
NOTIC: [8] Use of undefined constant create_time - assumed 'create_time' E:\phpstudy\PHPTutorial\WWW\thinkphp3\Application\Runtime\Cache\Admin\fd1ff659f33a613be89c4c69afbff803.php 第 41 行.
NOTIC: [8] Use of undefined constant create_time - assumed 'create_time' E:\phpstudy\PHPTutorial\WWW\thinkphp3\Application\Runtime\Cache\Admin\fd1ff659f33a613be89c4c69afbff803.php 第 41 行.
NOTIC: [8] Use of undefined constant create_time - assumed 'create_time' E:\phpstudy\PHPTutorial\WWW\thinkphp3\Application\Runtime\Cache\Admin\fd1ff659f33a613be89c4c69afbff803.php 第 41 行.
NOTIC: [8] Use of undefined constant create_time - assumed 'create_time' E:\phpstudy\PHPTutorial\WWW\thinkphp3\Application\Runtime\Cache\Admin\fd1ff659f33a613be89c4c69afbff803.php 第 41 行.
INFO: Run Behavior\ParseTemplateBehavior [ RunTime:0.009153s ]
INFO: [ view_parse ] --END-- [ RunTime:0.009193s ]
INFO: [ view_filter ] --START--
INFO: Run Behavior\WriteHtmlCacheBehavior [ RunTime:0.000782s ]
INFO: [ view_filter ] --END-- [ RunTime:0.000820s ]
INFO: [ app_end ] --START--
INFO: Run Behavior\ShowPageTraceBehavior [ RunTime:0.000832s ]
INFO: [ app_end ] --END-- [ RunTime:0.000872s ]

[ 2020-01-27T12:19:00+08:00 ] ::1 /thinkphp3/index.php/Admin/Login/index.html
INFO: [ app_init ] --START--
INFO: Run Behavior\BuildLiteBehavior [ RunTime:0.000010s ]
INFO: [ app_init ] --END-- [ RunTime:0.000468s ]
INFO: [ app_begin ] --START--
INFO: Run Behavior\ReadHtmlCacheBehavior [ RunTime:0.000477s ]
INFO: [ app_begin ] --END-- [ RunTime:0.000516s ]
INFO: [ action_begin ] --START--
INFO: Run Admin\Behavior\TestBehavior [ RunTime:0.002126s ]
INFO: [ action_begin ] --END-- [ RunTime:0.002190s ]
INFO: [ view_parse ] --START--
INFO: [ template_filter ] --START--
INFO: Run Behavior\ContentReplaceBehavior [ RunTime:0.000068s ]
INFO: [ template_filter ] --END-- [ RunTime:0.000120s ]
INFO: Run Behavior\ParseTemplateBehavior [ RunTime:0.007753s ]
INFO: [ view_parse ] --END-- [ RunTime:0.007797s ]
INFO: [ view_filter ] --START--
INFO: Run Behavior\WriteHtmlCacheBehavior [ RunTime:0.000694s ]
INFO: [ view_filter ] --END-- [ RunTime:0.000726s ]
INFO: [ app_end ] --START--
INFO: Run Behavior\ShowPageTraceBehavior [ RunTime:0.000849s ]
INFO: [ app_end ] --END-- [ RunTime:0.000880s ]

[ 2020-01-27T12:19:00+08:00 ] ::1 /thinkphp3/index.php/Admin/verify/index.html
INFO: [ app_init ] --START--
INFO: Run Behavior\BuildLiteBehavior [ RunTime:0.000012s ]
INFO: [ app_init ] --END-- [ RunTime:0.000442s ]
INFO: [ app_begin ] --START--
INFO: Run Behavior\ReadHtmlCacheBehavior [ RunTime:0.000504s ]
INFO: [ app_begin ] --END-- [ RunTime:0.000555s ]
INFO: [ app_end ] --START--
INFO: Run Behavior\ShowPageTraceBehavior [ RunTime:0.001031s ]
INFO: [ app_end ] --END-- [ RunTime:0.001092s ]

[ 2020-01-27T12:19:03+08:00 ] ::1 /thinkphp3/index.php/Admin/TeacherTopic/index.html
INFO: [ app_init ] --START--
INFO: Run Behavior\BuildLiteBehavior [ RunTime:0.000029s ]
INFO: [ app_init ] --END-- [ RunTime:0.000436s ]
INFO: [ app_begin ] --START--
INFO: Run Behavior\ReadHtmlCacheBehavior [ RunTime:0.000433s ]
INFO: [ app_begin ] --END-- [ RunTime:0.000473s ]
INFO: [ action_begin ] --START--
SQL: SHOW COLUMNS FROM `user` [ RunTime:0.0160s ]
SQL: SELECT a.id,a.role_id,b.menu_id FROM user a INNER JOIN role b on a.role_id=b.id  WHERE ( a.id=11 ) LIMIT 1   [ RunTime:0.0004s ]
SQL: SHOW COLUMNS FROM `menu` [ RunTime:0.0118s ]
SQL: SELECT `id`,`name`,`path` FROM `menu` WHERE ( id in(1,2,3,4,5,6,7,8,9,10,11,12,13,14,15,16) )  [ RunTime:0.0003s ]
INFO: Run Admin\Behavior\TestBehavior [ RunTime:0.038573s ]
INFO: [ action_begin ] --END-- [ RunTime:0.038609s ]
SQL: SHOW COLUMNS FROM `teacher_topic` [ RunTime:0.0186s ]
SQL: SELECT COUNT(*) AS tp_count FROM `teacher_topic` LIMIT 1   [ RunTime:0.0003s ]
SQL: SELECT * FROM `teacher_topic` ORDER BY id desc LIMIT 0,20   [ RunTime:0.0004s ]
INFO: [ view_parse ] --START--
INFO: [ template_filter ] --START--
INFO: Run Behavior\ContentReplaceBehavior [ RunTime:0.000064s ]
INFO: [ template_filter ] --END-- [ RunTime:0.000104s ]
NOTIC: [8] Use of undefined constant create_time - assumed 'create_time' E:\phpstudy\PHPTutorial\WWW\thinkphp3\Application\Runtime\Cache\Admin\fd1ff659f33a613be89c4c69afbff803.php 第 41 行.
NOTIC: [8] Use of undefined constant create_time - assumed 'create_time' E:\phpstudy\PHPTutorial\WWW\thinkphp3\Application\Runtime\Cache\Admin\fd1ff659f33a613be89c4c69afbff803.php 第 41 行.
NOTIC: [8] Use of undefined constant create_time - assumed 'create_time' E:\phpstudy\PHPTutorial\WWW\thinkphp3\Application\Runtime\Cache\Admin\fd1ff659f33a613be89c4c69afbff803.php 第 41 行.
NOTIC: [8] Use of undefined constant create_time - assumed 'create_time' E:\phpstudy\PHPTutorial\WWW\thinkphp3\Application\Runtime\Cache\Admin\fd1ff659f33a613be89c4c69afbff803.php 第 41 行.
NOTIC: [8] Use of undefined constant create_time - assumed 'create_time' E:\phpstudy\PHPTutorial\WWW\thinkphp3\Application\Runtime\Cache\Admin\fd1ff659f33a613be89c4c69afbff803.php 第 41 行.
INFO: Run Behavior\ParseTemplateBehavior [ RunTime:0.009750s ]
INFO: [ view_parse ] --END-- [ RunTime:0.009797s ]
INFO: [ view_filter ] --START--
INFO: Run Behavior\WriteHtmlCacheBehavior [ RunTime:0.000625s ]
INFO: [ view_filter ] --END-- [ RunTime:0.000657s ]
INFO: [ app_end ] --START--
INFO: Run Behavior\ShowPageTraceBehavior [ RunTime:0.000756s ]
INFO: [ app_end ] --END-- [ RunTime:0.000788s ]

[ 2020-01-27T12:19:04+08:00 ] ::1 /thinkphp3/index.php/Admin/DeptTopic/index.html
INFO: [ app_init ] --START--
INFO: Run Behavior\BuildLiteBehavior [ RunTime:0.000010s ]
INFO: [ app_init ] --END-- [ RunTime:0.000397s ]
INFO: [ app_begin ] --START--
INFO: Run Behavior\ReadHtmlCacheBehavior [ RunTime:0.000448s ]
INFO: [ app_begin ] --END-- [ RunTime:0.000490s ]
INFO: [ action_begin ] --START--
SQL: SHOW COLUMNS FROM `user` [ RunTime:0.0168s ]
SQL: SELECT a.id,a.role_id,b.menu_id FROM user a INNER JOIN role b on a.role_id=b.id  WHERE ( a.id=11 ) LIMIT 1   [ RunTime:0.0002s ]
SQL: SHOW COLUMNS FROM `menu` [ RunTime:0.0175s ]
SQL: SELECT `id`,`name`,`path` FROM `menu` WHERE ( id in(1,2,3,4,5,6,7,8,9,10,11,12,13,14,15,16) )  [ RunTime:0.0003s ]
INFO: Run Admin\Behavior\TestBehavior [ RunTime:0.054069s ]
INFO: [ action_begin ] --END-- [ RunTime:0.054109s ]
SQL: SHOW COLUMNS FROM `dept_topic` [ RunTime:0.0100s ]
SQL: SELECT COUNT(*) AS tp_count FROM `dept_topic` LIMIT 1   [ RunTime:0.0002s ]
SQL: SELECT * FROM `dept_topic` ORDER BY id desc LIMIT 0,20   [ RunTime:0.0002s ]
INFO: [ view_parse ] --START--
INFO: [ template_filter ] --START--
INFO: Run Behavior\ContentReplaceBehavior [ RunTime:0.000049s ]
INFO: [ template_filter ] --END-- [ RunTime:0.000091s ]
NOTIC: [8] Use of undefined constant create_time - assumed 'create_time' E:\phpstudy\PHPTutorial\WWW\thinkphp3\Application\Runtime\Cache\Admin\7c5c9e6c52f07aa096a1a79045134221.php 第 41 行.
NOTIC: [8] Use of undefined constant create_time - assumed 'create_time' E:\phpstudy\PHPTutorial\WWW\thinkphp3\Application\Runtime\Cache\Admin\7c5c9e6c52f07aa096a1a79045134221.php 第 41 行.
NOTIC: [8] Use of undefined constant create_time - assumed 'create_time' E:\phpstudy\PHPTutorial\WWW\thinkphp3\Application\Runtime\Cache\Admin\7c5c9e6c52f07aa096a1a79045134221.php 第 41 行.
NOTIC: [8] Use of undefined constant create_time - assumed 'create_time' E:\phpstudy\PHPTutorial\WWW\thinkphp3\Application\Runtime\Cache\Admin\7c5c9e6c52f07aa096a1a79045134221.php 第 41 行.
INFO: Run Behavior\ParseTemplateBehavior [ RunTime:0.009161s ]
INFO: [ view_parse ] --END-- [ RunTime:0.009199s ]
INFO: [ view_filter ] --START--
INFO: Run Behavior\WriteHtmlCacheBehavior [ RunTime:0.000776s ]
INFO: [ view_filter ] --END-- [ RunTime:0.000817s ]
INFO: [ app_end ] --START--
INFO: Run Behavior\ShowPageTraceBehavior [ RunTime:0.001118s ]
INFO: [ app_end ] --END-- [ RunTime:0.001157s ]

