[ 2020-03-07T15:55:36+08:00 ] ::1 /thinkphp3/Admin/index.html
INFO: [ app_init ] --START--
INFO: Run Behavior\BuildLiteBehavior [ RunTime:0.000013s ]
INFO: [ app_init ] --END-- [ RunTime:0.000879s ]
INFO: [ app_begin ] --START--
INFO: Run Behavior\ReadHtmlCacheBehavior [ RunTime:0.001190s ]
INFO: [ app_begin ] --END-- [ RunTime:0.001256s ]
INFO: [ action_begin ] --START--
INFO: Run Admin\Behavior\TestBehavior [ RunTime:0.001942s ]
INFO: [ action_begin ] --END-- [ RunTime:0.001992s ]
INFO: [ view_parse ] --START--
INFO: [ template_filter ] --START--
INFO: Run Behavior\ContentReplaceBehavior [ RunTime:0.002521s ]
INFO: [ template_filter ] --END-- [ RunTime:0.002574s ]
INFO: Run Behavior\ParseTemplateBehavior [ RunTime:0.014113s ]
INFO: [ view_parse ] --END-- [ RunTime:0.014175s ]
INFO: [ view_filter ] --START--
INFO: Run Behavior\WriteHtmlCacheBehavior [ RunTime:0.000925s ]
INFO: [ view_filter ] --END-- [ RunTime:0.000957s ]
INFO: [ app_end ] --START--
INFO: Run Behavior\ShowPageTraceBehavior [ RunTime:0.001246s ]
INFO: [ app_end ] --END-- [ RunTime:0.001284s ]

[ 2020-03-07T15:55:36+08:00 ] ::1 /thinkphp3/index.php/Admin/Index/top.html
INFO: [ app_init ] --START--
INFO: Run Behavior\BuildLiteBehavior [ RunTime:0.000010s ]
INFO: [ app_init ] --END-- [ RunTime:0.000584s ]
INFO: [ app_begin ] --START--
INFO: Run Behavior\ReadHtmlCacheBehavior [ RunTime:0.001927s ]
INFO: [ app_begin ] --END-- [ RunTime:0.001986s ]
INFO: [ action_begin ] --START--
INFO: Run Admin\Behavior\TestBehavior [ RunTime:0.001974s ]
INFO: [ action_begin ] --END-- [ RunTime:0.002026s ]
INFO: [ view_parse ] --START--
INFO: [ template_filter ] --START--
INFO: Run Behavior\ContentReplaceBehavior [ RunTime:0.000047s ]
INFO: [ template_filter ] --END-- [ RunTime:0.000087s ]
INFO: Run Behavior\ParseTemplateBehavior [ RunTime:0.008517s ]
INFO: [ view_parse ] --END-- [ RunTime:0.008563s ]
INFO: [ view_filter ] --START--
INFO: Run Behavior\WriteHtmlCacheBehavior [ RunTime:0.000931s ]
INFO: [ view_filter ] --END-- [ RunTime:0.000961s ]
INFO: [ app_end ] --START--
INFO: Run Behavior\ShowPageTraceBehavior [ RunTime:0.001129s ]
INFO: [ app_end ] --END-- [ RunTime:0.001158s ]

[ 2020-03-07T15:55:36+08:00 ] ::1 /thinkphp3/index.php/Admin/Index/menu.html
INFO: [ app_init ] --START--
INFO: Run Behavior\BuildLiteBehavior [ RunTime:0.000017s ]
INFO: [ app_init ] --END-- [ RunTime:0.000802s ]
INFO: [ app_begin ] --START--
INFO: Run Behavior\ReadHtmlCacheBehavior [ RunTime:0.002056s ]
INFO: [ app_begin ] --END-- [ RunTime:0.002121s ]
INFO: [ action_begin ] --START--
INFO: Run Admin\Behavior\TestBehavior [ RunTime:0.005112s ]
INFO: [ action_begin ] --END-- [ RunTime:0.005210s ]
SQL: SHOW COLUMNS FROM `user` [ RunTime:0.0265s ]
NOTIC: [8] Undefined index: Type E:\phpstudy\PHPTutorial\WWW\thinkphp3\ThinkPHP\Library\Think\Db\Driver\Mysql.class.php 第 65 行.
NOTIC: [8] Undefined index: Type E:\phpstudy\PHPTutorial\WWW\thinkphp3\ThinkPHP\Library\Think\Db\Driver\Mysql.class.php 第 65 行.
NOTIC: [8] Undefined index: Type E:\phpstudy\PHPTutorial\WWW\thinkphp3\ThinkPHP\Library\Think\Db\Driver\Mysql.class.php 第 65 行.
NOTIC: [8] Undefined index: Type E:\phpstudy\PHPTutorial\WWW\thinkphp3\ThinkPHP\Library\Think\Db\Driver\Mysql.class.php 第 65 行.
NOTIC: [8] Undefined index: Type E:\phpstudy\PHPTutorial\WWW\thinkphp3\ThinkPHP\Library\Think\Db\Driver\Mysql.class.php 第 65 行.
NOTIC: [8] Undefined index: Type E:\phpstudy\PHPTutorial\WWW\thinkphp3\ThinkPHP\Library\Think\Db\Driver\Mysql.class.php 第 65 行.
NOTIC: [8] Undefined index: Type E:\phpstudy\PHPTutorial\WWW\thinkphp3\ThinkPHP\Library\Think\Db\Driver\Mysql.class.php 第 65 行.
SQL: SELECT a.id,a.username,a.role_id,b.menu_id FROM user a INNER JOIN role b on a.role_id=b.id  WHERE a.id = null LIMIT 1   [ RunTime:0.0241s ]
SQL: SHOW COLUMNS FROM `menu` [ RunTime:0.0227s ]
NOTIC: [8] Undefined index: Type E:\phpstudy\PHPTutorial\WWW\thinkphp3\ThinkPHP\Library\Think\Db\Driver\Mysql.class.php 第 65 行.
NOTIC: [8] Undefined index: Type E:\phpstudy\PHPTutorial\WWW\thinkphp3\ThinkPHP\Library\Think\Db\Driver\Mysql.class.php 第 65 行.
NOTIC: [8] Undefined index: Type E:\phpstudy\PHPTutorial\WWW\thinkphp3\ThinkPHP\Library\Think\Db\Driver\Mysql.class.php 第 65 行.
NOTIC: [8] Undefined index: Type E:\phpstudy\PHPTutorial\WWW\thinkphp3\ThinkPHP\Library\Think\Db\Driver\Mysql.class.php 第 65 行.
NOTIC: [8] Undefined index: Type E:\phpstudy\PHPTutorial\WWW\thinkphp3\ThinkPHP\Library\Think\Db\Driver\Mysql.class.php 第 65 行.
NOTIC: [8] Undefined index: Type E:\phpstudy\PHPTutorial\WWW\thinkphp3\ThinkPHP\Library\Think\Db\Driver\Mysql.class.php 第 65 行.
ERR: 1064:You have an error in your SQL syntax; check the manual that corresponds to your MySQL server version for the right syntax to use near ') ) GROUP BY b.name' at line 1
 [ SQL语句 ] : SELECT b.id,b.name FROM menu a right join nav b on a.nav_id=b.id  WHERE ( a.id in() ) GROUP BY b.name 
ERR: 1064:You have an error in your SQL syntax; check the manual that corresponds to your MySQL server version for the right syntax to use near ') ) GROUP BY b.name' at line 1
 [ SQL语句 ] : SELECT b.id,b.name FROM menu a right join nav b on a.nav_id=b.id  WHERE ( a.id in() ) GROUP BY b.name 

[ 2020-03-07T15:55:36+08:00 ] ::1 /thinkphp3/index.php/Admin/Index/main.html
INFO: [ app_init ] --START--
INFO: Run Behavior\BuildLiteBehavior [ RunTime:0.000056s ]
INFO: [ app_init ] --END-- [ RunTime:0.001023s ]
INFO: [ app_begin ] --START--
INFO: Run Behavior\ReadHtmlCacheBehavior [ RunTime:0.000716s ]
INFO: [ app_begin ] --END-- [ RunTime:0.000762s ]
INFO: [ action_begin ] --START--
INFO: Run Admin\Behavior\TestBehavior [ RunTime:0.001664s ]
INFO: [ action_begin ] --END-- [ RunTime:0.001762s ]
INFO: [ view_parse ] --START--
INFO: [ template_filter ] --START--
INFO: Run Behavior\ContentReplaceBehavior [ RunTime:0.000051s ]
INFO: [ template_filter ] --END-- [ RunTime:0.000097s ]
INFO: Run Behavior\ParseTemplateBehavior [ RunTime:0.006857s ]
INFO: [ view_parse ] --END-- [ RunTime:0.006904s ]
INFO: [ view_filter ] --START--
INFO: Run Behavior\WriteHtmlCacheBehavior [ RunTime:0.000510s ]
INFO: [ view_filter ] --END-- [ RunTime:0.000542s ]
INFO: [ app_end ] --START--
INFO: Run Behavior\ShowPageTraceBehavior [ RunTime:0.000633s ]
INFO: [ app_end ] --END-- [ RunTime:0.000666s ]

[ 2020-03-07T15:55:48+08:00 ] ::1 /thinkphp3/index.php/Admin/Login/index.html
INFO: [ app_init ] --START--
INFO: Run Behavior\BuildLiteBehavior [ RunTime:0.000009s ]
INFO: [ app_init ] --END-- [ RunTime:0.000387s ]
INFO: [ app_begin ] --START--
INFO: Run Behavior\ReadHtmlCacheBehavior [ RunTime:0.000406s ]
INFO: [ app_begin ] --END-- [ RunTime:0.000443s ]
INFO: [ action_begin ] --START--
INFO: Run Admin\Behavior\TestBehavior [ RunTime:0.000644s ]
INFO: [ action_begin ] --END-- [ RunTime:0.000683s ]
INFO: [ view_parse ] --START--
INFO: [ template_filter ] --START--
INFO: Run Behavior\ContentReplaceBehavior [ RunTime:0.000066s ]
INFO: [ template_filter ] --END-- [ RunTime:0.000127s ]
INFO: Run Behavior\ParseTemplateBehavior [ RunTime:0.005435s ]
INFO: [ view_parse ] --END-- [ RunTime:0.005472s ]
INFO: [ view_filter ] --START--
INFO: Run Behavior\WriteHtmlCacheBehavior [ RunTime:0.000282s ]
INFO: [ view_filter ] --END-- [ RunTime:0.000311s ]
INFO: [ app_end ] --START--
INFO: Run Behavior\ShowPageTraceBehavior [ RunTime:0.000484s ]
INFO: [ app_end ] --END-- [ RunTime:0.000512s ]

[ 2020-03-07T15:55:48+08:00 ] ::1 /thinkphp3/index.php/Admin/verify/index.html
INFO: [ app_init ] --START--
INFO: Run Behavior\BuildLiteBehavior [ RunTime:0.000011s ]
INFO: [ app_init ] --END-- [ RunTime:0.000478s ]
INFO: [ app_begin ] --START--
INFO: Run Behavior\ReadHtmlCacheBehavior [ RunTime:0.000864s ]
INFO: [ app_begin ] --END-- [ RunTime:0.000917s ]
INFO: [ app_end ] --START--
INFO: Run Behavior\ShowPageTraceBehavior [ RunTime:0.000921s ]
INFO: [ app_end ] --END-- [ RunTime:0.000986s ]

[ 2020-03-07T15:55:50+08:00 ] ::1 /thinkphp3/index.php/Admin/Index/menu.html
INFO: [ app_init ] --START--
INFO: Run Behavior\BuildLiteBehavior [ RunTime:0.000012s ]
INFO: [ app_init ] --END-- [ RunTime:0.000441s ]
INFO: [ app_begin ] --START--
INFO: Run Behavior\ReadHtmlCacheBehavior [ RunTime:0.000513s ]
INFO: [ app_begin ] --END-- [ RunTime:0.000582s ]
INFO: [ action_begin ] --START--
INFO: Run Admin\Behavior\TestBehavior [ RunTime:0.001618s ]
INFO: [ action_begin ] --END-- [ RunTime:0.001713s ]
SQL: SHOW COLUMNS FROM `user` [ RunTime:0.0246s ]
NOTIC: [8] Undefined index: Type E:\phpstudy\PHPTutorial\WWW\thinkphp3\ThinkPHP\Library\Think\Db\Driver\Mysql.class.php 第 65 行.
NOTIC: [8] Undefined index: Type E:\phpstudy\PHPTutorial\WWW\thinkphp3\ThinkPHP\Library\Think\Db\Driver\Mysql.class.php 第 65 行.
NOTIC: [8] Undefined index: Type E:\phpstudy\PHPTutorial\WWW\thinkphp3\ThinkPHP\Library\Think\Db\Driver\Mysql.class.php 第 65 行.
NOTIC: [8] Undefined index: Type E:\phpstudy\PHPTutorial\WWW\thinkphp3\ThinkPHP\Library\Think\Db\Driver\Mysql.class.php 第 65 行.
NOTIC: [8] Undefined index: Type E:\phpstudy\PHPTutorial\WWW\thinkphp3\ThinkPHP\Library\Think\Db\Driver\Mysql.class.php 第 65 行.
NOTIC: [8] Undefined index: Type E:\phpstudy\PHPTutorial\WWW\thinkphp3\ThinkPHP\Library\Think\Db\Driver\Mysql.class.php 第 65 行.
NOTIC: [8] Undefined index: Type E:\phpstudy\PHPTutorial\WWW\thinkphp3\ThinkPHP\Library\Think\Db\Driver\Mysql.class.php 第 65 行.
SQL: SELECT a.id,a.username,a.role_id,b.menu_id FROM user a INNER JOIN role b on a.role_id=b.id  WHERE a.id = null LIMIT 1   [ RunTime:0.0003s ]
SQL: SHOW COLUMNS FROM `menu` [ RunTime:0.0193s ]
NOTIC: [8] Undefined index: Type E:\phpstudy\PHPTutorial\WWW\thinkphp3\ThinkPHP\Library\Think\Db\Driver\Mysql.class.php 第 65 行.
NOTIC: [8] Undefined index: Type E:\phpstudy\PHPTutorial\WWW\thinkphp3\ThinkPHP\Library\Think\Db\Driver\Mysql.class.php 第 65 行.
NOTIC: [8] Undefined index: Type E:\phpstudy\PHPTutorial\WWW\thinkphp3\ThinkPHP\Library\Think\Db\Driver\Mysql.class.php 第 65 行.
NOTIC: [8] Undefined index: Type E:\phpstudy\PHPTutorial\WWW\thinkphp3\ThinkPHP\Library\Think\Db\Driver\Mysql.class.php 第 65 行.
NOTIC: [8] Undefined index: Type E:\phpstudy\PHPTutorial\WWW\thinkphp3\ThinkPHP\Library\Think\Db\Driver\Mysql.class.php 第 65 行.
NOTIC: [8] Undefined index: Type E:\phpstudy\PHPTutorial\WWW\thinkphp3\ThinkPHP\Library\Think\Db\Driver\Mysql.class.php 第 65 行.
ERR: 1064:You have an error in your SQL syntax; check the manual that corresponds to your MySQL server version for the right syntax to use near ') ) GROUP BY b.name' at line 1
 [ SQL语句 ] : SELECT b.id,b.name FROM menu a right join nav b on a.nav_id=b.id  WHERE ( a.id in() ) GROUP BY b.name 
ERR: 1064:You have an error in your SQL syntax; check the manual that corresponds to your MySQL server version for the right syntax to use near ') ) GROUP BY b.name' at line 1
 [ SQL语句 ] : SELECT b.id,b.name FROM menu a right join nav b on a.nav_id=b.id  WHERE ( a.id in() ) GROUP BY b.name 

[ 2020-03-07T15:56:04+08:00 ] ::1 /thinkphp3/index.php/Admin/Login/index.html
INFO: [ app_init ] --START--
INFO: Run Behavior\BuildLiteBehavior [ RunTime:0.000009s ]
INFO: [ app_init ] --END-- [ RunTime:0.000538s ]
INFO: [ app_begin ] --START--
INFO: Run Behavior\ReadHtmlCacheBehavior [ RunTime:0.000408s ]
INFO: [ app_begin ] --END-- [ RunTime:0.000445s ]
INFO: [ action_begin ] --START--
INFO: Run Admin\Behavior\TestBehavior [ RunTime:0.000639s ]
INFO: [ action_begin ] --END-- [ RunTime:0.000687s ]
INFO: [ view_parse ] --START--
INFO: [ template_filter ] --START--
INFO: Run Behavior\ContentReplaceBehavior [ RunTime:0.000050s ]
INFO: [ template_filter ] --END-- [ RunTime:0.000085s ]
INFO: Run Behavior\ParseTemplateBehavior [ RunTime:0.007165s ]
INFO: [ view_parse ] --END-- [ RunTime:0.007201s ]
INFO: [ view_filter ] --START--
INFO: Run Behavior\WriteHtmlCacheBehavior [ RunTime:0.000600s ]
INFO: [ view_filter ] --END-- [ RunTime:0.000629s ]
INFO: [ app_end ] --START--
INFO: Run Behavior\ShowPageTraceBehavior [ RunTime:0.000411s ]
INFO: [ app_end ] --END-- [ RunTime:0.000441s ]

[ 2020-03-07T15:56:04+08:00 ] ::1 /thinkphp3/index.php/Admin/verify/index.html
INFO: [ app_init ] --START--
INFO: Run Behavior\BuildLiteBehavior [ RunTime:0.000011s ]
INFO: [ app_init ] --END-- [ RunTime:0.000399s ]
INFO: [ app_begin ] --START--
INFO: Run Behavior\ReadHtmlCacheBehavior [ RunTime:0.000442s ]
INFO: [ app_begin ] --END-- [ RunTime:0.000486s ]
INFO: [ app_end ] --START--
INFO: Run Behavior\ShowPageTraceBehavior [ RunTime:0.000787s ]
INFO: [ app_end ] --END-- [ RunTime:0.000838s ]

[ 2020-03-07T15:56:08+08:00 ] ::1 /thinkphp3/index.php/Admin/Login/validate.html
INFO: [ app_init ] --START--
INFO: Run Behavior\BuildLiteBehavior [ RunTime:0.000013s ]
INFO: [ app_init ] --END-- [ RunTime:0.000386s ]
INFO: [ app_begin ] --START--
INFO: Run Behavior\ReadHtmlCacheBehavior [ RunTime:0.000549s ]
INFO: [ app_begin ] --END-- [ RunTime:0.000593s ]
INFO: [ action_begin ] --START--
INFO: Run Admin\Behavior\TestBehavior [ RunTime:0.000700s ]
INFO: [ action_begin ] --END-- [ RunTime:0.000749s ]
SQL: SHOW COLUMNS FROM `user` [ RunTime:0.0113s ]
NOTIC: [8] Undefined index: Type E:\phpstudy\PHPTutorial\WWW\thinkphp3\ThinkPHP\Library\Think\Db\Driver\Mysql.class.php 第 65 行.
NOTIC: [8] Undefined index: Type E:\phpstudy\PHPTutorial\WWW\thinkphp3\ThinkPHP\Library\Think\Db\Driver\Mysql.class.php 第 65 行.
NOTIC: [8] Undefined index: Type E:\phpstudy\PHPTutorial\WWW\thinkphp3\ThinkPHP\Library\Think\Db\Driver\Mysql.class.php 第 65 行.
NOTIC: [8] Undefined index: Type E:\phpstudy\PHPTutorial\WWW\thinkphp3\ThinkPHP\Library\Think\Db\Driver\Mysql.class.php 第 65 行.
NOTIC: [8] Undefined index: Type E:\phpstudy\PHPTutorial\WWW\thinkphp3\ThinkPHP\Library\Think\Db\Driver\Mysql.class.php 第 65 行.
NOTIC: [8] Undefined index: Type E:\phpstudy\PHPTutorial\WWW\thinkphp3\ThinkPHP\Library\Think\Db\Driver\Mysql.class.php 第 65 行.
NOTIC: [8] Undefined index: Type E:\phpstudy\PHPTutorial\WWW\thinkphp3\ThinkPHP\Library\Think\Db\Driver\Mysql.class.php 第 65 行.

[ 2020-03-07T15:56:08+08:00 ] ::1 /thinkphp3/index.php/Admin/Login/validate.html
INFO: [ app_init ] --START--
INFO: Run Behavior\BuildLiteBehavior [ RunTime:0.000011s ]
INFO: [ app_init ] --END-- [ RunTime:0.000397s ]
INFO: [ app_begin ] --START--
INFO: Run Behavior\ReadHtmlCacheBehavior [ RunTime:0.000472s ]
INFO: [ app_begin ] --END-- [ RunTime:0.000522s ]
INFO: [ action_begin ] --START--
INFO: Run Admin\Behavior\TestBehavior [ RunTime:0.000727s ]
INFO: [ action_begin ] --END-- [ RunTime:0.000780s ]
SQL: SHOW COLUMNS FROM `user` [ RunTime:0.0108s ]
NOTIC: [8] Undefined index: Type E:\phpstudy\PHPTutorial\WWW\thinkphp3\ThinkPHP\Library\Think\Db\Driver\Mysql.class.php 第 65 行.
NOTIC: [8] Undefined index: Type E:\phpstudy\PHPTutorial\WWW\thinkphp3\ThinkPHP\Library\Think\Db\Driver\Mysql.class.php 第 65 行.
NOTIC: [8] Undefined index: Type E:\phpstudy\PHPTutorial\WWW\thinkphp3\ThinkPHP\Library\Think\Db\Driver\Mysql.class.php 第 65 行.
NOTIC: [8] Undefined index: Type E:\phpstudy\PHPTutorial\WWW\thinkphp3\ThinkPHP\Library\Think\Db\Driver\Mysql.class.php 第 65 行.
NOTIC: [8] Undefined index: Type E:\phpstudy\PHPTutorial\WWW\thinkphp3\ThinkPHP\Library\Think\Db\Driver\Mysql.class.php 第 65 行.
NOTIC: [8] Undefined index: Type E:\phpstudy\PHPTutorial\WWW\thinkphp3\ThinkPHP\Library\Think\Db\Driver\Mysql.class.php 第 65 行.
NOTIC: [8] Undefined index: Type E:\phpstudy\PHPTutorial\WWW\thinkphp3\ThinkPHP\Library\Think\Db\Driver\Mysql.class.php 第 65 行.
NOTIC: [8] Undefined index: validate E:\phpstudy\PHPTutorial\WWW\thinkphp3\ThinkPHP\Library\Think\Model.class.php 第 1185 行.
INFO: [ view_parse ] --START--
INFO: [ template_filter ] --START--
INFO: Run Behavior\ContentReplaceBehavior [ RunTime:0.000037s ]
INFO: [ template_filter ] --END-- [ RunTime:0.000100s ]
INFO: Run Behavior\ParseTemplateBehavior [ RunTime:0.004770s ]
INFO: [ view_parse ] --END-- [ RunTime:0.004827s ]
INFO: [ view_filter ] --START--
INFO: Run Behavior\WriteHtmlCacheBehavior [ RunTime:0.000312s ]
INFO: [ view_filter ] --END-- [ RunTime:0.000342s ]

[ 2020-03-07T15:56:08+08:00 ] ::1 /thinkphp3/index.php/Admin/Login/Index.html
INFO: [ app_init ] --START--
INFO: Run Behavior\BuildLiteBehavior [ RunTime:0.000015s ]
INFO: [ app_init ] --END-- [ RunTime:0.000427s ]
INFO: [ app_begin ] --START--
INFO: Run Behavior\ReadHtmlCacheBehavior [ RunTime:0.000783s ]
INFO: [ app_begin ] --END-- [ RunTime:0.000913s ]
INFO: [ action_begin ] --START--
INFO: Run Admin\Behavior\TestBehavior [ RunTime:0.000711s ]
INFO: [ action_begin ] --END-- [ RunTime:0.000763s ]
INFO: [ view_parse ] --START--
INFO: [ template_filter ] --START--
INFO: Run Behavior\ContentReplaceBehavior [ RunTime:0.000056s ]
INFO: [ template_filter ] --END-- [ RunTime:0.000102s ]
INFO: Run Behavior\ParseTemplateBehavior [ RunTime:0.011303s ]
INFO: [ view_parse ] --END-- [ RunTime:0.011356s ]
INFO: [ view_filter ] --START--
INFO: Run Behavior\WriteHtmlCacheBehavior [ RunTime:0.000737s ]
INFO: [ view_filter ] --END-- [ RunTime:0.000770s ]
INFO: [ app_end ] --START--
INFO: Run Behavior\ShowPageTraceBehavior [ RunTime:0.000453s ]
INFO: [ app_end ] --END-- [ RunTime:0.000484s ]

[ 2020-03-07T15:56:08+08:00 ] ::1 /thinkphp3/index.php/Admin/verify/index.html
INFO: [ app_init ] --START--
INFO: Run Behavior\BuildLiteBehavior [ RunTime:0.000010s ]
INFO: [ app_init ] --END-- [ RunTime:0.000468s ]
INFO: [ app_begin ] --START--
INFO: Run Behavior\ReadHtmlCacheBehavior [ RunTime:0.001323s ]
INFO: [ app_begin ] --END-- [ RunTime:0.001378s ]
INFO: [ app_end ] --START--
INFO: Run Behavior\ShowPageTraceBehavior [ RunTime:0.001296s ]
INFO: [ app_end ] --END-- [ RunTime:0.001357s ]

[ 2020-03-07T15:56:09+08:00 ] ::1 /thinkphp3/index.php/Admin/Login/validate.html
INFO: [ app_init ] --START--
INFO: Run Behavior\BuildLiteBehavior [ RunTime:0.000009s ]
INFO: [ app_init ] --END-- [ RunTime:0.000435s ]
INFO: [ app_begin ] --START--
INFO: Run Behavior\ReadHtmlCacheBehavior [ RunTime:0.001094s ]
INFO: [ app_begin ] --END-- [ RunTime:0.001137s ]
INFO: [ action_begin ] --START--
INFO: Run Admin\Behavior\TestBehavior [ RunTime:0.002599s ]
INFO: [ action_begin ] --END-- [ RunTime:0.002646s ]
SQL: SHOW COLUMNS FROM `user` [ RunTime:0.0109s ]
NOTIC: [8] Undefined index: Type E:\phpstudy\PHPTutorial\WWW\thinkphp3\ThinkPHP\Library\Think\Db\Driver\Mysql.class.php 第 65 行.
NOTIC: [8] Undefined index: Type E:\phpstudy\PHPTutorial\WWW\thinkphp3\ThinkPHP\Library\Think\Db\Driver\Mysql.class.php 第 65 行.
NOTIC: [8] Undefined index: Type E:\phpstudy\PHPTutorial\WWW\thinkphp3\ThinkPHP\Library\Think\Db\Driver\Mysql.class.php 第 65 行.
NOTIC: [8] Undefined index: Type E:\phpstudy\PHPTutorial\WWW\thinkphp3\ThinkPHP\Library\Think\Db\Driver\Mysql.class.php 第 65 行.
NOTIC: [8] Undefined index: Type E:\phpstudy\PHPTutorial\WWW\thinkphp3\ThinkPHP\Library\Think\Db\Driver\Mysql.class.php 第 65 行.
NOTIC: [8] Undefined index: Type E:\phpstudy\PHPTutorial\WWW\thinkphp3\ThinkPHP\Library\Think\Db\Driver\Mysql.class.php 第 65 行.
NOTIC: [8] Undefined index: Type E:\phpstudy\PHPTutorial\WWW\thinkphp3\ThinkPHP\Library\Think\Db\Driver\Mysql.class.php 第 65 行.

[ 2020-03-07T15:56:09+08:00 ] ::1 /thinkphp3/index.php/Admin/Login/validate.html
INFO: [ app_init ] --START--
INFO: Run Behavior\BuildLiteBehavior [ RunTime:0.000008s ]
INFO: [ app_init ] --END-- [ RunTime:0.000464s ]
INFO: [ app_begin ] --START--
INFO: Run Behavior\ReadHtmlCacheBehavior [ RunTime:0.000410s ]
INFO: [ app_begin ] --END-- [ RunTime:0.000448s ]
INFO: [ action_begin ] --START--
INFO: Run Admin\Behavior\TestBehavior [ RunTime:0.000979s ]
INFO: [ action_begin ] --END-- [ RunTime:0.001035s ]
SQL: SHOW COLUMNS FROM `user` [ RunTime:0.0188s ]
NOTIC: [8] Undefined index: Type E:\phpstudy\PHPTutorial\WWW\thinkphp3\ThinkPHP\Library\Think\Db\Driver\Mysql.class.php 第 65 行.
NOTIC: [8] Undefined index: Type E:\phpstudy\PHPTutorial\WWW\thinkphp3\ThinkPHP\Library\Think\Db\Driver\Mysql.class.php 第 65 行.
NOTIC: [8] Undefined index: Type E:\phpstudy\PHPTutorial\WWW\thinkphp3\ThinkPHP\Library\Think\Db\Driver\Mysql.class.php 第 65 行.
NOTIC: [8] Undefined index: Type E:\phpstudy\PHPTutorial\WWW\thinkphp3\ThinkPHP\Library\Think\Db\Driver\Mysql.class.php 第 65 行.
NOTIC: [8] Undefined index: Type E:\phpstudy\PHPTutorial\WWW\thinkphp3\ThinkPHP\Library\Think\Db\Driver\Mysql.class.php 第 65 行.
NOTIC: [8] Undefined index: Type E:\phpstudy\PHPTutorial\WWW\thinkphp3\ThinkPHP\Library\Think\Db\Driver\Mysql.class.php 第 65 行.
NOTIC: [8] Undefined index: Type E:\phpstudy\PHPTutorial\WWW\thinkphp3\ThinkPHP\Library\Think\Db\Driver\Mysql.class.php 第 65 行.
NOTIC: [8] Undefined index: validate E:\phpstudy\PHPTutorial\WWW\thinkphp3\ThinkPHP\Library\Think\Model.class.php 第 1185 行.
INFO: [ view_parse ] --START--
INFO: [ template_filter ] --START--
INFO: Run Behavior\ContentReplaceBehavior [ RunTime:0.000057s ]
INFO: [ template_filter ] --END-- [ RunTime:0.000123s ]
INFO: Run Behavior\ParseTemplateBehavior [ RunTime:0.008115s ]
INFO: [ view_parse ] --END-- [ RunTime:0.008169s ]
INFO: [ view_filter ] --START--
INFO: Run Behavior\WriteHtmlCacheBehavior [ RunTime:0.000637s ]
INFO: [ view_filter ] --END-- [ RunTime:0.000667s ]

[ 2020-03-07T15:56:09+08:00 ] ::1 /thinkphp3/index.php/Admin/Login/Index.html
INFO: [ app_init ] --START--
INFO: Run Behavior\BuildLiteBehavior [ RunTime:0.000011s ]
INFO: [ app_init ] --END-- [ RunTime:0.000546s ]
INFO: [ app_begin ] --START--
INFO: Run Behavior\ReadHtmlCacheBehavior [ RunTime:0.001827s ]
INFO: [ app_begin ] --END-- [ RunTime:0.001883s ]
INFO: [ action_begin ] --START--
INFO: Run Admin\Behavior\TestBehavior [ RunTime:0.001805s ]
INFO: [ action_begin ] --END-- [ RunTime:0.001854s ]
INFO: [ view_parse ] --START--
INFO: [ template_filter ] --START--
INFO: Run Behavior\ContentReplaceBehavior [ RunTime:0.000053s ]
INFO: [ template_filter ] --END-- [ RunTime:0.000094s ]
INFO: Run Behavior\ParseTemplateBehavior [ RunTime:0.007817s ]
INFO: [ view_parse ] --END-- [ RunTime:0.007942s ]
INFO: [ view_filter ] --START--
INFO: Run Behavior\WriteHtmlCacheBehavior [ RunTime:0.001207s ]
INFO: [ view_filter ] --END-- [ RunTime:0.001247s ]
INFO: [ app_end ] --START--
INFO: Run Behavior\ShowPageTraceBehavior [ RunTime:0.001213s ]
INFO: [ app_end ] --END-- [ RunTime:0.001263s ]

[ 2020-03-07T15:56:09+08:00 ] ::1 /thinkphp3/index.php/Admin/verify/index.html
INFO: [ app_init ] --START--
INFO: Run Behavior\BuildLiteBehavior [ RunTime:0.000011s ]
INFO: [ app_init ] --END-- [ RunTime:0.000406s ]
INFO: [ app_begin ] --START--
INFO: Run Behavior\ReadHtmlCacheBehavior [ RunTime:0.000551s ]
INFO: [ app_begin ] --END-- [ RunTime:0.000595s ]
INFO: [ app_end ] --START--
INFO: Run Behavior\ShowPageTraceBehavior [ RunTime:0.000558s ]
INFO: [ app_end ] --END-- [ RunTime:0.000607s ]

[ 2020-03-07T15:56:09+08:00 ] ::1 /thinkphp3/index.php/Admin/Login/validate.html
INFO: [ app_init ] --START--
INFO: Run Behavior\BuildLiteBehavior [ RunTime:0.000009s ]
INFO: [ app_init ] --END-- [ RunTime:0.000426s ]
INFO: [ app_begin ] --START--
INFO: Run Behavior\ReadHtmlCacheBehavior [ RunTime:0.000440s ]
INFO: [ app_begin ] --END-- [ RunTime:0.000491s ]
INFO: [ action_begin ] --START--
INFO: Run Admin\Behavior\TestBehavior [ RunTime:0.001395s ]
INFO: [ action_begin ] --END-- [ RunTime:0.001455s ]
SQL: SHOW COLUMNS FROM `user` [ RunTime:0.0220s ]
NOTIC: [8] Undefined index: Type E:\phpstudy\PHPTutorial\WWW\thinkphp3\ThinkPHP\Library\Think\Db\Driver\Mysql.class.php 第 65 行.
NOTIC: [8] Undefined index: Type E:\phpstudy\PHPTutorial\WWW\thinkphp3\ThinkPHP\Library\Think\Db\Driver\Mysql.class.php 第 65 行.
NOTIC: [8] Undefined index: Type E:\phpstudy\PHPTutorial\WWW\thinkphp3\ThinkPHP\Library\Think\Db\Driver\Mysql.class.php 第 65 行.
NOTIC: [8] Undefined index: Type E:\phpstudy\PHPTutorial\WWW\thinkphp3\ThinkPHP\Library\Think\Db\Driver\Mysql.class.php 第 65 行.
NOTIC: [8] Undefined index: Type E:\phpstudy\PHPTutorial\WWW\thinkphp3\ThinkPHP\Library\Think\Db\Driver\Mysql.class.php 第 65 行.
NOTIC: [8] Undefined index: Type E:\phpstudy\PHPTutorial\WWW\thinkphp3\ThinkPHP\Library\Think\Db\Driver\Mysql.class.php 第 65 行.
NOTIC: [8] Undefined index: Type E:\phpstudy\PHPTutorial\WWW\thinkphp3\ThinkPHP\Library\Think\Db\Driver\Mysql.class.php 第 65 行.

[ 2020-03-07T15:56:09+08:00 ] ::1 /thinkphp3/index.php/Admin/Login/validate.html
INFO: [ app_init ] --START--
INFO: Run Behavior\BuildLiteBehavior [ RunTime:0.000010s ]
INFO: [ app_init ] --END-- [ RunTime:0.000445s ]
INFO: [ app_begin ] --START--
INFO: Run Behavior\ReadHtmlCacheBehavior [ RunTime:0.001082s ]
INFO: [ app_begin ] --END-- [ RunTime:0.001126s ]
INFO: [ action_begin ] --START--
INFO: Run Admin\Behavior\TestBehavior [ RunTime:0.002339s ]
INFO: [ action_begin ] --END-- [ RunTime:0.002406s ]
SQL: SHOW COLUMNS FROM `user` [ RunTime:0.0091s ]
NOTIC: [8] Undefined index: Type E:\phpstudy\PHPTutorial\WWW\thinkphp3\ThinkPHP\Library\Think\Db\Driver\Mysql.class.php 第 65 行.
NOTIC: [8] Undefined index: Type E:\phpstudy\PHPTutorial\WWW\thinkphp3\ThinkPHP\Library\Think\Db\Driver\Mysql.class.php 第 65 行.
NOTIC: [8] Undefined index: Type E:\phpstudy\PHPTutorial\WWW\thinkphp3\ThinkPHP\Library\Think\Db\Driver\Mysql.class.php 第 65 行.
NOTIC: [8] Undefined index: Type E:\phpstudy\PHPTutorial\WWW\thinkphp3\ThinkPHP\Library\Think\Db\Driver\Mysql.class.php 第 65 行.
NOTIC: [8] Undefined index: Type E:\phpstudy\PHPTutorial\WWW\thinkphp3\ThinkPHP\Library\Think\Db\Driver\Mysql.class.php 第 65 行.
NOTIC: [8] Undefined index: Type E:\phpstudy\PHPTutorial\WWW\thinkphp3\ThinkPHP\Library\Think\Db\Driver\Mysql.class.php 第 65 行.
NOTIC: [8] Undefined index: Type E:\phpstudy\PHPTutorial\WWW\thinkphp3\ThinkPHP\Library\Think\Db\Driver\Mysql.class.php 第 65 行.
NOTIC: [8] Undefined index: validate E:\phpstudy\PHPTutorial\WWW\thinkphp3\ThinkPHP\Library\Think\Model.class.php 第 1185 行.
INFO: [ view_parse ] --START--
INFO: [ template_filter ] --START--
INFO: Run Behavior\ContentReplaceBehavior [ RunTime:0.000042s ]
INFO: [ template_filter ] --END-- [ RunTime:0.000100s ]
INFO: Run Behavior\ParseTemplateBehavior [ RunTime:0.007750s ]
INFO: [ view_parse ] --END-- [ RunTime:0.007811s ]
INFO: [ view_filter ] --START--
INFO: Run Behavior\WriteHtmlCacheBehavior [ RunTime:0.001078s ]
INFO: [ view_filter ] --END-- [ RunTime:0.001113s ]

[ 2020-03-07T15:56:09+08:00 ] ::1 /thinkphp3/index.php/Admin/Login/Index.html
INFO: [ app_init ] --START--
INFO: Run Behavior\BuildLiteBehavior [ RunTime:0.000009s ]
INFO: [ app_init ] --END-- [ RunTime:0.000351s ]
INFO: [ app_begin ] --START--
INFO: Run Behavior\ReadHtmlCacheBehavior [ RunTime:0.000425s ]
INFO: [ app_begin ] --END-- [ RunTime:0.000463s ]
INFO: [ action_begin ] --START--
INFO: Run Admin\Behavior\TestBehavior [ RunTime:0.000649s ]
INFO: [ action_begin ] --END-- [ RunTime:0.000697s ]
INFO: [ view_parse ] --START--
INFO: [ template_filter ] --START--
INFO: Run Behavior\ContentReplaceBehavior [ RunTime:0.000051s ]
INFO: [ template_filter ] --END-- [ RunTime:0.000087s ]
INFO: Run Behavior\ParseTemplateBehavior [ RunTime:0.007407s ]
INFO: [ view_parse ] --END-- [ RunTime:0.007455s ]
INFO: [ view_filter ] --START--
INFO: Run Behavior\WriteHtmlCacheBehavior [ RunTime:0.000936s ]
INFO: [ view_filter ] --END-- [ RunTime:0.001023s ]
INFO: [ app_end ] --START--
INFO: Run Behavior\ShowPageTraceBehavior [ RunTime:0.000722s ]
INFO: [ app_end ] --END-- [ RunTime:0.000759s ]

[ 2020-03-07T15:56:10+08:00 ] ::1 /thinkphp3/index.php/Admin/verify/index.html
INFO: [ app_init ] --START--
INFO: Run Behavior\BuildLiteBehavior [ RunTime:0.000010s ]
INFO: [ app_init ] --END-- [ RunTime:0.000466s ]
INFO: [ app_begin ] --START--
INFO: Run Behavior\ReadHtmlCacheBehavior [ RunTime:0.001328s ]
INFO: [ app_begin ] --END-- [ RunTime:0.001382s ]
INFO: [ app_end ] --START--
INFO: Run Behavior\ShowPageTraceBehavior [ RunTime:0.001094s ]
INFO: [ app_end ] --END-- [ RunTime:0.001146s ]

[ 2020-03-07T15:56:10+08:00 ] ::1 /thinkphp3/index.php/Admin/Login/validate.html
INFO: [ app_init ] --START--
INFO: Run Behavior\BuildLiteBehavior [ RunTime:0.000018s ]
INFO: [ app_init ] --END-- [ RunTime:0.000549s ]
INFO: [ app_begin ] --START--
INFO: Run Behavior\ReadHtmlCacheBehavior [ RunTime:0.000506s ]
INFO: [ app_begin ] --END-- [ RunTime:0.000572s ]
INFO: [ action_begin ] --START--
INFO: Run Admin\Behavior\TestBehavior [ RunTime:0.000639s ]
INFO: [ action_begin ] --END-- [ RunTime:0.000698s ]
SQL: SHOW COLUMNS FROM `user` [ RunTime:0.0125s ]
NOTIC: [8] Undefined index: Type E:\phpstudy\PHPTutorial\WWW\thinkphp3\ThinkPHP\Library\Think\Db\Driver\Mysql.class.php 第 65 行.
NOTIC: [8] Undefined index: Type E:\phpstudy\PHPTutorial\WWW\thinkphp3\ThinkPHP\Library\Think\Db\Driver\Mysql.class.php 第 65 行.
NOTIC: [8] Undefined index: Type E:\phpstudy\PHPTutorial\WWW\thinkphp3\ThinkPHP\Library\Think\Db\Driver\Mysql.class.php 第 65 行.
NOTIC: [8] Undefined index: Type E:\phpstudy\PHPTutorial\WWW\thinkphp3\ThinkPHP\Library\Think\Db\Driver\Mysql.class.php 第 65 行.
NOTIC: [8] Undefined index: Type E:\phpstudy\PHPTutorial\WWW\thinkphp3\ThinkPHP\Library\Think\Db\Driver\Mysql.class.php 第 65 行.
NOTIC: [8] Undefined index: Type E:\phpstudy\PHPTutorial\WWW\thinkphp3\ThinkPHP\Library\Think\Db\Driver\Mysql.class.php 第 65 行.
NOTIC: [8] Undefined index: Type E:\phpstudy\PHPTutorial\WWW\thinkphp3\ThinkPHP\Library\Think\Db\Driver\Mysql.class.php 第 65 行.
NOTIC: [8] Undefined index: validate E:\phpstudy\PHPTutorial\WWW\thinkphp3\ThinkPHP\Library\Think\Model.class.php 第 1185 行.
INFO: [ view_parse ] --START--
INFO: [ template_filter ] --START--
INFO: Run Behavior\ContentReplaceBehavior [ RunTime:0.000036s ]
INFO: [ template_filter ] --END-- [ RunTime:0.000077s ]
INFO: Run Behavior\ParseTemplateBehavior [ RunTime:0.004765s ]
INFO: [ view_parse ] --END-- [ RunTime:0.004829s ]
INFO: [ view_filter ] --START--
INFO: Run Behavior\WriteHtmlCacheBehavior [ RunTime:0.000842s ]
INFO: [ view_filter ] --END-- [ RunTime:0.000902s ]

[ 2020-03-07T15:56:10+08:00 ] ::1 /thinkphp3/index.php/Admin/Login/validate.html
INFO: [ app_init ] --START--
INFO: Run Behavior\BuildLiteBehavior [ RunTime:0.000010s ]
INFO: [ app_init ] --END-- [ RunTime:0.000453s ]
INFO: [ app_begin ] --START--
INFO: Run Behavior\ReadHtmlCacheBehavior [ RunTime:0.001045s ]
INFO: [ app_begin ] --END-- [ RunTime:0.001085s ]
INFO: [ action_begin ] --START--
INFO: Run Admin\Behavior\TestBehavior [ RunTime:0.002665s ]
INFO: [ action_begin ] --END-- [ RunTime:0.002737s ]
SQL: SHOW COLUMNS FROM `user` [ RunTime:0.0203s ]
NOTIC: [8] Undefined index: Type E:\phpstudy\PHPTutorial\WWW\thinkphp3\ThinkPHP\Library\Think\Db\Driver\Mysql.class.php 第 65 行.
NOTIC: [8] Undefined index: Type E:\phpstudy\PHPTutorial\WWW\thinkphp3\ThinkPHP\Library\Think\Db\Driver\Mysql.class.php 第 65 行.
NOTIC: [8] Undefined index: Type E:\phpstudy\PHPTutorial\WWW\thinkphp3\ThinkPHP\Library\Think\Db\Driver\Mysql.class.php 第 65 行.
NOTIC: [8] Undefined index: Type E:\phpstudy\PHPTutorial\WWW\thinkphp3\ThinkPHP\Library\Think\Db\Driver\Mysql.class.php 第 65 行.
NOTIC: [8] Undefined index: Type E:\phpstudy\PHPTutorial\WWW\thinkphp3\ThinkPHP\Library\Think\Db\Driver\Mysql.class.php 第 65 行.
NOTIC: [8] Undefined index: Type E:\phpstudy\PHPTutorial\WWW\thinkphp3\ThinkPHP\Library\Think\Db\Driver\Mysql.class.php 第 65 行.
NOTIC: [8] Undefined index: Type E:\phpstudy\PHPTutorial\WWW\thinkphp3\ThinkPHP\Library\Think\Db\Driver\Mysql.class.php 第 65 行.

[ 2020-03-07T15:56:13+08:00 ] ::1 /thinkphp3/index.php/Admin/Login/Index.html
INFO: [ app_init ] --START--
INFO: Run Behavior\BuildLiteBehavior [ RunTime:0.000102s ]
INFO: [ app_init ] --END-- [ RunTime:0.000724s ]
INFO: [ app_begin ] --START--
INFO: Run Behavior\ReadHtmlCacheBehavior [ RunTime:0.000423s ]
INFO: [ app_begin ] --END-- [ RunTime:0.000463s ]
INFO: [ action_begin ] --START--
INFO: Run Admin\Behavior\TestBehavior [ RunTime:0.000635s ]
INFO: [ action_begin ] --END-- [ RunTime:0.000703s ]
INFO: [ view_parse ] --START--
INFO: [ template_filter ] --START--
INFO: Run Behavior\ContentReplaceBehavior [ RunTime:0.000081s ]
INFO: [ template_filter ] --END-- [ RunTime:0.000148s ]
INFO: Run Behavior\ParseTemplateBehavior [ RunTime:0.006734s ]
INFO: [ view_parse ] --END-- [ RunTime:0.006776s ]
INFO: [ view_filter ] --START--
INFO: Run Behavior\WriteHtmlCacheBehavior [ RunTime:0.000320s ]
INFO: [ view_filter ] --END-- [ RunTime:0.000351s ]
INFO: [ app_end ] --START--
INFO: Run Behavior\ShowPageTraceBehavior [ RunTime:0.000420s ]
INFO: [ app_end ] --END-- [ RunTime:0.000449s ]

[ 2020-03-07T15:56:13+08:00 ] ::1 /thinkphp3/index.php/Admin/verify/index.html
INFO: [ app_init ] --START--
INFO: Run Behavior\BuildLiteBehavior [ RunTime:0.000013s ]
INFO: [ app_init ] --END-- [ RunTime:0.000659s ]
INFO: [ app_begin ] --START--
INFO: Run Behavior\ReadHtmlCacheBehavior [ RunTime:0.000457s ]
INFO: [ app_begin ] --END-- [ RunTime:0.000499s ]
INFO: [ app_end ] --START--
INFO: Run Behavior\ShowPageTraceBehavior [ RunTime:0.000593s ]
INFO: [ app_end ] --END-- [ RunTime:0.000641s ]

