[ 2020-01-06T23:31:27+08:00 ] ::1 /thinkphp3/Admin/
INFO: [ app_init ] --START--
INFO: Run Behavior\BuildLiteBehavior [ RunTime:0.000011s ]
INFO: [ app_init ] --END-- [ RunTime:0.001469s ]
INFO: [ app_begin ] --START--
INFO: Run Behavior\ReadHtmlCacheBehavior [ RunTime:0.001288s ]
INFO: [ app_begin ] --END-- [ RunTime:0.001349s ]
INFO: [ action_begin ] --START--
INFO: Run Admin\Behavior\TestBehavior [ RunTime:0.002214s ]
INFO: [ action_begin ] --END-- [ RunTime:0.002271s ]
INFO: [ view_parse ] --START--
INFO: [ template_filter ] --START--
INFO: Run Behavior\ContentReplaceBehavior [ RunTime:0.000645s ]
INFO: [ template_filter ] --END-- [ RunTime:0.000692s ]
INFO: Run Behavior\ParseTemplateBehavior [ RunTime:0.010235s ]
INFO: [ view_parse ] --END-- [ RunTime:0.010302s ]
INFO: [ view_filter ] --START--
INFO: Run Behavior\WriteHtmlCacheBehavior [ RunTime:0.001096s ]
INFO: [ view_filter ] --END-- [ RunTime:0.001134s ]
INFO: [ app_end ] --START--
INFO: Run Behavior\ShowPageTraceBehavior [ RunTime:0.001122s ]
INFO: [ app_end ] --END-- [ RunTime:0.001183s ]

[ 2020-01-06T23:31:27+08:00 ] ::1 /thinkphp3/index.php/Admin/Index/menu.html
INFO: [ app_init ] --START--
INFO: Run Behavior\BuildLiteBehavior [ RunTime:0.000014s ]
INFO: [ app_init ] --END-- [ RunTime:0.000768s ]
INFO: [ app_begin ] --START--
INFO: Run Behavior\ReadHtmlCacheBehavior [ RunTime:0.001057s ]
INFO: [ app_begin ] --END-- [ RunTime:0.001123s ]
INFO: [ action_begin ] --START--
INFO: Run Admin\Behavior\TestBehavior [ RunTime:0.002554s ]
INFO: [ action_begin ] --END-- [ RunTime:0.002672s ]
SQL: SHOW COLUMNS FROM `user` [ RunTime:0.0314s ]
SQL: SELECT a.id,a.username,a.role_id,b.menu_id FROM user a INNER JOIN role b on a.role_id=b.id  WHERE a.id = null LIMIT 1   [ RunTime:0.0027s ]
SQL: SHOW COLUMNS FROM `menu` [ RunTime:0.0116s ]
ERR: 1064:You have an error in your SQL syntax; check the manual that corresponds to your MySQL server version for the right syntax to use near ') ) GROUP BY b.name' at line 1
 [ SQL语句 ] : SELECT b.id,b.name FROM menu a right join nav b on a.nav_id=b.id  WHERE ( a.id in() ) GROUP BY b.name 
ERR: 1064:You have an error in your SQL syntax; check the manual that corresponds to your MySQL server version for the right syntax to use near ') ) GROUP BY b.name' at line 1
 [ SQL语句 ] : SELECT b.id,b.name FROM menu a right join nav b on a.nav_id=b.id  WHERE ( a.id in() ) GROUP BY b.name 

[ 2020-01-06T23:31:27+08:00 ] ::1 /thinkphp3/index.php/Admin/Index/top.html
INFO: [ app_init ] --START--
INFO: Run Behavior\BuildLiteBehavior [ RunTime:0.000011s ]
INFO: [ app_init ] --END-- [ RunTime:0.000566s ]
INFO: [ app_begin ] --START--
INFO: Run Behavior\ReadHtmlCacheBehavior [ RunTime:0.000675s ]
INFO: [ app_begin ] --END-- [ RunTime:0.000740s ]
INFO: [ action_begin ] --START--
INFO: Run Admin\Behavior\TestBehavior [ RunTime:0.001562s ]
INFO: [ action_begin ] --END-- [ RunTime:0.001635s ]
INFO: [ view_parse ] --START--
INFO: [ template_filter ] --START--
INFO: Run Behavior\ContentReplaceBehavior [ RunTime:0.000246s ]
INFO: [ template_filter ] --END-- [ RunTime:0.000316s ]
INFO: Run Behavior\ParseTemplateBehavior [ RunTime:0.010693s ]
INFO: [ view_parse ] --END-- [ RunTime:0.010747s ]
INFO: [ view_filter ] --START--
INFO: Run Behavior\WriteHtmlCacheBehavior [ RunTime:0.000459s ]
INFO: [ view_filter ] --END-- [ RunTime:0.000493s ]
INFO: [ app_end ] --START--
INFO: Run Behavior\ShowPageTraceBehavior [ RunTime:0.000589s ]
INFO: [ app_end ] --END-- [ RunTime:0.000626s ]

[ 2020-01-06T23:31:27+08:00 ] ::1 /thinkphp3/index.php/Admin/Index/main.html
INFO: [ app_init ] --START--
INFO: Run Behavior\BuildLiteBehavior [ RunTime:0.000011s ]
INFO: [ app_init ] --END-- [ RunTime:0.000675s ]
INFO: [ app_begin ] --START--
INFO: Run Behavior\ReadHtmlCacheBehavior [ RunTime:0.002989s ]
INFO: [ app_begin ] --END-- [ RunTime:0.003172s ]
INFO: [ action_begin ] --START--
INFO: Run Admin\Behavior\TestBehavior [ RunTime:0.001556s ]
INFO: [ action_begin ] --END-- [ RunTime:0.001618s ]
INFO: [ view_parse ] --START--
INFO: [ template_filter ] --START--
INFO: Run Behavior\ContentReplaceBehavior [ RunTime:0.000053s ]
INFO: [ template_filter ] --END-- [ RunTime:0.000099s ]
INFO: Run Behavior\ParseTemplateBehavior [ RunTime:0.007843s ]
INFO: [ view_parse ] --END-- [ RunTime:0.007899s ]
INFO: [ view_filter ] --START--
INFO: Run Behavior\WriteHtmlCacheBehavior [ RunTime:0.002793s ]
INFO: [ view_filter ] --END-- [ RunTime:0.002838s ]
INFO: [ app_end ] --START--
INFO: Run Behavior\ShowPageTraceBehavior [ RunTime:0.000878s ]
INFO: [ app_end ] --END-- [ RunTime:0.000915s ]

[ 2020-01-06T23:31:29+08:00 ] ::1 /thinkphp3/index.php/Admin/Login/index.html
INFO: [ app_init ] --START--
INFO: Run Behavior\BuildLiteBehavior [ RunTime:0.000009s ]
INFO: [ app_init ] --END-- [ RunTime:0.000443s ]
INFO: [ app_begin ] --START--
INFO: Run Behavior\ReadHtmlCacheBehavior [ RunTime:0.000512s ]
INFO: [ app_begin ] --END-- [ RunTime:0.000550s ]
INFO: [ action_begin ] --START--
INFO: Run Admin\Behavior\TestBehavior [ RunTime:0.000895s ]
INFO: [ action_begin ] --END-- [ RunTime:0.000939s ]
INFO: [ view_parse ] --START--
INFO: [ template_filter ] --START--
INFO: Run Behavior\ContentReplaceBehavior [ RunTime:0.000041s ]
INFO: [ template_filter ] --END-- [ RunTime:0.000078s ]
INFO: Run Behavior\ParseTemplateBehavior [ RunTime:0.005905s ]
INFO: [ view_parse ] --END-- [ RunTime:0.005948s ]
INFO: [ view_filter ] --START--
INFO: Run Behavior\WriteHtmlCacheBehavior [ RunTime:0.000388s ]
INFO: [ view_filter ] --END-- [ RunTime:0.000416s ]
INFO: [ app_end ] --START--
INFO: Run Behavior\ShowPageTraceBehavior [ RunTime:0.000515s ]
INFO: [ app_end ] --END-- [ RunTime:0.000543s ]

[ 2020-01-06T23:31:29+08:00 ] ::1 /thinkphp3/index.php/Admin/verify/index.html
INFO: [ app_init ] --START--
INFO: Run Behavior\BuildLiteBehavior [ RunTime:0.000010s ]
INFO: [ app_init ] --END-- [ RunTime:0.000592s ]
INFO: [ app_begin ] --START--
INFO: Run Behavior\ReadHtmlCacheBehavior [ RunTime:0.000557s ]
INFO: [ app_begin ] --END-- [ RunTime:0.000599s ]
INFO: [ app_end ] --START--
INFO: Run Behavior\ShowPageTraceBehavior [ RunTime:0.001176s ]
INFO: [ app_end ] --END-- [ RunTime:0.001232s ]

[ 2020-01-06T23:31:32+08:00 ] ::1 /thinkphp3/index.php/Admin/Login/validate.html
INFO: [ app_init ] --START--
INFO: Run Behavior\BuildLiteBehavior [ RunTime:0.000010s ]
INFO: [ app_init ] --END-- [ RunTime:0.000451s ]
INFO: [ app_begin ] --START--
INFO: Run Behavior\ReadHtmlCacheBehavior [ RunTime:0.000506s ]
INFO: [ app_begin ] --END-- [ RunTime:0.000545s ]
INFO: [ action_begin ] --START--
INFO: Run Admin\Behavior\TestBehavior [ RunTime:0.000815s ]
INFO: [ action_begin ] --END-- [ RunTime:0.000856s ]
SQL: SHOW COLUMNS FROM `user` [ RunTime:0.0131s ]
NOTIC: [8] Undefined index: validate E:\phpstudy\PHPTutorial\WWW\thinkphp3\ThinkPHP\Library\Think\Model.class.php 第 1185 行.
NOTIC: [8] Undefined index: auto E:\phpstudy\PHPTutorial\WWW\thinkphp3\ThinkPHP\Library\Think\Model.class.php 第 1128 行.
SQL: SELECT `id`,`password` FROM `user` WHERE `username` = 'ren' LIMIT 1   [ RunTime:0.0003s ]
INFO: [ view_parse ] --START--
INFO: [ template_filter ] --START--
INFO: Run Behavior\ContentReplaceBehavior [ RunTime:0.000037s ]
INFO: [ template_filter ] --END-- [ RunTime:0.000086s ]
INFO: Run Behavior\ParseTemplateBehavior [ RunTime:0.009320s ]
INFO: [ view_parse ] --END-- [ RunTime:0.009376s ]
INFO: [ view_filter ] --START--
INFO: Run Behavior\WriteHtmlCacheBehavior [ RunTime:0.000741s ]
INFO: [ view_filter ] --END-- [ RunTime:0.000775s ]
INFO: [ app_end ] --START--
INFO: Run Behavior\ShowPageTraceBehavior [ RunTime:0.000866s ]
INFO: [ app_end ] --END-- [ RunTime:0.000897s ]

[ 2020-01-06T23:31:33+08:00 ] ::1 /thinkphp3/index.php/Admin/Index/index.html
INFO: [ app_init ] --START--
INFO: Run Behavior\BuildLiteBehavior [ RunTime:0.000009s ]
INFO: [ app_init ] --END-- [ RunTime:0.000442s ]
INFO: [ app_begin ] --START--
INFO: Run Behavior\ReadHtmlCacheBehavior [ RunTime:0.000872s ]
INFO: [ app_begin ] --END-- [ RunTime:0.000941s ]
INFO: [ action_begin ] --START--
INFO: Run Admin\Behavior\TestBehavior [ RunTime:0.000788s ]
INFO: [ action_begin ] --END-- [ RunTime:0.000830s ]
INFO: [ view_parse ] --START--
INFO: [ template_filter ] --START--
INFO: Run Behavior\ContentReplaceBehavior [ RunTime:0.000032s ]
INFO: [ template_filter ] --END-- [ RunTime:0.000067s ]
INFO: Run Behavior\ParseTemplateBehavior [ RunTime:0.007143s ]
INFO: [ view_parse ] --END-- [ RunTime:0.007185s ]
INFO: [ view_filter ] --START--
INFO: Run Behavior\WriteHtmlCacheBehavior [ RunTime:0.000702s ]
INFO: [ view_filter ] --END-- [ RunTime:0.000734s ]
INFO: [ app_end ] --START--
INFO: Run Behavior\ShowPageTraceBehavior [ RunTime:0.000845s ]
INFO: [ app_end ] --END-- [ RunTime:0.000877s ]

[ 2020-01-06T23:31:33+08:00 ] ::1 /thinkphp3/index.php/Admin/Index/main.html
INFO: [ app_init ] --START--
INFO: Run Behavior\BuildLiteBehavior [ RunTime:0.000009s ]
INFO: [ app_init ] --END-- [ RunTime:0.000482s ]
INFO: [ app_begin ] --START--
INFO: Run Behavior\ReadHtmlCacheBehavior [ RunTime:0.000517s ]
INFO: [ app_begin ] --END-- [ RunTime:0.000576s ]
INFO: [ action_begin ] --START--
INFO: Run Admin\Behavior\TestBehavior [ RunTime:0.000934s ]
INFO: [ action_begin ] --END-- [ RunTime:0.001093s ]
INFO: [ view_parse ] --START--
INFO: [ template_filter ] --START--
INFO: Run Behavior\ContentReplaceBehavior [ RunTime:0.000106s ]
INFO: [ template_filter ] --END-- [ RunTime:0.000151s ]
INFO: Run Behavior\ParseTemplateBehavior [ RunTime:0.006531s ]
INFO: [ view_parse ] --END-- [ RunTime:0.006565s ]
INFO: [ view_filter ] --START--
INFO: Run Behavior\WriteHtmlCacheBehavior [ RunTime:0.000363s ]
INFO: [ view_filter ] --END-- [ RunTime:0.000392s ]
INFO: [ app_end ] --START--
INFO: Run Behavior\ShowPageTraceBehavior [ RunTime:0.000626s ]
INFO: [ app_end ] --END-- [ RunTime:0.000659s ]

[ 2020-01-06T23:31:33+08:00 ] ::1 /thinkphp3/index.php/Admin/Index/top.html
INFO: [ app_init ] --START--
INFO: Run Behavior\BuildLiteBehavior [ RunTime:0.000012s ]
INFO: [ app_init ] --END-- [ RunTime:0.000842s ]
INFO: [ app_begin ] --START--
INFO: Run Behavior\ReadHtmlCacheBehavior [ RunTime:0.000730s ]
INFO: [ app_begin ] --END-- [ RunTime:0.000772s ]
INFO: [ action_begin ] --START--
INFO: Run Admin\Behavior\TestBehavior [ RunTime:0.001119s ]
INFO: [ action_begin ] --END-- [ RunTime:0.001185s ]
INFO: [ view_parse ] --START--
INFO: [ template_filter ] --START--
INFO: Run Behavior\ContentReplaceBehavior [ RunTime:0.000057s ]
INFO: [ template_filter ] --END-- [ RunTime:0.000108s ]
INFO: Run Behavior\ParseTemplateBehavior [ RunTime:0.009671s ]
INFO: [ view_parse ] --END-- [ RunTime:0.009721s ]
INFO: [ view_filter ] --START--
INFO: Run Behavior\WriteHtmlCacheBehavior [ RunTime:0.000916s ]
INFO: [ view_filter ] --END-- [ RunTime:0.000973s ]
INFO: [ app_end ] --START--
INFO: Run Behavior\ShowPageTraceBehavior [ RunTime:0.001433s ]
INFO: [ app_end ] --END-- [ RunTime:0.001546s ]

[ 2020-01-06T23:31:33+08:00 ] ::1 /thinkphp3/index.php/Admin/Index/menu.html
INFO: [ app_init ] --START--
INFO: Run Behavior\BuildLiteBehavior [ RunTime:0.000010s ]
INFO: [ app_init ] --END-- [ RunTime:0.000868s ]
INFO: [ app_begin ] --START--
INFO: Run Behavior\ReadHtmlCacheBehavior [ RunTime:0.000565s ]
INFO: [ app_begin ] --END-- [ RunTime:0.000609s ]
INFO: [ action_begin ] --START--
INFO: Run Admin\Behavior\TestBehavior [ RunTime:0.001828s ]
INFO: [ action_begin ] --END-- [ RunTime:0.002010s ]
SQL: SHOW COLUMNS FROM `user` [ RunTime:0.0094s ]
SQL: SELECT a.id,a.username,a.role_id,b.menu_id FROM user a INNER JOIN role b on a.role_id=b.id  WHERE a.id = '11' LIMIT 1   [ RunTime:0.0002s ]
SQL: SHOW COLUMNS FROM `menu` [ RunTime:0.0089s ]
SQL: SELECT b.id,b.name FROM menu a right join nav b on a.nav_id=b.id  WHERE ( a.id in(1,2,3,4,5,6,7,8,9,10,11,12,13,14,15,16) ) GROUP BY b.name  [ RunTime:0.0030s ]
SQL: SHOW COLUMNS FROM `menu` [ RunTime:0.0107s ]
SQL: SELECT `id`,`name`,`nav_id`,`path` FROM `menu` WHERE ( id in(1,2,3,4,5,6,7,8,9,10,11,12,13,14,15,16) )  [ RunTime:0.0003s ]
INFO: [ view_parse ] --START--
INFO: [ template_filter ] --START--
INFO: Run Behavior\ContentReplaceBehavior [ RunTime:0.000102s ]
INFO: [ template_filter ] --END-- [ RunTime:0.000154s ]
INFO: Run Behavior\ParseTemplateBehavior [ RunTime:0.011134s ]
INFO: [ view_parse ] --END-- [ RunTime:0.011179s ]
INFO: [ view_filter ] --START--
INFO: Run Behavior\WriteHtmlCacheBehavior [ RunTime:0.000453s ]
INFO: [ view_filter ] --END-- [ RunTime:0.000484s ]
INFO: [ app_end ] --START--
INFO: Run Behavior\ShowPageTraceBehavior [ RunTime:0.000638s ]
INFO: [ app_end ] --END-- [ RunTime:0.000679s ]

[ 2020-01-06T23:31:34+08:00 ] ::1 /thinkphp3/index.php/Admin/Login/index.html
INFO: [ app_init ] --START--
INFO: Run Behavior\BuildLiteBehavior [ RunTime:0.000009s ]
INFO: [ app_init ] --END-- [ RunTime:0.000463s ]
INFO: [ app_begin ] --START--
INFO: Run Behavior\ReadHtmlCacheBehavior [ RunTime:0.000562s ]
INFO: [ app_begin ] --END-- [ RunTime:0.000601s ]
INFO: [ action_begin ] --START--
INFO: Run Admin\Behavior\TestBehavior [ RunTime:0.000823s ]
INFO: [ action_begin ] --END-- [ RunTime:0.000869s ]

[ 2020-01-06T23:31:34+08:00 ] ::1 /thinkphp3/index.php/Admin/Index/index.html
INFO: [ app_init ] --START--
INFO: Run Behavior\BuildLiteBehavior [ RunTime:0.000010s ]
INFO: [ app_init ] --END-- [ RunTime:0.000550s ]
INFO: [ app_begin ] --START--
INFO: Run Behavior\ReadHtmlCacheBehavior [ RunTime:0.000553s ]
INFO: [ app_begin ] --END-- [ RunTime:0.000591s ]
INFO: [ action_begin ] --START--
INFO: Run Admin\Behavior\TestBehavior [ RunTime:0.000815s ]
INFO: [ action_begin ] --END-- [ RunTime:0.000861s ]
INFO: [ view_parse ] --START--
INFO: [ template_filter ] --START--
INFO: Run Behavior\ContentReplaceBehavior [ RunTime:0.000040s ]
INFO: [ template_filter ] --END-- [ RunTime:0.000074s ]
INFO: Run Behavior\ParseTemplateBehavior [ RunTime:0.004763s ]
INFO: [ view_parse ] --END-- [ RunTime:0.004798s ]
INFO: [ view_filter ] --START--
INFO: Run Behavior\WriteHtmlCacheBehavior [ RunTime:0.000691s ]
INFO: [ view_filter ] --END-- [ RunTime:0.000779s ]
INFO: [ app_end ] --START--
INFO: Run Behavior\ShowPageTraceBehavior [ RunTime:0.001058s ]
INFO: [ app_end ] --END-- [ RunTime:0.001112s ]

[ 2020-01-06T23:31:34+08:00 ] ::1 /thinkphp3/index.php/Admin/Index/menu.html
INFO: [ app_init ] --START--
INFO: Run Behavior\BuildLiteBehavior [ RunTime:0.000011s ]
INFO: [ app_init ] --END-- [ RunTime:0.000834s ]
INFO: [ app_begin ] --START--
INFO: Run Behavior\ReadHtmlCacheBehavior [ RunTime:0.000911s ]
INFO: [ app_begin ] --END-- [ RunTime:0.000981s ]
INFO: [ action_begin ] --START--
INFO: Run Admin\Behavior\TestBehavior [ RunTime:0.000949s ]
INFO: [ action_begin ] --END-- [ RunTime:0.001018s ]
SQL: SHOW COLUMNS FROM `user` [ RunTime:0.0107s ]
SQL: SELECT a.id,a.username,a.role_id,b.menu_id FROM user a INNER JOIN role b on a.role_id=b.id  WHERE a.id = '11' LIMIT 1   [ RunTime:0.0004s ]
SQL: SHOW COLUMNS FROM `menu` [ RunTime:0.0103s ]
SQL: SELECT b.id,b.name FROM menu a right join nav b on a.nav_id=b.id  WHERE ( a.id in(1,2,3,4,5,6,7,8,9,10,11,12,13,14,15,16) ) GROUP BY b.name  [ RunTime:0.0007s ]
SQL: SHOW COLUMNS FROM `menu` [ RunTime:0.0174s ]
SQL: SELECT `id`,`name`,`nav_id`,`path` FROM `menu` WHERE ( id in(1,2,3,4,5,6,7,8,9,10,11,12,13,14,15,16) )  [ RunTime:0.0003s ]
INFO: [ view_parse ] --START--
INFO: [ template_filter ] --START--
INFO: Run Behavior\ContentReplaceBehavior [ RunTime:0.000089s ]
INFO: [ template_filter ] --END-- [ RunTime:0.000129s ]
INFO: Run Behavior\ParseTemplateBehavior [ RunTime:0.010523s ]
INFO: [ view_parse ] --END-- [ RunTime:0.010598s ]
INFO: [ view_filter ] --START--
INFO: Run Behavior\WriteHtmlCacheBehavior [ RunTime:0.001779s ]
INFO: [ view_filter ] --END-- [ RunTime:0.001840s ]
INFO: [ app_end ] --START--
INFO: Run Behavior\ShowPageTraceBehavior [ RunTime:0.001365s ]
INFO: [ app_end ] --END-- [ RunTime:0.001423s ]

[ 2020-01-06T23:31:34+08:00 ] ::1 /thinkphp3/index.php/Admin/Index/main.html
INFO: [ app_init ] --START--
INFO: Run Behavior\BuildLiteBehavior [ RunTime:0.000012s ]
INFO: [ app_init ] --END-- [ RunTime:0.000574s ]
INFO: [ app_begin ] --START--
INFO: Run Behavior\ReadHtmlCacheBehavior [ RunTime:0.001331s ]
INFO: [ app_begin ] --END-- [ RunTime:0.001417s ]
INFO: [ action_begin ] --START--
INFO: Run Admin\Behavior\TestBehavior [ RunTime:0.001599s ]
INFO: [ action_begin ] --END-- [ RunTime:0.001670s ]
INFO: [ view_parse ] --START--
INFO: [ template_filter ] --START--
INFO: Run Behavior\ContentReplaceBehavior [ RunTime:0.000061s ]
INFO: [ template_filter ] --END-- [ RunTime:0.000115s ]
INFO: Run Behavior\ParseTemplateBehavior [ RunTime:0.006463s ]
INFO: [ view_parse ] --END-- [ RunTime:0.006506s ]
INFO: [ view_filter ] --START--
INFO: Run Behavior\WriteHtmlCacheBehavior [ RunTime:0.000389s ]
INFO: [ view_filter ] --END-- [ RunTime:0.000419s ]
INFO: [ app_end ] --START--
INFO: Run Behavior\ShowPageTraceBehavior [ RunTime:0.000516s ]
INFO: [ app_end ] --END-- [ RunTime:0.000548s ]

[ 2020-01-06T23:31:34+08:00 ] ::1 /thinkphp3/index.php/Admin/Index/top.html
INFO: [ app_init ] --START--
INFO: Run Behavior\BuildLiteBehavior [ RunTime:0.000010s ]
INFO: [ app_init ] --END-- [ RunTime:0.000485s ]
INFO: [ app_begin ] --START--
INFO: Run Behavior\ReadHtmlCacheBehavior [ RunTime:0.000895s ]
INFO: [ app_begin ] --END-- [ RunTime:0.000994s ]
INFO: [ action_begin ] --START--
INFO: Run Admin\Behavior\TestBehavior [ RunTime:0.001226s ]
INFO: [ action_begin ] --END-- [ RunTime:0.001295s ]
INFO: [ view_parse ] --START--
INFO: [ template_filter ] --START--
INFO: Run Behavior\ContentReplaceBehavior [ RunTime:0.000054s ]
INFO: [ template_filter ] --END-- [ RunTime:0.000105s ]
INFO: Run Behavior\ParseTemplateBehavior [ RunTime:0.006714s ]
INFO: [ view_parse ] --END-- [ RunTime:0.006759s ]
INFO: [ view_filter ] --START--
INFO: Run Behavior\WriteHtmlCacheBehavior [ RunTime:0.000419s ]
INFO: [ view_filter ] --END-- [ RunTime:0.000450s ]
INFO: [ app_end ] --START--
INFO: Run Behavior\ShowPageTraceBehavior [ RunTime:0.000758s ]
INFO: [ app_end ] --END-- [ RunTime:0.000798s ]

[ 2020-01-06T23:31:36+08:00 ] ::1 /thinkphp3/index.php/Admin/Login/index.html
INFO: [ app_init ] --START--
INFO: Run Behavior\BuildLiteBehavior [ RunTime:0.000010s ]
INFO: [ app_init ] --END-- [ RunTime:0.000455s ]
INFO: [ app_begin ] --START--
INFO: Run Behavior\ReadHtmlCacheBehavior [ RunTime:0.000534s ]
INFO: [ app_begin ] --END-- [ RunTime:0.000575s ]
INFO: [ action_begin ] --START--
INFO: Run Admin\Behavior\TestBehavior [ RunTime:0.000859s ]
INFO: [ action_begin ] --END-- [ RunTime:0.000906s ]

[ 2020-01-06T23:31:36+08:00 ] ::1 /thinkphp3/index.php/Admin/Index/index.html
INFO: [ app_init ] --START--
INFO: Run Behavior\BuildLiteBehavior [ RunTime:0.000008s ]
INFO: [ app_init ] --END-- [ RunTime:0.000473s ]
INFO: [ app_begin ] --START--
INFO: Run Behavior\ReadHtmlCacheBehavior [ RunTime:0.000568s ]
INFO: [ app_begin ] --END-- [ RunTime:0.000635s ]
INFO: [ action_begin ] --START--
INFO: Run Admin\Behavior\TestBehavior [ RunTime:0.000842s ]
INFO: [ action_begin ] --END-- [ RunTime:0.000889s ]
INFO: [ view_parse ] --START--
INFO: [ template_filter ] --START--
INFO: Run Behavior\ContentReplaceBehavior [ RunTime:0.000031s ]
INFO: [ template_filter ] --END-- [ RunTime:0.000064s ]
INFO: Run Behavior\ParseTemplateBehavior [ RunTime:0.004864s ]
INFO: [ view_parse ] --END-- [ RunTime:0.004917s ]
INFO: [ view_filter ] --START--
INFO: Run Behavior\WriteHtmlCacheBehavior [ RunTime:0.000378s ]
INFO: [ view_filter ] --END-- [ RunTime:0.000406s ]
INFO: [ app_end ] --START--
INFO: Run Behavior\ShowPageTraceBehavior [ RunTime:0.000480s ]
INFO: [ app_end ] --END-- [ RunTime:0.000507s ]

[ 2020-01-06T23:31:36+08:00 ] ::1 /thinkphp3/index.php/Admin/Index/main.html
INFO: [ app_init ] --START--
INFO: Run Behavior\BuildLiteBehavior [ RunTime:0.000015s ]
INFO: [ app_init ] --END-- [ RunTime:0.000724s ]
INFO: [ app_begin ] --START--
INFO: Run Behavior\ReadHtmlCacheBehavior [ RunTime:0.000566s ]
INFO: [ app_begin ] --END-- [ RunTime:0.000620s ]
INFO: [ action_begin ] --START--
INFO: Run Admin\Behavior\TestBehavior [ RunTime:0.000833s ]
INFO: [ action_begin ] --END-- [ RunTime:0.000873s ]
INFO: [ view_parse ] --START--
INFO: [ template_filter ] --START--
INFO: Run Behavior\ContentReplaceBehavior [ RunTime:0.000084s ]
INFO: [ template_filter ] --END-- [ RunTime:0.000155s ]
INFO: Run Behavior\ParseTemplateBehavior [ RunTime:0.008121s ]
INFO: [ view_parse ] --END-- [ RunTime:0.008157s ]
INFO: [ view_filter ] --START--
INFO: Run Behavior\WriteHtmlCacheBehavior [ RunTime:0.000695s ]
INFO: [ view_filter ] --END-- [ RunTime:0.000725s ]
INFO: [ app_end ] --START--
INFO: Run Behavior\ShowPageTraceBehavior [ RunTime:0.000862s ]
INFO: [ app_end ] --END-- [ RunTime:0.000894s ]

[ 2020-01-06T23:31:36+08:00 ] ::1 /thinkphp3/index.php/Admin/Index/menu.html
INFO: [ app_init ] --START--
INFO: Run Behavior\BuildLiteBehavior [ RunTime:0.000012s ]
INFO: [ app_init ] --END-- [ RunTime:0.001254s ]
INFO: [ app_begin ] --START--
INFO: Run Behavior\ReadHtmlCacheBehavior [ RunTime:0.000613s ]
INFO: [ app_begin ] --END-- [ RunTime:0.000658s ]
INFO: [ action_begin ] --START--
INFO: Run Admin\Behavior\TestBehavior [ RunTime:0.000811s ]
INFO: [ action_begin ] --END-- [ RunTime:0.000858s ]
SQL: SHOW COLUMNS FROM `user` [ RunTime:0.0203s ]
SQL: SELECT a.id,a.username,a.role_id,b.menu_id FROM user a INNER JOIN role b on a.role_id=b.id  WHERE a.id = '11' LIMIT 1   [ RunTime:0.0004s ]
SQL: SHOW COLUMNS FROM `menu` [ RunTime:0.0112s ]
SQL: SELECT b.id,b.name FROM menu a right join nav b on a.nav_id=b.id  WHERE ( a.id in(1,2,3,4,5,6,7,8,9,10,11,12,13,14,15,16) ) GROUP BY b.name  [ RunTime:0.0006s ]
SQL: SHOW COLUMNS FROM `menu` [ RunTime:0.0125s ]
SQL: SELECT `id`,`name`,`nav_id`,`path` FROM `menu` WHERE ( id in(1,2,3,4,5,6,7,8,9,10,11,12,13,14,15,16) )  [ RunTime:0.0003s ]
INFO: [ view_parse ] --START--
INFO: [ template_filter ] --START--
INFO: Run Behavior\ContentReplaceBehavior [ RunTime:0.000096s ]
INFO: [ template_filter ] --END-- [ RunTime:0.000143s ]
INFO: Run Behavior\ParseTemplateBehavior [ RunTime:0.008310s ]
INFO: [ view_parse ] --END-- [ RunTime:0.008353s ]
INFO: [ view_filter ] --START--
INFO: Run Behavior\WriteHtmlCacheBehavior [ RunTime:0.000428s ]
INFO: [ view_filter ] --END-- [ RunTime:0.000458s ]
INFO: [ app_end ] --START--
INFO: Run Behavior\ShowPageTraceBehavior [ RunTime:0.000687s ]
INFO: [ app_end ] --END-- [ RunTime:0.000735s ]

[ 2020-01-06T23:31:36+08:00 ] ::1 /thinkphp3/index.php/Admin/Index/top.html
INFO: [ app_init ] --START--
INFO: Run Behavior\BuildLiteBehavior [ RunTime:0.000026s ]
INFO: [ app_init ] --END-- [ RunTime:0.000595s ]
INFO: [ app_begin ] --START--
INFO: Run Behavior\ReadHtmlCacheBehavior [ RunTime:0.000992s ]
INFO: [ app_begin ] --END-- [ RunTime:0.001037s ]
INFO: [ action_begin ] --START--
INFO: Run Admin\Behavior\TestBehavior [ RunTime:0.000909s ]
INFO: [ action_begin ] --END-- [ RunTime:0.000963s ]
INFO: [ view_parse ] --START--
INFO: [ template_filter ] --START--
INFO: Run Behavior\ContentReplaceBehavior [ RunTime:0.000057s ]
INFO: [ template_filter ] --END-- [ RunTime:0.000110s ]
INFO: Run Behavior\ParseTemplateBehavior [ RunTime:0.008914s ]
INFO: [ view_parse ] --END-- [ RunTime:0.008963s ]
INFO: [ view_filter ] --START--
INFO: Run Behavior\WriteHtmlCacheBehavior [ RunTime:0.000456s ]
INFO: [ view_filter ] --END-- [ RunTime:0.000491s ]
INFO: [ app_end ] --START--
INFO: Run Behavior\ShowPageTraceBehavior [ RunTime:0.000723s ]
INFO: [ app_end ] --END-- [ RunTime:0.000763s ]

[ 2020-01-06T23:31:38+08:00 ] ::1 /thinkphp3/index.php/Admin/Login/index.html
INFO: [ app_init ] --START--
INFO: Run Behavior\BuildLiteBehavior [ RunTime:0.000009s ]
INFO: [ app_init ] --END-- [ RunTime:0.000435s ]
INFO: [ app_begin ] --START--
INFO: Run Behavior\ReadHtmlCacheBehavior [ RunTime:0.000496s ]
INFO: [ app_begin ] --END-- [ RunTime:0.000534s ]
INFO: [ action_begin ] --START--
INFO: Run Admin\Behavior\TestBehavior [ RunTime:0.000846s ]
INFO: [ action_begin ] --END-- [ RunTime:0.000894s ]

[ 2020-01-06T23:31:38+08:00 ] ::1 /thinkphp3/index.php/Admin/Index/index.html
INFO: [ app_init ] --START--
INFO: Run Behavior\BuildLiteBehavior [ RunTime:0.000009s ]
INFO: [ app_init ] --END-- [ RunTime:0.000446s ]
INFO: [ app_begin ] --START--
INFO: Run Behavior\ReadHtmlCacheBehavior [ RunTime:0.000505s ]
INFO: [ app_begin ] --END-- [ RunTime:0.000544s ]
INFO: [ action_begin ] --START--
INFO: Run Admin\Behavior\TestBehavior [ RunTime:0.001690s ]
INFO: [ action_begin ] --END-- [ RunTime:0.001796s ]
INFO: [ view_parse ] --START--
INFO: [ template_filter ] --START--
INFO: Run Behavior\ContentReplaceBehavior [ RunTime:0.000031s ]
INFO: [ template_filter ] --END-- [ RunTime:0.000064s ]
INFO: Run Behavior\ParseTemplateBehavior [ RunTime:0.004739s ]
INFO: [ view_parse ] --END-- [ RunTime:0.004776s ]
INFO: [ view_filter ] --START--
INFO: Run Behavior\WriteHtmlCacheBehavior [ RunTime:0.000367s ]
INFO: [ view_filter ] --END-- [ RunTime:0.000398s ]
INFO: [ app_end ] --START--
INFO: Run Behavior\ShowPageTraceBehavior [ RunTime:0.000514s ]
INFO: [ app_end ] --END-- [ RunTime:0.000543s ]

[ 2020-01-06T23:31:38+08:00 ] ::1 /thinkphp3/index.php/Admin/Index/top.html
INFO: [ app_init ] --START--
INFO: Run Behavior\BuildLiteBehavior [ RunTime:0.000241s ]
INFO: [ app_init ] --END-- [ RunTime:0.001950s ]
INFO: [ app_begin ] --START--
INFO: Run Behavior\ReadHtmlCacheBehavior [ RunTime:0.000644s ]
INFO: [ app_begin ] --END-- [ RunTime:0.000694s ]
INFO: [ action_begin ] --START--
INFO: Run Admin\Behavior\TestBehavior [ RunTime:0.000919s ]
INFO: [ action_begin ] --END-- [ RunTime:0.000969s ]
INFO: [ view_parse ] --START--
INFO: [ template_filter ] --START--
INFO: Run Behavior\ContentReplaceBehavior [ RunTime:0.000044s ]
INFO: [ template_filter ] --END-- [ RunTime:0.000076s ]
INFO: Run Behavior\ParseTemplateBehavior [ RunTime:0.005503s ]
INFO: [ view_parse ] --END-- [ RunTime:0.005657s ]
INFO: [ view_filter ] --START--
INFO: Run Behavior\WriteHtmlCacheBehavior [ RunTime:0.000961s ]
INFO: [ view_filter ] --END-- [ RunTime:0.001014s ]
INFO: [ app_end ] --START--
INFO: Run Behavior\ShowPageTraceBehavior [ RunTime:0.000647s ]
INFO: [ app_end ] --END-- [ RunTime:0.000678s ]

[ 2020-01-06T23:31:38+08:00 ] ::1 /thinkphp3/index.php/Admin/Index/main.html
INFO: [ app_init ] --START--
INFO: Run Behavior\BuildLiteBehavior [ RunTime:0.000010s ]
INFO: [ app_init ] --END-- [ RunTime:0.000517s ]
INFO: [ app_begin ] --START--
INFO: Run Behavior\ReadHtmlCacheBehavior [ RunTime:0.000576s ]
INFO: [ app_begin ] --END-- [ RunTime:0.000621s ]
INFO: [ action_begin ] --START--
INFO: Run Admin\Behavior\TestBehavior [ RunTime:0.002290s ]
INFO: [ action_begin ] --END-- [ RunTime:0.002348s ]
INFO: [ view_parse ] --START--
INFO: [ template_filter ] --START--
INFO: Run Behavior\ContentReplaceBehavior [ RunTime:0.000048s ]
INFO: [ template_filter ] --END-- [ RunTime:0.000088s ]
INFO: Run Behavior\ParseTemplateBehavior [ RunTime:0.009468s ]
INFO: [ view_parse ] --END-- [ RunTime:0.009551s ]
INFO: [ view_filter ] --START--
INFO: Run Behavior\WriteHtmlCacheBehavior [ RunTime:0.000735s ]
INFO: [ view_filter ] --END-- [ RunTime:0.000765s ]
INFO: [ app_end ] --START--
INFO: Run Behavior\ShowPageTraceBehavior [ RunTime:0.001009s ]
INFO: [ app_end ] --END-- [ RunTime:0.001041s ]

[ 2020-01-06T23:31:38+08:00 ] ::1 /thinkphp3/index.php/Admin/Index/menu.html
INFO: [ app_init ] --START--
INFO: Run Behavior\BuildLiteBehavior [ RunTime:0.000015s ]
INFO: [ app_init ] --END-- [ RunTime:0.000996s ]
INFO: [ app_begin ] --START--
INFO: Run Behavior\ReadHtmlCacheBehavior [ RunTime:0.000630s ]
INFO: [ app_begin ] --END-- [ RunTime:0.000701s ]
INFO: [ action_begin ] --START--
INFO: Run Admin\Behavior\TestBehavior [ RunTime:0.001547s ]
INFO: [ action_begin ] --END-- [ RunTime:0.001610s ]
SQL: SHOW COLUMNS FROM `user` [ RunTime:0.0292s ]
SQL: SELECT a.id,a.username,a.role_id,b.menu_id FROM user a INNER JOIN role b on a.role_id=b.id  WHERE a.id = '11' LIMIT 1   [ RunTime:0.0003s ]
SQL: SHOW COLUMNS FROM `menu` [ RunTime:0.0136s ]
SQL: SELECT b.id,b.name FROM menu a right join nav b on a.nav_id=b.id  WHERE ( a.id in(1,2,3,4,5,6,7,8,9,10,11,12,13,14,15,16) ) GROUP BY b.name  [ RunTime:0.0005s ]
SQL: SHOW COLUMNS FROM `menu` [ RunTime:0.0169s ]
SQL: SELECT `id`,`name`,`nav_id`,`path` FROM `menu` WHERE ( id in(1,2,3,4,5,6,7,8,9,10,11,12,13,14,15,16) )  [ RunTime:0.0003s ]
INFO: [ view_parse ] --START--
INFO: [ template_filter ] --START--
INFO: Run Behavior\ContentReplaceBehavior [ RunTime:0.000181s ]
INFO: [ template_filter ] --END-- [ RunTime:0.000313s ]
INFO: Run Behavior\ParseTemplateBehavior [ RunTime:0.008531s ]
INFO: [ view_parse ] --END-- [ RunTime:0.008574s ]
INFO: [ view_filter ] --START--
INFO: Run Behavior\WriteHtmlCacheBehavior [ RunTime:0.000503s ]
INFO: [ view_filter ] --END-- [ RunTime:0.000532s ]
INFO: [ app_end ] --START--
INFO: Run Behavior\ShowPageTraceBehavior [ RunTime:0.001184s ]
INFO: [ app_end ] --END-- [ RunTime:0.001234s ]

[ 2020-01-06T23:31:39+08:00 ] ::1 /thinkphp3/index.php/Admin/Login/index.html
INFO: [ app_init ] --START--
INFO: Run Behavior\BuildLiteBehavior [ RunTime:0.000009s ]
INFO: [ app_init ] --END-- [ RunTime:0.000433s ]
INFO: [ app_begin ] --START--
INFO: Run Behavior\ReadHtmlCacheBehavior [ RunTime:0.000533s ]
INFO: [ app_begin ] --END-- [ RunTime:0.000571s ]
INFO: [ action_begin ] --START--
INFO: Run Admin\Behavior\TestBehavior [ RunTime:0.000806s ]
INFO: [ action_begin ] --END-- [ RunTime:0.000854s ]

[ 2020-01-06T23:31:39+08:00 ] ::1 /thinkphp3/index.php/Admin/Index/index.html
INFO: [ app_init ] --START--
INFO: Run Behavior\BuildLiteBehavior [ RunTime:0.000009s ]
INFO: [ app_init ] --END-- [ RunTime:0.000443s ]
INFO: [ app_begin ] --START--
INFO: Run Behavior\ReadHtmlCacheBehavior [ RunTime:0.000508s ]
INFO: [ app_begin ] --END-- [ RunTime:0.000546s ]
INFO: [ action_begin ] --START--
INFO: Run Admin\Behavior\TestBehavior [ RunTime:0.000798s ]
INFO: [ action_begin ] --END-- [ RunTime:0.000849s ]
INFO: [ view_parse ] --START--
INFO: [ template_filter ] --START--
INFO: Run Behavior\ContentReplaceBehavior [ RunTime:0.000030s ]
INFO: [ template_filter ] --END-- [ RunTime:0.000062s ]
INFO: Run Behavior\ParseTemplateBehavior [ RunTime:0.004386s ]
INFO: [ view_parse ] --END-- [ RunTime:0.004420s ]
INFO: [ view_filter ] --START--
INFO: Run Behavior\WriteHtmlCacheBehavior [ RunTime:0.000366s ]
INFO: [ view_filter ] --END-- [ RunTime:0.000396s ]
INFO: [ app_end ] --START--
INFO: Run Behavior\ShowPageTraceBehavior [ RunTime:0.000508s ]
INFO: [ app_end ] --END-- [ RunTime:0.000536s ]

[ 2020-01-06T23:31:40+08:00 ] ::1 /thinkphp3/index.php/Admin/Index/menu.html
INFO: [ app_init ] --START--
INFO: Run Behavior\BuildLiteBehavior [ RunTime:0.000029s ]
INFO: [ app_init ] --END-- [ RunTime:0.000616s ]
INFO: [ app_begin ] --START--
INFO: Run Behavior\ReadHtmlCacheBehavior [ RunTime:0.000651s ]
INFO: [ app_begin ] --END-- [ RunTime:0.000694s ]
INFO: [ action_begin ] --START--
INFO: Run Admin\Behavior\TestBehavior [ RunTime:0.000904s ]
INFO: [ action_begin ] --END-- [ RunTime:0.000954s ]
SQL: SHOW COLUMNS FROM `user` [ RunTime:0.0204s ]
SQL: SELECT a.id,a.username,a.role_id,b.menu_id FROM user a INNER JOIN role b on a.role_id=b.id  WHERE a.id = '11' LIMIT 1   [ RunTime:0.0003s ]
SQL: SHOW COLUMNS FROM `menu` [ RunTime:0.0104s ]
SQL: SELECT b.id,b.name FROM menu a right join nav b on a.nav_id=b.id  WHERE ( a.id in(1,2,3,4,5,6,7,8,9,10,11,12,13,14,15,16) ) GROUP BY b.name  [ RunTime:0.0005s ]
SQL: SHOW COLUMNS FROM `menu` [ RunTime:0.0249s ]
SQL: SELECT `id`,`name`,`nav_id`,`path` FROM `menu` WHERE ( id in(1,2,3,4,5,6,7,8,9,10,11,12,13,14,15,16) )  [ RunTime:0.0005s ]
INFO: [ view_parse ] --START--
INFO: [ template_filter ] --START--
INFO: Run Behavior\ContentReplaceBehavior [ RunTime:0.000106s ]
INFO: [ template_filter ] --END-- [ RunTime:0.000184s ]
INFO: Run Behavior\ParseTemplateBehavior [ RunTime:0.010108s ]
INFO: [ view_parse ] --END-- [ RunTime:0.010157s ]
INFO: [ view_filter ] --START--
INFO: Run Behavior\WriteHtmlCacheBehavior [ RunTime:0.001064s ]
INFO: [ view_filter ] --END-- [ RunTime:0.001103s ]
INFO: [ app_end ] --START--
INFO: Run Behavior\ShowPageTraceBehavior [ RunTime:0.002140s ]
INFO: [ app_end ] --END-- [ RunTime:0.002213s ]

[ 2020-01-06T23:31:40+08:00 ] ::1 /thinkphp3/index.php/Admin/Index/main.html
INFO: [ app_init ] --START--
INFO: Run Behavior\BuildLiteBehavior [ RunTime:0.000010s ]
INFO: [ app_init ] --END-- [ RunTime:0.000561s ]
INFO: [ app_begin ] --START--
INFO: Run Behavior\ReadHtmlCacheBehavior [ RunTime:0.000577s ]
INFO: [ app_begin ] --END-- [ RunTime:0.000634s ]
INFO: [ action_begin ] --START--
INFO: Run Admin\Behavior\TestBehavior [ RunTime:0.001142s ]
INFO: [ action_begin ] --END-- [ RunTime:0.001226s ]
INFO: [ view_parse ] --START--
INFO: [ template_filter ] --START--
INFO: Run Behavior\ContentReplaceBehavior [ RunTime:0.000075s ]
INFO: [ template_filter ] --END-- [ RunTime:0.000126s ]
INFO: Run Behavior\ParseTemplateBehavior [ RunTime:0.007668s ]
INFO: [ view_parse ] --END-- [ RunTime:0.007805s ]
INFO: [ view_filter ] --START--
INFO: Run Behavior\WriteHtmlCacheBehavior [ RunTime:0.001081s ]
INFO: [ view_filter ] --END-- [ RunTime:0.001124s ]
INFO: [ app_end ] --START--
INFO: Run Behavior\ShowPageTraceBehavior [ RunTime:0.000593s ]
INFO: [ app_end ] --END-- [ RunTime:0.000624s ]

[ 2020-01-06T23:31:40+08:00 ] ::1 /thinkphp3/index.php/Admin/Index/top.html
INFO: [ app_init ] --START--
INFO: Run Behavior\BuildLiteBehavior [ RunTime:0.000017s ]
INFO: [ app_init ] --END-- [ RunTime:0.001814s ]
INFO: [ app_begin ] --START--
INFO: Run Behavior\ReadHtmlCacheBehavior [ RunTime:0.000665s ]
INFO: [ app_begin ] --END-- [ RunTime:0.000710s ]
INFO: [ action_begin ] --START--
INFO: Run Admin\Behavior\TestBehavior [ RunTime:0.001275s ]
INFO: [ action_begin ] --END-- [ RunTime:0.001343s ]
INFO: [ view_parse ] --START--
INFO: [ template_filter ] --START--
INFO: Run Behavior\ContentReplaceBehavior [ RunTime:0.000057s ]
INFO: [ template_filter ] --END-- [ RunTime:0.000108s ]
INFO: Run Behavior\ParseTemplateBehavior [ RunTime:0.006391s ]
INFO: [ view_parse ] --END-- [ RunTime:0.006436s ]
INFO: [ view_filter ] --START--
INFO: Run Behavior\WriteHtmlCacheBehavior [ RunTime:0.000541s ]
INFO: [ view_filter ] --END-- [ RunTime:0.000582s ]
INFO: [ app_end ] --START--
INFO: Run Behavior\ShowPageTraceBehavior [ RunTime:0.001420s ]
INFO: [ app_end ] --END-- [ RunTime:0.001519s ]

[ 2020-01-06T23:31:41+08:00 ] ::1 /thinkphp3/index.php/Admin/Login/index.html
INFO: [ app_init ] --START--
INFO: Run Behavior\BuildLiteBehavior [ RunTime:0.000016s ]
INFO: [ app_init ] --END-- [ RunTime:0.000461s ]
INFO: [ app_begin ] --START--
INFO: Run Behavior\ReadHtmlCacheBehavior [ RunTime:0.000503s ]
INFO: [ app_begin ] --END-- [ RunTime:0.000541s ]
INFO: [ action_begin ] --START--
INFO: Run Admin\Behavior\TestBehavior [ RunTime:0.001068s ]
INFO: [ action_begin ] --END-- [ RunTime:0.001178s ]

[ 2020-01-06T23:31:41+08:00 ] ::1 /thinkphp3/index.php/Admin/Index/index.html
INFO: [ app_init ] --START--
INFO: Run Behavior\BuildLiteBehavior [ RunTime:0.000023s ]
INFO: [ app_init ] --END-- [ RunTime:0.000807s ]
INFO: [ app_begin ] --START--
INFO: Run Behavior\ReadHtmlCacheBehavior [ RunTime:0.000548s ]
INFO: [ app_begin ] --END-- [ RunTime:0.000586s ]
INFO: [ action_begin ] --START--
INFO: Run Admin\Behavior\TestBehavior [ RunTime:0.000797s ]
INFO: [ action_begin ] --END-- [ RunTime:0.000844s ]
INFO: [ view_parse ] --START--
INFO: [ template_filter ] --START--
INFO: Run Behavior\ContentReplaceBehavior [ RunTime:0.000031s ]
INFO: [ template_filter ] --END-- [ RunTime:0.000063s ]
INFO: Run Behavior\ParseTemplateBehavior [ RunTime:0.004625s ]
INFO: [ view_parse ] --END-- [ RunTime:0.004668s ]
INFO: [ view_filter ] --START--
INFO: Run Behavior\WriteHtmlCacheBehavior [ RunTime:0.000895s ]
INFO: [ view_filter ] --END-- [ RunTime:0.001055s ]
INFO: [ app_end ] --START--
INFO: Run Behavior\ShowPageTraceBehavior [ RunTime:0.001526s ]
INFO: [ app_end ] --END-- [ RunTime:0.001576s ]

[ 2020-01-06T23:31:41+08:00 ] ::1 /thinkphp3/index.php/Admin/Index/top.html
INFO: [ app_init ] --START--
INFO: Run Behavior\BuildLiteBehavior [ RunTime:0.000010s ]
INFO: [ app_init ] --END-- [ RunTime:0.000882s ]
INFO: [ app_begin ] --START--
INFO: Run Behavior\ReadHtmlCacheBehavior [ RunTime:0.000739s ]
INFO: [ app_begin ] --END-- [ RunTime:0.000796s ]
INFO: [ action_begin ] --START--
INFO: Run Admin\Behavior\TestBehavior [ RunTime:0.001797s ]
INFO: [ action_begin ] --END-- [ RunTime:0.002147s ]
INFO: [ view_parse ] --START--
INFO: [ template_filter ] --START--
INFO: Run Behavior\ContentReplaceBehavior [ RunTime:0.000047s ]
INFO: [ template_filter ] --END-- [ RunTime:0.000084s ]
INFO: Run Behavior\ParseTemplateBehavior [ RunTime:0.004958s ]
INFO: [ view_parse ] --END-- [ RunTime:0.004997s ]
INFO: [ view_filter ] --START--
INFO: Run Behavior\WriteHtmlCacheBehavior [ RunTime:0.000367s ]
INFO: [ view_filter ] --END-- [ RunTime:0.000394s ]
INFO: [ app_end ] --START--
INFO: Run Behavior\ShowPageTraceBehavior [ RunTime:0.000509s ]
INFO: [ app_end ] --END-- [ RunTime:0.000537s ]

[ 2020-01-06T23:31:41+08:00 ] ::1 /thinkphp3/index.php/Admin/Index/main.html
INFO: [ app_init ] --START--
INFO: Run Behavior\BuildLiteBehavior [ RunTime:0.000010s ]
INFO: [ app_init ] --END-- [ RunTime:0.000642s ]
INFO: [ app_begin ] --START--
INFO: Run Behavior\ReadHtmlCacheBehavior [ RunTime:0.000820s ]
INFO: [ app_begin ] --END-- [ RunTime:0.000914s ]
INFO: [ action_begin ] --START--
INFO: Run Admin\Behavior\TestBehavior [ RunTime:0.001099s ]
INFO: [ action_begin ] --END-- [ RunTime:0.001169s ]
INFO: [ view_parse ] --START--
INFO: [ template_filter ] --START--
INFO: Run Behavior\ContentReplaceBehavior [ RunTime:0.000050s ]
INFO: [ template_filter ] --END-- [ RunTime:0.000097s ]
INFO: Run Behavior\ParseTemplateBehavior [ RunTime:0.011184s ]
INFO: [ view_parse ] --END-- [ RunTime:0.011263s ]
INFO: [ view_filter ] --START--
INFO: Run Behavior\WriteHtmlCacheBehavior [ RunTime:0.000842s ]
INFO: [ view_filter ] --END-- [ RunTime:0.000874s ]
INFO: [ app_end ] --START--
INFO: Run Behavior\ShowPageTraceBehavior [ RunTime:0.000933s ]
INFO: [ app_end ] --END-- [ RunTime:0.000966s ]

[ 2020-01-06T23:31:41+08:00 ] ::1 /thinkphp3/index.php/Admin/Index/menu.html
INFO: [ app_init ] --START--
INFO: Run Behavior\BuildLiteBehavior [ RunTime:0.000012s ]
INFO: [ app_init ] --END-- [ RunTime:0.000700s ]
INFO: [ app_begin ] --START--
INFO: Run Behavior\ReadHtmlCacheBehavior [ RunTime:0.000741s ]
INFO: [ app_begin ] --END-- [ RunTime:0.000789s ]
INFO: [ action_begin ] --START--
INFO: Run Admin\Behavior\TestBehavior [ RunTime:0.000884s ]
INFO: [ action_begin ] --END-- [ RunTime:0.000933s ]
SQL: SHOW COLUMNS FROM `user` [ RunTime:0.0085s ]
SQL: SELECT a.id,a.username,a.role_id,b.menu_id FROM user a INNER JOIN role b on a.role_id=b.id  WHERE a.id = '11' LIMIT 1   [ RunTime:0.0003s ]
SQL: SHOW COLUMNS FROM `menu` [ RunTime:0.0104s ]
SQL: SELECT b.id,b.name FROM menu a right join nav b on a.nav_id=b.id  WHERE ( a.id in(1,2,3,4,5,6,7,8,9,10,11,12,13,14,15,16) ) GROUP BY b.name  [ RunTime:0.0005s ]
SQL: SHOW COLUMNS FROM `menu` [ RunTime:0.0200s ]
SQL: SELECT `id`,`name`,`nav_id`,`path` FROM `menu` WHERE ( id in(1,2,3,4,5,6,7,8,9,10,11,12,13,14,15,16) )  [ RunTime:0.0009s ]
INFO: [ view_parse ] --START--
INFO: [ template_filter ] --START--
INFO: Run Behavior\ContentReplaceBehavior [ RunTime:0.000096s ]
INFO: [ template_filter ] --END-- [ RunTime:0.000142s ]
INFO: Run Behavior\ParseTemplateBehavior [ RunTime:0.009158s ]
INFO: [ view_parse ] --END-- [ RunTime:0.009198s ]
INFO: [ view_filter ] --START--
INFO: Run Behavior\WriteHtmlCacheBehavior [ RunTime:0.000384s ]
INFO: [ view_filter ] --END-- [ RunTime:0.000413s ]
INFO: [ app_end ] --START--
INFO: Run Behavior\ShowPageTraceBehavior [ RunTime:0.000769s ]
INFO: [ app_end ] --END-- [ RunTime:0.000832s ]

[ 2020-01-06T23:31:41+08:00 ] ::1 /thinkphp3/index.php/Admin/Login/index.html
INFO: [ app_init ] --START--
INFO: Run Behavior\BuildLiteBehavior [ RunTime:0.000009s ]
INFO: [ app_init ] --END-- [ RunTime:0.000432s ]
INFO: [ app_begin ] --START--
INFO: Run Behavior\ReadHtmlCacheBehavior [ RunTime:0.000499s ]
INFO: [ app_begin ] --END-- [ RunTime:0.000538s ]
INFO: [ action_begin ] --START--
INFO: Run Admin\Behavior\TestBehavior [ RunTime:0.001038s ]
INFO: [ action_begin ] --END-- [ RunTime:0.001109s ]

[ 2020-01-06T23:31:41+08:00 ] ::1 /thinkphp3/index.php/Admin/Index/index.html
INFO: [ app_init ] --START--
INFO: Run Behavior\BuildLiteBehavior [ RunTime:0.000009s ]
INFO: [ app_init ] --END-- [ RunTime:0.000446s ]
INFO: [ app_begin ] --START--
INFO: Run Behavior\ReadHtmlCacheBehavior [ RunTime:0.000509s ]
INFO: [ app_begin ] --END-- [ RunTime:0.000546s ]
INFO: [ action_begin ] --START--
INFO: Run Admin\Behavior\TestBehavior [ RunTime:0.000878s ]
INFO: [ action_begin ] --END-- [ RunTime:0.000926s ]
INFO: [ view_parse ] --START--
INFO: [ template_filter ] --START--
INFO: Run Behavior\ContentReplaceBehavior [ RunTime:0.000048s ]
INFO: [ template_filter ] --END-- [ RunTime:0.000113s ]
INFO: Run Behavior\ParseTemplateBehavior [ RunTime:0.004796s ]
INFO: [ view_parse ] --END-- [ RunTime:0.004831s ]
INFO: [ view_filter ] --START--
INFO: Run Behavior\WriteHtmlCacheBehavior [ RunTime:0.000345s ]
INFO: [ view_filter ] --END-- [ RunTime:0.000374s ]
INFO: [ app_end ] --START--
INFO: Run Behavior\ShowPageTraceBehavior [ RunTime:0.000549s ]
INFO: [ app_end ] --END-- [ RunTime:0.000577s ]

[ 2020-01-06T23:31:41+08:00 ] ::1 /thinkphp3/index.php/Admin/Index/menu.html
INFO: [ app_init ] --START--
INFO: Run Behavior\BuildLiteBehavior [ RunTime:0.000017s ]
INFO: [ app_init ] --END-- [ RunTime:0.000566s ]
INFO: [ app_begin ] --START--
INFO: Run Behavior\ReadHtmlCacheBehavior [ RunTime:0.000557s ]
INFO: [ app_begin ] --END-- [ RunTime:0.000599s ]
INFO: [ action_begin ] --START--
INFO: Run Admin\Behavior\TestBehavior [ RunTime:0.000864s ]
INFO: [ action_begin ] --END-- [ RunTime:0.000904s ]
SQL: SHOW COLUMNS FROM `user` [ RunTime:0.0187s ]
SQL: SELECT a.id,a.username,a.role_id,b.menu_id FROM user a INNER JOIN role b on a.role_id=b.id  WHERE a.id = '11' LIMIT 1   [ RunTime:0.0003s ]
SQL: SHOW COLUMNS FROM `menu` [ RunTime:0.0115s ]
SQL: SELECT b.id,b.name FROM menu a right join nav b on a.nav_id=b.id  WHERE ( a.id in(1,2,3,4,5,6,7,8,9,10,11,12,13,14,15,16) ) GROUP BY b.name  [ RunTime:0.0006s ]
SQL: SHOW COLUMNS FROM `menu` [ RunTime:0.0166s ]
SQL: SELECT `id`,`name`,`nav_id`,`path` FROM `menu` WHERE ( id in(1,2,3,4,5,6,7,8,9,10,11,12,13,14,15,16) )  [ RunTime:0.0003s ]
INFO: [ view_parse ] --START--
INFO: [ template_filter ] --START--
INFO: Run Behavior\ContentReplaceBehavior [ RunTime:0.000100s ]
INFO: [ template_filter ] --END-- [ RunTime:0.000150s ]
INFO: Run Behavior\ParseTemplateBehavior [ RunTime:0.012187s ]
INFO: [ view_parse ] --END-- [ RunTime:0.012228s ]
INFO: [ view_filter ] --START--
INFO: Run Behavior\WriteHtmlCacheBehavior [ RunTime:0.000771s ]
INFO: [ view_filter ] --END-- [ RunTime:0.000802s ]
INFO: [ app_end ] --START--
INFO: Run Behavior\ShowPageTraceBehavior [ RunTime:0.001224s ]
INFO: [ app_end ] --END-- [ RunTime:0.001285s ]

[ 2020-01-06T23:31:41+08:00 ] ::1 /thinkphp3/index.php/Admin/Index/main.html
INFO: [ app_init ] --START--
INFO: Run Behavior\BuildLiteBehavior [ RunTime:0.000010s ]
INFO: [ app_init ] --END-- [ RunTime:0.000500s ]
INFO: [ app_begin ] --START--
INFO: Run Behavior\ReadHtmlCacheBehavior [ RunTime:0.000668s ]
INFO: [ app_begin ] --END-- [ RunTime:0.000723s ]
INFO: [ action_begin ] --START--
INFO: Run Admin\Behavior\TestBehavior [ RunTime:0.002527s ]
INFO: [ action_begin ] --END-- [ RunTime:0.002696s ]
INFO: [ view_parse ] --START--
INFO: [ template_filter ] --START--
INFO: Run Behavior\ContentReplaceBehavior [ RunTime:0.000056s ]
INFO: [ template_filter ] --END-- [ RunTime:0.000109s ]
INFO: Run Behavior\ParseTemplateBehavior [ RunTime:0.009191s ]
INFO: [ view_parse ] --END-- [ RunTime:0.009242s ]
INFO: [ view_filter ] --START--
INFO: Run Behavior\WriteHtmlCacheBehavior [ RunTime:0.000454s ]
INFO: [ view_filter ] --END-- [ RunTime:0.000486s ]
INFO: [ app_end ] --START--
INFO: Run Behavior\ShowPageTraceBehavior [ RunTime:0.000559s ]
INFO: [ app_end ] --END-- [ RunTime:0.000594s ]

[ 2020-01-06T23:31:42+08:00 ] ::1 /thinkphp3/index.php/Admin/Index/top.html
INFO: [ app_init ] --START--
INFO: Run Behavior\BuildLiteBehavior [ RunTime:0.000011s ]
INFO: [ app_init ] --END-- [ RunTime:0.000578s ]
INFO: [ app_begin ] --START--
INFO: Run Behavior\ReadHtmlCacheBehavior [ RunTime:0.000609s ]
INFO: [ app_begin ] --END-- [ RunTime:0.000664s ]
INFO: [ action_begin ] --START--
INFO: Run Admin\Behavior\TestBehavior [ RunTime:0.003220s ]
INFO: [ action_begin ] --END-- [ RunTime:0.003289s ]
INFO: [ view_parse ] --START--
INFO: [ template_filter ] --START--
INFO: Run Behavior\ContentReplaceBehavior [ RunTime:0.000055s ]
INFO: [ template_filter ] --END-- [ RunTime:0.000117s ]
INFO: Run Behavior\ParseTemplateBehavior [ RunTime:0.008343s ]
INFO: [ view_parse ] --END-- [ RunTime:0.008392s ]
INFO: [ view_filter ] --START--
INFO: Run Behavior\WriteHtmlCacheBehavior [ RunTime:0.000487s ]
INFO: [ view_filter ] --END-- [ RunTime:0.000525s ]
INFO: [ app_end ] --START--
INFO: Run Behavior\ShowPageTraceBehavior [ RunTime:0.000735s ]
INFO: [ app_end ] --END-- [ RunTime:0.000794s ]

[ 2020-01-06T23:31:45+08:00 ] ::1 /thinkphp3/index.php/Admin/Inves/index.html
INFO: [ app_init ] --START--
INFO: Run Behavior\BuildLiteBehavior [ RunTime:0.000009s ]
INFO: [ app_init ] --END-- [ RunTime:0.000426s ]
INFO: [ app_begin ] --START--
INFO: Run Behavior\ReadHtmlCacheBehavior [ RunTime:0.000513s ]
INFO: [ app_begin ] --END-- [ RunTime:0.000548s ]
INFO: [ action_begin ] --START--
SQL: SHOW COLUMNS FROM `user` [ RunTime:0.0090s ]
SQL: SELECT a.id,a.role_id,b.menu_id FROM user a INNER JOIN role b on a.role_id=b.id  WHERE ( a.id=11 ) LIMIT 1   [ RunTime:0.0003s ]
SQL: SHOW COLUMNS FROM `menu` [ RunTime:0.0096s ]
SQL: SELECT `id`,`name`,`path` FROM `menu` WHERE ( id in(1,2,3,4,5,6,7,8,9,10,11,12,13,14,15,16) )  [ RunTime:0.0003s ]
INFO: Run Admin\Behavior\TestBehavior [ RunTime:0.040393s ]
INFO: [ action_begin ] --END-- [ RunTime:0.040429s ]
SQL: SHOW COLUMNS FROM `inves` [ RunTime:0.0190s ]
SQL: SELECT COUNT(*) AS tp_count FROM `inves` LIMIT 1   [ RunTime:0.0002s ]
SQL: SELECT * FROM `inves` ORDER BY id desc LIMIT 0,20   [ RunTime:0.0004s ]
INFO: [ view_parse ] --START--
INFO: [ template_filter ] --START--
INFO: Run Behavior\ContentReplaceBehavior [ RunTime:0.000047s ]
INFO: [ template_filter ] --END-- [ RunTime:0.000086s ]
INFO: Run Behavior\ParseTemplateBehavior [ RunTime:0.006993s ]
INFO: [ view_parse ] --END-- [ RunTime:0.007033s ]
INFO: [ view_filter ] --START--
INFO: Run Behavior\WriteHtmlCacheBehavior [ RunTime:0.000419s ]
INFO: [ view_filter ] --END-- [ RunTime:0.000448s ]
INFO: [ app_end ] --START--
INFO: Run Behavior\ShowPageTraceBehavior [ RunTime:0.000511s ]
INFO: [ app_end ] --END-- [ RunTime:0.000539s ]

[ 2020-01-06T23:31:46+08:00 ] ::1 /thinkphp3/index.php/Admin/Teacher/index.html
INFO: [ app_init ] --START--
INFO: Run Behavior\BuildLiteBehavior [ RunTime:0.000009s ]
INFO: [ app_init ] --END-- [ RunTime:0.000438s ]
INFO: [ app_begin ] --START--
INFO: Run Behavior\ReadHtmlCacheBehavior [ RunTime:0.000539s ]
INFO: [ app_begin ] --END-- [ RunTime:0.000577s ]
INFO: [ action_begin ] --START--
SQL: SHOW COLUMNS FROM `user` [ RunTime:0.0179s ]
SQL: SELECT a.id,a.role_id,b.menu_id FROM user a INNER JOIN role b on a.role_id=b.id  WHERE ( a.id=11 ) LIMIT 1   [ RunTime:0.0003s ]
SQL: SHOW COLUMNS FROM `menu` [ RunTime:0.0091s ]
SQL: SELECT `id`,`name`,`path` FROM `menu` WHERE ( id in(1,2,3,4,5,6,7,8,9,10,11,12,13,14,15,16) )  [ RunTime:0.0003s ]
INFO: Run Admin\Behavior\TestBehavior [ RunTime:0.039760s ]
INFO: [ action_begin ] --END-- [ RunTime:0.039800s ]
SQL: SHOW COLUMNS FROM `teacher` [ RunTime:0.0218s ]
SQL: SELECT COUNT(*) AS tp_count FROM `teacher` LIMIT 1   [ RunTime:0.0002s ]
SQL: SELECT * FROM `teacher` ORDER BY id desc LIMIT 0,20   [ RunTime:0.0004s ]
SQL: SHOW COLUMNS FROM `teacher` [ RunTime:0.0097s ]
SQL: SELECT a.id,a.name as t_name,b.name as d_name,a.state,a.create_time FROM teacher a INNER JOIN dept b on a.dept_id=b.id  ORDER BY a.id desc LIMIT 0,20   [ RunTime:0.0024s ]
INFO: [ view_parse ] --START--
INFO: [ template_filter ] --START--
INFO: Run Behavior\ContentReplaceBehavior [ RunTime:0.000050s ]
INFO: [ template_filter ] --END-- [ RunTime:0.000093s ]
NOTIC: [8] Undefined index: position E:\phpstudy\PHPTutorial\WWW\thinkphp3\Application\Runtime\Cache\Admin\a5670205d9174c981d4ca99e961680e1.php 第 41 行.
NOTIC: [8] Use of undefined constant create_time - assumed 'create_time' E:\phpstudy\PHPTutorial\WWW\thinkphp3\Application\Runtime\Cache\Admin\a5670205d9174c981d4ca99e961680e1.php 第 43 行.
NOTIC: [8] Undefined index: position E:\phpstudy\PHPTutorial\WWW\thinkphp3\Application\Runtime\Cache\Admin\a5670205d9174c981d4ca99e961680e1.php 第 41 行.
NOTIC: [8] Use of undefined constant create_time - assumed 'create_time' E:\phpstudy\PHPTutorial\WWW\thinkphp3\Application\Runtime\Cache\Admin\a5670205d9174c981d4ca99e961680e1.php 第 43 行.
NOTIC: [8] Undefined index: position E:\phpstudy\PHPTutorial\WWW\thinkphp3\Application\Runtime\Cache\Admin\a5670205d9174c981d4ca99e961680e1.php 第 41 行.
NOTIC: [8] Use of undefined constant create_time - assumed 'create_time' E:\phpstudy\PHPTutorial\WWW\thinkphp3\Application\Runtime\Cache\Admin\a5670205d9174c981d4ca99e961680e1.php 第 43 行.
INFO: Run Behavior\ParseTemplateBehavior [ RunTime:0.008423s ]
INFO: [ view_parse ] --END-- [ RunTime:0.008461s ]
INFO: [ view_filter ] --START--
INFO: Run Behavior\WriteHtmlCacheBehavior [ RunTime:0.000403s ]
INFO: [ view_filter ] --END-- [ RunTime:0.000433s ]
INFO: [ app_end ] --START--
INFO: Run Behavior\ShowPageTraceBehavior [ RunTime:0.000611s ]
INFO: [ app_end ] --END-- [ RunTime:0.000644s ]

[ 2020-01-06T23:31:46+08:00 ] ::1 /thinkphp3/index.php/Admin/Dept/index.html
INFO: [ app_init ] --START--
INFO: Run Behavior\BuildLiteBehavior [ RunTime:0.000010s ]
INFO: [ app_init ] --END-- [ RunTime:0.000445s ]
INFO: [ app_begin ] --START--
INFO: Run Behavior\ReadHtmlCacheBehavior [ RunTime:0.000500s ]
INFO: [ app_begin ] --END-- [ RunTime:0.000538s ]
INFO: [ action_begin ] --START--
SQL: SHOW COLUMNS FROM `user` [ RunTime:0.0106s ]
SQL: SELECT a.id,a.role_id,b.menu_id FROM user a INNER JOIN role b on a.role_id=b.id  WHERE ( a.id=11 ) LIMIT 1   [ RunTime:0.0003s ]
SQL: SHOW COLUMNS FROM `menu` [ RunTime:0.0159s ]
SQL: SELECT `id`,`name`,`path` FROM `menu` WHERE ( id in(1,2,3,4,5,6,7,8,9,10,11,12,13,14,15,16) )  [ RunTime:0.0003s ]
INFO: Run Admin\Behavior\TestBehavior [ RunTime:0.050330s ]
INFO: [ action_begin ] --END-- [ RunTime:0.050370s ]
SQL: SHOW COLUMNS FROM `dept` [ RunTime:0.0096s ]
SQL: SELECT COUNT(*) AS tp_count FROM `dept` LIMIT 1   [ RunTime:0.0002s ]
SQL: SELECT * FROM `dept` ORDER BY id desc LIMIT 0,20   [ RunTime:0.0003s ]
INFO: [ view_parse ] --START--
INFO: [ template_filter ] --START--
INFO: Run Behavior\ContentReplaceBehavior [ RunTime:0.000047s ]
INFO: [ template_filter ] --END-- [ RunTime:0.000082s ]
NOTIC: [8] Use of undefined constant create_time - assumed 'create_time' E:\phpstudy\PHPTutorial\WWW\thinkphp3\Application\Runtime\Cache\Admin\e16c751c04ea0e9b1cde8601b724100e.php 第 43 行.
NOTIC: [8] Use of undefined constant create_time - assumed 'create_time' E:\phpstudy\PHPTutorial\WWW\thinkphp3\Application\Runtime\Cache\Admin\e16c751c04ea0e9b1cde8601b724100e.php 第 43 行.
INFO: Run Behavior\ParseTemplateBehavior [ RunTime:0.007799s ]
INFO: [ view_parse ] --END-- [ RunTime:0.007836s ]
INFO: [ view_filter ] --START--
INFO: Run Behavior\WriteHtmlCacheBehavior [ RunTime:0.000381s ]
INFO: [ view_filter ] --END-- [ RunTime:0.000410s ]
INFO: [ app_end ] --START--
INFO: Run Behavior\ShowPageTraceBehavior [ RunTime:0.000513s ]
INFO: [ app_end ] --END-- [ RunTime:0.000545s ]

[ 2020-01-06T23:31:47+08:00 ] ::1 /thinkphp3/index.php/Admin/Class/index.html
INFO: [ app_init ] --START--
INFO: Run Behavior\BuildLiteBehavior [ RunTime:0.000009s ]
INFO: [ app_init ] --END-- [ RunTime:0.000441s ]
INFO: [ app_begin ] --START--
INFO: Run Behavior\ReadHtmlCacheBehavior [ RunTime:0.000502s ]
INFO: [ app_begin ] --END-- [ RunTime:0.000540s ]
INFO: [ action_begin ] --START--
SQL: SHOW COLUMNS FROM `user` [ RunTime:0.0160s ]
SQL: SELECT a.id,a.role_id,b.menu_id FROM user a INNER JOIN role b on a.role_id=b.id  WHERE ( a.id=11 ) LIMIT 1   [ RunTime:0.0003s ]
SQL: SHOW COLUMNS FROM `menu` [ RunTime:0.0159s ]
SQL: SELECT `id`,`name`,`path` FROM `menu` WHERE ( id in(1,2,3,4,5,6,7,8,9,10,11,12,13,14,15,16) )  [ RunTime:0.0004s ]
INFO: Run Admin\Behavior\TestBehavior [ RunTime:0.054413s ]
INFO: [ action_begin ] --END-- [ RunTime:0.054453s ]
SQL: SHOW COLUMNS FROM `class` [ RunTime:0.0114s ]
SQL: SELECT COUNT(*) AS tp_count FROM `class` LIMIT 1   [ RunTime:0.0002s ]
SQL: SELECT * FROM `class` ORDER BY id desc LIMIT 0,20   [ RunTime:0.0004s ]
SQL: SHOW COLUMNS FROM `class` [ RunTime:0.0160s ]
SQL: SELECT a.id,a.name as c_name,b.name as t_name,a.state,a.create_time FROM class a INNER JOIN teacher b on a.teacher_id=b.id  ORDER BY a.id desc LIMIT 0,20   [ RunTime:0.0004s ]
INFO: [ view_parse ] --START--
INFO: [ template_filter ] --START--
INFO: Run Behavior\ContentReplaceBehavior [ RunTime:0.000051s ]
INFO: [ template_filter ] --END-- [ RunTime:0.000093s ]
NOTIC: [8] Use of undefined constant create_time - assumed 'create_time' E:\phpstudy\PHPTutorial\WWW\thinkphp3\Application\Runtime\Cache\Admin\d226dc04610e76ef6af5711bccd551e3.php 第 43 行.
NOTIC: [8] Use of undefined constant create_time - assumed 'create_time' E:\phpstudy\PHPTutorial\WWW\thinkphp3\Application\Runtime\Cache\Admin\d226dc04610e76ef6af5711bccd551e3.php 第 43 行.
NOTIC: [8] Use of undefined constant create_time - assumed 'create_time' E:\phpstudy\PHPTutorial\WWW\thinkphp3\Application\Runtime\Cache\Admin\d226dc04610e76ef6af5711bccd551e3.php 第 43 行.
NOTIC: [8] Use of undefined constant create_time - assumed 'create_time' E:\phpstudy\PHPTutorial\WWW\thinkphp3\Application\Runtime\Cache\Admin\d226dc04610e76ef6af5711bccd551e3.php 第 43 行.
INFO: Run Behavior\ParseTemplateBehavior [ RunTime:0.008249s ]
INFO: [ view_parse ] --END-- [ RunTime:0.008285s ]
INFO: [ view_filter ] --START--
INFO: Run Behavior\WriteHtmlCacheBehavior [ RunTime:0.000387s ]
INFO: [ view_filter ] --END-- [ RunTime:0.000416s ]
INFO: [ app_end ] --START--
INFO: Run Behavior\ShowPageTraceBehavior [ RunTime:0.000512s ]
INFO: [ app_end ] --END-- [ RunTime:0.000542s ]

[ 2020-01-06T23:31:49+08:00 ] ::1 /thinkphp3/index.php/Admin/Special/index.html
INFO: [ app_init ] --START--
INFO: Run Behavior\BuildLiteBehavior [ RunTime:0.000009s ]
INFO: [ app_init ] --END-- [ RunTime:0.000482s ]
INFO: [ app_begin ] --START--
INFO: Run Behavior\ReadHtmlCacheBehavior [ RunTime:0.000518s ]
INFO: [ app_begin ] --END-- [ RunTime:0.000556s ]
INFO: [ action_begin ] --START--
SQL: SHOW COLUMNS FROM `user` [ RunTime:0.0096s ]
SQL: SELECT a.id,a.role_id,b.menu_id FROM user a INNER JOIN role b on a.role_id=b.id  WHERE ( a.id=11 ) LIMIT 1   [ RunTime:0.0006s ]
SQL: SHOW COLUMNS FROM `menu` [ RunTime:0.0178s ]
SQL: SELECT `id`,`name`,`path` FROM `menu` WHERE ( id in(1,2,3,4,5,6,7,8,9,10,11,12,13,14,15,16) )  [ RunTime:0.0004s ]
INFO: Run Admin\Behavior\TestBehavior [ RunTime:0.051246s ]
INFO: [ action_begin ] --END-- [ RunTime:0.051287s ]
SQL: SHOW COLUMNS FROM `special` [ RunTime:0.0126s ]
SQL: SELECT COUNT(*) AS tp_count FROM `special` LIMIT 1   [ RunTime:0.0002s ]
SQL: SELECT * FROM `special` ORDER BY id desc LIMIT 0,20   [ RunTime:0.0003s ]
INFO: [ view_parse ] --START--
INFO: [ template_filter ] --START--
INFO: Run Behavior\ContentReplaceBehavior [ RunTime:0.000047s ]
INFO: [ template_filter ] --END-- [ RunTime:0.000086s ]
NOTIC: [8] Use of undefined constant create_time - assumed 'create_time' E:\phpstudy\PHPTutorial\WWW\thinkphp3\Application\Runtime\Cache\Admin\3707c2b991cbf4664836432ec0ea9ee4.php 第 41 行.
NOTIC: [8] Use of undefined constant create_time - assumed 'create_time' E:\phpstudy\PHPTutorial\WWW\thinkphp3\Application\Runtime\Cache\Admin\3707c2b991cbf4664836432ec0ea9ee4.php 第 41 行.
INFO: Run Behavior\ParseTemplateBehavior [ RunTime:0.008280s ]
INFO: [ view_parse ] --END-- [ RunTime:0.008321s ]
INFO: [ view_filter ] --START--
INFO: Run Behavior\WriteHtmlCacheBehavior [ RunTime:0.000439s ]
INFO: [ view_filter ] --END-- [ RunTime:0.000468s ]
INFO: [ app_end ] --START--
INFO: Run Behavior\ShowPageTraceBehavior [ RunTime:0.000542s ]
INFO: [ app_end ] --END-- [ RunTime:0.000571s ]

[ 2020-01-06T23:31:49+08:00 ] ::1 /thinkphp3/index.php/Admin/Headmaster/index.html
INFO: [ app_init ] --START--
INFO: Run Behavior\BuildLiteBehavior [ RunTime:0.000008s ]
INFO: [ app_init ] --END-- [ RunTime:0.000454s ]
INFO: [ app_begin ] --START--
INFO: Run Behavior\ReadHtmlCacheBehavior [ RunTime:0.000504s ]
INFO: [ app_begin ] --END-- [ RunTime:0.000542s ]
INFO: [ action_begin ] --START--
SQL: SHOW COLUMNS FROM `user` [ RunTime:0.0111s ]
SQL: SELECT a.id,a.role_id,b.menu_id FROM user a INNER JOIN role b on a.role_id=b.id  WHERE ( a.id=11 ) LIMIT 1   [ RunTime:0.0003s ]
SQL: SHOW COLUMNS FROM `menu` [ RunTime:0.0088s ]
SQL: SELECT `id`,`name`,`path` FROM `menu` WHERE ( id in(1,2,3,4,5,6,7,8,9,10,11,12,13,14,15,16) )  [ RunTime:0.0003s ]
INFO: Run Admin\Behavior\TestBehavior [ RunTime:0.033574s ]
INFO: [ action_begin ] --END-- [ RunTime:0.033613s ]
SQL: SHOW COLUMNS FROM `headmaster` [ RunTime:0.0108s ]
SQL: SELECT COUNT(*) AS tp_count FROM `headmaster` LIMIT 1   [ RunTime:0.0003s ]
SQL: SELECT * FROM `headmaster` ORDER BY id desc LIMIT 0,20   [ RunTime:0.0004s ]
SQL: SELECT a.id,a.name as h_name,b.name as d_name,a.state,a.create_time FROM headmaster a INNER JOIN dept b on a.dept_id=b.id  ORDER BY a.id desc LIMIT 0,20   [ RunTime:0.0004s ]
INFO: [ view_parse ] --START--
INFO: [ template_filter ] --START--
INFO: Run Behavior\ContentReplaceBehavior [ RunTime:0.000055s ]
INFO: [ template_filter ] --END-- [ RunTime:0.000110s ]
NOTIC: [8] Undefined index: position E:\phpstudy\PHPTutorial\WWW\thinkphp3\Application\Runtime\Cache\Admin\9a08ae063a91d5c8acbdf92d23b723d5.php 第 41 行.
NOTIC: [8] Use of undefined constant create_time - assumed 'create_time' E:\phpstudy\PHPTutorial\WWW\thinkphp3\Application\Runtime\Cache\Admin\9a08ae063a91d5c8acbdf92d23b723d5.php 第 43 行.
NOTIC: [8] Undefined index: position E:\phpstudy\PHPTutorial\WWW\thinkphp3\Application\Runtime\Cache\Admin\9a08ae063a91d5c8acbdf92d23b723d5.php 第 41 行.
NOTIC: [8] Use of undefined constant create_time - assumed 'create_time' E:\phpstudy\PHPTutorial\WWW\thinkphp3\Application\Runtime\Cache\Admin\9a08ae063a91d5c8acbdf92d23b723d5.php 第 43 行.
NOTIC: [8] Undefined index: position E:\phpstudy\PHPTutorial\WWW\thinkphp3\Application\Runtime\Cache\Admin\9a08ae063a91d5c8acbdf92d23b723d5.php 第 41 行.
NOTIC: [8] Use of undefined constant create_time - assumed 'create_time' E:\phpstudy\PHPTutorial\WWW\thinkphp3\Application\Runtime\Cache\Admin\9a08ae063a91d5c8acbdf92d23b723d5.php 第 43 行.
NOTIC: [8] Undefined index: position E:\phpstudy\PHPTutorial\WWW\thinkphp3\Application\Runtime\Cache\Admin\9a08ae063a91d5c8acbdf92d23b723d5.php 第 41 行.
NOTIC: [8] Use of undefined constant create_time - assumed 'create_time' E:\phpstudy\PHPTutorial\WWW\thinkphp3\Application\Runtime\Cache\Admin\9a08ae063a91d5c8acbdf92d23b723d5.php 第 43 行.
INFO: Run Behavior\ParseTemplateBehavior [ RunTime:0.009139s ]
INFO: [ view_parse ] --END-- [ RunTime:0.009182s ]
INFO: [ view_filter ] --START--
INFO: Run Behavior\WriteHtmlCacheBehavior [ RunTime:0.000505s ]
INFO: [ view_filter ] --END-- [ RunTime:0.000542s ]
INFO: [ app_end ] --START--
INFO: Run Behavior\ShowPageTraceBehavior [ RunTime:0.000619s ]
INFO: [ app_end ] --END-- [ RunTime:0.000654s ]

[ 2020-01-06T23:31:50+08:00 ] ::1 /thinkphp3/index.php/Admin/Nav/index.html
INFO: [ app_init ] --START--
INFO: Run Behavior\BuildLiteBehavior [ RunTime:0.000010s ]
INFO: [ app_init ] --END-- [ RunTime:0.000522s ]
INFO: [ app_begin ] --START--
INFO: Run Behavior\ReadHtmlCacheBehavior [ RunTime:0.000559s ]
INFO: [ app_begin ] --END-- [ RunTime:0.000599s ]
INFO: [ action_begin ] --START--
SQL: SHOW COLUMNS FROM `user` [ RunTime:0.0109s ]
SQL: SELECT a.id,a.role_id,b.menu_id FROM user a INNER JOIN role b on a.role_id=b.id  WHERE ( a.id=11 ) LIMIT 1   [ RunTime:0.0002s ]
SQL: SHOW COLUMNS FROM `menu` [ RunTime:0.0108s ]
SQL: SELECT `id`,`name`,`path` FROM `menu` WHERE ( id in(1,2,3,4,5,6,7,8,9,10,11,12,13,14,15,16) )  [ RunTime:0.0003s ]
INFO: Run Admin\Behavior\TestBehavior [ RunTime:0.042942s ]
INFO: [ action_begin ] --END-- [ RunTime:0.042982s ]
SQL: SHOW COLUMNS FROM `nav` [ RunTime:0.0086s ]
SQL: SELECT COUNT(*) AS tp_count FROM `nav` LIMIT 1   [ RunTime:0.0002s ]
SQL: SELECT * FROM `nav` ORDER BY id desc LIMIT 0,20   [ RunTime:0.0003s ]
INFO: [ view_parse ] --START--
INFO: [ template_filter ] --START--
INFO: Run Behavior\ContentReplaceBehavior [ RunTime:0.000061s ]
INFO: [ template_filter ] --END-- [ RunTime:0.000112s ]
NOTIC: [8] Use of undefined constant create_time - assumed 'create_time' E:\phpstudy\PHPTutorial\WWW\thinkphp3\Application\Runtime\Cache\Admin\c4e487e7ef540c8b27ad1e8c9be3ab57.php 第 41 行.
NOTIC: [8] Use of undefined constant create_time - assumed 'create_time' E:\phpstudy\PHPTutorial\WWW\thinkphp3\Application\Runtime\Cache\Admin\c4e487e7ef540c8b27ad1e8c9be3ab57.php 第 41 行.
NOTIC: [8] Use of undefined constant create_time - assumed 'create_time' E:\phpstudy\PHPTutorial\WWW\thinkphp3\Application\Runtime\Cache\Admin\c4e487e7ef540c8b27ad1e8c9be3ab57.php 第 41 行.
NOTIC: [8] Use of undefined constant create_time - assumed 'create_time' E:\phpstudy\PHPTutorial\WWW\thinkphp3\Application\Runtime\Cache\Admin\c4e487e7ef540c8b27ad1e8c9be3ab57.php 第 41 行.
INFO: Run Behavior\ParseTemplateBehavior [ RunTime:0.008298s ]
INFO: [ view_parse ] --END-- [ RunTime:0.008337s ]
INFO: [ view_filter ] --START--
INFO: Run Behavior\WriteHtmlCacheBehavior [ RunTime:0.000447s ]
INFO: [ view_filter ] --END-- [ RunTime:0.000480s ]
INFO: [ app_end ] --START--
INFO: Run Behavior\ShowPageTraceBehavior [ RunTime:0.000605s ]
INFO: [ app_end ] --END-- [ RunTime:0.000644s ]

[ 2020-01-06T23:31:51+08:00 ] ::1 /thinkphp3/index.php/Admin/Role/index.html
INFO: [ app_init ] --START--
INFO: Run Behavior\BuildLiteBehavior [ RunTime:0.000009s ]
INFO: [ app_init ] --END-- [ RunTime:0.000445s ]
INFO: [ app_begin ] --START--
INFO: Run Behavior\ReadHtmlCacheBehavior [ RunTime:0.000503s ]
INFO: [ app_begin ] --END-- [ RunTime:0.000538s ]
INFO: [ action_begin ] --START--
SQL: SHOW COLUMNS FROM `user` [ RunTime:0.0106s ]
SQL: SELECT a.id,a.role_id,b.menu_id FROM user a INNER JOIN role b on a.role_id=b.id  WHERE ( a.id=11 ) LIMIT 1   [ RunTime:0.0003s ]
SQL: SHOW COLUMNS FROM `menu` [ RunTime:0.0090s ]
SQL: SELECT `id`,`name`,`path` FROM `menu` WHERE ( id in(1,2,3,4,5,6,7,8,9,10,11,12,13,14,15,16) )  [ RunTime:0.0003s ]
INFO: Run Admin\Behavior\TestBehavior [ RunTime:0.042648s ]
INFO: [ action_begin ] --END-- [ RunTime:0.042686s ]
SQL: SHOW COLUMNS FROM `role` [ RunTime:0.0132s ]
SQL: SELECT COUNT(*) AS tp_count FROM `role` LIMIT 1   [ RunTime:0.0002s ]
SQL: SELECT * FROM `role` ORDER BY id desc LIMIT 0,20   [ RunTime:0.0003s ]
INFO: [ view_parse ] --START--
INFO: [ template_filter ] --START--
INFO: Run Behavior\ContentReplaceBehavior [ RunTime:0.000047s ]
INFO: [ template_filter ] --END-- [ RunTime:0.000087s ]
NOTIC: [8] Use of undefined constant create_time - assumed 'create_time' E:\phpstudy\PHPTutorial\WWW\thinkphp3\Application\Runtime\Cache\Admin\b35d77029c5f30642b30c7a996208f53.php 第 43 行.
NOTIC: [8] Use of undefined constant create_time - assumed 'create_time' E:\phpstudy\PHPTutorial\WWW\thinkphp3\Application\Runtime\Cache\Admin\b35d77029c5f30642b30c7a996208f53.php 第 43 行.
INFO: Run Behavior\ParseTemplateBehavior [ RunTime:0.010131s ]
INFO: [ view_parse ] --END-- [ RunTime:0.010167s ]
INFO: [ view_filter ] --START--
INFO: Run Behavior\WriteHtmlCacheBehavior [ RunTime:0.000394s ]
INFO: [ view_filter ] --END-- [ RunTime:0.000423s ]
INFO: [ app_end ] --START--
INFO: Run Behavior\ShowPageTraceBehavior [ RunTime:0.000579s ]
INFO: [ app_end ] --END-- [ RunTime:0.000609s ]

[ 2020-01-06T23:31:52+08:00 ] ::1 /thinkphp3/index.php/Admin/Stidea/index.html
INFO: [ app_init ] --START--
INFO: Run Behavior\BuildLiteBehavior [ RunTime:0.000009s ]
INFO: [ app_init ] --END-- [ RunTime:0.000447s ]
INFO: [ app_begin ] --START--
INFO: Run Behavior\ReadHtmlCacheBehavior [ RunTime:0.000545s ]
INFO: [ app_begin ] --END-- [ RunTime:0.000583s ]
INFO: [ action_begin ] --START--
SQL: SHOW COLUMNS FROM `user` [ RunTime:0.0165s ]
SQL: SELECT a.id,a.role_id,b.menu_id FROM user a INNER JOIN role b on a.role_id=b.id  WHERE ( a.id=11 ) LIMIT 1   [ RunTime:0.0003s ]
SQL: SHOW COLUMNS FROM `menu` [ RunTime:0.0186s ]
SQL: SELECT `id`,`name`,`path` FROM `menu` WHERE ( id in(1,2,3,4,5,6,7,8,9,10,11,12,13,14,15,16) )  [ RunTime:0.0003s ]
INFO: Run Admin\Behavior\TestBehavior [ RunTime:0.057946s ]
INFO: [ action_begin ] --END-- [ RunTime:0.058025s ]
SQL: SHOW COLUMNS FROM `stidea` [ RunTime:0.0113s ]
SQL: SELECT COUNT(*) AS tp_count FROM `stidea` LIMIT 1   [ RunTime:0.0002s ]
SQL: SELECT * FROM `stidea` ORDER BY id desc LIMIT 0,20   [ RunTime:0.0002s ]
INFO: [ view_parse ] --START--
INFO: [ template_filter ] --START--
INFO: Run Behavior\ContentReplaceBehavior [ RunTime:0.000058s ]
INFO: [ template_filter ] --END-- [ RunTime:0.000123s ]
INFO: Run Behavior\ParseTemplateBehavior [ RunTime:0.008246s ]
INFO: [ view_parse ] --END-- [ RunTime:0.008303s ]
INFO: [ view_filter ] --START--
INFO: Run Behavior\WriteHtmlCacheBehavior [ RunTime:0.000377s ]
INFO: [ view_filter ] --END-- [ RunTime:0.000406s ]
INFO: [ app_end ] --START--
INFO: Run Behavior\ShowPageTraceBehavior [ RunTime:0.000661s ]
INFO: [ app_end ] --END-- [ RunTime:0.000699s ]

[ 2020-01-06T23:31:52+08:00 ] ::1 /thinkphp3/index.php/Admin/Sort/index.html
INFO: [ app_init ] --START--
INFO: Run Behavior\BuildLiteBehavior [ RunTime:0.000009s ]
INFO: [ app_init ] --END-- [ RunTime:0.000505s ]
INFO: [ app_begin ] --START--
INFO: Run Behavior\ReadHtmlCacheBehavior [ RunTime:0.000532s ]
INFO: [ app_begin ] --END-- [ RunTime:0.000569s ]
INFO: [ action_begin ] --START--
SQL: SHOW COLUMNS FROM `user` [ RunTime:0.0127s ]
SQL: SELECT a.id,a.role_id,b.menu_id FROM user a INNER JOIN role b on a.role_id=b.id  WHERE ( a.id=11 ) LIMIT 1   [ RunTime:0.0003s ]
SQL: SHOW COLUMNS FROM `menu` [ RunTime:0.0246s ]
SQL: SELECT `id`,`name`,`path` FROM `menu` WHERE ( id in(1,2,3,4,5,6,7,8,9,10,11,12,13,14,15,16) )  [ RunTime:0.0003s ]
INFO: Run Admin\Behavior\TestBehavior [ RunTime:0.050364s ]
INFO: [ action_begin ] --END-- [ RunTime:0.050412s ]
SQL: SHOW COLUMNS FROM `sort` [ RunTime:0.0117s ]
SQL: SELECT COUNT(*) AS tp_count FROM `sort` LIMIT 1   [ RunTime:0.0001s ]
SQL: SELECT * FROM `sort` ORDER BY id desc LIMIT 0,20   [ RunTime:0.0003s ]
INFO: [ view_parse ] --START--
INFO: [ template_filter ] --START--
INFO: Run Behavior\ContentReplaceBehavior [ RunTime:0.000048s ]
INFO: [ template_filter ] --END-- [ RunTime:0.000088s ]
NOTIC: [8] Undefined index: state E:\phpstudy\PHPTutorial\WWW\thinkphp3\Application\Runtime\Cache\Admin\44f0d9bc24b2499f5bc7d8907287bbe4.php 第 38 行.
NOTIC: [8] Undefined index: state E:\phpstudy\PHPTutorial\WWW\thinkphp3\Application\Runtime\Cache\Admin\44f0d9bc24b2499f5bc7d8907287bbe4.php 第 39 行.
NOTIC: [8] Use of undefined constant create_time - assumed 'create_time' E:\phpstudy\PHPTutorial\WWW\thinkphp3\Application\Runtime\Cache\Admin\44f0d9bc24b2499f5bc7d8907287bbe4.php 第 41 行.
INFO: Run Behavior\ParseTemplateBehavior [ RunTime:0.008296s ]
INFO: [ view_parse ] --END-- [ RunTime:0.008395s ]
INFO: [ view_filter ] --START--
INFO: Run Behavior\WriteHtmlCacheBehavior [ RunTime:0.000556s ]
INFO: [ view_filter ] --END-- [ RunTime:0.000584s ]
INFO: [ app_end ] --START--
INFO: Run Behavior\ShowPageTraceBehavior [ RunTime:0.000519s ]
INFO: [ app_end ] --END-- [ RunTime:0.000557s ]

[ 2020-01-06T23:31:52+08:00 ] ::1 /thinkphp3/index.php/Admin/Summary/index.html
INFO: [ app_init ] --START--
INFO: Run Behavior\BuildLiteBehavior [ RunTime:0.000008s ]
INFO: [ app_init ] --END-- [ RunTime:0.000440s ]
INFO: [ app_begin ] --START--
INFO: Run Behavior\ReadHtmlCacheBehavior [ RunTime:0.000539s ]
INFO: [ app_begin ] --END-- [ RunTime:0.000577s ]
NOTIC: [2048] Declaration of Admin\Controller\SummaryController::__index_data() should be compatible with Admin\Controller\BaseController::__index_data($start, $end) E:\phpstudy\PHPTutorial\WWW\thinkphp3\Application\Admin\Controller\SummaryController.class.php 第 11 行.
INFO: [ action_begin ] --START--
SQL: SHOW COLUMNS FROM `user` [ RunTime:0.0099s ]
SQL: SELECT a.id,a.role_id,b.menu_id FROM user a INNER JOIN role b on a.role_id=b.id  WHERE ( a.id=11 ) LIMIT 1   [ RunTime:0.0003s ]
SQL: SHOW COLUMNS FROM `menu` [ RunTime:0.0100s ]
SQL: SELECT `id`,`name`,`path` FROM `menu` WHERE ( id in(1,2,3,4,5,6,7,8,9,10,11,12,13,14,15,16) )  [ RunTime:0.0003s ]
INFO: Run Admin\Behavior\TestBehavior [ RunTime:0.043308s ]
INFO: [ action_begin ] --END-- [ RunTime:0.043339s ]
SQL: SHOW COLUMNS FROM `summary` [ RunTime:0.0206s ]
SQL: SELECT COUNT(*) AS tp_count FROM `summary` LIMIT 1   [ RunTime:0.0002s ]
SQL: SELECT * FROM `summary` ORDER BY id desc LIMIT 0,20   [ RunTime:0.0004s ]
SQL: SHOW COLUMNS FROM `summary` [ RunTime:0.0250s ]
SQL: SELECT from_unixtime(create_time,'%Y-%m') as create_date FROM `summary` GROUP BY from_unixtime(create_time,'%Y-%m')  [ RunTime:0.0008s ]
INFO: [ view_parse ] --START--
INFO: [ template_filter ] --START--
INFO: Run Behavior\ContentReplaceBehavior [ RunTime:0.000049s ]
INFO: [ template_filter ] --END-- [ RunTime:0.000093s ]
NOTIC: [8] Undefined index: create_time E:\phpstudy\PHPTutorial\WWW\thinkphp3\Application\Runtime\Cache\Admin\5a123fa6849f7855f27e372f9160ddb1.php 第 37 行.
INFO: Run Behavior\ParseTemplateBehavior [ RunTime:0.007723s ]
INFO: [ view_parse ] --END-- [ RunTime:0.007764s ]
INFO: [ view_filter ] --START--
INFO: Run Behavior\WriteHtmlCacheBehavior [ RunTime:0.000422s ]
INFO: [ view_filter ] --END-- [ RunTime:0.000453s ]
INFO: [ app_end ] --START--
INFO: Run Behavior\ShowPageTraceBehavior [ RunTime:0.000516s ]
INFO: [ app_end ] --END-- [ RunTime:0.000545s ]

[ 2020-01-06T23:31:53+08:00 ] ::1 /thinkphp3/index.php/Admin/Sort/index.html
INFO: [ app_init ] --START--
INFO: Run Behavior\BuildLiteBehavior [ RunTime:0.000009s ]
INFO: [ app_init ] --END-- [ RunTime:0.000426s ]
INFO: [ app_begin ] --START--
INFO: Run Behavior\ReadHtmlCacheBehavior [ RunTime:0.000474s ]
INFO: [ app_begin ] --END-- [ RunTime:0.000509s ]
INFO: [ action_begin ] --START--
SQL: SHOW COLUMNS FROM `user` [ RunTime:0.0229s ]
SQL: SELECT a.id,a.role_id,b.menu_id FROM user a INNER JOIN role b on a.role_id=b.id  WHERE ( a.id=11 ) LIMIT 1   [ RunTime:0.0003s ]
SQL: SHOW COLUMNS FROM `menu` [ RunTime:0.0108s ]
SQL: SELECT `id`,`name`,`path` FROM `menu` WHERE ( id in(1,2,3,4,5,6,7,8,9,10,11,12,13,14,15,16) )  [ RunTime:0.0004s ]
INFO: Run Admin\Behavior\TestBehavior [ RunTime:0.049248s ]
INFO: [ action_begin ] --END-- [ RunTime:0.049286s ]
SQL: SHOW COLUMNS FROM `sort` [ RunTime:0.0169s ]
SQL: SELECT COUNT(*) AS tp_count FROM `sort` LIMIT 1   [ RunTime:0.0002s ]
SQL: SELECT * FROM `sort` ORDER BY id desc LIMIT 0,20   [ RunTime:0.0003s ]
INFO: [ view_parse ] --START--
INFO: [ template_filter ] --START--
INFO: Run Behavior\ContentReplaceBehavior [ RunTime:0.000047s ]
INFO: [ template_filter ] --END-- [ RunTime:0.000086s ]
NOTIC: [8] Undefined index: state E:\phpstudy\PHPTutorial\WWW\thinkphp3\Application\Runtime\Cache\Admin\44f0d9bc24b2499f5bc7d8907287bbe4.php 第 38 行.
NOTIC: [8] Undefined index: state E:\phpstudy\PHPTutorial\WWW\thinkphp3\Application\Runtime\Cache\Admin\44f0d9bc24b2499f5bc7d8907287bbe4.php 第 39 行.
NOTIC: [8] Use of undefined constant create_time - assumed 'create_time' E:\phpstudy\PHPTutorial\WWW\thinkphp3\Application\Runtime\Cache\Admin\44f0d9bc24b2499f5bc7d8907287bbe4.php 第 41 行.
INFO: Run Behavior\ParseTemplateBehavior [ RunTime:0.007188s ]
INFO: [ view_parse ] --END-- [ RunTime:0.007224s ]
INFO: [ view_filter ] --START--
INFO: Run Behavior\WriteHtmlCacheBehavior [ RunTime:0.000377s ]
INFO: [ view_filter ] --END-- [ RunTime:0.000405s ]
INFO: [ app_end ] --START--
INFO: Run Behavior\ShowPageTraceBehavior [ RunTime:0.000565s ]
INFO: [ app_end ] --END-- [ RunTime:0.000596s ]

[ 2020-01-06T23:32:00+08:00 ] ::1 /thinkphp3/index.php/Admin/Stidea/index.html
INFO: [ app_init ] --START--
INFO: Run Behavior\BuildLiteBehavior [ RunTime:0.000009s ]
INFO: [ app_init ] --END-- [ RunTime:0.000499s ]
INFO: [ app_begin ] --START--
INFO: Run Behavior\ReadHtmlCacheBehavior [ RunTime:0.000601s ]
INFO: [ app_begin ] --END-- [ RunTime:0.000639s ]
INFO: [ action_begin ] --START--
SQL: SHOW COLUMNS FROM `user` [ RunTime:0.0115s ]
SQL: SELECT a.id,a.role_id,b.menu_id FROM user a INNER JOIN role b on a.role_id=b.id  WHERE ( a.id=11 ) LIMIT 1   [ RunTime:0.0003s ]
SQL: SHOW COLUMNS FROM `menu` [ RunTime:0.0103s ]
SQL: SELECT `id`,`name`,`path` FROM `menu` WHERE ( id in(1,2,3,4,5,6,7,8,9,10,11,12,13,14,15,16) )  [ RunTime:0.0003s ]
INFO: Run Admin\Behavior\TestBehavior [ RunTime:0.046123s ]
INFO: [ action_begin ] --END-- [ RunTime:0.046174s ]
SQL: SHOW COLUMNS FROM `stidea` [ RunTime:0.0093s ]
SQL: SELECT COUNT(*) AS tp_count FROM `stidea` LIMIT 1   [ RunTime:0.0003s ]
SQL: SELECT * FROM `stidea` ORDER BY id desc LIMIT 0,20   [ RunTime:0.0002s ]
INFO: [ view_parse ] --START--
INFO: [ template_filter ] --START--
INFO: Run Behavior\ContentReplaceBehavior [ RunTime:0.000050s ]
INFO: [ template_filter ] --END-- [ RunTime:0.000093s ]
INFO: Run Behavior\ParseTemplateBehavior [ RunTime:0.007419s ]
INFO: [ view_parse ] --END-- [ RunTime:0.007464s ]
INFO: [ view_filter ] --START--
INFO: Run Behavior\WriteHtmlCacheBehavior [ RunTime:0.000419s ]
INFO: [ view_filter ] --END-- [ RunTime:0.000450s ]
INFO: [ app_end ] --START--
INFO: Run Behavior\ShowPageTraceBehavior [ RunTime:0.000574s ]
INFO: [ app_end ] --END-- [ RunTime:0.000608s ]

[ 2020-01-06T23:32:01+08:00 ] ::1 /thinkphp3/index.php/Admin/Stgrade/index.html
INFO: [ app_init ] --START--
INFO: Run Behavior\BuildLiteBehavior [ RunTime:0.000012s ]
INFO: [ app_init ] --END-- [ RunTime:0.000556s ]
INFO: [ app_begin ] --START--
INFO: Run Behavior\ReadHtmlCacheBehavior [ RunTime:0.000535s ]
INFO: [ app_begin ] --END-- [ RunTime:0.000575s ]
INFO: [ action_begin ] --START--
SQL: SHOW COLUMNS FROM `user` [ RunTime:0.0089s ]
SQL: SELECT a.id,a.role_id,b.menu_id FROM user a INNER JOIN role b on a.role_id=b.id  WHERE ( a.id=11 ) LIMIT 1   [ RunTime:0.0002s ]
SQL: SHOW COLUMNS FROM `menu` [ RunTime:0.0164s ]
SQL: SELECT `id`,`name`,`path` FROM `menu` WHERE ( id in(1,2,3,4,5,6,7,8,9,10,11,12,13,14,15,16) )  [ RunTime:0.0003s ]
INFO: Run Admin\Behavior\TestBehavior [ RunTime:0.048912s ]
INFO: [ action_begin ] --END-- [ RunTime:0.048953s ]
SQL: SHOW COLUMNS FROM `stgrade` [ RunTime:0.0107s ]
SQL: SELECT COUNT(*) AS tp_count FROM `stgrade` LIMIT 1   [ RunTime:0.0001s ]
SQL: SELECT * FROM `stgrade` ORDER BY id desc LIMIT 0,20   [ RunTime:0.0001s ]
INFO: [ view_parse ] --START--
INFO: [ template_filter ] --START--
INFO: Run Behavior\ContentReplaceBehavior [ RunTime:0.000053s ]
INFO: [ template_filter ] --END-- [ RunTime:0.000095s ]
INFO: Run Behavior\ParseTemplateBehavior [ RunTime:0.007696s ]
INFO: [ view_parse ] --END-- [ RunTime:0.007743s ]
INFO: [ view_filter ] --START--
INFO: Run Behavior\WriteHtmlCacheBehavior [ RunTime:0.000433s ]
INFO: [ view_filter ] --END-- [ RunTime:0.000466s ]
INFO: [ app_end ] --START--
INFO: Run Behavior\ShowPageTraceBehavior [ RunTime:0.000590s ]
INFO: [ app_end ] --END-- [ RunTime:0.000622s ]

[ 2020-01-06T23:32:03+08:00 ] ::1 /thinkphp3/index.php/Admin/Sort/index.html
INFO: [ app_init ] --START--
INFO: Run Behavior\BuildLiteBehavior [ RunTime:0.000008s ]
INFO: [ app_init ] --END-- [ RunTime:0.000410s ]
INFO: [ app_begin ] --START--
INFO: Run Behavior\ReadHtmlCacheBehavior [ RunTime:0.000470s ]
INFO: [ app_begin ] --END-- [ RunTime:0.000506s ]
INFO: [ action_begin ] --START--
SQL: SHOW COLUMNS FROM `user` [ RunTime:0.0394s ]
SQL: SELECT a.id,a.role_id,b.menu_id FROM user a INNER JOIN role b on a.role_id=b.id  WHERE ( a.id=11 ) LIMIT 1   [ RunTime:0.0003s ]
SQL: SHOW COLUMNS FROM `menu` [ RunTime:0.0112s ]
SQL: SELECT `id`,`name`,`path` FROM `menu` WHERE ( id in(1,2,3,4,5,6,7,8,9,10,11,12,13,14,15,16) )  [ RunTime:0.0003s ]
INFO: Run Admin\Behavior\TestBehavior [ RunTime:0.073306s ]
INFO: [ action_begin ] --END-- [ RunTime:0.073361s ]
SQL: SHOW COLUMNS FROM `sort` [ RunTime:0.0182s ]
SQL: SELECT COUNT(*) AS tp_count FROM `sort` LIMIT 1   [ RunTime:0.0004s ]
SQL: SELECT * FROM `sort` ORDER BY id desc LIMIT 0,20   [ RunTime:0.0003s ]
INFO: [ view_parse ] --START--
INFO: [ template_filter ] --START--
INFO: Run Behavior\ContentReplaceBehavior [ RunTime:0.000047s ]
INFO: [ template_filter ] --END-- [ RunTime:0.000084s ]
NOTIC: [8] Undefined index: state E:\phpstudy\PHPTutorial\WWW\thinkphp3\Application\Runtime\Cache\Admin\44f0d9bc24b2499f5bc7d8907287bbe4.php 第 38 行.
NOTIC: [8] Undefined index: state E:\phpstudy\PHPTutorial\WWW\thinkphp3\Application\Runtime\Cache\Admin\44f0d9bc24b2499f5bc7d8907287bbe4.php 第 39 行.
NOTIC: [8] Use of undefined constant create_time - assumed 'create_time' E:\phpstudy\PHPTutorial\WWW\thinkphp3\Application\Runtime\Cache\Admin\44f0d9bc24b2499f5bc7d8907287bbe4.php 第 41 行.
INFO: Run Behavior\ParseTemplateBehavior [ RunTime:0.007755s ]
INFO: [ view_parse ] --END-- [ RunTime:0.007801s ]
INFO: [ view_filter ] --START--
INFO: Run Behavior\WriteHtmlCacheBehavior [ RunTime:0.001248s ]
INFO: [ view_filter ] --END-- [ RunTime:0.001278s ]
INFO: [ app_end ] --START--
INFO: Run Behavior\ShowPageTraceBehavior [ RunTime:0.000532s ]
INFO: [ app_end ] --END-- [ RunTime:0.000564s ]

[ 2020-01-06T23:32:03+08:00 ] ::1 /thinkphp3/index.php/Admin/Stidea/index.html
INFO: [ app_init ] --START--
INFO: Run Behavior\BuildLiteBehavior [ RunTime:0.000011s ]
INFO: [ app_init ] --END-- [ RunTime:0.000509s ]
INFO: [ app_begin ] --START--
INFO: Run Behavior\ReadHtmlCacheBehavior [ RunTime:0.000609s ]
INFO: [ app_begin ] --END-- [ RunTime:0.000652s ]
INFO: [ action_begin ] --START--
SQL: SHOW COLUMNS FROM `user` [ RunTime:0.0184s ]
SQL: SELECT a.id,a.role_id,b.menu_id FROM user a INNER JOIN role b on a.role_id=b.id  WHERE ( a.id=11 ) LIMIT 1   [ RunTime:0.0003s ]
SQL: SHOW COLUMNS FROM `menu` [ RunTime:0.0103s ]
SQL: SELECT `id`,`name`,`path` FROM `menu` WHERE ( id in(1,2,3,4,5,6,7,8,9,10,11,12,13,14,15,16) )  [ RunTime:0.0003s ]
INFO: Run Admin\Behavior\TestBehavior [ RunTime:0.043495s ]
INFO: [ action_begin ] --END-- [ RunTime:0.043534s ]
SQL: SHOW COLUMNS FROM `stidea` [ RunTime:0.0100s ]
SQL: SELECT COUNT(*) AS tp_count FROM `stidea` LIMIT 1   [ RunTime:0.0002s ]
SQL: SELECT * FROM `stidea` ORDER BY id desc LIMIT 0,20   [ RunTime:0.0002s ]
INFO: [ view_parse ] --START--
INFO: [ template_filter ] --START--
INFO: Run Behavior\ContentReplaceBehavior [ RunTime:0.000050s ]
INFO: [ template_filter ] --END-- [ RunTime:0.000093s ]
INFO: Run Behavior\ParseTemplateBehavior [ RunTime:0.007232s ]
INFO: [ view_parse ] --END-- [ RunTime:0.007276s ]
INFO: [ view_filter ] --START--
INFO: Run Behavior\WriteHtmlCacheBehavior [ RunTime:0.000436s ]
INFO: [ view_filter ] --END-- [ RunTime:0.000467s ]
INFO: [ app_end ] --START--
INFO: Run Behavior\ShowPageTraceBehavior [ RunTime:0.000576s ]
INFO: [ app_end ] --END-- [ RunTime:0.000612s ]

