[ 2020-03-22T17:53:04+08:00 ] ::1 /thinkphp3//Admin
INFO: [ app_init ] --START--
INFO: Run Behavior\BuildLiteBehavior [ RunTime:0.000009s ]
INFO: [ app_init ] --END-- [ RunTime:0.000549s ]
INFO: [ app_begin ] --START--
INFO: Run Behavior\ReadHtmlCacheBehavior [ RunTime:0.008963s ]
INFO: [ app_begin ] --END-- [ RunTime:0.009020s ]
INFO: [ action_begin ] --START--
INFO: Run Admin\Behavior\TestBehavior [ RunTime:0.017289s ]
INFO: [ action_begin ] --END-- [ RunTime:0.017349s ]
INFO: [ view_parse ] --START--
INFO: [ template_filter ] --START--
INFO: Run Behavior\ContentReplaceBehavior [ RunTime:0.000033s ]
INFO: [ template_filter ] --END-- [ RunTime:0.000075s ]
INFO: Run Behavior\ParseTemplateBehavior [ RunTime:0.051248s ]
INFO: [ view_parse ] --END-- [ RunTime:0.051292s ]
INFO: [ view_filter ] --START--
INFO: Run Behavior\WriteHtmlCacheBehavior [ RunTime:0.008988s ]
INFO: [ view_filter ] --END-- [ RunTime:0.009031s ]
INFO: [ app_end ] --START--
INFO: Run Behavior\ShowPageTraceBehavior [ RunTime:0.008724s ]
INFO: [ app_end ] --END-- [ RunTime:0.008764s ]

[ 2020-03-22T17:53:04+08:00 ] ::1 /thinkphp3/index.php/Admin/Index/top.html
INFO: [ app_init ] --START--
INFO: Run Behavior\BuildLiteBehavior [ RunTime:0.000010s ]
INFO: [ app_init ] --END-- [ RunTime:0.000546s ]
INFO: [ app_begin ] --START--
INFO: Run Behavior\ReadHtmlCacheBehavior [ RunTime:0.001316s ]
INFO: [ app_begin ] --END-- [ RunTime:0.001364s ]
INFO: [ action_begin ] --START--
INFO: Run Admin\Behavior\TestBehavior [ RunTime:0.003086s ]
INFO: [ action_begin ] --END-- [ RunTime:0.003195s ]
INFO: [ view_parse ] --START--
INFO: [ template_filter ] --START--
INFO: Run Behavior\ContentReplaceBehavior [ RunTime:0.000049s ]
INFO: [ template_filter ] --END-- [ RunTime:0.000090s ]
INFO: Run Behavior\ParseTemplateBehavior [ RunTime:0.022539s ]
INFO: [ view_parse ] --END-- [ RunTime:0.022581s ]
INFO: [ view_filter ] --START--
INFO: Run Behavior\WriteHtmlCacheBehavior [ RunTime:0.000941s ]
INFO: [ view_filter ] --END-- [ RunTime:0.000971s ]
INFO: [ app_end ] --START--
INFO: Run Behavior\ShowPageTraceBehavior [ RunTime:0.001156s ]
INFO: [ app_end ] --END-- [ RunTime:0.001187s ]

[ 2020-03-22T17:53:04+08:00 ] ::1 /thinkphp3/index.php/Admin/Index/menu.html
INFO: [ app_init ] --START--
INFO: Run Behavior\BuildLiteBehavior [ RunTime:0.000009s ]
INFO: [ app_init ] --END-- [ RunTime:0.000587s ]
INFO: [ app_begin ] --START--
INFO: Run Behavior\ReadHtmlCacheBehavior [ RunTime:0.001250s ]
INFO: [ app_begin ] --END-- [ RunTime:0.001303s ]
INFO: [ action_begin ] --START--
INFO: Run Admin\Behavior\TestBehavior [ RunTime:0.002706s ]
INFO: [ action_begin ] --END-- [ RunTime:0.002776s ]
SQL: SHOW COLUMNS FROM `user` [ RunTime:0.0096s ]
NOTIC: [8] Undefined index: Type E:\phpstudy\PHPTutorial\WWW\thinkphp3\ThinkPHP\Library\Think\Db\Driver\Mysql.class.php 第 65 行.
NOTIC: [8] Undefined index: Type E:\phpstudy\PHPTutorial\WWW\thinkphp3\ThinkPHP\Library\Think\Db\Driver\Mysql.class.php 第 65 行.
NOTIC: [8] Undefined index: Type E:\phpstudy\PHPTutorial\WWW\thinkphp3\ThinkPHP\Library\Think\Db\Driver\Mysql.class.php 第 65 行.
NOTIC: [8] Undefined index: Type E:\phpstudy\PHPTutorial\WWW\thinkphp3\ThinkPHP\Library\Think\Db\Driver\Mysql.class.php 第 65 行.
NOTIC: [8] Undefined index: Type E:\phpstudy\PHPTutorial\WWW\thinkphp3\ThinkPHP\Library\Think\Db\Driver\Mysql.class.php 第 65 行.
NOTIC: [8] Undefined index: Type E:\phpstudy\PHPTutorial\WWW\thinkphp3\ThinkPHP\Library\Think\Db\Driver\Mysql.class.php 第 65 行.
NOTIC: [8] Undefined index: Type E:\phpstudy\PHPTutorial\WWW\thinkphp3\ThinkPHP\Library\Think\Db\Driver\Mysql.class.php 第 65 行.
SQL: SELECT a.id,a.username,a.role_id,b.menu_id FROM user a INNER JOIN role b on a.role_id=b.id  WHERE a.id = null LIMIT 1   [ RunTime:0.0124s ]
SQL: SHOW COLUMNS FROM `menu` [ RunTime:0.0214s ]
NOTIC: [8] Undefined index: Type E:\phpstudy\PHPTutorial\WWW\thinkphp3\ThinkPHP\Library\Think\Db\Driver\Mysql.class.php 第 65 行.
NOTIC: [8] Undefined index: Type E:\phpstudy\PHPTutorial\WWW\thinkphp3\ThinkPHP\Library\Think\Db\Driver\Mysql.class.php 第 65 行.
NOTIC: [8] Undefined index: Type E:\phpstudy\PHPTutorial\WWW\thinkphp3\ThinkPHP\Library\Think\Db\Driver\Mysql.class.php 第 65 行.
NOTIC: [8] Undefined index: Type E:\phpstudy\PHPTutorial\WWW\thinkphp3\ThinkPHP\Library\Think\Db\Driver\Mysql.class.php 第 65 行.
NOTIC: [8] Undefined index: Type E:\phpstudy\PHPTutorial\WWW\thinkphp3\ThinkPHP\Library\Think\Db\Driver\Mysql.class.php 第 65 行.
NOTIC: [8] Undefined index: Type E:\phpstudy\PHPTutorial\WWW\thinkphp3\ThinkPHP\Library\Think\Db\Driver\Mysql.class.php 第 65 行.
ERR: 1064:You have an error in your SQL syntax; check the manual that corresponds to your MySQL server version for the right syntax to use near ') ) GROUP BY b.name' at line 1
 [ SQL语句 ] : SELECT b.id,b.name FROM menu a right join nav b on a.nav_id=b.id  WHERE ( a.id in() ) GROUP BY b.name 
ERR: 1064:You have an error in your SQL syntax; check the manual that corresponds to your MySQL server version for the right syntax to use near ') ) GROUP BY b.name' at line 1
 [ SQL语句 ] : SELECT b.id,b.name FROM menu a right join nav b on a.nav_id=b.id  WHERE ( a.id in() ) GROUP BY b.name 

[ 2020-03-22T17:53:04+08:00 ] ::1 /thinkphp3/index.php/Admin/Index/main.html
INFO: [ app_init ] --START--
INFO: Run Behavior\BuildLiteBehavior [ RunTime:0.000010s ]
INFO: [ app_init ] --END-- [ RunTime:0.000633s ]
INFO: [ app_begin ] --START--
INFO: Run Behavior\ReadHtmlCacheBehavior [ RunTime:0.001127s ]
INFO: [ app_begin ] --END-- [ RunTime:0.001194s ]
INFO: [ action_begin ] --START--
INFO: Run Admin\Behavior\TestBehavior [ RunTime:0.002646s ]
INFO: [ action_begin ] --END-- [ RunTime:0.002717s ]
INFO: [ view_parse ] --START--
INFO: [ template_filter ] --START--
INFO: Run Behavior\ContentReplaceBehavior [ RunTime:0.000052s ]
INFO: [ template_filter ] --END-- [ RunTime:0.000096s ]
INFO: Run Behavior\ParseTemplateBehavior [ RunTime:0.023510s ]
INFO: [ view_parse ] --END-- [ RunTime:0.023566s ]
INFO: [ view_filter ] --START--
INFO: Run Behavior\WriteHtmlCacheBehavior [ RunTime:0.001498s ]
INFO: [ view_filter ] --END-- [ RunTime:0.001580s ]
INFO: [ app_end ] --START--
INFO: Run Behavior\ShowPageTraceBehavior [ RunTime:0.001306s ]
INFO: [ app_end ] --END-- [ RunTime:0.001352s ]

[ 2020-03-22T17:53:07+08:00 ] ::1 /thinkphp3/index.php/Admin/Login/index.html
INFO: [ app_init ] --START--
INFO: Run Behavior\BuildLiteBehavior [ RunTime:0.000010s ]
INFO: [ app_init ] --END-- [ RunTime:0.000524s ]
INFO: [ app_begin ] --START--
INFO: Run Behavior\ReadHtmlCacheBehavior [ RunTime:0.001226s ]
INFO: [ app_begin ] --END-- [ RunTime:0.001272s ]
INFO: [ action_begin ] --START--
INFO: Run Admin\Behavior\TestBehavior [ RunTime:0.002379s ]
INFO: [ action_begin ] --END-- [ RunTime:0.002431s ]
INFO: [ view_parse ] --START--
INFO: [ template_filter ] --START--
INFO: Run Behavior\ContentReplaceBehavior [ RunTime:0.000049s ]
INFO: [ template_filter ] --END-- [ RunTime:0.000089s ]
INFO: Run Behavior\ParseTemplateBehavior [ RunTime:0.026997s ]
INFO: [ view_parse ] --END-- [ RunTime:0.027070s ]
INFO: [ view_filter ] --START--
INFO: Run Behavior\WriteHtmlCacheBehavior [ RunTime:0.000953s ]
INFO: [ view_filter ] --END-- [ RunTime:0.000984s ]
INFO: [ app_end ] --START--
INFO: Run Behavior\ShowPageTraceBehavior [ RunTime:0.001047s ]
INFO: [ app_end ] --END-- [ RunTime:0.001075s ]

[ 2020-03-22T17:53:08+08:00 ] ::1 /thinkphp3/index.php/Admin/verify/index.html
INFO: [ app_init ] --START--
INFO: Run Behavior\BuildLiteBehavior [ RunTime:0.000011s ]
INFO: [ app_init ] --END-- [ RunTime:0.000567s ]
INFO: [ app_begin ] --START--
INFO: Run Behavior\ReadHtmlCacheBehavior [ RunTime:0.000785s ]
INFO: [ app_begin ] --END-- [ RunTime:0.000838s ]
INFO: [ app_end ] --START--
INFO: Run Behavior\ShowPageTraceBehavior [ RunTime:0.000910s ]
INFO: [ app_end ] --END-- [ RunTime:0.000964s ]

[ 2020-03-22T17:53:21+08:00 ] ::1 /thinkphp3/index.php/Admin/Login/validate.html
INFO: [ app_init ] --START--
INFO: Run Behavior\BuildLiteBehavior [ RunTime:0.000010s ]
INFO: [ app_init ] --END-- [ RunTime:0.000386s ]
INFO: [ app_begin ] --START--
INFO: Run Behavior\ReadHtmlCacheBehavior [ RunTime:0.000435s ]
INFO: [ app_begin ] --END-- [ RunTime:0.000473s ]
INFO: [ action_begin ] --START--
INFO: Run Admin\Behavior\TestBehavior [ RunTime:0.001295s ]
INFO: [ action_begin ] --END-- [ RunTime:0.001335s ]
SQL: SHOW COLUMNS FROM `user` [ RunTime:0.0283s ]
NOTIC: [8] Undefined index: Type E:\phpstudy\PHPTutorial\WWW\thinkphp3\ThinkPHP\Library\Think\Db\Driver\Mysql.class.php 第 65 行.
NOTIC: [8] Undefined index: Type E:\phpstudy\PHPTutorial\WWW\thinkphp3\ThinkPHP\Library\Think\Db\Driver\Mysql.class.php 第 65 行.
NOTIC: [8] Undefined index: Type E:\phpstudy\PHPTutorial\WWW\thinkphp3\ThinkPHP\Library\Think\Db\Driver\Mysql.class.php 第 65 行.
NOTIC: [8] Undefined index: Type E:\phpstudy\PHPTutorial\WWW\thinkphp3\ThinkPHP\Library\Think\Db\Driver\Mysql.class.php 第 65 行.
NOTIC: [8] Undefined index: Type E:\phpstudy\PHPTutorial\WWW\thinkphp3\ThinkPHP\Library\Think\Db\Driver\Mysql.class.php 第 65 行.
NOTIC: [8] Undefined index: Type E:\phpstudy\PHPTutorial\WWW\thinkphp3\ThinkPHP\Library\Think\Db\Driver\Mysql.class.php 第 65 行.
NOTIC: [8] Undefined index: Type E:\phpstudy\PHPTutorial\WWW\thinkphp3\ThinkPHP\Library\Think\Db\Driver\Mysql.class.php 第 65 行.

[ 2020-03-22T17:53:21+08:00 ] ::1 /thinkphp3/index.php/Admin/Login/validate.html
INFO: [ app_init ] --START--
INFO: Run Behavior\BuildLiteBehavior [ RunTime:0.000009s ]
INFO: [ app_init ] --END-- [ RunTime:0.000532s ]
INFO: [ app_begin ] --START--
INFO: Run Behavior\ReadHtmlCacheBehavior [ RunTime:0.002154s ]
INFO: [ app_begin ] --END-- [ RunTime:0.002238s ]
INFO: [ action_begin ] --START--
INFO: Run Admin\Behavior\TestBehavior [ RunTime:0.003089s ]
INFO: [ action_begin ] --END-- [ RunTime:0.003155s ]
SQL: SHOW COLUMNS FROM `user` [ RunTime:0.0175s ]
NOTIC: [8] Undefined index: Type E:\phpstudy\PHPTutorial\WWW\thinkphp3\ThinkPHP\Library\Think\Db\Driver\Mysql.class.php 第 65 行.
NOTIC: [8] Undefined index: Type E:\phpstudy\PHPTutorial\WWW\thinkphp3\ThinkPHP\Library\Think\Db\Driver\Mysql.class.php 第 65 行.
NOTIC: [8] Undefined index: Type E:\phpstudy\PHPTutorial\WWW\thinkphp3\ThinkPHP\Library\Think\Db\Driver\Mysql.class.php 第 65 行.
NOTIC: [8] Undefined index: Type E:\phpstudy\PHPTutorial\WWW\thinkphp3\ThinkPHP\Library\Think\Db\Driver\Mysql.class.php 第 65 行.
NOTIC: [8] Undefined index: Type E:\phpstudy\PHPTutorial\WWW\thinkphp3\ThinkPHP\Library\Think\Db\Driver\Mysql.class.php 第 65 行.
NOTIC: [8] Undefined index: Type E:\phpstudy\PHPTutorial\WWW\thinkphp3\ThinkPHP\Library\Think\Db\Driver\Mysql.class.php 第 65 行.
NOTIC: [8] Undefined index: Type E:\phpstudy\PHPTutorial\WWW\thinkphp3\ThinkPHP\Library\Think\Db\Driver\Mysql.class.php 第 65 行.
NOTIC: [8] Undefined index: validate E:\phpstudy\PHPTutorial\WWW\thinkphp3\ThinkPHP\Library\Think\Model.class.php 第 1185 行.
NOTIC: [8] Undefined index: auto E:\phpstudy\PHPTutorial\WWW\thinkphp3\ThinkPHP\Library\Think\Model.class.php 第 1128 行.
SQL: SELECT `id`,`password` FROM `user` WHERE `username` = 'ren' LIMIT 1   [ RunTime:0.0004s ]
INFO: [ view_parse ] --START--
INFO: [ template_filter ] --START--
INFO: Run Behavior\ContentReplaceBehavior [ RunTime:0.000035s ]
INFO: [ template_filter ] --END-- [ RunTime:0.000085s ]
INFO: Run Behavior\ParseTemplateBehavior [ RunTime:0.024419s ]
INFO: [ view_parse ] --END-- [ RunTime:0.024523s ]
INFO: [ view_filter ] --START--
INFO: Run Behavior\WriteHtmlCacheBehavior [ RunTime:0.001012s ]
INFO: [ view_filter ] --END-- [ RunTime:0.001042s ]
INFO: [ app_end ] --START--
INFO: Run Behavior\ShowPageTraceBehavior [ RunTime:0.001049s ]
INFO: [ app_end ] --END-- [ RunTime:0.001078s ]

[ 2020-03-22T17:53:21+08:00 ] ::1 /thinkphp3/index.php/Admin/Login/Index.html
INFO: [ app_init ] --START--
INFO: Run Behavior\BuildLiteBehavior [ RunTime:0.000010s ]
INFO: [ app_init ] --END-- [ RunTime:0.000358s ]
INFO: [ app_begin ] --START--
INFO: Run Behavior\ReadHtmlCacheBehavior [ RunTime:0.000428s ]
INFO: [ app_begin ] --END-- [ RunTime:0.000467s ]
INFO: [ action_begin ] --START--
INFO: Run Admin\Behavior\TestBehavior [ RunTime:0.000661s ]
INFO: [ action_begin ] --END-- [ RunTime:0.000708s ]
INFO: [ view_parse ] --START--
INFO: [ template_filter ] --START--
INFO: Run Behavior\ContentReplaceBehavior [ RunTime:0.000051s ]
INFO: [ template_filter ] --END-- [ RunTime:0.000090s ]
INFO: Run Behavior\ParseTemplateBehavior [ RunTime:0.023782s ]
INFO: [ view_parse ] --END-- [ RunTime:0.023828s ]
INFO: [ view_filter ] --START--
INFO: Run Behavior\WriteHtmlCacheBehavior [ RunTime:0.001011s ]
INFO: [ view_filter ] --END-- [ RunTime:0.001096s ]
INFO: [ app_end ] --START--
INFO: Run Behavior\ShowPageTraceBehavior [ RunTime:0.000757s ]
INFO: [ app_end ] --END-- [ RunTime:0.000816s ]

[ 2020-03-22T17:53:21+08:00 ] ::1 /thinkphp3/index.php/Admin/verify/index.html
INFO: [ app_init ] --START--
INFO: Run Behavior\BuildLiteBehavior [ RunTime:0.000009s ]
INFO: [ app_init ] --END-- [ RunTime:0.000523s ]
INFO: [ app_begin ] --START--
INFO: Run Behavior\ReadHtmlCacheBehavior [ RunTime:0.002656s ]
INFO: [ app_begin ] --END-- [ RunTime:0.002713s ]
INFO: [ app_end ] --START--
INFO: Run Behavior\ShowPageTraceBehavior [ RunTime:0.003047s ]
INFO: [ app_end ] --END-- [ RunTime:0.003112s ]

[ 2020-03-22T17:53:32+08:00 ] ::1 /thinkphp3/index.php/Admin/index/Index.html
INFO: [ app_init ] --START--
INFO: Run Behavior\BuildLiteBehavior [ RunTime:0.000011s ]
INFO: [ app_init ] --END-- [ RunTime:0.000650s ]
INFO: [ app_begin ] --START--
INFO: Run Behavior\ReadHtmlCacheBehavior [ RunTime:0.001125s ]
INFO: [ app_begin ] --END-- [ RunTime:0.001179s ]
INFO: [ action_begin ] --START--
INFO: Run Admin\Behavior\TestBehavior [ RunTime:0.002287s ]
INFO: [ action_begin ] --END-- [ RunTime:0.002350s ]
INFO: [ view_parse ] --START--
INFO: [ template_filter ] --START--
INFO: Run Behavior\ContentReplaceBehavior [ RunTime:0.000033s ]
INFO: [ template_filter ] --END-- [ RunTime:0.000074s ]
INFO: Run Behavior\ParseTemplateBehavior [ RunTime:0.010498s ]
INFO: [ view_parse ] --END-- [ RunTime:0.010615s ]
INFO: [ view_filter ] --START--
INFO: Run Behavior\WriteHtmlCacheBehavior [ RunTime:0.001492s ]
INFO: [ view_filter ] --END-- [ RunTime:0.001534s ]
INFO: [ app_end ] --START--
INFO: Run Behavior\ShowPageTraceBehavior [ RunTime:0.001175s ]
INFO: [ app_end ] --END-- [ RunTime:0.001208s ]

[ 2020-03-22T17:53:32+08:00 ] ::1 /thinkphp3/index.php/Admin/Index/main.html
INFO: [ app_init ] --START--
INFO: Run Behavior\BuildLiteBehavior [ RunTime:0.000019s ]
INFO: [ app_init ] --END-- [ RunTime:0.000995s ]
INFO: [ app_begin ] --START--
INFO: Run Behavior\ReadHtmlCacheBehavior [ RunTime:0.000513s ]
INFO: [ app_begin ] --END-- [ RunTime:0.000560s ]
INFO: [ action_begin ] --START--
INFO: Run Admin\Behavior\TestBehavior [ RunTime:0.000860s ]
INFO: [ action_begin ] --END-- [ RunTime:0.000915s ]
INFO: [ view_parse ] --START--
INFO: [ template_filter ] --START--
INFO: Run Behavior\ContentReplaceBehavior [ RunTime:0.000050s ]
INFO: [ template_filter ] --END-- [ RunTime:0.000093s ]
INFO: Run Behavior\ParseTemplateBehavior [ RunTime:0.008271s ]
INFO: [ view_parse ] --END-- [ RunTime:0.008322s ]
INFO: [ view_filter ] --START--
INFO: Run Behavior\WriteHtmlCacheBehavior [ RunTime:0.000648s ]
INFO: [ view_filter ] --END-- [ RunTime:0.000704s ]
INFO: [ app_end ] --START--
INFO: Run Behavior\ShowPageTraceBehavior [ RunTime:0.000434s ]
INFO: [ app_end ] --END-- [ RunTime:0.000468s ]

[ 2020-03-22T17:53:32+08:00 ] ::1 /thinkphp3/index.php/Admin/Index/top.html
INFO: [ app_init ] --START--
INFO: Run Behavior\BuildLiteBehavior [ RunTime:0.000012s ]
INFO: [ app_init ] --END-- [ RunTime:0.000552s ]
INFO: [ app_begin ] --START--
INFO: Run Behavior\ReadHtmlCacheBehavior [ RunTime:0.001183s ]
INFO: [ app_begin ] --END-- [ RunTime:0.001236s ]
INFO: [ action_begin ] --START--
INFO: Run Admin\Behavior\TestBehavior [ RunTime:0.002830s ]
INFO: [ action_begin ] --END-- [ RunTime:0.003114s ]
INFO: [ view_parse ] --START--
INFO: [ template_filter ] --START--
INFO: Run Behavior\ContentReplaceBehavior [ RunTime:0.000063s ]
INFO: [ template_filter ] --END-- [ RunTime:0.000117s ]
INFO: Run Behavior\ParseTemplateBehavior [ RunTime:0.009696s ]
INFO: [ view_parse ] --END-- [ RunTime:0.009746s ]
INFO: [ view_filter ] --START--
INFO: Run Behavior\WriteHtmlCacheBehavior [ RunTime:0.001166s ]
INFO: [ view_filter ] --END-- [ RunTime:0.001208s ]
INFO: [ app_end ] --START--
INFO: Run Behavior\ShowPageTraceBehavior [ RunTime:0.001288s ]
INFO: [ app_end ] --END-- [ RunTime:0.001327s ]

[ 2020-03-22T17:53:32+08:00 ] ::1 /thinkphp3/index.php/Admin/Index/menu.html
INFO: [ app_init ] --START--
INFO: Run Behavior\BuildLiteBehavior [ RunTime:0.000010s ]
INFO: [ app_init ] --END-- [ RunTime:0.000603s ]
INFO: [ app_begin ] --START--
INFO: Run Behavior\ReadHtmlCacheBehavior [ RunTime:0.001163s ]
INFO: [ app_begin ] --END-- [ RunTime:0.001212s ]
INFO: [ action_begin ] --START--
INFO: Run Admin\Behavior\TestBehavior [ RunTime:0.003385s ]
INFO: [ action_begin ] --END-- [ RunTime:0.003452s ]
SQL: SHOW COLUMNS FROM `user` [ RunTime:0.0222s ]
NOTIC: [8] Undefined index: Type E:\phpstudy\PHPTutorial\WWW\thinkphp3\ThinkPHP\Library\Think\Db\Driver\Mysql.class.php 第 65 行.
NOTIC: [8] Undefined index: Type E:\phpstudy\PHPTutorial\WWW\thinkphp3\ThinkPHP\Library\Think\Db\Driver\Mysql.class.php 第 65 行.
NOTIC: [8] Undefined index: Type E:\phpstudy\PHPTutorial\WWW\thinkphp3\ThinkPHP\Library\Think\Db\Driver\Mysql.class.php 第 65 行.
NOTIC: [8] Undefined index: Type E:\phpstudy\PHPTutorial\WWW\thinkphp3\ThinkPHP\Library\Think\Db\Driver\Mysql.class.php 第 65 行.
NOTIC: [8] Undefined index: Type E:\phpstudy\PHPTutorial\WWW\thinkphp3\ThinkPHP\Library\Think\Db\Driver\Mysql.class.php 第 65 行.
NOTIC: [8] Undefined index: Type E:\phpstudy\PHPTutorial\WWW\thinkphp3\ThinkPHP\Library\Think\Db\Driver\Mysql.class.php 第 65 行.
NOTIC: [8] Undefined index: Type E:\phpstudy\PHPTutorial\WWW\thinkphp3\ThinkPHP\Library\Think\Db\Driver\Mysql.class.php 第 65 行.
SQL: SELECT a.id,a.username,a.role_id,b.menu_id FROM user a INNER JOIN role b on a.role_id=b.id  WHERE a.id = '11' LIMIT 1   [ RunTime:0.0003s ]
SQL: SHOW COLUMNS FROM `menu` [ RunTime:0.0103s ]
NOTIC: [8] Undefined index: Type E:\phpstudy\PHPTutorial\WWW\thinkphp3\ThinkPHP\Library\Think\Db\Driver\Mysql.class.php 第 65 行.
NOTIC: [8] Undefined index: Type E:\phpstudy\PHPTutorial\WWW\thinkphp3\ThinkPHP\Library\Think\Db\Driver\Mysql.class.php 第 65 行.
NOTIC: [8] Undefined index: Type E:\phpstudy\PHPTutorial\WWW\thinkphp3\ThinkPHP\Library\Think\Db\Driver\Mysql.class.php 第 65 行.
NOTIC: [8] Undefined index: Type E:\phpstudy\PHPTutorial\WWW\thinkphp3\ThinkPHP\Library\Think\Db\Driver\Mysql.class.php 第 65 行.
NOTIC: [8] Undefined index: Type E:\phpstudy\PHPTutorial\WWW\thinkphp3\ThinkPHP\Library\Think\Db\Driver\Mysql.class.php 第 65 行.
NOTIC: [8] Undefined index: Type E:\phpstudy\PHPTutorial\WWW\thinkphp3\ThinkPHP\Library\Think\Db\Driver\Mysql.class.php 第 65 行.
SQL: SELECT b.id,b.name FROM menu a right join nav b on a.nav_id=b.id  WHERE ( a.id in(1,2,3,4,5,6,7,8,9,10,11,12,13,14,15,16) ) GROUP BY b.name  [ RunTime:0.0147s ]
SQL: SHOW COLUMNS FROM `menu` [ RunTime:0.0093s ]
NOTIC: [8] Undefined index: Type E:\phpstudy\PHPTutorial\WWW\thinkphp3\ThinkPHP\Library\Think\Db\Driver\Mysql.class.php 第 65 行.
NOTIC: [8] Undefined index: Type E:\phpstudy\PHPTutorial\WWW\thinkphp3\ThinkPHP\Library\Think\Db\Driver\Mysql.class.php 第 65 行.
NOTIC: [8] Undefined index: Type E:\phpstudy\PHPTutorial\WWW\thinkphp3\ThinkPHP\Library\Think\Db\Driver\Mysql.class.php 第 65 行.
NOTIC: [8] Undefined index: Type E:\phpstudy\PHPTutorial\WWW\thinkphp3\ThinkPHP\Library\Think\Db\Driver\Mysql.class.php 第 65 行.
NOTIC: [8] Undefined index: Type E:\phpstudy\PHPTutorial\WWW\thinkphp3\ThinkPHP\Library\Think\Db\Driver\Mysql.class.php 第 65 行.
NOTIC: [8] Undefined index: Type E:\phpstudy\PHPTutorial\WWW\thinkphp3\ThinkPHP\Library\Think\Db\Driver\Mysql.class.php 第 65 行.
SQL: SELECT `id`,`name`,`nav_id`,`path` FROM `menu` WHERE ( id in(1,2,3,4,5,6,7,8,9,10,11,12,13,14,15,16) )  [ RunTime:0.0002s ]
INFO: [ view_parse ] --START--
INFO: [ template_filter ] --START--
INFO: Run Behavior\ContentReplaceBehavior [ RunTime:0.000096s ]
INFO: [ template_filter ] --END-- [ RunTime:0.000137s ]
INFO: Run Behavior\ParseTemplateBehavior [ RunTime:0.030790s ]
INFO: [ view_parse ] --END-- [ RunTime:0.030839s ]
INFO: [ view_filter ] --START--
INFO: Run Behavior\WriteHtmlCacheBehavior [ RunTime:0.001037s ]
INFO: [ view_filter ] --END-- [ RunTime:0.001072s ]
INFO: [ app_end ] --START--
INFO: Run Behavior\ShowPageTraceBehavior [ RunTime:0.001236s ]
INFO: [ app_end ] --END-- [ RunTime:0.001285s ]

[ 2020-03-22T17:53:35+08:00 ] ::1 /thinkphp3/index.php/Admin/Inves/index.html
INFO: [ app_init ] --START--
INFO: Run Behavior\BuildLiteBehavior [ RunTime:0.000009s ]
INFO: [ app_init ] --END-- [ RunTime:0.000456s ]
INFO: [ app_begin ] --START--
INFO: Run Behavior\ReadHtmlCacheBehavior [ RunTime:0.000600s ]
INFO: [ app_begin ] --END-- [ RunTime:0.000636s ]
INFO: [ action_begin ] --START--
SQL: SHOW COLUMNS FROM `user` [ RunTime:0.0090s ]
NOTIC: [8] Undefined index: Type E:\phpstudy\PHPTutorial\WWW\thinkphp3\ThinkPHP\Library\Think\Db\Driver\Mysql.class.php 第 65 行.
NOTIC: [8] Undefined index: Type E:\phpstudy\PHPTutorial\WWW\thinkphp3\ThinkPHP\Library\Think\Db\Driver\Mysql.class.php 第 65 行.
NOTIC: [8] Undefined index: Type E:\phpstudy\PHPTutorial\WWW\thinkphp3\ThinkPHP\Library\Think\Db\Driver\Mysql.class.php 第 65 行.
NOTIC: [8] Undefined index: Type E:\phpstudy\PHPTutorial\WWW\thinkphp3\ThinkPHP\Library\Think\Db\Driver\Mysql.class.php 第 65 行.
NOTIC: [8] Undefined index: Type E:\phpstudy\PHPTutorial\WWW\thinkphp3\ThinkPHP\Library\Think\Db\Driver\Mysql.class.php 第 65 行.
NOTIC: [8] Undefined index: Type E:\phpstudy\PHPTutorial\WWW\thinkphp3\ThinkPHP\Library\Think\Db\Driver\Mysql.class.php 第 65 行.
NOTIC: [8] Undefined index: Type E:\phpstudy\PHPTutorial\WWW\thinkphp3\ThinkPHP\Library\Think\Db\Driver\Mysql.class.php 第 65 行.
SQL: SELECT a.id,a.role_id,b.menu_id FROM user a INNER JOIN role b on a.role_id=b.id  WHERE ( a.id=11 ) LIMIT 1   [ RunTime:0.0003s ]
SQL: SHOW COLUMNS FROM `menu` [ RunTime:0.0091s ]
NOTIC: [8] Undefined index: Type E:\phpstudy\PHPTutorial\WWW\thinkphp3\ThinkPHP\Library\Think\Db\Driver\Mysql.class.php 第 65 行.
NOTIC: [8] Undefined index: Type E:\phpstudy\PHPTutorial\WWW\thinkphp3\ThinkPHP\Library\Think\Db\Driver\Mysql.class.php 第 65 行.
NOTIC: [8] Undefined index: Type E:\phpstudy\PHPTutorial\WWW\thinkphp3\ThinkPHP\Library\Think\Db\Driver\Mysql.class.php 第 65 行.
NOTIC: [8] Undefined index: Type E:\phpstudy\PHPTutorial\WWW\thinkphp3\ThinkPHP\Library\Think\Db\Driver\Mysql.class.php 第 65 行.
NOTIC: [8] Undefined index: Type E:\phpstudy\PHPTutorial\WWW\thinkphp3\ThinkPHP\Library\Think\Db\Driver\Mysql.class.php 第 65 行.
NOTIC: [8] Undefined index: Type E:\phpstudy\PHPTutorial\WWW\thinkphp3\ThinkPHP\Library\Think\Db\Driver\Mysql.class.php 第 65 行.
SQL: SELECT `id`,`name`,`path` FROM `menu` WHERE ( id in(1,2,3,4,5,6,7,8,9,10,11,12,13,14,15,16) )  [ RunTime:0.0003s ]

[ 2020-03-22T17:53:36+08:00 ] ::1 /thinkphp3/index.php/Admin/Teacher/index.html
INFO: [ app_init ] --START--
INFO: Run Behavior\BuildLiteBehavior [ RunTime:0.000009s ]
INFO: [ app_init ] --END-- [ RunTime:0.000338s ]
INFO: [ app_begin ] --START--
INFO: Run Behavior\ReadHtmlCacheBehavior [ RunTime:0.000389s ]
INFO: [ app_begin ] --END-- [ RunTime:0.000425s ]
INFO: [ action_begin ] --START--
SQL: SHOW COLUMNS FROM `user` [ RunTime:0.0183s ]
NOTIC: [8] Undefined index: Type E:\phpstudy\PHPTutorial\WWW\thinkphp3\ThinkPHP\Library\Think\Db\Driver\Mysql.class.php 第 65 行.
NOTIC: [8] Undefined index: Type E:\phpstudy\PHPTutorial\WWW\thinkphp3\ThinkPHP\Library\Think\Db\Driver\Mysql.class.php 第 65 行.
NOTIC: [8] Undefined index: Type E:\phpstudy\PHPTutorial\WWW\thinkphp3\ThinkPHP\Library\Think\Db\Driver\Mysql.class.php 第 65 行.
NOTIC: [8] Undefined index: Type E:\phpstudy\PHPTutorial\WWW\thinkphp3\ThinkPHP\Library\Think\Db\Driver\Mysql.class.php 第 65 行.
NOTIC: [8] Undefined index: Type E:\phpstudy\PHPTutorial\WWW\thinkphp3\ThinkPHP\Library\Think\Db\Driver\Mysql.class.php 第 65 行.
NOTIC: [8] Undefined index: Type E:\phpstudy\PHPTutorial\WWW\thinkphp3\ThinkPHP\Library\Think\Db\Driver\Mysql.class.php 第 65 行.
NOTIC: [8] Undefined index: Type E:\phpstudy\PHPTutorial\WWW\thinkphp3\ThinkPHP\Library\Think\Db\Driver\Mysql.class.php 第 65 行.
SQL: SELECT a.id,a.role_id,b.menu_id FROM user a INNER JOIN role b on a.role_id=b.id  WHERE ( a.id=11 ) LIMIT 1   [ RunTime:0.0003s ]
SQL: SHOW COLUMNS FROM `menu` [ RunTime:0.0162s ]
NOTIC: [8] Undefined index: Type E:\phpstudy\PHPTutorial\WWW\thinkphp3\ThinkPHP\Library\Think\Db\Driver\Mysql.class.php 第 65 行.
NOTIC: [8] Undefined index: Type E:\phpstudy\PHPTutorial\WWW\thinkphp3\ThinkPHP\Library\Think\Db\Driver\Mysql.class.php 第 65 行.
NOTIC: [8] Undefined index: Type E:\phpstudy\PHPTutorial\WWW\thinkphp3\ThinkPHP\Library\Think\Db\Driver\Mysql.class.php 第 65 行.
NOTIC: [8] Undefined index: Type E:\phpstudy\PHPTutorial\WWW\thinkphp3\ThinkPHP\Library\Think\Db\Driver\Mysql.class.php 第 65 行.
NOTIC: [8] Undefined index: Type E:\phpstudy\PHPTutorial\WWW\thinkphp3\ThinkPHP\Library\Think\Db\Driver\Mysql.class.php 第 65 行.
NOTIC: [8] Undefined index: Type E:\phpstudy\PHPTutorial\WWW\thinkphp3\ThinkPHP\Library\Think\Db\Driver\Mysql.class.php 第 65 行.
SQL: SELECT `id`,`name`,`path` FROM `menu` WHERE ( id in(1,2,3,4,5,6,7,8,9,10,11,12,13,14,15,16) )  [ RunTime:0.0003s ]

[ 2020-03-22T17:53:37+08:00 ] ::1 /thinkphp3/index.php/Admin/Dept/index.html
INFO: [ app_init ] --START--
INFO: Run Behavior\BuildLiteBehavior [ RunTime:0.000009s ]
INFO: [ app_init ] --END-- [ RunTime:0.000339s ]
INFO: [ app_begin ] --START--
INFO: Run Behavior\ReadHtmlCacheBehavior [ RunTime:0.000449s ]
INFO: [ app_begin ] --END-- [ RunTime:0.000485s ]
INFO: [ action_begin ] --START--
SQL: SHOW COLUMNS FROM `user` [ RunTime:0.0109s ]
NOTIC: [8] Undefined index: Type E:\phpstudy\PHPTutorial\WWW\thinkphp3\ThinkPHP\Library\Think\Db\Driver\Mysql.class.php 第 65 行.
NOTIC: [8] Undefined index: Type E:\phpstudy\PHPTutorial\WWW\thinkphp3\ThinkPHP\Library\Think\Db\Driver\Mysql.class.php 第 65 行.
NOTIC: [8] Undefined index: Type E:\phpstudy\PHPTutorial\WWW\thinkphp3\ThinkPHP\Library\Think\Db\Driver\Mysql.class.php 第 65 行.
NOTIC: [8] Undefined index: Type E:\phpstudy\PHPTutorial\WWW\thinkphp3\ThinkPHP\Library\Think\Db\Driver\Mysql.class.php 第 65 行.
NOTIC: [8] Undefined index: Type E:\phpstudy\PHPTutorial\WWW\thinkphp3\ThinkPHP\Library\Think\Db\Driver\Mysql.class.php 第 65 行.
NOTIC: [8] Undefined index: Type E:\phpstudy\PHPTutorial\WWW\thinkphp3\ThinkPHP\Library\Think\Db\Driver\Mysql.class.php 第 65 行.
NOTIC: [8] Undefined index: Type E:\phpstudy\PHPTutorial\WWW\thinkphp3\ThinkPHP\Library\Think\Db\Driver\Mysql.class.php 第 65 行.
SQL: SELECT a.id,a.role_id,b.menu_id FROM user a INNER JOIN role b on a.role_id=b.id  WHERE ( a.id=11 ) LIMIT 1   [ RunTime:0.0003s ]
SQL: SHOW COLUMNS FROM `menu` [ RunTime:0.0192s ]
NOTIC: [8] Undefined index: Type E:\phpstudy\PHPTutorial\WWW\thinkphp3\ThinkPHP\Library\Think\Db\Driver\Mysql.class.php 第 65 行.
NOTIC: [8] Undefined index: Type E:\phpstudy\PHPTutorial\WWW\thinkphp3\ThinkPHP\Library\Think\Db\Driver\Mysql.class.php 第 65 行.
NOTIC: [8] Undefined index: Type E:\phpstudy\PHPTutorial\WWW\thinkphp3\ThinkPHP\Library\Think\Db\Driver\Mysql.class.php 第 65 行.
NOTIC: [8] Undefined index: Type E:\phpstudy\PHPTutorial\WWW\thinkphp3\ThinkPHP\Library\Think\Db\Driver\Mysql.class.php 第 65 行.
NOTIC: [8] Undefined index: Type E:\phpstudy\PHPTutorial\WWW\thinkphp3\ThinkPHP\Library\Think\Db\Driver\Mysql.class.php 第 65 行.
NOTIC: [8] Undefined index: Type E:\phpstudy\PHPTutorial\WWW\thinkphp3\ThinkPHP\Library\Think\Db\Driver\Mysql.class.php 第 65 行.
SQL: SELECT `id`,`name`,`path` FROM `menu` WHERE ( id in(1,2,3,4,5,6,7,8,9,10,11,12,13,14,15,16) )  [ RunTime:0.0004s ]

[ 2020-03-22T17:53:38+08:00 ] ::1 /thinkphp3/index.php/Admin/Class/index.html
INFO: [ app_init ] --START--
INFO: Run Behavior\BuildLiteBehavior [ RunTime:0.000009s ]
INFO: [ app_init ] --END-- [ RunTime:0.000353s ]
INFO: [ app_begin ] --START--
INFO: Run Behavior\ReadHtmlCacheBehavior [ RunTime:0.000412s ]
INFO: [ app_begin ] --END-- [ RunTime:0.000449s ]
INFO: [ action_begin ] --START--
SQL: SHOW COLUMNS FROM `user` [ RunTime:0.0097s ]
NOTIC: [8] Undefined index: Type E:\phpstudy\PHPTutorial\WWW\thinkphp3\ThinkPHP\Library\Think\Db\Driver\Mysql.class.php 第 65 行.
NOTIC: [8] Undefined index: Type E:\phpstudy\PHPTutorial\WWW\thinkphp3\ThinkPHP\Library\Think\Db\Driver\Mysql.class.php 第 65 行.
NOTIC: [8] Undefined index: Type E:\phpstudy\PHPTutorial\WWW\thinkphp3\ThinkPHP\Library\Think\Db\Driver\Mysql.class.php 第 65 行.
NOTIC: [8] Undefined index: Type E:\phpstudy\PHPTutorial\WWW\thinkphp3\ThinkPHP\Library\Think\Db\Driver\Mysql.class.php 第 65 行.
NOTIC: [8] Undefined index: Type E:\phpstudy\PHPTutorial\WWW\thinkphp3\ThinkPHP\Library\Think\Db\Driver\Mysql.class.php 第 65 行.
NOTIC: [8] Undefined index: Type E:\phpstudy\PHPTutorial\WWW\thinkphp3\ThinkPHP\Library\Think\Db\Driver\Mysql.class.php 第 65 行.
NOTIC: [8] Undefined index: Type E:\phpstudy\PHPTutorial\WWW\thinkphp3\ThinkPHP\Library\Think\Db\Driver\Mysql.class.php 第 65 行.
SQL: SELECT a.id,a.role_id,b.menu_id FROM user a INNER JOIN role b on a.role_id=b.id  WHERE ( a.id=11 ) LIMIT 1   [ RunTime:0.0003s ]
SQL: SHOW COLUMNS FROM `menu` [ RunTime:0.0099s ]
NOTIC: [8] Undefined index: Type E:\phpstudy\PHPTutorial\WWW\thinkphp3\ThinkPHP\Library\Think\Db\Driver\Mysql.class.php 第 65 行.
NOTIC: [8] Undefined index: Type E:\phpstudy\PHPTutorial\WWW\thinkphp3\ThinkPHP\Library\Think\Db\Driver\Mysql.class.php 第 65 行.
NOTIC: [8] Undefined index: Type E:\phpstudy\PHPTutorial\WWW\thinkphp3\ThinkPHP\Library\Think\Db\Driver\Mysql.class.php 第 65 行.
NOTIC: [8] Undefined index: Type E:\phpstudy\PHPTutorial\WWW\thinkphp3\ThinkPHP\Library\Think\Db\Driver\Mysql.class.php 第 65 行.
NOTIC: [8] Undefined index: Type E:\phpstudy\PHPTutorial\WWW\thinkphp3\ThinkPHP\Library\Think\Db\Driver\Mysql.class.php 第 65 行.
NOTIC: [8] Undefined index: Type E:\phpstudy\PHPTutorial\WWW\thinkphp3\ThinkPHP\Library\Think\Db\Driver\Mysql.class.php 第 65 行.
SQL: SELECT `id`,`name`,`path` FROM `menu` WHERE ( id in(1,2,3,4,5,6,7,8,9,10,11,12,13,14,15,16) )  [ RunTime:0.0003s ]

[ 2020-03-22T17:53:38+08:00 ] ::1 /thinkphp3/index.php/Admin/Special/index.html
INFO: [ app_init ] --START--
INFO: Run Behavior\BuildLiteBehavior [ RunTime:0.000009s ]
INFO: [ app_init ] --END-- [ RunTime:0.000359s ]
INFO: [ app_begin ] --START--
INFO: Run Behavior\ReadHtmlCacheBehavior [ RunTime:0.000513s ]
INFO: [ app_begin ] --END-- [ RunTime:0.000552s ]
INFO: [ action_begin ] --START--
SQL: SHOW COLUMNS FROM `user` [ RunTime:0.0110s ]
NOTIC: [8] Undefined index: Type E:\phpstudy\PHPTutorial\WWW\thinkphp3\ThinkPHP\Library\Think\Db\Driver\Mysql.class.php 第 65 行.
NOTIC: [8] Undefined index: Type E:\phpstudy\PHPTutorial\WWW\thinkphp3\ThinkPHP\Library\Think\Db\Driver\Mysql.class.php 第 65 行.
NOTIC: [8] Undefined index: Type E:\phpstudy\PHPTutorial\WWW\thinkphp3\ThinkPHP\Library\Think\Db\Driver\Mysql.class.php 第 65 行.
NOTIC: [8] Undefined index: Type E:\phpstudy\PHPTutorial\WWW\thinkphp3\ThinkPHP\Library\Think\Db\Driver\Mysql.class.php 第 65 行.
NOTIC: [8] Undefined index: Type E:\phpstudy\PHPTutorial\WWW\thinkphp3\ThinkPHP\Library\Think\Db\Driver\Mysql.class.php 第 65 行.
NOTIC: [8] Undefined index: Type E:\phpstudy\PHPTutorial\WWW\thinkphp3\ThinkPHP\Library\Think\Db\Driver\Mysql.class.php 第 65 行.
NOTIC: [8] Undefined index: Type E:\phpstudy\PHPTutorial\WWW\thinkphp3\ThinkPHP\Library\Think\Db\Driver\Mysql.class.php 第 65 行.
SQL: SELECT a.id,a.role_id,b.menu_id FROM user a INNER JOIN role b on a.role_id=b.id  WHERE ( a.id=11 ) LIMIT 1   [ RunTime:0.0003s ]
SQL: SHOW COLUMNS FROM `menu` [ RunTime:0.0092s ]
NOTIC: [8] Undefined index: Type E:\phpstudy\PHPTutorial\WWW\thinkphp3\ThinkPHP\Library\Think\Db\Driver\Mysql.class.php 第 65 行.
NOTIC: [8] Undefined index: Type E:\phpstudy\PHPTutorial\WWW\thinkphp3\ThinkPHP\Library\Think\Db\Driver\Mysql.class.php 第 65 行.
NOTIC: [8] Undefined index: Type E:\phpstudy\PHPTutorial\WWW\thinkphp3\ThinkPHP\Library\Think\Db\Driver\Mysql.class.php 第 65 行.
NOTIC: [8] Undefined index: Type E:\phpstudy\PHPTutorial\WWW\thinkphp3\ThinkPHP\Library\Think\Db\Driver\Mysql.class.php 第 65 行.
NOTIC: [8] Undefined index: Type E:\phpstudy\PHPTutorial\WWW\thinkphp3\ThinkPHP\Library\Think\Db\Driver\Mysql.class.php 第 65 行.
NOTIC: [8] Undefined index: Type E:\phpstudy\PHPTutorial\WWW\thinkphp3\ThinkPHP\Library\Think\Db\Driver\Mysql.class.php 第 65 行.
SQL: SELECT `id`,`name`,`path` FROM `menu` WHERE ( id in(1,2,3,4,5,6,7,8,9,10,11,12,13,14,15,16) )  [ RunTime:0.0005s ]

[ 2020-03-22T17:53:39+08:00 ] ::1 /thinkphp3/index.php/Admin/Headmaster/index.html
INFO: [ app_init ] --START--
INFO: Run Behavior\BuildLiteBehavior [ RunTime:0.000009s ]
INFO: [ app_init ] --END-- [ RunTime:0.000367s ]
INFO: [ app_begin ] --START--
INFO: Run Behavior\ReadHtmlCacheBehavior [ RunTime:0.000454s ]
INFO: [ app_begin ] --END-- [ RunTime:0.000501s ]
INFO: [ action_begin ] --START--
SQL: SHOW COLUMNS FROM `user` [ RunTime:0.0090s ]
NOTIC: [8] Undefined index: Type E:\phpstudy\PHPTutorial\WWW\thinkphp3\ThinkPHP\Library\Think\Db\Driver\Mysql.class.php 第 65 行.
NOTIC: [8] Undefined index: Type E:\phpstudy\PHPTutorial\WWW\thinkphp3\ThinkPHP\Library\Think\Db\Driver\Mysql.class.php 第 65 行.
NOTIC: [8] Undefined index: Type E:\phpstudy\PHPTutorial\WWW\thinkphp3\ThinkPHP\Library\Think\Db\Driver\Mysql.class.php 第 65 行.
NOTIC: [8] Undefined index: Type E:\phpstudy\PHPTutorial\WWW\thinkphp3\ThinkPHP\Library\Think\Db\Driver\Mysql.class.php 第 65 行.
NOTIC: [8] Undefined index: Type E:\phpstudy\PHPTutorial\WWW\thinkphp3\ThinkPHP\Library\Think\Db\Driver\Mysql.class.php 第 65 行.
NOTIC: [8] Undefined index: Type E:\phpstudy\PHPTutorial\WWW\thinkphp3\ThinkPHP\Library\Think\Db\Driver\Mysql.class.php 第 65 行.
NOTIC: [8] Undefined index: Type E:\phpstudy\PHPTutorial\WWW\thinkphp3\ThinkPHP\Library\Think\Db\Driver\Mysql.class.php 第 65 行.
SQL: SELECT a.id,a.role_id,b.menu_id FROM user a INNER JOIN role b on a.role_id=b.id  WHERE ( a.id=11 ) LIMIT 1   [ RunTime:0.0003s ]
SQL: SHOW COLUMNS FROM `menu` [ RunTime:0.0093s ]
NOTIC: [8] Undefined index: Type E:\phpstudy\PHPTutorial\WWW\thinkphp3\ThinkPHP\Library\Think\Db\Driver\Mysql.class.php 第 65 行.
NOTIC: [8] Undefined index: Type E:\phpstudy\PHPTutorial\WWW\thinkphp3\ThinkPHP\Library\Think\Db\Driver\Mysql.class.php 第 65 行.
NOTIC: [8] Undefined index: Type E:\phpstudy\PHPTutorial\WWW\thinkphp3\ThinkPHP\Library\Think\Db\Driver\Mysql.class.php 第 65 行.
NOTIC: [8] Undefined index: Type E:\phpstudy\PHPTutorial\WWW\thinkphp3\ThinkPHP\Library\Think\Db\Driver\Mysql.class.php 第 65 行.
NOTIC: [8] Undefined index: Type E:\phpstudy\PHPTutorial\WWW\thinkphp3\ThinkPHP\Library\Think\Db\Driver\Mysql.class.php 第 65 行.
NOTIC: [8] Undefined index: Type E:\phpstudy\PHPTutorial\WWW\thinkphp3\ThinkPHP\Library\Think\Db\Driver\Mysql.class.php 第 65 行.
SQL: SELECT `id`,`name`,`path` FROM `menu` WHERE ( id in(1,2,3,4,5,6,7,8,9,10,11,12,13,14,15,16) )  [ RunTime:0.0003s ]

[ 2020-03-22T17:53:40+08:00 ] ::1 /thinkphp3/index.php/Admin/Nav/index.html
INFO: [ app_init ] --START--
INFO: Run Behavior\BuildLiteBehavior [ RunTime:0.000009s ]
INFO: [ app_init ] --END-- [ RunTime:0.000353s ]
INFO: [ app_begin ] --START--
INFO: Run Behavior\ReadHtmlCacheBehavior [ RunTime:0.000407s ]
INFO: [ app_begin ] --END-- [ RunTime:0.000444s ]
INFO: [ action_begin ] --START--
SQL: SHOW COLUMNS FROM `user` [ RunTime:0.0211s ]
NOTIC: [8] Undefined index: Type E:\phpstudy\PHPTutorial\WWW\thinkphp3\ThinkPHP\Library\Think\Db\Driver\Mysql.class.php 第 65 行.
NOTIC: [8] Undefined index: Type E:\phpstudy\PHPTutorial\WWW\thinkphp3\ThinkPHP\Library\Think\Db\Driver\Mysql.class.php 第 65 行.
NOTIC: [8] Undefined index: Type E:\phpstudy\PHPTutorial\WWW\thinkphp3\ThinkPHP\Library\Think\Db\Driver\Mysql.class.php 第 65 行.
NOTIC: [8] Undefined index: Type E:\phpstudy\PHPTutorial\WWW\thinkphp3\ThinkPHP\Library\Think\Db\Driver\Mysql.class.php 第 65 行.
NOTIC: [8] Undefined index: Type E:\phpstudy\PHPTutorial\WWW\thinkphp3\ThinkPHP\Library\Think\Db\Driver\Mysql.class.php 第 65 行.
NOTIC: [8] Undefined index: Type E:\phpstudy\PHPTutorial\WWW\thinkphp3\ThinkPHP\Library\Think\Db\Driver\Mysql.class.php 第 65 行.
NOTIC: [8] Undefined index: Type E:\phpstudy\PHPTutorial\WWW\thinkphp3\ThinkPHP\Library\Think\Db\Driver\Mysql.class.php 第 65 行.
SQL: SELECT a.id,a.role_id,b.menu_id FROM user a INNER JOIN role b on a.role_id=b.id  WHERE ( a.id=11 ) LIMIT 1   [ RunTime:0.0003s ]
SQL: SHOW COLUMNS FROM `menu` [ RunTime:0.0110s ]
NOTIC: [8] Undefined index: Type E:\phpstudy\PHPTutorial\WWW\thinkphp3\ThinkPHP\Library\Think\Db\Driver\Mysql.class.php 第 65 行.
NOTIC: [8] Undefined index: Type E:\phpstudy\PHPTutorial\WWW\thinkphp3\ThinkPHP\Library\Think\Db\Driver\Mysql.class.php 第 65 行.
NOTIC: [8] Undefined index: Type E:\phpstudy\PHPTutorial\WWW\thinkphp3\ThinkPHP\Library\Think\Db\Driver\Mysql.class.php 第 65 行.
NOTIC: [8] Undefined index: Type E:\phpstudy\PHPTutorial\WWW\thinkphp3\ThinkPHP\Library\Think\Db\Driver\Mysql.class.php 第 65 行.
NOTIC: [8] Undefined index: Type E:\phpstudy\PHPTutorial\WWW\thinkphp3\ThinkPHP\Library\Think\Db\Driver\Mysql.class.php 第 65 行.
NOTIC: [8] Undefined index: Type E:\phpstudy\PHPTutorial\WWW\thinkphp3\ThinkPHP\Library\Think\Db\Driver\Mysql.class.php 第 65 行.
SQL: SELECT `id`,`name`,`path` FROM `menu` WHERE ( id in(1,2,3,4,5,6,7,8,9,10,11,12,13,14,15,16) )  [ RunTime:0.0003s ]

[ 2020-03-22T17:53:41+08:00 ] ::1 /thinkphp3/index.php/Admin/Role/index.html
INFO: [ app_init ] --START--
INFO: Run Behavior\BuildLiteBehavior [ RunTime:0.000009s ]
INFO: [ app_init ] --END-- [ RunTime:0.000544s ]
INFO: [ app_begin ] --START--
INFO: Run Behavior\ReadHtmlCacheBehavior [ RunTime:0.000392s ]
INFO: [ app_begin ] --END-- [ RunTime:0.000427s ]
INFO: [ action_begin ] --START--
SQL: SHOW COLUMNS FROM `user` [ RunTime:0.0194s ]
NOTIC: [8] Undefined index: Type E:\phpstudy\PHPTutorial\WWW\thinkphp3\ThinkPHP\Library\Think\Db\Driver\Mysql.class.php 第 65 行.
NOTIC: [8] Undefined index: Type E:\phpstudy\PHPTutorial\WWW\thinkphp3\ThinkPHP\Library\Think\Db\Driver\Mysql.class.php 第 65 行.
NOTIC: [8] Undefined index: Type E:\phpstudy\PHPTutorial\WWW\thinkphp3\ThinkPHP\Library\Think\Db\Driver\Mysql.class.php 第 65 行.
NOTIC: [8] Undefined index: Type E:\phpstudy\PHPTutorial\WWW\thinkphp3\ThinkPHP\Library\Think\Db\Driver\Mysql.class.php 第 65 行.
NOTIC: [8] Undefined index: Type E:\phpstudy\PHPTutorial\WWW\thinkphp3\ThinkPHP\Library\Think\Db\Driver\Mysql.class.php 第 65 行.
NOTIC: [8] Undefined index: Type E:\phpstudy\PHPTutorial\WWW\thinkphp3\ThinkPHP\Library\Think\Db\Driver\Mysql.class.php 第 65 行.
NOTIC: [8] Undefined index: Type E:\phpstudy\PHPTutorial\WWW\thinkphp3\ThinkPHP\Library\Think\Db\Driver\Mysql.class.php 第 65 行.
SQL: SELECT a.id,a.role_id,b.menu_id FROM user a INNER JOIN role b on a.role_id=b.id  WHERE ( a.id=11 ) LIMIT 1   [ RunTime:0.0003s ]
SQL: SHOW COLUMNS FROM `menu` [ RunTime:0.0170s ]
NOTIC: [8] Undefined index: Type E:\phpstudy\PHPTutorial\WWW\thinkphp3\ThinkPHP\Library\Think\Db\Driver\Mysql.class.php 第 65 行.
NOTIC: [8] Undefined index: Type E:\phpstudy\PHPTutorial\WWW\thinkphp3\ThinkPHP\Library\Think\Db\Driver\Mysql.class.php 第 65 行.
NOTIC: [8] Undefined index: Type E:\phpstudy\PHPTutorial\WWW\thinkphp3\ThinkPHP\Library\Think\Db\Driver\Mysql.class.php 第 65 行.
NOTIC: [8] Undefined index: Type E:\phpstudy\PHPTutorial\WWW\thinkphp3\ThinkPHP\Library\Think\Db\Driver\Mysql.class.php 第 65 行.
NOTIC: [8] Undefined index: Type E:\phpstudy\PHPTutorial\WWW\thinkphp3\ThinkPHP\Library\Think\Db\Driver\Mysql.class.php 第 65 行.
NOTIC: [8] Undefined index: Type E:\phpstudy\PHPTutorial\WWW\thinkphp3\ThinkPHP\Library\Think\Db\Driver\Mysql.class.php 第 65 行.
SQL: SELECT `id`,`name`,`path` FROM `menu` WHERE ( id in(1,2,3,4,5,6,7,8,9,10,11,12,13,14,15,16) )  [ RunTime:0.0003s ]

[ 2020-03-22T17:53:41+08:00 ] ::1 /thinkphp3/index.php/Admin/Menu/index.html
INFO: [ app_init ] --START--
INFO: Run Behavior\BuildLiteBehavior [ RunTime:0.000008s ]
INFO: [ app_init ] --END-- [ RunTime:0.000329s ]
INFO: [ app_begin ] --START--
INFO: Run Behavior\ReadHtmlCacheBehavior [ RunTime:0.000417s ]
INFO: [ app_begin ] --END-- [ RunTime:0.000452s ]
INFO: [ action_begin ] --START--
SQL: SHOW COLUMNS FROM `user` [ RunTime:0.0094s ]
NOTIC: [8] Undefined index: Type E:\phpstudy\PHPTutorial\WWW\thinkphp3\ThinkPHP\Library\Think\Db\Driver\Mysql.class.php 第 65 行.
NOTIC: [8] Undefined index: Type E:\phpstudy\PHPTutorial\WWW\thinkphp3\ThinkPHP\Library\Think\Db\Driver\Mysql.class.php 第 65 行.
NOTIC: [8] Undefined index: Type E:\phpstudy\PHPTutorial\WWW\thinkphp3\ThinkPHP\Library\Think\Db\Driver\Mysql.class.php 第 65 行.
NOTIC: [8] Undefined index: Type E:\phpstudy\PHPTutorial\WWW\thinkphp3\ThinkPHP\Library\Think\Db\Driver\Mysql.class.php 第 65 行.
NOTIC: [8] Undefined index: Type E:\phpstudy\PHPTutorial\WWW\thinkphp3\ThinkPHP\Library\Think\Db\Driver\Mysql.class.php 第 65 行.
NOTIC: [8] Undefined index: Type E:\phpstudy\PHPTutorial\WWW\thinkphp3\ThinkPHP\Library\Think\Db\Driver\Mysql.class.php 第 65 行.
NOTIC: [8] Undefined index: Type E:\phpstudy\PHPTutorial\WWW\thinkphp3\ThinkPHP\Library\Think\Db\Driver\Mysql.class.php 第 65 行.
SQL: SELECT a.id,a.role_id,b.menu_id FROM user a INNER JOIN role b on a.role_id=b.id  WHERE ( a.id=11 ) LIMIT 1   [ RunTime:0.0003s ]
SQL: SHOW COLUMNS FROM `menu` [ RunTime:0.0185s ]
NOTIC: [8] Undefined index: Type E:\phpstudy\PHPTutorial\WWW\thinkphp3\ThinkPHP\Library\Think\Db\Driver\Mysql.class.php 第 65 行.
NOTIC: [8] Undefined index: Type E:\phpstudy\PHPTutorial\WWW\thinkphp3\ThinkPHP\Library\Think\Db\Driver\Mysql.class.php 第 65 行.
NOTIC: [8] Undefined index: Type E:\phpstudy\PHPTutorial\WWW\thinkphp3\ThinkPHP\Library\Think\Db\Driver\Mysql.class.php 第 65 行.
NOTIC: [8] Undefined index: Type E:\phpstudy\PHPTutorial\WWW\thinkphp3\ThinkPHP\Library\Think\Db\Driver\Mysql.class.php 第 65 行.
NOTIC: [8] Undefined index: Type E:\phpstudy\PHPTutorial\WWW\thinkphp3\ThinkPHP\Library\Think\Db\Driver\Mysql.class.php 第 65 行.
NOTIC: [8] Undefined index: Type E:\phpstudy\PHPTutorial\WWW\thinkphp3\ThinkPHP\Library\Think\Db\Driver\Mysql.class.php 第 65 行.
SQL: SELECT `id`,`name`,`path` FROM `menu` WHERE ( id in(1,2,3,4,5,6,7,8,9,10,11,12,13,14,15,16) )  [ RunTime:0.0003s ]

[ 2020-03-22T17:53:41+08:00 ] ::1 /thinkphp3/index.php/Admin/User/index.html
INFO: [ app_init ] --START--
INFO: Run Behavior\BuildLiteBehavior [ RunTime:0.000008s ]
INFO: [ app_init ] --END-- [ RunTime:0.000400s ]
INFO: [ app_begin ] --START--
INFO: Run Behavior\ReadHtmlCacheBehavior [ RunTime:0.000385s ]
INFO: [ app_begin ] --END-- [ RunTime:0.000421s ]
INFO: [ action_begin ] --START--
SQL: SHOW COLUMNS FROM `user` [ RunTime:0.0095s ]
NOTIC: [8] Undefined index: Type E:\phpstudy\PHPTutorial\WWW\thinkphp3\ThinkPHP\Library\Think\Db\Driver\Mysql.class.php 第 65 行.
NOTIC: [8] Undefined index: Type E:\phpstudy\PHPTutorial\WWW\thinkphp3\ThinkPHP\Library\Think\Db\Driver\Mysql.class.php 第 65 行.
NOTIC: [8] Undefined index: Type E:\phpstudy\PHPTutorial\WWW\thinkphp3\ThinkPHP\Library\Think\Db\Driver\Mysql.class.php 第 65 行.
NOTIC: [8] Undefined index: Type E:\phpstudy\PHPTutorial\WWW\thinkphp3\ThinkPHP\Library\Think\Db\Driver\Mysql.class.php 第 65 行.
NOTIC: [8] Undefined index: Type E:\phpstudy\PHPTutorial\WWW\thinkphp3\ThinkPHP\Library\Think\Db\Driver\Mysql.class.php 第 65 行.
NOTIC: [8] Undefined index: Type E:\phpstudy\PHPTutorial\WWW\thinkphp3\ThinkPHP\Library\Think\Db\Driver\Mysql.class.php 第 65 行.
NOTIC: [8] Undefined index: Type E:\phpstudy\PHPTutorial\WWW\thinkphp3\ThinkPHP\Library\Think\Db\Driver\Mysql.class.php 第 65 行.
SQL: SELECT a.id,a.role_id,b.menu_id FROM user a INNER JOIN role b on a.role_id=b.id  WHERE ( a.id=11 ) LIMIT 1   [ RunTime:0.0003s ]
SQL: SHOW COLUMNS FROM `menu` [ RunTime:0.0114s ]
NOTIC: [8] Undefined index: Type E:\phpstudy\PHPTutorial\WWW\thinkphp3\ThinkPHP\Library\Think\Db\Driver\Mysql.class.php 第 65 行.
NOTIC: [8] Undefined index: Type E:\phpstudy\PHPTutorial\WWW\thinkphp3\ThinkPHP\Library\Think\Db\Driver\Mysql.class.php 第 65 行.
NOTIC: [8] Undefined index: Type E:\phpstudy\PHPTutorial\WWW\thinkphp3\ThinkPHP\Library\Think\Db\Driver\Mysql.class.php 第 65 行.
NOTIC: [8] Undefined index: Type E:\phpstudy\PHPTutorial\WWW\thinkphp3\ThinkPHP\Library\Think\Db\Driver\Mysql.class.php 第 65 行.
NOTIC: [8] Undefined index: Type E:\phpstudy\PHPTutorial\WWW\thinkphp3\ThinkPHP\Library\Think\Db\Driver\Mysql.class.php 第 65 行.
NOTIC: [8] Undefined index: Type E:\phpstudy\PHPTutorial\WWW\thinkphp3\ThinkPHP\Library\Think\Db\Driver\Mysql.class.php 第 65 行.
SQL: SELECT `id`,`name`,`path` FROM `menu` WHERE ( id in(1,2,3,4,5,6,7,8,9,10,11,12,13,14,15,16) )  [ RunTime:0.0003s ]

[ 2020-03-22T17:53:42+08:00 ] ::1 /thinkphp3/index.php/Admin/Summary/index.html
INFO: [ app_init ] --START--
INFO: Run Behavior\BuildLiteBehavior [ RunTime:0.000009s ]
INFO: [ app_init ] --END-- [ RunTime:0.000356s ]
INFO: [ app_begin ] --START--
INFO: Run Behavior\ReadHtmlCacheBehavior [ RunTime:0.000501s ]
INFO: [ app_begin ] --END-- [ RunTime:0.000538s ]
NOTIC: [2048] Declaration of Admin\Controller\SummaryController::__index_data() should be compatible with Admin\Controller\BaseController::__index_data($start, $end) E:\phpstudy\PHPTutorial\WWW\thinkphp3\Application\Admin\Controller\SummaryController.class.php 第 11 行.
INFO: [ action_begin ] --START--
SQL: SHOW COLUMNS FROM `user` [ RunTime:0.0098s ]
NOTIC: [8] Undefined index: Type E:\phpstudy\PHPTutorial\WWW\thinkphp3\ThinkPHP\Library\Think\Db\Driver\Mysql.class.php 第 65 行.
NOTIC: [8] Undefined index: Type E:\phpstudy\PHPTutorial\WWW\thinkphp3\ThinkPHP\Library\Think\Db\Driver\Mysql.class.php 第 65 行.
NOTIC: [8] Undefined index: Type E:\phpstudy\PHPTutorial\WWW\thinkphp3\ThinkPHP\Library\Think\Db\Driver\Mysql.class.php 第 65 行.
NOTIC: [8] Undefined index: Type E:\phpstudy\PHPTutorial\WWW\thinkphp3\ThinkPHP\Library\Think\Db\Driver\Mysql.class.php 第 65 行.
NOTIC: [8] Undefined index: Type E:\phpstudy\PHPTutorial\WWW\thinkphp3\ThinkPHP\Library\Think\Db\Driver\Mysql.class.php 第 65 行.
NOTIC: [8] Undefined index: Type E:\phpstudy\PHPTutorial\WWW\thinkphp3\ThinkPHP\Library\Think\Db\Driver\Mysql.class.php 第 65 行.
NOTIC: [8] Undefined index: Type E:\phpstudy\PHPTutorial\WWW\thinkphp3\ThinkPHP\Library\Think\Db\Driver\Mysql.class.php 第 65 行.
SQL: SELECT a.id,a.role_id,b.menu_id FROM user a INNER JOIN role b on a.role_id=b.id  WHERE ( a.id=11 ) LIMIT 1   [ RunTime:0.0003s ]
SQL: SHOW COLUMNS FROM `menu` [ RunTime:0.0166s ]
NOTIC: [8] Undefined index: Type E:\phpstudy\PHPTutorial\WWW\thinkphp3\ThinkPHP\Library\Think\Db\Driver\Mysql.class.php 第 65 行.
NOTIC: [8] Undefined index: Type E:\phpstudy\PHPTutorial\WWW\thinkphp3\ThinkPHP\Library\Think\Db\Driver\Mysql.class.php 第 65 行.
NOTIC: [8] Undefined index: Type E:\phpstudy\PHPTutorial\WWW\thinkphp3\ThinkPHP\Library\Think\Db\Driver\Mysql.class.php 第 65 行.
NOTIC: [8] Undefined index: Type E:\phpstudy\PHPTutorial\WWW\thinkphp3\ThinkPHP\Library\Think\Db\Driver\Mysql.class.php 第 65 行.
NOTIC: [8] Undefined index: Type E:\phpstudy\PHPTutorial\WWW\thinkphp3\ThinkPHP\Library\Think\Db\Driver\Mysql.class.php 第 65 行.
NOTIC: [8] Undefined index: Type E:\phpstudy\PHPTutorial\WWW\thinkphp3\ThinkPHP\Library\Think\Db\Driver\Mysql.class.php 第 65 行.
SQL: SELECT `id`,`name`,`path` FROM `menu` WHERE ( id in(1,2,3,4,5,6,7,8,9,10,11,12,13,14,15,16) )  [ RunTime:0.0004s ]

[ 2020-03-22T17:53:43+08:00 ] ::1 /thinkphp3/index.php/Admin/Sort/index.html
INFO: [ app_init ] --START--
INFO: Run Behavior\BuildLiteBehavior [ RunTime:0.000010s ]
INFO: [ app_init ] --END-- [ RunTime:0.000365s ]
INFO: [ app_begin ] --START--
INFO: Run Behavior\ReadHtmlCacheBehavior [ RunTime:0.000410s ]
INFO: [ app_begin ] --END-- [ RunTime:0.000447s ]
INFO: [ action_begin ] --START--
SQL: SHOW COLUMNS FROM `user` [ RunTime:0.0089s ]
NOTIC: [8] Undefined index: Type E:\phpstudy\PHPTutorial\WWW\thinkphp3\ThinkPHP\Library\Think\Db\Driver\Mysql.class.php 第 65 行.
NOTIC: [8] Undefined index: Type E:\phpstudy\PHPTutorial\WWW\thinkphp3\ThinkPHP\Library\Think\Db\Driver\Mysql.class.php 第 65 行.
NOTIC: [8] Undefined index: Type E:\phpstudy\PHPTutorial\WWW\thinkphp3\ThinkPHP\Library\Think\Db\Driver\Mysql.class.php 第 65 行.
NOTIC: [8] Undefined index: Type E:\phpstudy\PHPTutorial\WWW\thinkphp3\ThinkPHP\Library\Think\Db\Driver\Mysql.class.php 第 65 行.
NOTIC: [8] Undefined index: Type E:\phpstudy\PHPTutorial\WWW\thinkphp3\ThinkPHP\Library\Think\Db\Driver\Mysql.class.php 第 65 行.
NOTIC: [8] Undefined index: Type E:\phpstudy\PHPTutorial\WWW\thinkphp3\ThinkPHP\Library\Think\Db\Driver\Mysql.class.php 第 65 行.
NOTIC: [8] Undefined index: Type E:\phpstudy\PHPTutorial\WWW\thinkphp3\ThinkPHP\Library\Think\Db\Driver\Mysql.class.php 第 65 行.
SQL: SELECT a.id,a.role_id,b.menu_id FROM user a INNER JOIN role b on a.role_id=b.id  WHERE ( a.id=11 ) LIMIT 1   [ RunTime:0.0003s ]
SQL: SHOW COLUMNS FROM `menu` [ RunTime:0.0192s ]
NOTIC: [8] Undefined index: Type E:\phpstudy\PHPTutorial\WWW\thinkphp3\ThinkPHP\Library\Think\Db\Driver\Mysql.class.php 第 65 行.
NOTIC: [8] Undefined index: Type E:\phpstudy\PHPTutorial\WWW\thinkphp3\ThinkPHP\Library\Think\Db\Driver\Mysql.class.php 第 65 行.
NOTIC: [8] Undefined index: Type E:\phpstudy\PHPTutorial\WWW\thinkphp3\ThinkPHP\Library\Think\Db\Driver\Mysql.class.php 第 65 行.
NOTIC: [8] Undefined index: Type E:\phpstudy\PHPTutorial\WWW\thinkphp3\ThinkPHP\Library\Think\Db\Driver\Mysql.class.php 第 65 行.
NOTIC: [8] Undefined index: Type E:\phpstudy\PHPTutorial\WWW\thinkphp3\ThinkPHP\Library\Think\Db\Driver\Mysql.class.php 第 65 行.
NOTIC: [8] Undefined index: Type E:\phpstudy\PHPTutorial\WWW\thinkphp3\ThinkPHP\Library\Think\Db\Driver\Mysql.class.php 第 65 行.
SQL: SELECT `id`,`name`,`path` FROM `menu` WHERE ( id in(1,2,3,4,5,6,7,8,9,10,11,12,13,14,15,16) )  [ RunTime:0.0003s ]

[ 2020-03-22T17:53:43+08:00 ] ::1 /thinkphp3/index.php/Admin/Stgrade/index.html
INFO: [ app_init ] --START--
INFO: Run Behavior\BuildLiteBehavior [ RunTime:0.000009s ]
INFO: [ app_init ] --END-- [ RunTime:0.000346s ]
INFO: [ app_begin ] --START--
INFO: Run Behavior\ReadHtmlCacheBehavior [ RunTime:0.000407s ]
INFO: [ app_begin ] --END-- [ RunTime:0.000444s ]
NOTIC: [2048] Declaration of Admin\Controller\StgradeController::__index_data() should be compatible with Admin\Controller\BaseController::__index_data($start, $end) E:\phpstudy\PHPTutorial\WWW\thinkphp3\Application\Admin\Controller\StgradeController.class.php 第 8 行.
INFO: [ action_begin ] --START--
SQL: SHOW COLUMNS FROM `user` [ RunTime:0.0094s ]
NOTIC: [8] Undefined index: Type E:\phpstudy\PHPTutorial\WWW\thinkphp3\ThinkPHP\Library\Think\Db\Driver\Mysql.class.php 第 65 行.
NOTIC: [8] Undefined index: Type E:\phpstudy\PHPTutorial\WWW\thinkphp3\ThinkPHP\Library\Think\Db\Driver\Mysql.class.php 第 65 行.
NOTIC: [8] Undefined index: Type E:\phpstudy\PHPTutorial\WWW\thinkphp3\ThinkPHP\Library\Think\Db\Driver\Mysql.class.php 第 65 行.
NOTIC: [8] Undefined index: Type E:\phpstudy\PHPTutorial\WWW\thinkphp3\ThinkPHP\Library\Think\Db\Driver\Mysql.class.php 第 65 行.
NOTIC: [8] Undefined index: Type E:\phpstudy\PHPTutorial\WWW\thinkphp3\ThinkPHP\Library\Think\Db\Driver\Mysql.class.php 第 65 行.
NOTIC: [8] Undefined index: Type E:\phpstudy\PHPTutorial\WWW\thinkphp3\ThinkPHP\Library\Think\Db\Driver\Mysql.class.php 第 65 行.
NOTIC: [8] Undefined index: Type E:\phpstudy\PHPTutorial\WWW\thinkphp3\ThinkPHP\Library\Think\Db\Driver\Mysql.class.php 第 65 行.
SQL: SELECT a.id,a.role_id,b.menu_id FROM user a INNER JOIN role b on a.role_id=b.id  WHERE ( a.id=11 ) LIMIT 1   [ RunTime:0.0003s ]
SQL: SHOW COLUMNS FROM `menu` [ RunTime:0.0106s ]
NOTIC: [8] Undefined index: Type E:\phpstudy\PHPTutorial\WWW\thinkphp3\ThinkPHP\Library\Think\Db\Driver\Mysql.class.php 第 65 行.
NOTIC: [8] Undefined index: Type E:\phpstudy\PHPTutorial\WWW\thinkphp3\ThinkPHP\Library\Think\Db\Driver\Mysql.class.php 第 65 行.
NOTIC: [8] Undefined index: Type E:\phpstudy\PHPTutorial\WWW\thinkphp3\ThinkPHP\Library\Think\Db\Driver\Mysql.class.php 第 65 行.
NOTIC: [8] Undefined index: Type E:\phpstudy\PHPTutorial\WWW\thinkphp3\ThinkPHP\Library\Think\Db\Driver\Mysql.class.php 第 65 行.
NOTIC: [8] Undefined index: Type E:\phpstudy\PHPTutorial\WWW\thinkphp3\ThinkPHP\Library\Think\Db\Driver\Mysql.class.php 第 65 行.
NOTIC: [8] Undefined index: Type E:\phpstudy\PHPTutorial\WWW\thinkphp3\ThinkPHP\Library\Think\Db\Driver\Mysql.class.php 第 65 行.
SQL: SELECT `id`,`name`,`path` FROM `menu` WHERE ( id in(1,2,3,4,5,6,7,8,9,10,11,12,13,14,15,16) )  [ RunTime:0.0004s ]

[ 2020-03-22T17:53:45+08:00 ] ::1 /thinkphp3/index.php/Admin/Login/index.html
INFO: [ app_init ] --START--
INFO: Run Behavior\BuildLiteBehavior [ RunTime:0.000008s ]
INFO: [ app_init ] --END-- [ RunTime:0.000354s ]
INFO: [ app_begin ] --START--
INFO: Run Behavior\ReadHtmlCacheBehavior [ RunTime:0.000476s ]
INFO: [ app_begin ] --END-- [ RunTime:0.000513s ]
INFO: [ action_begin ] --START--
INFO: Run Admin\Behavior\TestBehavior [ RunTime:0.000625s ]
INFO: [ action_begin ] --END-- [ RunTime:0.000671s ]
INFO: [ view_parse ] --START--
INFO: [ template_filter ] --START--
INFO: Run Behavior\ContentReplaceBehavior [ RunTime:0.000049s ]
INFO: [ template_filter ] --END-- [ RunTime:0.000084s ]
INFO: Run Behavior\ParseTemplateBehavior [ RunTime:0.007301s ]
INFO: [ view_parse ] --END-- [ RunTime:0.007338s ]
INFO: [ view_filter ] --START--
INFO: Run Behavior\WriteHtmlCacheBehavior [ RunTime:0.000612s ]
INFO: [ view_filter ] --END-- [ RunTime:0.000641s ]
INFO: [ app_end ] --START--
INFO: Run Behavior\ShowPageTraceBehavior [ RunTime:0.000734s ]
INFO: [ app_end ] --END-- [ RunTime:0.000764s ]

[ 2020-03-22T17:53:45+08:00 ] ::1 /thinkphp3/index.php/Admin/verify/index.html
INFO: [ app_init ] --START--
INFO: Run Behavior\BuildLiteBehavior [ RunTime:0.000011s ]
INFO: [ app_init ] --END-- [ RunTime:0.000448s ]
INFO: [ app_begin ] --START--
INFO: Run Behavior\ReadHtmlCacheBehavior [ RunTime:0.000574s ]
INFO: [ app_begin ] --END-- [ RunTime:0.000632s ]
INFO: [ app_end ] --START--
INFO: Run Behavior\ShowPageTraceBehavior [ RunTime:0.001176s ]
INFO: [ app_end ] --END-- [ RunTime:0.001251s ]

